<?xml version="1.0" encoding="UTF-8"?>
<testsuites name="seneManyTv" time="92" tests="1" failures="0" errors="0">
   <testsuite name="seneManyTv" tests="1" failures="0" errors="0" time="92" timestamp="2018-11-13 11:21:29" hostname="TPV - TPV-PC" id="Test Suites/seneManyTv">
      <properties>
         <property name="deviceName" value=""/>
         <property name="devicePlatform" value=""/>
         <property name="logFolder" value="C:\\eclipse\\KatalonProject\\studykatalon\\Reports\\seneManyTv\\20181113_112125"/>
         <property name="logFiles" value="C:\\eclipse\\KatalonProject\\studykatalon\\Reports\\seneManyTv\\20181113_112125\\execution0.log"/>
         <property name="attachments" value=""/>
         <property name="hostName" value="TPV - TPV-PC"/>
         <property name="hostAddress" value="10.0.23.7"/>
         <property name="os" value="Windows 7 64bit"/>
         <property name="katalonVersion" value="5.8.6.1"/>
      </properties>
      <testcase name="Test Cases/sendTvdiscoveryMany" classname="Test Cases/sendTvdiscoveryMany" status="PASSED">
         <system-out><![CDATA[2018-11-13 11:21:29 - [TEST_CASE][PASSED] - Test Cases/sendTvdiscoveryMany: Test Cases/sendTvdiscoveryMany

2018-11-13 11:21:30 - [TEST_STEP][PASSED] - Statement - endpoint = "http://" + cmndIpAddress + ":8080/SmartInstall/webservices.jsp": null

2018-11-13 11:21:30 - [TEST_STEP][PASSED] - Statement - requestMethod = "POST": null

2018-11-13 11:21:30 - [TEST_STEP][PASSED] - Statement - authHeader = "whateverYouNeedForAuthentication": null

2018-11-13 11:21:30 - [TEST_STEP][PASSED] - Statement - header1 = new com.kms.katalon.core.testobject.TestObjectProperty(Authorization, com.kms.katalon.core.testobject.ConditionType.EQUALS, authHeader): null

2018-11-13 11:21:30 - [TEST_STEP][PASSED] - Statement - header2 = new com.kms.katalon.core.testobject.TestObjectProperty(Content-Type, com.kms.katalon.core.testobject.ConditionType.EQUALS, application/json): null

2018-11-13 11:21:30 - [TEST_STEP][PASSED] - Statement - header3 = new com.kms.katalon.core.testobject.TestObjectProperty(Accept, com.kms.katalon.core.testobject.ConditionType.EQUALS, application/json): null

2018-11-13 11:21:30 - [TEST_STEP][PASSED] - Statement - defaultHeaders = java.util.Arrays.asList(header1, header2, header3): null

2018-11-13 11:21:30 - [TEST_STEP][PASSED] - Statement - tvResponse1 = "{"CommandDetails":{"TVDiscoveryParameters":{"PowerStatus":"On","TVIPAddress":": null

2018-11-13 11:21:30 - [TEST_STEP][PASSED] - Statement - tvResponse2 = ","TVModelNumber":"32HFL5011T/12","TVRoomID":": null

2018-11-13 11:21:30 - [TEST_STEP][PASSED] - Statement - tvResponse3 = ","VSecureTVID":"80F4F91"},"WebServiceParameters":{"PollingFrequency":10,"TVUniqueID":": null

2018-11-13 11:21:30 - [TEST_STEP][PASSED] - Statement - tvResponse4 = "}},"CmdType":"Response","Cookie":293,"Fun":"TVDiscoveryService","Svc":"WebServices","SvcVer":"3.0"}": null

2018-11-13 11:21:30 - [TEST_STEP][PASSED] - Statement - ro = new com.kms.katalon.core.testobject.RestRequestObjectBuilder().withRestUrl(endpoint).withHttpHeaders(defaultHeaders).withRestRequestMethod(requestMethod).build(): null

2018-11-13 11:21:30 - [TEST_STEP][PASSED] - Statement - For (def index : (1..internal.GlobalVariable.tvDiscoveryCount)): null

2018-11-13 11:21:30 - [TEST_STEP][PASSED] - Statement - tvDiscovery = tvResponse1: null

2018-11-13 11:21:30 - [TEST_STEP][PASSED] - Statement - tvIp = """ + "10.0.23." + index + """: null

2018-11-13 11:21:30 - [TEST_STEP][PASSED] - Statement - tvRoomId = checkRoomId(index): null

2018-11-13 11:21:30 - [TEST_STEP][PASSED] - Statement - tvRoomId = ""00000"": null

2018-11-13 11:21:30 - [TEST_STEP][PASSED] - Statement - If (index > 0 && index < 10): null

2018-11-13 11:21:30 - [TEST_STEP][PASSED] - Statement - tvRoomId = ""0000" + index + """: null

2018-11-13 11:21:30 - [TEST_STEP][PASSED] - Statement - return tvRoomId: null

2018-11-13 11:21:30 - [TEST_STEP][PASSED] - Statement - tvUniqueID = ""TEST" + index + "1C5A6BB5C57F"": null

2018-11-13 11:21:30 - [TEST_STEP][PASSED] - Statement - tvDiscovery = tvDiscovery + tvIp + generateMac(index) + tvResponse2 + tvRoomId + generateSnNumber(index) + tvResponse3 + tvUniqueID + tvResponse4: null

2018-11-13 11:21:30 - [TEST_STEP][PASSED] - Statement - macAddress = ","TVMACAddress":"1C:5A:6B:B5:C5:7F"": null

2018-11-13 11:21:30 - [TEST_STEP][PASSED] - Statement - If (index > 0 && index < 10): null

2018-11-13 11:21:30 - [TEST_STEP][PASSED] - Statement - macAddress = ","TVMACAddress":"" + index + "C:5A:6B:B5:C5:7F"": null

2018-11-13 11:21:30 - [TEST_STEP][PASSED] - Statement - return macAddress: null

2018-11-13 11:21:30 - [TEST_STEP][PASSED] - Statement - tvSerialNumber = ","TVSerialNumber":"FZ1A16140605" + index + """: null

2018-11-13 11:21:30 - [TEST_STEP][PASSED] - Statement - return tvSerialNumber: null

2018-11-13 11:21:30 - [TEST_STEP][PASSED] - Statement - println("tvDiscovery:" + tvDiscovery): null

2018-11-13 11:21:30 - [TEST_STEP][PASSED] - Statement - ro.setBodyContent(new com.kms.katalon.core.testobject.impl.HttpTextBodyContent(tvDiscovery)): null

2018-11-13 11:21:30 - [TEST_STEP][PASSED] - Statement - response = com.kms.katalon.core.webservice.keyword.WSBuiltInKeywords.sendRequest(ro): Send request successfully

2018-11-13 11:21:30 - [MESSAGE][PASSED] - Send request successfully

2018-11-13 11:21:30 - [TEST_STEP][PASSED] - Statement - responseStatusCode = response.getStatusCode(): null

2018-11-13 11:21:30 - [TEST_STEP][PASSED] - Statement - println("Response status code:" + responseStatusCode): null

2018-11-13 11:21:30 - [TEST_STEP][PASSED] - delay: Delayed 1 second(s)

2018-11-13 11:21:31 - [MESSAGE][PASSED] - Delayed 1 second(s)

2018-11-13 11:21:31 - [TEST_STEP][PASSED] - Statement - tvDiscovery = tvResponse1: null

2018-11-13 11:21:31 - [TEST_STEP][PASSED] - Statement - tvIp = """ + "10.0.23." + index + """: null

2018-11-13 11:21:31 - [TEST_STEP][PASSED] - Statement - tvRoomId = checkRoomId(index): null

2018-11-13 11:21:31 - [TEST_STEP][PASSED] - Statement - tvRoomId = ""00000"": null

2018-11-13 11:21:31 - [TEST_STEP][PASSED] - Statement - If (index > 0 && index < 10): null

2018-11-13 11:21:31 - [TEST_STEP][PASSED] - Statement - tvRoomId = ""0000" + index + """: null

2018-11-13 11:21:31 - [TEST_STEP][PASSED] - Statement - return tvRoomId: null

2018-11-13 11:21:31 - [TEST_STEP][PASSED] - Statement - tvUniqueID = ""TEST" + index + "1C5A6BB5C57F"": null

2018-11-13 11:21:31 - [TEST_STEP][PASSED] - Statement - tvDiscovery = tvDiscovery + tvIp + generateMac(index) + tvResponse2 + tvRoomId + generateSnNumber(index) + tvResponse3 + tvUniqueID + tvResponse4: null

2018-11-13 11:21:31 - [TEST_STEP][PASSED] - Statement - macAddress = ","TVMACAddress":"1C:5A:6B:B5:C5:7F"": null

2018-11-13 11:21:31 - [TEST_STEP][PASSED] - Statement - If (index > 0 && index < 10): null

2018-11-13 11:21:31 - [TEST_STEP][PASSED] - Statement - macAddress = ","TVMACAddress":"" + index + "C:5A:6B:B5:C5:7F"": null

2018-11-13 11:21:31 - [TEST_STEP][PASSED] - Statement - return macAddress: null

2018-11-13 11:21:31 - [TEST_STEP][PASSED] - Statement - tvSerialNumber = ","TVSerialNumber":"FZ1A16140605" + index + """: null

2018-11-13 11:21:31 - [TEST_STEP][PASSED] - Statement - return tvSerialNumber: null

2018-11-13 11:21:31 - [TEST_STEP][PASSED] - Statement - println("tvDiscovery:" + tvDiscovery): null

2018-11-13 11:21:31 - [TEST_STEP][PASSED] - Statement - ro.setBodyContent(new com.kms.katalon.core.testobject.impl.HttpTextBodyContent(tvDiscovery)): null

2018-11-13 11:21:31 - [TEST_STEP][PASSED] - Statement - response = com.kms.katalon.core.webservice.keyword.WSBuiltInKeywords.sendRequest(ro): Send request successfully

2018-11-13 11:21:31 - [MESSAGE][PASSED] - Send request successfully

2018-11-13 11:21:31 - [TEST_STEP][PASSED] - Statement - responseStatusCode = response.getStatusCode(): null

2018-11-13 11:21:31 - [TEST_STEP][PASSED] - Statement - println("Response status code:" + responseStatusCode): null

2018-11-13 11:21:31 - [TEST_STEP][PASSED] - delay: Delayed 1 second(s)

2018-11-13 11:21:32 - [MESSAGE][PASSED] - Delayed 1 second(s)

2018-11-13 11:21:32 - [TEST_STEP][PASSED] - Statement - tvDiscovery = tvResponse1: null

2018-11-13 11:21:32 - [TEST_STEP][PASSED] - Statement - tvIp = """ + "10.0.23." + index + """: null

2018-11-13 11:21:32 - [TEST_STEP][PASSED] - Statement - tvRoomId = checkRoomId(index): null

2018-11-13 11:21:32 - [TEST_STEP][PASSED] - Statement - tvRoomId = ""00000"": null

2018-11-13 11:21:32 - [TEST_STEP][PASSED] - Statement - If (index > 0 && index < 10): null

2018-11-13 11:21:32 - [TEST_STEP][PASSED] - Statement - tvRoomId = ""0000" + index + """: null

2018-11-13 11:21:32 - [TEST_STEP][PASSED] - Statement - return tvRoomId: null

2018-11-13 11:21:32 - [TEST_STEP][PASSED] - Statement - tvUniqueID = ""TEST" + index + "1C5A6BB5C57F"": null

2018-11-13 11:21:32 - [TEST_STEP][PASSED] - Statement - tvDiscovery = tvDiscovery + tvIp + generateMac(index) + tvResponse2 + tvRoomId + generateSnNumber(index) + tvResponse3 + tvUniqueID + tvResponse4: null

2018-11-13 11:21:32 - [TEST_STEP][PASSED] - Statement - macAddress = ","TVMACAddress":"1C:5A:6B:B5:C5:7F"": null

2018-11-13 11:21:32 - [TEST_STEP][PASSED] - Statement - If (index > 0 && index < 10): null

2018-11-13 11:21:32 - [TEST_STEP][PASSED] - Statement - macAddress = ","TVMACAddress":"" + index + "C:5A:6B:B5:C5:7F"": null

2018-11-13 11:21:32 - [TEST_STEP][PASSED] - Statement - return macAddress: null

2018-11-13 11:21:32 - [TEST_STEP][PASSED] - Statement - tvSerialNumber = ","TVSerialNumber":"FZ1A16140605" + index + """: null

2018-11-13 11:21:32 - [TEST_STEP][PASSED] - Statement - return tvSerialNumber: null

2018-11-13 11:21:32 - [TEST_STEP][PASSED] - Statement - println("tvDiscovery:" + tvDiscovery): null

2018-11-13 11:21:32 - [TEST_STEP][PASSED] - Statement - ro.setBodyContent(new com.kms.katalon.core.testobject.impl.HttpTextBodyContent(tvDiscovery)): null

2018-11-13 11:21:32 - [TEST_STEP][PASSED] - Statement - response = com.kms.katalon.core.webservice.keyword.WSBuiltInKeywords.sendRequest(ro): Send request successfully

2018-11-13 11:21:32 - [MESSAGE][PASSED] - Send request successfully

2018-11-13 11:21:32 - [TEST_STEP][PASSED] - Statement - responseStatusCode = response.getStatusCode(): null

2018-11-13 11:21:32 - [TEST_STEP][PASSED] - Statement - println("Response status code:" + responseStatusCode): null

2018-11-13 11:21:32 - [TEST_STEP][PASSED] - delay: Delayed 1 second(s)

2018-11-13 11:21:33 - [MESSAGE][PASSED] - Delayed 1 second(s)

2018-11-13 11:21:33 - [TEST_STEP][PASSED] - Statement - tvDiscovery = tvResponse1: null

2018-11-13 11:21:33 - [TEST_STEP][PASSED] - Statement - tvIp = """ + "10.0.23." + index + """: null

2018-11-13 11:21:33 - [TEST_STEP][PASSED] - Statement - tvRoomId = checkRoomId(index): null

2018-11-13 11:21:33 - [TEST_STEP][PASSED] - Statement - tvRoomId = ""00000"": null

2018-11-13 11:21:33 - [TEST_STEP][PASSED] - Statement - If (index > 0 && index < 10): null

2018-11-13 11:21:33 - [TEST_STEP][PASSED] - Statement - tvRoomId = ""0000" + index + """: null

2018-11-13 11:21:33 - [TEST_STEP][PASSED] - Statement - return tvRoomId: null

2018-11-13 11:21:33 - [TEST_STEP][PASSED] - Statement - tvUniqueID = ""TEST" + index + "1C5A6BB5C57F"": null

2018-11-13 11:21:33 - [TEST_STEP][PASSED] - Statement - tvDiscovery = tvDiscovery + tvIp + generateMac(index) + tvResponse2 + tvRoomId + generateSnNumber(index) + tvResponse3 + tvUniqueID + tvResponse4: null

2018-11-13 11:21:33 - [TEST_STEP][PASSED] - Statement - macAddress = ","TVMACAddress":"1C:5A:6B:B5:C5:7F"": null

2018-11-13 11:21:33 - [TEST_STEP][PASSED] - Statement - If (index > 0 && index < 10): null

2018-11-13 11:21:33 - [TEST_STEP][PASSED] - Statement - macAddress = ","TVMACAddress":"" + index + "C:5A:6B:B5:C5:7F"": null

2018-11-13 11:21:33 - [TEST_STEP][PASSED] - Statement - return macAddress: null

2018-11-13 11:21:33 - [TEST_STEP][PASSED] - Statement - tvSerialNumber = ","TVSerialNumber":"FZ1A16140605" + index + """: null

2018-11-13 11:21:33 - [TEST_STEP][PASSED] - Statement - return tvSerialNumber: null

2018-11-13 11:21:33 - [TEST_STEP][PASSED] - Statement - println("tvDiscovery:" + tvDiscovery): null

2018-11-13 11:21:33 - [TEST_STEP][PASSED] - Statement - ro.setBodyContent(new com.kms.katalon.core.testobject.impl.HttpTextBodyContent(tvDiscovery)): null

2018-11-13 11:21:33 - [TEST_STEP][PASSED] - Statement - response = com.kms.katalon.core.webservice.keyword.WSBuiltInKeywords.sendRequest(ro): Send request successfully

2018-11-13 11:21:34 - [MESSAGE][PASSED] - Send request successfully

2018-11-13 11:21:34 - [TEST_STEP][PASSED] - Statement - responseStatusCode = response.getStatusCode(): null

2018-11-13 11:21:34 - [TEST_STEP][PASSED] - Statement - println("Response status code:" + responseStatusCode): null

2018-11-13 11:21:34 - [TEST_STEP][PASSED] - delay: Delayed 1 second(s)

2018-11-13 11:21:35 - [MESSAGE][PASSED] - Delayed 1 second(s)

2018-11-13 11:21:35 - [TEST_STEP][PASSED] - Statement - tvDiscovery = tvResponse1: null

2018-11-13 11:21:35 - [TEST_STEP][PASSED] - Statement - tvIp = """ + "10.0.23." + index + """: null

2018-11-13 11:21:35 - [TEST_STEP][PASSED] - Statement - tvRoomId = checkRoomId(index): null

2018-11-13 11:21:35 - [TEST_STEP][PASSED] - Statement - tvRoomId = ""00000"": null

2018-11-13 11:21:35 - [TEST_STEP][PASSED] - Statement - If (index > 0 && index < 10): null

2018-11-13 11:21:35 - [TEST_STEP][PASSED] - Statement - tvRoomId = ""0000" + index + """: null

2018-11-13 11:21:35 - [TEST_STEP][PASSED] - Statement - return tvRoomId: null

2018-11-13 11:21:35 - [TEST_STEP][PASSED] - Statement - tvUniqueID = ""TEST" + index + "1C5A6BB5C57F"": null

2018-11-13 11:21:35 - [TEST_STEP][PASSED] - Statement - tvDiscovery = tvDiscovery + tvIp + generateMac(index) + tvResponse2 + tvRoomId + generateSnNumber(index) + tvResponse3 + tvUniqueID + tvResponse4: null

2018-11-13 11:21:35 - [TEST_STEP][PASSED] - Statement - macAddress = ","TVMACAddress":"1C:5A:6B:B5:C5:7F"": null

2018-11-13 11:21:35 - [TEST_STEP][PASSED] - Statement - If (index > 0 && index < 10): null

2018-11-13 11:21:35 - [TEST_STEP][PASSED] - Statement - macAddress = ","TVMACAddress":"" + index + "C:5A:6B:B5:C5:7F"": null

2018-11-13 11:21:35 - [TEST_STEP][PASSED] - Statement - return macAddress: null

2018-11-13 11:21:35 - [TEST_STEP][PASSED] - Statement - tvSerialNumber = ","TVSerialNumber":"FZ1A16140605" + index + """: null

2018-11-13 11:21:35 - [TEST_STEP][PASSED] - Statement - return tvSerialNumber: null

2018-11-13 11:21:35 - [TEST_STEP][PASSED] - Statement - println("tvDiscovery:" + tvDiscovery): null

2018-11-13 11:21:35 - [TEST_STEP][PASSED] - Statement - ro.setBodyContent(new com.kms.katalon.core.testobject.impl.HttpTextBodyContent(tvDiscovery)): null

2018-11-13 11:21:35 - [TEST_STEP][PASSED] - Statement - response = com.kms.katalon.core.webservice.keyword.WSBuiltInKeywords.sendRequest(ro): Send request successfully

2018-11-13 11:21:35 - [MESSAGE][PASSED] - Send request successfully

2018-11-13 11:21:35 - [TEST_STEP][PASSED] - Statement - responseStatusCode = response.getStatusCode(): null

2018-11-13 11:21:35 - [TEST_STEP][PASSED] - Statement - println("Response status code:" + responseStatusCode): null

2018-11-13 11:21:35 - [TEST_STEP][PASSED] - delay: Delayed 1 second(s)

2018-11-13 11:21:36 - [MESSAGE][PASSED] - Delayed 1 second(s)

2018-11-13 11:21:36 - [TEST_STEP][PASSED] - Statement - tvDiscovery = tvResponse1: null

2018-11-13 11:21:36 - [TEST_STEP][PASSED] - Statement - tvIp = """ + "10.0.23." + index + """: null

2018-11-13 11:21:36 - [TEST_STEP][PASSED] - Statement - tvRoomId = checkRoomId(index): null

2018-11-13 11:21:36 - [TEST_STEP][PASSED] - Statement - tvRoomId = ""00000"": null

2018-11-13 11:21:36 - [TEST_STEP][PASSED] - Statement - If (index > 0 && index < 10): null

2018-11-13 11:21:36 - [TEST_STEP][PASSED] - Statement - tvRoomId = ""0000" + index + """: null

2018-11-13 11:21:36 - [TEST_STEP][PASSED] - Statement - return tvRoomId: null

2018-11-13 11:21:36 - [TEST_STEP][PASSED] - Statement - tvUniqueID = ""TEST" + index + "1C5A6BB5C57F"": null

2018-11-13 11:21:36 - [TEST_STEP][PASSED] - Statement - tvDiscovery = tvDiscovery + tvIp + generateMac(index) + tvResponse2 + tvRoomId + generateSnNumber(index) + tvResponse3 + tvUniqueID + tvResponse4: null

2018-11-13 11:21:36 - [TEST_STEP][PASSED] - Statement - macAddress = ","TVMACAddress":"1C:5A:6B:B5:C5:7F"": null

2018-11-13 11:21:36 - [TEST_STEP][PASSED] - Statement - If (index > 0 && index < 10): null

2018-11-13 11:21:36 - [TEST_STEP][PASSED] - Statement - macAddress = ","TVMACAddress":"" + index + "C:5A:6B:B5:C5:7F"": null

2018-11-13 11:21:36 - [TEST_STEP][PASSED] - Statement - return macAddress: null

2018-11-13 11:21:36 - [TEST_STEP][PASSED] - Statement - tvSerialNumber = ","TVSerialNumber":"FZ1A16140605" + index + """: null

2018-11-13 11:21:36 - [TEST_STEP][PASSED] - Statement - return tvSerialNumber: null

2018-11-13 11:21:36 - [TEST_STEP][PASSED] - Statement - println("tvDiscovery:" + tvDiscovery): null

2018-11-13 11:21:36 - [TEST_STEP][PASSED] - Statement - ro.setBodyContent(new com.kms.katalon.core.testobject.impl.HttpTextBodyContent(tvDiscovery)): null

2018-11-13 11:21:36 - [TEST_STEP][PASSED] - Statement - response = com.kms.katalon.core.webservice.keyword.WSBuiltInKeywords.sendRequest(ro): Send request successfully

2018-11-13 11:21:36 - [MESSAGE][PASSED] - Send request successfully

2018-11-13 11:21:36 - [TEST_STEP][PASSED] - Statement - responseStatusCode = response.getStatusCode(): null

2018-11-13 11:21:36 - [TEST_STEP][PASSED] - Statement - println("Response status code:" + responseStatusCode): null

2018-11-13 11:21:36 - [TEST_STEP][PASSED] - delay: Delayed 1 second(s)

2018-11-13 11:21:37 - [MESSAGE][PASSED] - Delayed 1 second(s)

2018-11-13 11:21:37 - [TEST_STEP][PASSED] - Statement - tvDiscovery = tvResponse1: null

2018-11-13 11:21:37 - [TEST_STEP][PASSED] - Statement - tvIp = """ + "10.0.23." + index + """: null

2018-11-13 11:21:37 - [TEST_STEP][PASSED] - Statement - tvRoomId = checkRoomId(index): null

2018-11-13 11:21:37 - [TEST_STEP][PASSED] - Statement - tvRoomId = ""00000"": null

2018-11-13 11:21:37 - [TEST_STEP][PASSED] - Statement - If (index > 0 && index < 10): null

2018-11-13 11:21:37 - [TEST_STEP][PASSED] - Statement - tvRoomId = ""0000" + index + """: null

2018-11-13 11:21:37 - [TEST_STEP][PASSED] - Statement - return tvRoomId: null

2018-11-13 11:21:37 - [TEST_STEP][PASSED] - Statement - tvUniqueID = ""TEST" + index + "1C5A6BB5C57F"": null

2018-11-13 11:21:37 - [TEST_STEP][PASSED] - Statement - tvDiscovery = tvDiscovery + tvIp + generateMac(index) + tvResponse2 + tvRoomId + generateSnNumber(index) + tvResponse3 + tvUniqueID + tvResponse4: null

2018-11-13 11:21:37 - [TEST_STEP][PASSED] - Statement - macAddress = ","TVMACAddress":"1C:5A:6B:B5:C5:7F"": null

2018-11-13 11:21:37 - [TEST_STEP][PASSED] - Statement - If (index > 0 && index < 10): null

2018-11-13 11:21:37 - [TEST_STEP][PASSED] - Statement - macAddress = ","TVMACAddress":"" + index + "C:5A:6B:B5:C5:7F"": null

2018-11-13 11:21:37 - [TEST_STEP][PASSED] - Statement - return macAddress: null

2018-11-13 11:21:37 - [TEST_STEP][PASSED] - Statement - tvSerialNumber = ","TVSerialNumber":"FZ1A16140605" + index + """: null

2018-11-13 11:21:37 - [TEST_STEP][PASSED] - Statement - return tvSerialNumber: null

2018-11-13 11:21:37 - [TEST_STEP][PASSED] - Statement - println("tvDiscovery:" + tvDiscovery): null

2018-11-13 11:21:37 - [TEST_STEP][PASSED] - Statement - ro.setBodyContent(new com.kms.katalon.core.testobject.impl.HttpTextBodyContent(tvDiscovery)): null

2018-11-13 11:21:37 - [TEST_STEP][PASSED] - Statement - response = com.kms.katalon.core.webservice.keyword.WSBuiltInKeywords.sendRequest(ro): Send request successfully

2018-11-13 11:21:37 - [MESSAGE][PASSED] - Send request successfully

2018-11-13 11:21:37 - [TEST_STEP][PASSED] - Statement - responseStatusCode = response.getStatusCode(): null

2018-11-13 11:21:37 - [TEST_STEP][PASSED] - Statement - println("Response status code:" + responseStatusCode): null

2018-11-13 11:21:37 - [TEST_STEP][PASSED] - delay: Delayed 1 second(s)

2018-11-13 11:21:38 - [MESSAGE][PASSED] - Delayed 1 second(s)

2018-11-13 11:21:38 - [TEST_STEP][PASSED] - Statement - tvDiscovery = tvResponse1: null

2018-11-13 11:21:38 - [TEST_STEP][PASSED] - Statement - tvIp = """ + "10.0.23." + index + """: null

2018-11-13 11:21:38 - [TEST_STEP][PASSED] - Statement - tvRoomId = checkRoomId(index): null

2018-11-13 11:21:38 - [TEST_STEP][PASSED] - Statement - tvRoomId = ""00000"": null

2018-11-13 11:21:38 - [TEST_STEP][PASSED] - Statement - If (index > 0 && index < 10): null

2018-11-13 11:21:38 - [TEST_STEP][PASSED] - Statement - tvRoomId = ""0000" + index + """: null

2018-11-13 11:21:38 - [TEST_STEP][PASSED] - Statement - return tvRoomId: null

2018-11-13 11:21:38 - [TEST_STEP][PASSED] - Statement - tvUniqueID = ""TEST" + index + "1C5A6BB5C57F"": null

2018-11-13 11:21:38 - [TEST_STEP][PASSED] - Statement - tvDiscovery = tvDiscovery + tvIp + generateMac(index) + tvResponse2 + tvRoomId + generateSnNumber(index) + tvResponse3 + tvUniqueID + tvResponse4: null

2018-11-13 11:21:38 - [TEST_STEP][PASSED] - Statement - macAddress = ","TVMACAddress":"1C:5A:6B:B5:C5:7F"": null

2018-11-13 11:21:38 - [TEST_STEP][PASSED] - Statement - If (index > 0 && index < 10): null

2018-11-13 11:21:38 - [TEST_STEP][PASSED] - Statement - macAddress = ","TVMACAddress":"" + index + "C:5A:6B:B5:C5:7F"": null

2018-11-13 11:21:38 - [TEST_STEP][PASSED] - Statement - return macAddress: null

2018-11-13 11:21:38 - [TEST_STEP][PASSED] - Statement - tvSerialNumber = ","TVSerialNumber":"FZ1A16140605" + index + """: null

2018-11-13 11:21:38 - [TEST_STEP][PASSED] - Statement - return tvSerialNumber: null

2018-11-13 11:21:39 - [TEST_STEP][PASSED] - Statement - println("tvDiscovery:" + tvDiscovery): null

2018-11-13 11:21:39 - [TEST_STEP][PASSED] - Statement - ro.setBodyContent(new com.kms.katalon.core.testobject.impl.HttpTextBodyContent(tvDiscovery)): null

2018-11-13 11:21:39 - [TEST_STEP][PASSED] - Statement - response = com.kms.katalon.core.webservice.keyword.WSBuiltInKeywords.sendRequest(ro): Send request successfully

2018-11-13 11:21:40 - [MESSAGE][PASSED] - Send request successfully

2018-11-13 11:21:40 - [TEST_STEP][PASSED] - Statement - responseStatusCode = response.getStatusCode(): null

2018-11-13 11:21:40 - [TEST_STEP][PASSED] - Statement - println("Response status code:" + responseStatusCode): null

2018-11-13 11:21:40 - [TEST_STEP][PASSED] - delay: Delayed 1 second(s)

2018-11-13 11:21:41 - [MESSAGE][PASSED] - Delayed 1 second(s)

2018-11-13 11:21:41 - [TEST_STEP][PASSED] - Statement - tvDiscovery = tvResponse1: null

2018-11-13 11:21:41 - [TEST_STEP][PASSED] - Statement - tvIp = """ + "10.0.23." + index + """: null

2018-11-13 11:21:41 - [TEST_STEP][PASSED] - Statement - tvRoomId = checkRoomId(index): null

2018-11-13 11:21:41 - [TEST_STEP][PASSED] - Statement - tvRoomId = ""00000"": null

2018-11-13 11:21:41 - [TEST_STEP][PASSED] - Statement - If (index > 0 && index < 10): null

2018-11-13 11:21:41 - [TEST_STEP][PASSED] - Statement - tvRoomId = ""0000" + index + """: null

2018-11-13 11:21:41 - [TEST_STEP][PASSED] - Statement - return tvRoomId: null

2018-11-13 11:21:41 - [TEST_STEP][PASSED] - Statement - tvUniqueID = ""TEST" + index + "1C5A6BB5C57F"": null

2018-11-13 11:21:41 - [TEST_STEP][PASSED] - Statement - tvDiscovery = tvDiscovery + tvIp + generateMac(index) + tvResponse2 + tvRoomId + generateSnNumber(index) + tvResponse3 + tvUniqueID + tvResponse4: null

2018-11-13 11:21:41 - [TEST_STEP][PASSED] - Statement - macAddress = ","TVMACAddress":"1C:5A:6B:B5:C5:7F"": null

2018-11-13 11:21:41 - [TEST_STEP][PASSED] - Statement - If (index > 0 && index < 10): null

2018-11-13 11:21:41 - [TEST_STEP][PASSED] - Statement - macAddress = ","TVMACAddress":"" + index + "C:5A:6B:B5:C5:7F"": null

2018-11-13 11:21:41 - [TEST_STEP][PASSED] - Statement - return macAddress: null

2018-11-13 11:21:41 - [TEST_STEP][PASSED] - Statement - tvSerialNumber = ","TVSerialNumber":"FZ1A16140605" + index + """: null

2018-11-13 11:21:41 - [TEST_STEP][PASSED] - Statement - return tvSerialNumber: null

2018-11-13 11:21:41 - [TEST_STEP][PASSED] - Statement - println("tvDiscovery:" + tvDiscovery): null

2018-11-13 11:21:41 - [TEST_STEP][PASSED] - Statement - ro.setBodyContent(new com.kms.katalon.core.testobject.impl.HttpTextBodyContent(tvDiscovery)): null

2018-11-13 11:21:41 - [TEST_STEP][PASSED] - Statement - response = com.kms.katalon.core.webservice.keyword.WSBuiltInKeywords.sendRequest(ro): Send request successfully

2018-11-13 11:21:42 - [MESSAGE][PASSED] - Send request successfully

2018-11-13 11:21:42 - [TEST_STEP][PASSED] - Statement - responseStatusCode = response.getStatusCode(): null

2018-11-13 11:21:42 - [TEST_STEP][PASSED] - Statement - println("Response status code:" + responseStatusCode): null

2018-11-13 11:21:42 - [TEST_STEP][PASSED] - delay: Delayed 1 second(s)

2018-11-13 11:21:43 - [MESSAGE][PASSED] - Delayed 1 second(s)

2018-11-13 11:21:43 - [TEST_STEP][PASSED] - Statement - tvDiscovery = tvResponse1: null

2018-11-13 11:21:43 - [TEST_STEP][PASSED] - Statement - tvIp = """ + "10.0.23." + index + """: null

2018-11-13 11:21:43 - [TEST_STEP][PASSED] - Statement - tvRoomId = checkRoomId(index): null

2018-11-13 11:21:43 - [TEST_STEP][PASSED] - Statement - tvRoomId = ""00000"": null

2018-11-13 11:21:43 - [TEST_STEP][PASSED] - Statement - If (index > 0 && index < 10): null

2018-11-13 11:21:43 - [TEST_STEP][PASSED] - Statement - Else If (index >= 10 && index < 100): null

2018-11-13 11:21:43 - [TEST_STEP][PASSED] - Statement - tvRoomId = ""000" + index + """: null

2018-11-13 11:21:43 - [TEST_STEP][PASSED] - Statement - return tvRoomId: null

2018-11-13 11:21:43 - [TEST_STEP][PASSED] - Statement - tvUniqueID = ""TEST" + index + "1C5A6BB5C57F"": null

2018-11-13 11:21:43 - [TEST_STEP][PASSED] - Statement - tvDiscovery = tvDiscovery + tvIp + generateMac(index) + tvResponse2 + tvRoomId + generateSnNumber(index) + tvResponse3 + tvUniqueID + tvResponse4: null

2018-11-13 11:21:43 - [TEST_STEP][PASSED] - Statement - macAddress = ","TVMACAddress":"1C:5A:6B:B5:C5:7F"": null

2018-11-13 11:21:43 - [TEST_STEP][PASSED] - Statement - If (index > 0 && index < 10): null

2018-11-13 11:21:43 - [TEST_STEP][PASSED] - Statement - Else If (index >= 10 && index < 100): null

2018-11-13 11:21:43 - [TEST_STEP][PASSED] - Statement - macAddress = ","TVMACAddress":"1C:" + index % 10 + "A:6B:B5:C5:7F"": null

2018-11-13 11:21:43 - [TEST_STEP][PASSED] - Statement - return macAddress: null

2018-11-13 11:21:43 - [TEST_STEP][PASSED] - Statement - tvSerialNumber = ","TVSerialNumber":"FZ1A16140605" + index + """: null

2018-11-13 11:21:43 - [TEST_STEP][PASSED] - Statement - return tvSerialNumber: null

2018-11-13 11:21:43 - [TEST_STEP][PASSED] - Statement - println("tvDiscovery:" + tvDiscovery): null

2018-11-13 11:21:43 - [TEST_STEP][PASSED] - Statement - ro.setBodyContent(new com.kms.katalon.core.testobject.impl.HttpTextBodyContent(tvDiscovery)): null

2018-11-13 11:21:43 - [TEST_STEP][PASSED] - Statement - response = com.kms.katalon.core.webservice.keyword.WSBuiltInKeywords.sendRequest(ro): Send request successfully

2018-11-13 11:21:43 - [MESSAGE][PASSED] - Send request successfully

2018-11-13 11:21:43 - [TEST_STEP][PASSED] - Statement - responseStatusCode = response.getStatusCode(): null

2018-11-13 11:21:43 - [TEST_STEP][PASSED] - Statement - println("Response status code:" + responseStatusCode): null

2018-11-13 11:21:43 - [TEST_STEP][PASSED] - delay: Delayed 1 second(s)

2018-11-13 11:21:44 - [MESSAGE][PASSED] - Delayed 1 second(s)

2018-11-13 11:21:44 - [TEST_STEP][PASSED] - Statement - tvDiscovery = tvResponse1: null

2018-11-13 11:21:44 - [TEST_STEP][PASSED] - Statement - tvIp = """ + "10.0.23." + index + """: null

2018-11-13 11:21:44 - [TEST_STEP][PASSED] - Statement - tvRoomId = checkRoomId(index): null

2018-11-13 11:21:44 - [TEST_STEP][PASSED] - Statement - tvRoomId = ""00000"": null

2018-11-13 11:21:44 - [TEST_STEP][PASSED] - Statement - If (index > 0 && index < 10): null

2018-11-13 11:21:44 - [TEST_STEP][PASSED] - Statement - Else If (index >= 10 && index < 100): null

2018-11-13 11:21:44 - [TEST_STEP][PASSED] - Statement - tvRoomId = ""000" + index + """: null

2018-11-13 11:21:44 - [TEST_STEP][PASSED] - Statement - return tvRoomId: null

2018-11-13 11:21:44 - [TEST_STEP][PASSED] - Statement - tvUniqueID = ""TEST" + index + "1C5A6BB5C57F"": null

2018-11-13 11:21:44 - [TEST_STEP][PASSED] - Statement - tvDiscovery = tvDiscovery + tvIp + generateMac(index) + tvResponse2 + tvRoomId + generateSnNumber(index) + tvResponse3 + tvUniqueID + tvResponse4: null

2018-11-13 11:21:44 - [TEST_STEP][PASSED] - Statement - macAddress = ","TVMACAddress":"1C:5A:6B:B5:C5:7F"": null

2018-11-13 11:21:44 - [TEST_STEP][PASSED] - Statement - If (index > 0 && index < 10): null

2018-11-13 11:21:44 - [TEST_STEP][PASSED] - Statement - Else If (index >= 10 && index < 100): null

2018-11-13 11:21:44 - [TEST_STEP][PASSED] - Statement - macAddress = ","TVMACAddress":"1C:" + index % 10 + "A:6B:B5:C5:7F"": null

2018-11-13 11:21:44 - [TEST_STEP][PASSED] - Statement - return macAddress: null

2018-11-13 11:21:44 - [TEST_STEP][PASSED] - Statement - tvSerialNumber = ","TVSerialNumber":"FZ1A16140605" + index + """: null

2018-11-13 11:21:44 - [TEST_STEP][PASSED] - Statement - return tvSerialNumber: null

2018-11-13 11:21:44 - [TEST_STEP][PASSED] - Statement - println("tvDiscovery:" + tvDiscovery): null

2018-11-13 11:21:44 - [TEST_STEP][PASSED] - Statement - ro.setBodyContent(new com.kms.katalon.core.testobject.impl.HttpTextBodyContent(tvDiscovery)): null

2018-11-13 11:21:44 - [TEST_STEP][PASSED] - Statement - response = com.kms.katalon.core.webservice.keyword.WSBuiltInKeywords.sendRequest(ro): Send request successfully

2018-11-13 11:21:45 - [MESSAGE][PASSED] - Send request successfully

2018-11-13 11:21:45 - [TEST_STEP][PASSED] - Statement - responseStatusCode = response.getStatusCode(): null

2018-11-13 11:21:45 - [TEST_STEP][PASSED] - Statement - println("Response status code:" + responseStatusCode): null

2018-11-13 11:21:45 - [TEST_STEP][PASSED] - delay: Delayed 1 second(s)

2018-11-13 11:21:46 - [MESSAGE][PASSED] - Delayed 1 second(s)

2018-11-13 11:21:46 - [TEST_STEP][PASSED] - Statement - tvDiscovery = tvResponse1: null

2018-11-13 11:21:46 - [TEST_STEP][PASSED] - Statement - tvIp = """ + "10.0.23." + index + """: null

2018-11-13 11:21:46 - [TEST_STEP][PASSED] - Statement - tvRoomId = checkRoomId(index): null

2018-11-13 11:21:46 - [TEST_STEP][PASSED] - Statement - tvRoomId = ""00000"": null

2018-11-13 11:21:46 - [TEST_STEP][PASSED] - Statement - If (index > 0 && index < 10): null

2018-11-13 11:21:46 - [TEST_STEP][PASSED] - Statement - Else If (index >= 10 && index < 100): null

2018-11-13 11:21:46 - [TEST_STEP][PASSED] - Statement - tvRoomId = ""000" + index + """: null

2018-11-13 11:21:46 - [TEST_STEP][PASSED] - Statement - return tvRoomId: null

2018-11-13 11:21:46 - [TEST_STEP][PASSED] - Statement - tvUniqueID = ""TEST" + index + "1C5A6BB5C57F"": null

2018-11-13 11:21:46 - [TEST_STEP][PASSED] - Statement - tvDiscovery = tvDiscovery + tvIp + generateMac(index) + tvResponse2 + tvRoomId + generateSnNumber(index) + tvResponse3 + tvUniqueID + tvResponse4: null

2018-11-13 11:21:46 - [TEST_STEP][PASSED] - Statement - macAddress = ","TVMACAddress":"1C:5A:6B:B5:C5:7F"": null

2018-11-13 11:21:46 - [TEST_STEP][PASSED] - Statement - If (index > 0 && index < 10): null

2018-11-13 11:21:46 - [TEST_STEP][PASSED] - Statement - Else If (index >= 10 && index < 100): null

2018-11-13 11:21:46 - [TEST_STEP][PASSED] - Statement - macAddress = ","TVMACAddress":"1C:" + index % 10 + "A:6B:B5:C5:7F"": null

2018-11-13 11:21:46 - [TEST_STEP][PASSED] - Statement - return macAddress: null

2018-11-13 11:21:46 - [TEST_STEP][PASSED] - Statement - tvSerialNumber = ","TVSerialNumber":"FZ1A16140605" + index + """: null

2018-11-13 11:21:46 - [TEST_STEP][PASSED] - Statement - return tvSerialNumber: null

2018-11-13 11:21:46 - [TEST_STEP][PASSED] - Statement - println("tvDiscovery:" + tvDiscovery): null

2018-11-13 11:21:46 - [TEST_STEP][PASSED] - Statement - ro.setBodyContent(new com.kms.katalon.core.testobject.impl.HttpTextBodyContent(tvDiscovery)): null

2018-11-13 11:21:46 - [TEST_STEP][PASSED] - Statement - response = com.kms.katalon.core.webservice.keyword.WSBuiltInKeywords.sendRequest(ro): Send request successfully

2018-11-13 11:21:46 - [MESSAGE][PASSED] - Send request successfully

2018-11-13 11:21:46 - [TEST_STEP][PASSED] - Statement - responseStatusCode = response.getStatusCode(): null

2018-11-13 11:21:46 - [TEST_STEP][PASSED] - Statement - println("Response status code:" + responseStatusCode): null

2018-11-13 11:21:46 - [TEST_STEP][PASSED] - delay: Delayed 1 second(s)

2018-11-13 11:21:47 - [MESSAGE][PASSED] - Delayed 1 second(s)

2018-11-13 11:21:47 - [TEST_STEP][PASSED] - Statement - tvDiscovery = tvResponse1: null

2018-11-13 11:21:47 - [TEST_STEP][PASSED] - Statement - tvIp = """ + "10.0.23." + index + """: null

2018-11-13 11:21:47 - [TEST_STEP][PASSED] - Statement - tvRoomId = checkRoomId(index): null

2018-11-13 11:21:47 - [TEST_STEP][PASSED] - Statement - tvRoomId = ""00000"": null

2018-11-13 11:21:47 - [TEST_STEP][PASSED] - Statement - If (index > 0 && index < 10): null

2018-11-13 11:21:47 - [TEST_STEP][PASSED] - Statement - Else If (index >= 10 && index < 100): null

2018-11-13 11:21:47 - [TEST_STEP][PASSED] - Statement - tvRoomId = ""000" + index + """: null

2018-11-13 11:21:47 - [TEST_STEP][PASSED] - Statement - return tvRoomId: null

2018-11-13 11:21:47 - [TEST_STEP][PASSED] - Statement - tvUniqueID = ""TEST" + index + "1C5A6BB5C57F"": null

2018-11-13 11:21:47 - [TEST_STEP][PASSED] - Statement - tvDiscovery = tvDiscovery + tvIp + generateMac(index) + tvResponse2 + tvRoomId + generateSnNumber(index) + tvResponse3 + tvUniqueID + tvResponse4: null

2018-11-13 11:21:47 - [TEST_STEP][PASSED] - Statement - macAddress = ","TVMACAddress":"1C:5A:6B:B5:C5:7F"": null

2018-11-13 11:21:47 - [TEST_STEP][PASSED] - Statement - If (index > 0 && index < 10): null

2018-11-13 11:21:47 - [TEST_STEP][PASSED] - Statement - Else If (index >= 10 && index < 100): null

2018-11-13 11:21:47 - [TEST_STEP][PASSED] - Statement - macAddress = ","TVMACAddress":"1C:" + index % 10 + "A:6B:B5:C5:7F"": null

2018-11-13 11:21:47 - [TEST_STEP][PASSED] - Statement - return macAddress: null

2018-11-13 11:21:47 - [TEST_STEP][PASSED] - Statement - tvSerialNumber = ","TVSerialNumber":"FZ1A16140605" + index + """: null

2018-11-13 11:21:47 - [TEST_STEP][PASSED] - Statement - return tvSerialNumber: null

2018-11-13 11:21:47 - [TEST_STEP][PASSED] - Statement - println("tvDiscovery:" + tvDiscovery): null

2018-11-13 11:21:47 - [TEST_STEP][PASSED] - Statement - ro.setBodyContent(new com.kms.katalon.core.testobject.impl.HttpTextBodyContent(tvDiscovery)): null

2018-11-13 11:21:47 - [TEST_STEP][PASSED] - Statement - response = com.kms.katalon.core.webservice.keyword.WSBuiltInKeywords.sendRequest(ro): Send request successfully

2018-11-13 11:21:48 - [MESSAGE][PASSED] - Send request successfully

2018-11-13 11:21:48 - [TEST_STEP][PASSED] - Statement - responseStatusCode = response.getStatusCode(): null

2018-11-13 11:21:48 - [TEST_STEP][PASSED] - Statement - println("Response status code:" + responseStatusCode): null

2018-11-13 11:21:48 - [TEST_STEP][PASSED] - delay: Delayed 1 second(s)

2018-11-13 11:21:49 - [MESSAGE][PASSED] - Delayed 1 second(s)

2018-11-13 11:21:49 - [TEST_STEP][PASSED] - Statement - tvDiscovery = tvResponse1: null

2018-11-13 11:21:49 - [TEST_STEP][PASSED] - Statement - tvIp = """ + "10.0.23." + index + """: null

2018-11-13 11:21:49 - [TEST_STEP][PASSED] - Statement - tvRoomId = checkRoomId(index): null

2018-11-13 11:21:49 - [TEST_STEP][PASSED] - Statement - tvRoomId = ""00000"": null

2018-11-13 11:21:49 - [TEST_STEP][PASSED] - Statement - If (index > 0 && index < 10): null

2018-11-13 11:21:49 - [TEST_STEP][PASSED] - Statement - Else If (index >= 10 && index < 100): null

2018-11-13 11:21:49 - [TEST_STEP][PASSED] - Statement - tvRoomId = ""000" + index + """: null

2018-11-13 11:21:49 - [TEST_STEP][PASSED] - Statement - return tvRoomId: null

2018-11-13 11:21:49 - [TEST_STEP][PASSED] - Statement - tvUniqueID = ""TEST" + index + "1C5A6BB5C57F"": null

2018-11-13 11:21:49 - [TEST_STEP][PASSED] - Statement - tvDiscovery = tvDiscovery + tvIp + generateMac(index) + tvResponse2 + tvRoomId + generateSnNumber(index) + tvResponse3 + tvUniqueID + tvResponse4: null

2018-11-13 11:21:49 - [TEST_STEP][PASSED] - Statement - macAddress = ","TVMACAddress":"1C:5A:6B:B5:C5:7F"": null

2018-11-13 11:21:49 - [TEST_STEP][PASSED] - Statement - If (index > 0 && index < 10): null

2018-11-13 11:21:49 - [TEST_STEP][PASSED] - Statement - Else If (index >= 10 && index < 100): null

2018-11-13 11:21:49 - [TEST_STEP][PASSED] - Statement - macAddress = ","TVMACAddress":"1C:" + index % 10 + "A:6B:B5:C5:7F"": null

2018-11-13 11:21:49 - [TEST_STEP][PASSED] - Statement - return macAddress: null

2018-11-13 11:21:49 - [TEST_STEP][PASSED] - Statement - tvSerialNumber = ","TVSerialNumber":"FZ1A16140605" + index + """: null

2018-11-13 11:21:49 - [TEST_STEP][PASSED] - Statement - return tvSerialNumber: null

2018-11-13 11:21:49 - [TEST_STEP][PASSED] - Statement - println("tvDiscovery:" + tvDiscovery): null

2018-11-13 11:21:49 - [TEST_STEP][PASSED] - Statement - ro.setBodyContent(new com.kms.katalon.core.testobject.impl.HttpTextBodyContent(tvDiscovery)): null

2018-11-13 11:21:49 - [TEST_STEP][PASSED] - Statement - response = com.kms.katalon.core.webservice.keyword.WSBuiltInKeywords.sendRequest(ro): Send request successfully

2018-11-13 11:21:49 - [MESSAGE][PASSED] - Send request successfully

2018-11-13 11:21:49 - [TEST_STEP][PASSED] - Statement - responseStatusCode = response.getStatusCode(): null

2018-11-13 11:21:49 - [TEST_STEP][PASSED] - Statement - println("Response status code:" + responseStatusCode): null

2018-11-13 11:21:49 - [TEST_STEP][PASSED] - delay: Delayed 1 second(s)

2018-11-13 11:21:50 - [MESSAGE][PASSED] - Delayed 1 second(s)

2018-11-13 11:21:50 - [TEST_STEP][PASSED] - Statement - tvDiscovery = tvResponse1: null

2018-11-13 11:21:50 - [TEST_STEP][PASSED] - Statement - tvIp = """ + "10.0.23." + index + """: null

2018-11-13 11:21:50 - [TEST_STEP][PASSED] - Statement - tvRoomId = checkRoomId(index): null

2018-11-13 11:21:50 - [TEST_STEP][PASSED] - Statement - tvRoomId = ""00000"": null

2018-11-13 11:21:50 - [TEST_STEP][PASSED] - Statement - If (index > 0 && index < 10): null

2018-11-13 11:21:50 - [TEST_STEP][PASSED] - Statement - Else If (index >= 10 && index < 100): null

2018-11-13 11:21:50 - [TEST_STEP][PASSED] - Statement - tvRoomId = ""000" + index + """: null

2018-11-13 11:21:50 - [TEST_STEP][PASSED] - Statement - return tvRoomId: null

2018-11-13 11:21:50 - [TEST_STEP][PASSED] - Statement - tvUniqueID = ""TEST" + index + "1C5A6BB5C57F"": null

2018-11-13 11:21:50 - [TEST_STEP][PASSED] - Statement - tvDiscovery = tvDiscovery + tvIp + generateMac(index) + tvResponse2 + tvRoomId + generateSnNumber(index) + tvResponse3 + tvUniqueID + tvResponse4: null

2018-11-13 11:21:50 - [TEST_STEP][PASSED] - Statement - macAddress = ","TVMACAddress":"1C:5A:6B:B5:C5:7F"": null

2018-11-13 11:21:50 - [TEST_STEP][PASSED] - Statement - If (index > 0 && index < 10): null

2018-11-13 11:21:50 - [TEST_STEP][PASSED] - Statement - Else If (index >= 10 && index < 100): null

2018-11-13 11:21:50 - [TEST_STEP][PASSED] - Statement - macAddress = ","TVMACAddress":"1C:" + index % 10 + "A:6B:B5:C5:7F"": null

2018-11-13 11:21:50 - [TEST_STEP][PASSED] - Statement - return macAddress: null

2018-11-13 11:21:50 - [TEST_STEP][PASSED] - Statement - tvSerialNumber = ","TVSerialNumber":"FZ1A16140605" + index + """: null

2018-11-13 11:21:50 - [TEST_STEP][PASSED] - Statement - return tvSerialNumber: null

2018-11-13 11:21:50 - [TEST_STEP][PASSED] - Statement - println("tvDiscovery:" + tvDiscovery): null

2018-11-13 11:21:50 - [TEST_STEP][PASSED] - Statement - ro.setBodyContent(new com.kms.katalon.core.testobject.impl.HttpTextBodyContent(tvDiscovery)): null

2018-11-13 11:21:50 - [TEST_STEP][PASSED] - Statement - response = com.kms.katalon.core.webservice.keyword.WSBuiltInKeywords.sendRequest(ro): Send request successfully

2018-11-13 11:21:51 - [MESSAGE][PASSED] - Send request successfully

2018-11-13 11:21:51 - [TEST_STEP][PASSED] - Statement - responseStatusCode = response.getStatusCode(): null

2018-11-13 11:21:51 - [TEST_STEP][PASSED] - Statement - println("Response status code:" + responseStatusCode): null

2018-11-13 11:21:51 - [TEST_STEP][PASSED] - delay: Delayed 1 second(s)

2018-11-13 11:21:52 - [MESSAGE][PASSED] - Delayed 1 second(s)

2018-11-13 11:21:52 - [TEST_STEP][PASSED] - Statement - tvDiscovery = tvResponse1: null

2018-11-13 11:21:52 - [TEST_STEP][PASSED] - Statement - tvIp = """ + "10.0.23." + index + """: null

2018-11-13 11:21:52 - [TEST_STEP][PASSED] - Statement - tvRoomId = checkRoomId(index): null

2018-11-13 11:21:52 - [TEST_STEP][PASSED] - Statement - tvRoomId = ""00000"": null

2018-11-13 11:21:52 - [TEST_STEP][PASSED] - Statement - If (index > 0 && index < 10): null

2018-11-13 11:21:52 - [TEST_STEP][PASSED] - Statement - Else If (index >= 10 && index < 100): null

2018-11-13 11:21:52 - [TEST_STEP][PASSED] - Statement - tvRoomId = ""000" + index + """: null

2018-11-13 11:21:52 - [TEST_STEP][PASSED] - Statement - return tvRoomId: null

2018-11-13 11:21:52 - [TEST_STEP][PASSED] - Statement - tvUniqueID = ""TEST" + index + "1C5A6BB5C57F"": null

2018-11-13 11:21:52 - [TEST_STEP][PASSED] - Statement - tvDiscovery = tvDiscovery + tvIp + generateMac(index) + tvResponse2 + tvRoomId + generateSnNumber(index) + tvResponse3 + tvUniqueID + tvResponse4: null

2018-11-13 11:21:52 - [TEST_STEP][PASSED] - Statement - macAddress = ","TVMACAddress":"1C:5A:6B:B5:C5:7F"": null

2018-11-13 11:21:52 - [TEST_STEP][PASSED] - Statement - If (index > 0 && index < 10): null

2018-11-13 11:21:52 - [TEST_STEP][PASSED] - Statement - Else If (index >= 10 && index < 100): null

2018-11-13 11:21:52 - [TEST_STEP][PASSED] - Statement - macAddress = ","TVMACAddress":"1C:" + index % 10 + "A:6B:B5:C5:7F"": null

2018-11-13 11:21:52 - [TEST_STEP][PASSED] - Statement - return macAddress: null

2018-11-13 11:21:52 - [TEST_STEP][PASSED] - Statement - tvSerialNumber = ","TVSerialNumber":"FZ1A16140605" + index + """: null

2018-11-13 11:21:52 - [TEST_STEP][PASSED] - Statement - return tvSerialNumber: null

2018-11-13 11:21:52 - [TEST_STEP][PASSED] - Statement - println("tvDiscovery:" + tvDiscovery): null

2018-11-13 11:21:52 - [TEST_STEP][PASSED] - Statement - ro.setBodyContent(new com.kms.katalon.core.testobject.impl.HttpTextBodyContent(tvDiscovery)): null

2018-11-13 11:21:52 - [TEST_STEP][PASSED] - Statement - response = com.kms.katalon.core.webservice.keyword.WSBuiltInKeywords.sendRequest(ro): Send request successfully

2018-11-13 11:21:52 - [MESSAGE][PASSED] - Send request successfully

2018-11-13 11:21:52 - [TEST_STEP][PASSED] - Statement - responseStatusCode = response.getStatusCode(): null

2018-11-13 11:21:52 - [TEST_STEP][PASSED] - Statement - println("Response status code:" + responseStatusCode): null

2018-11-13 11:21:52 - [TEST_STEP][PASSED] - delay: Delayed 1 second(s)

2018-11-13 11:21:53 - [MESSAGE][PASSED] - Delayed 1 second(s)

2018-11-13 11:21:53 - [TEST_STEP][PASSED] - Statement - tvDiscovery = tvResponse1: null

2018-11-13 11:21:53 - [TEST_STEP][PASSED] - Statement - tvIp = """ + "10.0.23." + index + """: null

2018-11-13 11:21:53 - [TEST_STEP][PASSED] - Statement - tvRoomId = checkRoomId(index): null

2018-11-13 11:21:53 - [TEST_STEP][PASSED] - Statement - tvRoomId = ""00000"": null

2018-11-13 11:21:53 - [TEST_STEP][PASSED] - Statement - If (index > 0 && index < 10): null

2018-11-13 11:21:53 - [TEST_STEP][PASSED] - Statement - Else If (index >= 10 && index < 100): null

2018-11-13 11:21:53 - [TEST_STEP][PASSED] - Statement - tvRoomId = ""000" + index + """: null

2018-11-13 11:21:53 - [TEST_STEP][PASSED] - Statement - return tvRoomId: null

2018-11-13 11:21:53 - [TEST_STEP][PASSED] - Statement - tvUniqueID = ""TEST" + index + "1C5A6BB5C57F"": null

2018-11-13 11:21:53 - [TEST_STEP][PASSED] - Statement - tvDiscovery = tvDiscovery + tvIp + generateMac(index) + tvResponse2 + tvRoomId + generateSnNumber(index) + tvResponse3 + tvUniqueID + tvResponse4: null

2018-11-13 11:21:53 - [TEST_STEP][PASSED] - Statement - macAddress = ","TVMACAddress":"1C:5A:6B:B5:C5:7F"": null

2018-11-13 11:21:53 - [TEST_STEP][PASSED] - Statement - If (index > 0 && index < 10): null

2018-11-13 11:21:53 - [TEST_STEP][PASSED] - Statement - Else If (index >= 10 && index < 100): null

2018-11-13 11:21:53 - [TEST_STEP][PASSED] - Statement - macAddress = ","TVMACAddress":"1C:" + index % 10 + "A:6B:B5:C5:7F"": null

2018-11-13 11:21:53 - [TEST_STEP][PASSED] - Statement - return macAddress: null

2018-11-13 11:21:53 - [TEST_STEP][PASSED] - Statement - tvSerialNumber = ","TVSerialNumber":"FZ1A16140605" + index + """: null

2018-11-13 11:21:53 - [TEST_STEP][PASSED] - Statement - return tvSerialNumber: null

2018-11-13 11:21:53 - [TEST_STEP][PASSED] - Statement - println("tvDiscovery:" + tvDiscovery): null

2018-11-13 11:21:53 - [TEST_STEP][PASSED] - Statement - ro.setBodyContent(new com.kms.katalon.core.testobject.impl.HttpTextBodyContent(tvDiscovery)): null

2018-11-13 11:21:53 - [TEST_STEP][PASSED] - Statement - response = com.kms.katalon.core.webservice.keyword.WSBuiltInKeywords.sendRequest(ro): Send request successfully

2018-11-13 11:21:54 - [MESSAGE][PASSED] - Send request successfully

2018-11-13 11:21:54 - [TEST_STEP][PASSED] - Statement - responseStatusCode = response.getStatusCode(): null

2018-11-13 11:21:54 - [TEST_STEP][PASSED] - Statement - println("Response status code:" + responseStatusCode): null

2018-11-13 11:21:54 - [TEST_STEP][PASSED] - delay: Delayed 1 second(s)

2018-11-13 11:21:55 - [MESSAGE][PASSED] - Delayed 1 second(s)

2018-11-13 11:21:55 - [TEST_STEP][PASSED] - Statement - tvDiscovery = tvResponse1: null

2018-11-13 11:21:55 - [TEST_STEP][PASSED] - Statement - tvIp = """ + "10.0.23." + index + """: null

2018-11-13 11:21:55 - [TEST_STEP][PASSED] - Statement - tvRoomId = checkRoomId(index): null

2018-11-13 11:21:55 - [TEST_STEP][PASSED] - Statement - tvRoomId = ""00000"": null

2018-11-13 11:21:55 - [TEST_STEP][PASSED] - Statement - If (index > 0 && index < 10): null

2018-11-13 11:21:55 - [TEST_STEP][PASSED] - Statement - Else If (index >= 10 && index < 100): null

2018-11-13 11:21:55 - [TEST_STEP][PASSED] - Statement - tvRoomId = ""000" + index + """: null

2018-11-13 11:21:55 - [TEST_STEP][PASSED] - Statement - return tvRoomId: null

2018-11-13 11:21:55 - [TEST_STEP][PASSED] - Statement - tvUniqueID = ""TEST" + index + "1C5A6BB5C57F"": null

2018-11-13 11:21:55 - [TEST_STEP][PASSED] - Statement - tvDiscovery = tvDiscovery + tvIp + generateMac(index) + tvResponse2 + tvRoomId + generateSnNumber(index) + tvResponse3 + tvUniqueID + tvResponse4: null

2018-11-13 11:21:55 - [TEST_STEP][PASSED] - Statement - macAddress = ","TVMACAddress":"1C:5A:6B:B5:C5:7F"": null

2018-11-13 11:21:55 - [TEST_STEP][PASSED] - Statement - If (index > 0 && index < 10): null

2018-11-13 11:21:55 - [TEST_STEP][PASSED] - Statement - Else If (index >= 10 && index < 100): null

2018-11-13 11:21:55 - [TEST_STEP][PASSED] - Statement - macAddress = ","TVMACAddress":"1C:" + index % 10 + "A:6B:B5:C5:7F"": null

2018-11-13 11:21:55 - [TEST_STEP][PASSED] - Statement - return macAddress: null

2018-11-13 11:21:55 - [TEST_STEP][PASSED] - Statement - tvSerialNumber = ","TVSerialNumber":"FZ1A16140605" + index + """: null

2018-11-13 11:21:55 - [TEST_STEP][PASSED] - Statement - return tvSerialNumber: null

2018-11-13 11:21:55 - [TEST_STEP][PASSED] - Statement - println("tvDiscovery:" + tvDiscovery): null

2018-11-13 11:21:55 - [TEST_STEP][PASSED] - Statement - ro.setBodyContent(new com.kms.katalon.core.testobject.impl.HttpTextBodyContent(tvDiscovery)): null

2018-11-13 11:21:55 - [TEST_STEP][PASSED] - Statement - response = com.kms.katalon.core.webservice.keyword.WSBuiltInKeywords.sendRequest(ro): Send request successfully

2018-11-13 11:21:55 - [MESSAGE][PASSED] - Send request successfully

2018-11-13 11:21:55 - [TEST_STEP][PASSED] - Statement - responseStatusCode = response.getStatusCode(): null

2018-11-13 11:21:55 - [TEST_STEP][PASSED] - Statement - println("Response status code:" + responseStatusCode): null

2018-11-13 11:21:55 - [TEST_STEP][PASSED] - delay: Delayed 1 second(s)

2018-11-13 11:21:56 - [MESSAGE][PASSED] - Delayed 1 second(s)

2018-11-13 11:21:56 - [TEST_STEP][PASSED] - Statement - tvDiscovery = tvResponse1: null

2018-11-13 11:21:56 - [TEST_STEP][PASSED] - Statement - tvIp = """ + "10.0.23." + index + """: null

2018-11-13 11:21:56 - [TEST_STEP][PASSED] - Statement - tvRoomId = checkRoomId(index): null

2018-11-13 11:21:56 - [TEST_STEP][PASSED] - Statement - tvRoomId = ""00000"": null

2018-11-13 11:21:56 - [TEST_STEP][PASSED] - Statement - If (index > 0 && index < 10): null

2018-11-13 11:21:56 - [TEST_STEP][PASSED] - Statement - Else If (index >= 10 && index < 100): null

2018-11-13 11:21:56 - [TEST_STEP][PASSED] - Statement - tvRoomId = ""000" + index + """: null

2018-11-13 11:21:56 - [TEST_STEP][PASSED] - Statement - return tvRoomId: null

2018-11-13 11:21:56 - [TEST_STEP][PASSED] - Statement - tvUniqueID = ""TEST" + index + "1C5A6BB5C57F"": null

2018-11-13 11:21:56 - [TEST_STEP][PASSED] - Statement - tvDiscovery = tvDiscovery + tvIp + generateMac(index) + tvResponse2 + tvRoomId + generateSnNumber(index) + tvResponse3 + tvUniqueID + tvResponse4: null

2018-11-13 11:21:56 - [TEST_STEP][PASSED] - Statement - macAddress = ","TVMACAddress":"1C:5A:6B:B5:C5:7F"": null

2018-11-13 11:21:56 - [TEST_STEP][PASSED] - Statement - If (index > 0 && index < 10): null

2018-11-13 11:21:56 - [TEST_STEP][PASSED] - Statement - Else If (index >= 10 && index < 100): null

2018-11-13 11:21:56 - [TEST_STEP][PASSED] - Statement - macAddress = ","TVMACAddress":"1C:" + index % 10 + "A:6B:B5:C5:7F"": null

2018-11-13 11:21:56 - [TEST_STEP][PASSED] - Statement - return macAddress: null

2018-11-13 11:21:56 - [TEST_STEP][PASSED] - Statement - tvSerialNumber = ","TVSerialNumber":"FZ1A16140605" + index + """: null

2018-11-13 11:21:56 - [TEST_STEP][PASSED] - Statement - return tvSerialNumber: null

2018-11-13 11:21:56 - [TEST_STEP][PASSED] - Statement - println("tvDiscovery:" + tvDiscovery): null

2018-11-13 11:21:56 - [TEST_STEP][PASSED] - Statement - ro.setBodyContent(new com.kms.katalon.core.testobject.impl.HttpTextBodyContent(tvDiscovery)): null

2018-11-13 11:21:56 - [TEST_STEP][PASSED] - Statement - response = com.kms.katalon.core.webservice.keyword.WSBuiltInKeywords.sendRequest(ro): Send request successfully

2018-11-13 11:21:57 - [MESSAGE][PASSED] - Send request successfully

2018-11-13 11:21:57 - [TEST_STEP][PASSED] - Statement - responseStatusCode = response.getStatusCode(): null

2018-11-13 11:21:57 - [TEST_STEP][PASSED] - Statement - println("Response status code:" + responseStatusCode): null

2018-11-13 11:21:57 - [TEST_STEP][PASSED] - delay: Delayed 1 second(s)

2018-11-13 11:21:58 - [MESSAGE][PASSED] - Delayed 1 second(s)

2018-11-13 11:21:58 - [TEST_STEP][PASSED] - Statement - tvDiscovery = tvResponse1: null

2018-11-13 11:21:58 - [TEST_STEP][PASSED] - Statement - tvIp = """ + "10.0.23." + index + """: null

2018-11-13 11:21:58 - [TEST_STEP][PASSED] - Statement - tvRoomId = checkRoomId(index): null

2018-11-13 11:21:58 - [TEST_STEP][PASSED] - Statement - tvRoomId = ""00000"": null

2018-11-13 11:21:58 - [TEST_STEP][PASSED] - Statement - If (index > 0 && index < 10): null

2018-11-13 11:21:58 - [TEST_STEP][PASSED] - Statement - Else If (index >= 10 && index < 100): null

2018-11-13 11:21:58 - [TEST_STEP][PASSED] - Statement - tvRoomId = ""000" + index + """: null

2018-11-13 11:21:58 - [TEST_STEP][PASSED] - Statement - return tvRoomId: null

2018-11-13 11:21:58 - [TEST_STEP][PASSED] - Statement - tvUniqueID = ""TEST" + index + "1C5A6BB5C57F"": null

2018-11-13 11:21:58 - [TEST_STEP][PASSED] - Statement - tvDiscovery = tvDiscovery + tvIp + generateMac(index) + tvResponse2 + tvRoomId + generateSnNumber(index) + tvResponse3 + tvUniqueID + tvResponse4: null

2018-11-13 11:21:58 - [TEST_STEP][PASSED] - Statement - macAddress = ","TVMACAddress":"1C:5A:6B:B5:C5:7F"": null

2018-11-13 11:21:58 - [TEST_STEP][PASSED] - Statement - If (index > 0 && index < 10): null

2018-11-13 11:21:58 - [TEST_STEP][PASSED] - Statement - Else If (index >= 10 && index < 100): null

2018-11-13 11:21:58 - [TEST_STEP][PASSED] - Statement - macAddress = ","TVMACAddress":"1C:" + index % 10 + "A:6B:B5:C5:7F"": null

2018-11-13 11:21:58 - [TEST_STEP][PASSED] - Statement - return macAddress: null

2018-11-13 11:21:58 - [TEST_STEP][PASSED] - Statement - tvSerialNumber = ","TVSerialNumber":"FZ1A16140605" + index + """: null

2018-11-13 11:21:58 - [TEST_STEP][PASSED] - Statement - return tvSerialNumber: null

2018-11-13 11:21:58 - [TEST_STEP][PASSED] - Statement - println("tvDiscovery:" + tvDiscovery): null

2018-11-13 11:21:58 - [TEST_STEP][PASSED] - Statement - ro.setBodyContent(new com.kms.katalon.core.testobject.impl.HttpTextBodyContent(tvDiscovery)): null

2018-11-13 11:21:58 - [TEST_STEP][PASSED] - Statement - response = com.kms.katalon.core.webservice.keyword.WSBuiltInKeywords.sendRequest(ro): Send request successfully

2018-11-13 11:21:58 - [MESSAGE][PASSED] - Send request successfully

2018-11-13 11:21:58 - [TEST_STEP][PASSED] - Statement - responseStatusCode = response.getStatusCode(): null

2018-11-13 11:21:58 - [TEST_STEP][PASSED] - Statement - println("Response status code:" + responseStatusCode): null

2018-11-13 11:21:58 - [TEST_STEP][PASSED] - delay: Delayed 1 second(s)

2018-11-13 11:21:59 - [MESSAGE][PASSED] - Delayed 1 second(s)

2018-11-13 11:21:59 - [TEST_STEP][PASSED] - Statement - tvDiscovery = tvResponse1: null

2018-11-13 11:21:59 - [TEST_STEP][PASSED] - Statement - tvIp = """ + "10.0.23." + index + """: null

2018-11-13 11:21:59 - [TEST_STEP][PASSED] - Statement - tvRoomId = checkRoomId(index): null

2018-11-13 11:21:59 - [TEST_STEP][PASSED] - Statement - tvRoomId = ""00000"": null

2018-11-13 11:21:59 - [TEST_STEP][PASSED] - Statement - If (index > 0 && index < 10): null

2018-11-13 11:21:59 - [TEST_STEP][PASSED] - Statement - Else If (index >= 10 && index < 100): null

2018-11-13 11:21:59 - [TEST_STEP][PASSED] - Statement - tvRoomId = ""000" + index + """: null

2018-11-13 11:21:59 - [TEST_STEP][PASSED] - Statement - return tvRoomId: null

2018-11-13 11:21:59 - [TEST_STEP][PASSED] - Statement - tvUniqueID = ""TEST" + index + "1C5A6BB5C57F"": null

2018-11-13 11:21:59 - [TEST_STEP][PASSED] - Statement - tvDiscovery = tvDiscovery + tvIp + generateMac(index) + tvResponse2 + tvRoomId + generateSnNumber(index) + tvResponse3 + tvUniqueID + tvResponse4: null

2018-11-13 11:21:59 - [TEST_STEP][PASSED] - Statement - macAddress = ","TVMACAddress":"1C:5A:6B:B5:C5:7F"": null

2018-11-13 11:21:59 - [TEST_STEP][PASSED] - Statement - If (index > 0 && index < 10): null

2018-11-13 11:21:59 - [TEST_STEP][PASSED] - Statement - Else If (index >= 10 && index < 100): null

2018-11-13 11:21:59 - [TEST_STEP][PASSED] - Statement - macAddress = ","TVMACAddress":"1C:" + index % 10 + "A:6B:B5:C5:7F"": null

2018-11-13 11:21:59 - [TEST_STEP][PASSED] - Statement - return macAddress: null

2018-11-13 11:21:59 - [TEST_STEP][PASSED] - Statement - tvSerialNumber = ","TVSerialNumber":"FZ1A16140605" + index + """: null

2018-11-13 11:21:59 - [TEST_STEP][PASSED] - Statement - return tvSerialNumber: null

2018-11-13 11:21:59 - [TEST_STEP][PASSED] - Statement - println("tvDiscovery:" + tvDiscovery): null

2018-11-13 11:21:59 - [TEST_STEP][PASSED] - Statement - ro.setBodyContent(new com.kms.katalon.core.testobject.impl.HttpTextBodyContent(tvDiscovery)): null

2018-11-13 11:21:59 - [TEST_STEP][PASSED] - Statement - response = com.kms.katalon.core.webservice.keyword.WSBuiltInKeywords.sendRequest(ro): Send request successfully

2018-11-13 11:22:00 - [MESSAGE][PASSED] - Send request successfully

2018-11-13 11:22:00 - [TEST_STEP][PASSED] - Statement - responseStatusCode = response.getStatusCode(): null

2018-11-13 11:22:00 - [TEST_STEP][PASSED] - Statement - println("Response status code:" + responseStatusCode): null

2018-11-13 11:22:00 - [TEST_STEP][PASSED] - delay: Delayed 1 second(s)

2018-11-13 11:22:01 - [MESSAGE][PASSED] - Delayed 1 second(s)

2018-11-13 11:22:01 - [TEST_STEP][PASSED] - Statement - tvDiscovery = tvResponse1: null

2018-11-13 11:22:01 - [TEST_STEP][PASSED] - Statement - tvIp = """ + "10.0.23." + index + """: null

2018-11-13 11:22:01 - [TEST_STEP][PASSED] - Statement - tvRoomId = checkRoomId(index): null

2018-11-13 11:22:01 - [TEST_STEP][PASSED] - Statement - tvRoomId = ""00000"": null

2018-11-13 11:22:01 - [TEST_STEP][PASSED] - Statement - If (index > 0 && index < 10): null

2018-11-13 11:22:01 - [TEST_STEP][PASSED] - Statement - Else If (index >= 10 && index < 100): null

2018-11-13 11:22:01 - [TEST_STEP][PASSED] - Statement - tvRoomId = ""000" + index + """: null

2018-11-13 11:22:01 - [TEST_STEP][PASSED] - Statement - return tvRoomId: null

2018-11-13 11:22:01 - [TEST_STEP][PASSED] - Statement - tvUniqueID = ""TEST" + index + "1C5A6BB5C57F"": null

2018-11-13 11:22:01 - [TEST_STEP][PASSED] - Statement - tvDiscovery = tvDiscovery + tvIp + generateMac(index) + tvResponse2 + tvRoomId + generateSnNumber(index) + tvResponse3 + tvUniqueID + tvResponse4: null

2018-11-13 11:22:01 - [TEST_STEP][PASSED] - Statement - macAddress = ","TVMACAddress":"1C:5A:6B:B5:C5:7F"": null

2018-11-13 11:22:01 - [TEST_STEP][PASSED] - Statement - If (index > 0 && index < 10): null

2018-11-13 11:22:01 - [TEST_STEP][PASSED] - Statement - Else If (index >= 10 && index < 100): null

2018-11-13 11:22:01 - [TEST_STEP][PASSED] - Statement - macAddress = ","TVMACAddress":"1C:" + index % 10 + "A:6B:B5:C5:7F"": null

2018-11-13 11:22:01 - [TEST_STEP][PASSED] - Statement - return macAddress: null

2018-11-13 11:22:01 - [TEST_STEP][PASSED] - Statement - tvSerialNumber = ","TVSerialNumber":"FZ1A16140605" + index + """: null

2018-11-13 11:22:01 - [TEST_STEP][PASSED] - Statement - return tvSerialNumber: null

2018-11-13 11:22:01 - [TEST_STEP][PASSED] - Statement - println("tvDiscovery:" + tvDiscovery): null

2018-11-13 11:22:01 - [TEST_STEP][PASSED] - Statement - ro.setBodyContent(new com.kms.katalon.core.testobject.impl.HttpTextBodyContent(tvDiscovery)): null

2018-11-13 11:22:01 - [TEST_STEP][PASSED] - Statement - response = com.kms.katalon.core.webservice.keyword.WSBuiltInKeywords.sendRequest(ro): Send request successfully

2018-11-13 11:22:01 - [MESSAGE][PASSED] - Send request successfully

2018-11-13 11:22:01 - [TEST_STEP][PASSED] - Statement - responseStatusCode = response.getStatusCode(): null

2018-11-13 11:22:01 - [TEST_STEP][PASSED] - Statement - println("Response status code:" + responseStatusCode): null

2018-11-13 11:22:01 - [TEST_STEP][PASSED] - delay: Delayed 1 second(s)

2018-11-13 11:22:02 - [MESSAGE][PASSED] - Delayed 1 second(s)

2018-11-13 11:22:02 - [TEST_STEP][PASSED] - Statement - tvDiscovery = tvResponse1: null

2018-11-13 11:22:02 - [TEST_STEP][PASSED] - Statement - tvIp = """ + "10.0.23." + index + """: null

2018-11-13 11:22:02 - [TEST_STEP][PASSED] - Statement - tvRoomId = checkRoomId(index): null

2018-11-13 11:22:02 - [TEST_STEP][PASSED] - Statement - tvRoomId = ""00000"": null

2018-11-13 11:22:02 - [TEST_STEP][PASSED] - Statement - If (index > 0 && index < 10): null

2018-11-13 11:22:02 - [TEST_STEP][PASSED] - Statement - Else If (index >= 10 && index < 100): null

2018-11-13 11:22:02 - [TEST_STEP][PASSED] - Statement - tvRoomId = ""000" + index + """: null

2018-11-13 11:22:02 - [TEST_STEP][PASSED] - Statement - return tvRoomId: null

2018-11-13 11:22:02 - [TEST_STEP][PASSED] - Statement - tvUniqueID = ""TEST" + index + "1C5A6BB5C57F"": null

2018-11-13 11:22:02 - [TEST_STEP][PASSED] - Statement - tvDiscovery = tvDiscovery + tvIp + generateMac(index) + tvResponse2 + tvRoomId + generateSnNumber(index) + tvResponse3 + tvUniqueID + tvResponse4: null

2018-11-13 11:22:02 - [TEST_STEP][PASSED] - Statement - macAddress = ","TVMACAddress":"1C:5A:6B:B5:C5:7F"": null

2018-11-13 11:22:02 - [TEST_STEP][PASSED] - Statement - If (index > 0 && index < 10): null

2018-11-13 11:22:02 - [TEST_STEP][PASSED] - Statement - Else If (index >= 10 && index < 100): null

2018-11-13 11:22:02 - [TEST_STEP][PASSED] - Statement - macAddress = ","TVMACAddress":"1C:" + index % 10 + "A:6B:B5:C5:7F"": null

2018-11-13 11:22:02 - [TEST_STEP][PASSED] - Statement - return macAddress: null

2018-11-13 11:22:02 - [TEST_STEP][PASSED] - Statement - tvSerialNumber = ","TVSerialNumber":"FZ1A16140605" + index + """: null

2018-11-13 11:22:02 - [TEST_STEP][PASSED] - Statement - return tvSerialNumber: null

2018-11-13 11:22:02 - [TEST_STEP][PASSED] - Statement - println("tvDiscovery:" + tvDiscovery): null

2018-11-13 11:22:02 - [TEST_STEP][PASSED] - Statement - ro.setBodyContent(new com.kms.katalon.core.testobject.impl.HttpTextBodyContent(tvDiscovery)): null

2018-11-13 11:22:02 - [TEST_STEP][PASSED] - Statement - response = com.kms.katalon.core.webservice.keyword.WSBuiltInKeywords.sendRequest(ro): Send request successfully

2018-11-13 11:22:03 - [MESSAGE][PASSED] - Send request successfully

2018-11-13 11:22:03 - [TEST_STEP][PASSED] - Statement - responseStatusCode = response.getStatusCode(): null

2018-11-13 11:22:03 - [TEST_STEP][PASSED] - Statement - println("Response status code:" + responseStatusCode): null

2018-11-13 11:22:03 - [TEST_STEP][PASSED] - delay: Delayed 1 second(s)

2018-11-13 11:22:04 - [MESSAGE][PASSED] - Delayed 1 second(s)

2018-11-13 11:22:04 - [TEST_STEP][PASSED] - Statement - tvDiscovery = tvResponse1: null

2018-11-13 11:22:04 - [TEST_STEP][PASSED] - Statement - tvIp = """ + "10.0.23." + index + """: null

2018-11-13 11:22:04 - [TEST_STEP][PASSED] - Statement - tvRoomId = checkRoomId(index): null

2018-11-13 11:22:04 - [TEST_STEP][PASSED] - Statement - tvRoomId = ""00000"": null

2018-11-13 11:22:04 - [TEST_STEP][PASSED] - Statement - If (index > 0 && index < 10): null

2018-11-13 11:22:04 - [TEST_STEP][PASSED] - Statement - Else If (index >= 10 && index < 100): null

2018-11-13 11:22:04 - [TEST_STEP][PASSED] - Statement - tvRoomId = ""000" + index + """: null

2018-11-13 11:22:04 - [TEST_STEP][PASSED] - Statement - return tvRoomId: null

2018-11-13 11:22:04 - [TEST_STEP][PASSED] - Statement - tvUniqueID = ""TEST" + index + "1C5A6BB5C57F"": null

2018-11-13 11:22:04 - [TEST_STEP][PASSED] - Statement - tvDiscovery = tvDiscovery + tvIp + generateMac(index) + tvResponse2 + tvRoomId + generateSnNumber(index) + tvResponse3 + tvUniqueID + tvResponse4: null

2018-11-13 11:22:04 - [TEST_STEP][PASSED] - Statement - macAddress = ","TVMACAddress":"1C:5A:6B:B5:C5:7F"": null

2018-11-13 11:22:04 - [TEST_STEP][PASSED] - Statement - If (index > 0 && index < 10): null

2018-11-13 11:22:04 - [TEST_STEP][PASSED] - Statement - Else If (index >= 10 && index < 100): null

2018-11-13 11:22:04 - [TEST_STEP][PASSED] - Statement - macAddress = ","TVMACAddress":"1C:" + index % 10 + "A:6B:B5:C5:7F"": null

2018-11-13 11:22:04 - [TEST_STEP][PASSED] - Statement - return macAddress: null

2018-11-13 11:22:04 - [TEST_STEP][PASSED] - Statement - tvSerialNumber = ","TVSerialNumber":"FZ1A16140605" + index + """: null

2018-11-13 11:22:04 - [TEST_STEP][PASSED] - Statement - return tvSerialNumber: null

2018-11-13 11:22:04 - [TEST_STEP][PASSED] - Statement - println("tvDiscovery:" + tvDiscovery): null

2018-11-13 11:22:04 - [TEST_STEP][PASSED] - Statement - ro.setBodyContent(new com.kms.katalon.core.testobject.impl.HttpTextBodyContent(tvDiscovery)): null

2018-11-13 11:22:04 - [TEST_STEP][PASSED] - Statement - response = com.kms.katalon.core.webservice.keyword.WSBuiltInKeywords.sendRequest(ro): Send request successfully

2018-11-13 11:22:05 - [MESSAGE][PASSED] - Send request successfully

2018-11-13 11:22:05 - [TEST_STEP][PASSED] - Statement - responseStatusCode = response.getStatusCode(): null

2018-11-13 11:22:05 - [TEST_STEP][PASSED] - Statement - println("Response status code:" + responseStatusCode): null

2018-11-13 11:22:05 - [TEST_STEP][PASSED] - delay: Delayed 1 second(s)

2018-11-13 11:22:06 - [MESSAGE][PASSED] - Delayed 1 second(s)

2018-11-13 11:22:06 - [TEST_STEP][PASSED] - Statement - tvDiscovery = tvResponse1: null

2018-11-13 11:22:06 - [TEST_STEP][PASSED] - Statement - tvIp = """ + "10.0.23." + index + """: null

2018-11-13 11:22:06 - [TEST_STEP][PASSED] - Statement - tvRoomId = checkRoomId(index): null

2018-11-13 11:22:06 - [TEST_STEP][PASSED] - Statement - tvRoomId = ""00000"": null

2018-11-13 11:22:06 - [TEST_STEP][PASSED] - Statement - If (index > 0 && index < 10): null

2018-11-13 11:22:06 - [TEST_STEP][PASSED] - Statement - Else If (index >= 10 && index < 100): null

2018-11-13 11:22:06 - [TEST_STEP][PASSED] - Statement - tvRoomId = ""000" + index + """: null

2018-11-13 11:22:06 - [TEST_STEP][PASSED] - Statement - return tvRoomId: null

2018-11-13 11:22:06 - [TEST_STEP][PASSED] - Statement - tvUniqueID = ""TEST" + index + "1C5A6BB5C57F"": null

2018-11-13 11:22:06 - [TEST_STEP][PASSED] - Statement - tvDiscovery = tvDiscovery + tvIp + generateMac(index) + tvResponse2 + tvRoomId + generateSnNumber(index) + tvResponse3 + tvUniqueID + tvResponse4: null

2018-11-13 11:22:06 - [TEST_STEP][PASSED] - Statement - macAddress = ","TVMACAddress":"1C:5A:6B:B5:C5:7F"": null

2018-11-13 11:22:06 - [TEST_STEP][PASSED] - Statement - If (index > 0 && index < 10): null

2018-11-13 11:22:06 - [TEST_STEP][PASSED] - Statement - Else If (index >= 10 && index < 100): null

2018-11-13 11:22:06 - [TEST_STEP][PASSED] - Statement - macAddress = ","TVMACAddress":"1C:" + index % 10 + "A:6B:B5:C5:7F"": null

2018-11-13 11:22:06 - [TEST_STEP][PASSED] - Statement - return macAddress: null

2018-11-13 11:22:06 - [TEST_STEP][PASSED] - Statement - tvSerialNumber = ","TVSerialNumber":"FZ1A16140605" + index + """: null

2018-11-13 11:22:06 - [TEST_STEP][PASSED] - Statement - return tvSerialNumber: null

2018-11-13 11:22:06 - [TEST_STEP][PASSED] - Statement - println("tvDiscovery:" + tvDiscovery): null

2018-11-13 11:22:06 - [TEST_STEP][PASSED] - Statement - ro.setBodyContent(new com.kms.katalon.core.testobject.impl.HttpTextBodyContent(tvDiscovery)): null

2018-11-13 11:22:06 - [TEST_STEP][PASSED] - Statement - response = com.kms.katalon.core.webservice.keyword.WSBuiltInKeywords.sendRequest(ro): Send request successfully

2018-11-13 11:22:06 - [MESSAGE][PASSED] - Send request successfully

2018-11-13 11:22:06 - [TEST_STEP][PASSED] - Statement - responseStatusCode = response.getStatusCode(): null

2018-11-13 11:22:06 - [TEST_STEP][PASSED] - Statement - println("Response status code:" + responseStatusCode): null

2018-11-13 11:22:06 - [TEST_STEP][PASSED] - delay: Delayed 1 second(s)

2018-11-13 11:22:07 - [MESSAGE][PASSED] - Delayed 1 second(s)

2018-11-13 11:22:07 - [TEST_STEP][PASSED] - Statement - tvDiscovery = tvResponse1: null

2018-11-13 11:22:07 - [TEST_STEP][PASSED] - Statement - tvIp = """ + "10.0.23." + index + """: null

2018-11-13 11:22:07 - [TEST_STEP][PASSED] - Statement - tvRoomId = checkRoomId(index): null

2018-11-13 11:22:07 - [TEST_STEP][PASSED] - Statement - tvRoomId = ""00000"": null

2018-11-13 11:22:07 - [TEST_STEP][PASSED] - Statement - If (index > 0 && index < 10): null

2018-11-13 11:22:07 - [TEST_STEP][PASSED] - Statement - Else If (index >= 10 && index < 100): null

2018-11-13 11:22:07 - [TEST_STEP][PASSED] - Statement - tvRoomId = ""000" + index + """: null

2018-11-13 11:22:07 - [TEST_STEP][PASSED] - Statement - return tvRoomId: null

2018-11-13 11:22:07 - [TEST_STEP][PASSED] - Statement - tvUniqueID = ""TEST" + index + "1C5A6BB5C57F"": null

2018-11-13 11:22:07 - [TEST_STEP][PASSED] - Statement - tvDiscovery = tvDiscovery + tvIp + generateMac(index) + tvResponse2 + tvRoomId + generateSnNumber(index) + tvResponse3 + tvUniqueID + tvResponse4: null

2018-11-13 11:22:07 - [TEST_STEP][PASSED] - Statement - macAddress = ","TVMACAddress":"1C:5A:6B:B5:C5:7F"": null

2018-11-13 11:22:07 - [TEST_STEP][PASSED] - Statement - If (index > 0 && index < 10): null

2018-11-13 11:22:07 - [TEST_STEP][PASSED] - Statement - Else If (index >= 10 && index < 100): null

2018-11-13 11:22:07 - [TEST_STEP][PASSED] - Statement - macAddress = ","TVMACAddress":"1C:" + index % 10 + "A:6B:B5:C5:7F"": null

2018-11-13 11:22:07 - [TEST_STEP][PASSED] - Statement - return macAddress: null

2018-11-13 11:22:07 - [TEST_STEP][PASSED] - Statement - tvSerialNumber = ","TVSerialNumber":"FZ1A16140605" + index + """: null

2018-11-13 11:22:07 - [TEST_STEP][PASSED] - Statement - return tvSerialNumber: null

2018-11-13 11:22:07 - [TEST_STEP][PASSED] - Statement - println("tvDiscovery:" + tvDiscovery): null

2018-11-13 11:22:07 - [TEST_STEP][PASSED] - Statement - ro.setBodyContent(new com.kms.katalon.core.testobject.impl.HttpTextBodyContent(tvDiscovery)): null

2018-11-13 11:22:07 - [TEST_STEP][PASSED] - Statement - response = com.kms.katalon.core.webservice.keyword.WSBuiltInKeywords.sendRequest(ro): Send request successfully

2018-11-13 11:22:07 - [MESSAGE][PASSED] - Send request successfully

2018-11-13 11:22:07 - [TEST_STEP][PASSED] - Statement - responseStatusCode = response.getStatusCode(): null

2018-11-13 11:22:07 - [TEST_STEP][PASSED] - Statement - println("Response status code:" + responseStatusCode): null

2018-11-13 11:22:07 - [TEST_STEP][PASSED] - delay: Delayed 1 second(s)

2018-11-13 11:22:08 - [MESSAGE][PASSED] - Delayed 1 second(s)

2018-11-13 11:22:08 - [TEST_STEP][PASSED] - Statement - tvDiscovery = tvResponse1: null

2018-11-13 11:22:08 - [TEST_STEP][PASSED] - Statement - tvIp = """ + "10.0.23." + index + """: null

2018-11-13 11:22:08 - [TEST_STEP][PASSED] - Statement - tvRoomId = checkRoomId(index): null

2018-11-13 11:22:08 - [TEST_STEP][PASSED] - Statement - tvRoomId = ""00000"": null

2018-11-13 11:22:08 - [TEST_STEP][PASSED] - Statement - If (index > 0 && index < 10): null

2018-11-13 11:22:08 - [TEST_STEP][PASSED] - Statement - Else If (index >= 10 && index < 100): null

2018-11-13 11:22:08 - [TEST_STEP][PASSED] - Statement - tvRoomId = ""000" + index + """: null

2018-11-13 11:22:08 - [TEST_STEP][PASSED] - Statement - return tvRoomId: null

2018-11-13 11:22:08 - [TEST_STEP][PASSED] - Statement - tvUniqueID = ""TEST" + index + "1C5A6BB5C57F"": null

2018-11-13 11:22:08 - [TEST_STEP][PASSED] - Statement - tvDiscovery = tvDiscovery + tvIp + generateMac(index) + tvResponse2 + tvRoomId + generateSnNumber(index) + tvResponse3 + tvUniqueID + tvResponse4: null

2018-11-13 11:22:08 - [TEST_STEP][PASSED] - Statement - macAddress = ","TVMACAddress":"1C:5A:6B:B5:C5:7F"": null

2018-11-13 11:22:08 - [TEST_STEP][PASSED] - Statement - If (index > 0 && index < 10): null

2018-11-13 11:22:08 - [TEST_STEP][PASSED] - Statement - Else If (index >= 10 && index < 100): null

2018-11-13 11:22:08 - [TEST_STEP][PASSED] - Statement - macAddress = ","TVMACAddress":"1C:" + index % 10 + "A:6B:B5:C5:7F"": null

2018-11-13 11:22:08 - [TEST_STEP][PASSED] - Statement - return macAddress: null

2018-11-13 11:22:08 - [TEST_STEP][PASSED] - Statement - tvSerialNumber = ","TVSerialNumber":"FZ1A16140605" + index + """: null

2018-11-13 11:22:08 - [TEST_STEP][PASSED] - Statement - return tvSerialNumber: null

2018-11-13 11:22:08 - [TEST_STEP][PASSED] - Statement - println("tvDiscovery:" + tvDiscovery): null

2018-11-13 11:22:08 - [TEST_STEP][PASSED] - Statement - ro.setBodyContent(new com.kms.katalon.core.testobject.impl.HttpTextBodyContent(tvDiscovery)): null

2018-11-13 11:22:08 - [TEST_STEP][PASSED] - Statement - response = com.kms.katalon.core.webservice.keyword.WSBuiltInKeywords.sendRequest(ro): Send request successfully

2018-11-13 11:22:09 - [MESSAGE][PASSED] - Send request successfully

2018-11-13 11:22:09 - [TEST_STEP][PASSED] - Statement - responseStatusCode = response.getStatusCode(): null

2018-11-13 11:22:09 - [TEST_STEP][PASSED] - Statement - println("Response status code:" + responseStatusCode): null

2018-11-13 11:22:09 - [TEST_STEP][PASSED] - delay: Delayed 1 second(s)

2018-11-13 11:22:10 - [MESSAGE][PASSED] - Delayed 1 second(s)

2018-11-13 11:22:10 - [TEST_STEP][PASSED] - Statement - tvDiscovery = tvResponse1: null

2018-11-13 11:22:10 - [TEST_STEP][PASSED] - Statement - tvIp = """ + "10.0.23." + index + """: null

2018-11-13 11:22:10 - [TEST_STEP][PASSED] - Statement - tvRoomId = checkRoomId(index): null

2018-11-13 11:22:10 - [TEST_STEP][PASSED] - Statement - tvRoomId = ""00000"": null

2018-11-13 11:22:10 - [TEST_STEP][PASSED] - Statement - If (index > 0 && index < 10): null

2018-11-13 11:22:10 - [TEST_STEP][PASSED] - Statement - Else If (index >= 10 && index < 100): null

2018-11-13 11:22:10 - [TEST_STEP][PASSED] - Statement - tvRoomId = ""000" + index + """: null

2018-11-13 11:22:10 - [TEST_STEP][PASSED] - Statement - return tvRoomId: null

2018-11-13 11:22:10 - [TEST_STEP][PASSED] - Statement - tvUniqueID = ""TEST" + index + "1C5A6BB5C57F"": null

2018-11-13 11:22:10 - [TEST_STEP][PASSED] - Statement - tvDiscovery = tvDiscovery + tvIp + generateMac(index) + tvResponse2 + tvRoomId + generateSnNumber(index) + tvResponse3 + tvUniqueID + tvResponse4: null

2018-11-13 11:22:10 - [TEST_STEP][PASSED] - Statement - macAddress = ","TVMACAddress":"1C:5A:6B:B5:C5:7F"": null

2018-11-13 11:22:10 - [TEST_STEP][PASSED] - Statement - If (index > 0 && index < 10): null

2018-11-13 11:22:10 - [TEST_STEP][PASSED] - Statement - Else If (index >= 10 && index < 100): null

2018-11-13 11:22:10 - [TEST_STEP][PASSED] - Statement - macAddress = ","TVMACAddress":"1C:" + index % 10 + "A:6B:B5:C5:7F"": null

2018-11-13 11:22:10 - [TEST_STEP][PASSED] - Statement - return macAddress: null

2018-11-13 11:22:10 - [TEST_STEP][PASSED] - Statement - tvSerialNumber = ","TVSerialNumber":"FZ1A16140605" + index + """: null

2018-11-13 11:22:10 - [TEST_STEP][PASSED] - Statement - return tvSerialNumber: null

2018-11-13 11:22:10 - [TEST_STEP][PASSED] - Statement - println("tvDiscovery:" + tvDiscovery): null

2018-11-13 11:22:10 - [TEST_STEP][PASSED] - Statement - ro.setBodyContent(new com.kms.katalon.core.testobject.impl.HttpTextBodyContent(tvDiscovery)): null

2018-11-13 11:22:10 - [TEST_STEP][PASSED] - Statement - response = com.kms.katalon.core.webservice.keyword.WSBuiltInKeywords.sendRequest(ro): Send request successfully

2018-11-13 11:22:10 - [MESSAGE][PASSED] - Send request successfully

2018-11-13 11:22:10 - [TEST_STEP][PASSED] - Statement - responseStatusCode = response.getStatusCode(): null

2018-11-13 11:22:10 - [TEST_STEP][PASSED] - Statement - println("Response status code:" + responseStatusCode): null

2018-11-13 11:22:10 - [TEST_STEP][PASSED] - delay: Delayed 1 second(s)

2018-11-13 11:22:11 - [MESSAGE][PASSED] - Delayed 1 second(s)

2018-11-13 11:22:11 - [TEST_STEP][PASSED] - Statement - tvDiscovery = tvResponse1: null

2018-11-13 11:22:11 - [TEST_STEP][PASSED] - Statement - tvIp = """ + "10.0.23." + index + """: null

2018-11-13 11:22:11 - [TEST_STEP][PASSED] - Statement - tvRoomId = checkRoomId(index): null

2018-11-13 11:22:11 - [TEST_STEP][PASSED] - Statement - tvRoomId = ""00000"": null

2018-11-13 11:22:11 - [TEST_STEP][PASSED] - Statement - If (index > 0 && index < 10): null

2018-11-13 11:22:11 - [TEST_STEP][PASSED] - Statement - Else If (index >= 10 && index < 100): null

2018-11-13 11:22:11 - [TEST_STEP][PASSED] - Statement - tvRoomId = ""000" + index + """: null

2018-11-13 11:22:11 - [TEST_STEP][PASSED] - Statement - return tvRoomId: null

2018-11-13 11:22:11 - [TEST_STEP][PASSED] - Statement - tvUniqueID = ""TEST" + index + "1C5A6BB5C57F"": null

2018-11-13 11:22:11 - [TEST_STEP][PASSED] - Statement - tvDiscovery = tvDiscovery + tvIp + generateMac(index) + tvResponse2 + tvRoomId + generateSnNumber(index) + tvResponse3 + tvUniqueID + tvResponse4: null

2018-11-13 11:22:11 - [TEST_STEP][PASSED] - Statement - macAddress = ","TVMACAddress":"1C:5A:6B:B5:C5:7F"": null

2018-11-13 11:22:11 - [TEST_STEP][PASSED] - Statement - If (index > 0 && index < 10): null

2018-11-13 11:22:11 - [TEST_STEP][PASSED] - Statement - Else If (index >= 10 && index < 100): null

2018-11-13 11:22:11 - [TEST_STEP][PASSED] - Statement - macAddress = ","TVMACAddress":"1C:" + index % 10 + "A:6B:B5:C5:7F"": null

2018-11-13 11:22:11 - [TEST_STEP][PASSED] - Statement - return macAddress: null

2018-11-13 11:22:11 - [TEST_STEP][PASSED] - Statement - tvSerialNumber = ","TVSerialNumber":"FZ1A16140605" + index + """: null

2018-11-13 11:22:11 - [TEST_STEP][PASSED] - Statement - return tvSerialNumber: null

2018-11-13 11:22:11 - [TEST_STEP][PASSED] - Statement - println("tvDiscovery:" + tvDiscovery): null

2018-11-13 11:22:11 - [TEST_STEP][PASSED] - Statement - ro.setBodyContent(new com.kms.katalon.core.testobject.impl.HttpTextBodyContent(tvDiscovery)): null

2018-11-13 11:22:11 - [TEST_STEP][PASSED] - Statement - response = com.kms.katalon.core.webservice.keyword.WSBuiltInKeywords.sendRequest(ro): Send request successfully

2018-11-13 11:22:12 - [MESSAGE][PASSED] - Send request successfully

2018-11-13 11:22:12 - [TEST_STEP][PASSED] - Statement - responseStatusCode = response.getStatusCode(): null

2018-11-13 11:22:12 - [TEST_STEP][PASSED] - Statement - println("Response status code:" + responseStatusCode): null

2018-11-13 11:22:12 - [TEST_STEP][PASSED] - delay: Delayed 1 second(s)

2018-11-13 11:22:13 - [MESSAGE][PASSED] - Delayed 1 second(s)

2018-11-13 11:22:13 - [TEST_STEP][PASSED] - Statement - tvDiscovery = tvResponse1: null

2018-11-13 11:22:13 - [TEST_STEP][PASSED] - Statement - tvIp = """ + "10.0.23." + index + """: null

2018-11-13 11:22:13 - [TEST_STEP][PASSED] - Statement - tvRoomId = checkRoomId(index): null

2018-11-13 11:22:13 - [TEST_STEP][PASSED] - Statement - tvRoomId = ""00000"": null

2018-11-13 11:22:13 - [TEST_STEP][PASSED] - Statement - If (index > 0 && index < 10): null

2018-11-13 11:22:13 - [TEST_STEP][PASSED] - Statement - Else If (index >= 10 && index < 100): null

2018-11-13 11:22:13 - [TEST_STEP][PASSED] - Statement - tvRoomId = ""000" + index + """: null

2018-11-13 11:22:13 - [TEST_STEP][PASSED] - Statement - return tvRoomId: null

2018-11-13 11:22:13 - [TEST_STEP][PASSED] - Statement - tvUniqueID = ""TEST" + index + "1C5A6BB5C57F"": null

2018-11-13 11:22:13 - [TEST_STEP][PASSED] - Statement - tvDiscovery = tvDiscovery + tvIp + generateMac(index) + tvResponse2 + tvRoomId + generateSnNumber(index) + tvResponse3 + tvUniqueID + tvResponse4: null

2018-11-13 11:22:13 - [TEST_STEP][PASSED] - Statement - macAddress = ","TVMACAddress":"1C:5A:6B:B5:C5:7F"": null

2018-11-13 11:22:13 - [TEST_STEP][PASSED] - Statement - If (index > 0 && index < 10): null

2018-11-13 11:22:13 - [TEST_STEP][PASSED] - Statement - Else If (index >= 10 && index < 100): null

2018-11-13 11:22:13 - [TEST_STEP][PASSED] - Statement - macAddress = ","TVMACAddress":"1C:" + index % 10 + "A:6B:B5:C5:7F"": null

2018-11-13 11:22:13 - [TEST_STEP][PASSED] - Statement - return macAddress: null

2018-11-13 11:22:13 - [TEST_STEP][PASSED] - Statement - tvSerialNumber = ","TVSerialNumber":"FZ1A16140605" + index + """: null

2018-11-13 11:22:13 - [TEST_STEP][PASSED] - Statement - return tvSerialNumber: null

2018-11-13 11:22:13 - [TEST_STEP][PASSED] - Statement - println("tvDiscovery:" + tvDiscovery): null

2018-11-13 11:22:13 - [TEST_STEP][PASSED] - Statement - ro.setBodyContent(new com.kms.katalon.core.testobject.impl.HttpTextBodyContent(tvDiscovery)): null

2018-11-13 11:22:13 - [TEST_STEP][PASSED] - Statement - response = com.kms.katalon.core.webservice.keyword.WSBuiltInKeywords.sendRequest(ro): Send request successfully

2018-11-13 11:22:13 - [MESSAGE][PASSED] - Send request successfully

2018-11-13 11:22:13 - [TEST_STEP][PASSED] - Statement - responseStatusCode = response.getStatusCode(): null

2018-11-13 11:22:13 - [TEST_STEP][PASSED] - Statement - println("Response status code:" + responseStatusCode): null

2018-11-13 11:22:13 - [TEST_STEP][PASSED] - delay: Delayed 1 second(s)

2018-11-13 11:22:14 - [MESSAGE][PASSED] - Delayed 1 second(s)

2018-11-13 11:22:14 - [TEST_STEP][PASSED] - Statement - tvDiscovery = tvResponse1: null

2018-11-13 11:22:14 - [TEST_STEP][PASSED] - Statement - tvIp = """ + "10.0.23." + index + """: null

2018-11-13 11:22:14 - [TEST_STEP][PASSED] - Statement - tvRoomId = checkRoomId(index): null

2018-11-13 11:22:14 - [TEST_STEP][PASSED] - Statement - tvRoomId = ""00000"": null

2018-11-13 11:22:14 - [TEST_STEP][PASSED] - Statement - If (index > 0 && index < 10): null

2018-11-13 11:22:14 - [TEST_STEP][PASSED] - Statement - Else If (index >= 10 && index < 100): null

2018-11-13 11:22:14 - [TEST_STEP][PASSED] - Statement - tvRoomId = ""000" + index + """: null

2018-11-13 11:22:14 - [TEST_STEP][PASSED] - Statement - return tvRoomId: null

2018-11-13 11:22:14 - [TEST_STEP][PASSED] - Statement - tvUniqueID = ""TEST" + index + "1C5A6BB5C57F"": null

2018-11-13 11:22:14 - [TEST_STEP][PASSED] - Statement - tvDiscovery = tvDiscovery + tvIp + generateMac(index) + tvResponse2 + tvRoomId + generateSnNumber(index) + tvResponse3 + tvUniqueID + tvResponse4: null

2018-11-13 11:22:14 - [TEST_STEP][PASSED] - Statement - macAddress = ","TVMACAddress":"1C:5A:6B:B5:C5:7F"": null

2018-11-13 11:22:14 - [TEST_STEP][PASSED] - Statement - If (index > 0 && index < 10): null

2018-11-13 11:22:14 - [TEST_STEP][PASSED] - Statement - Else If (index >= 10 && index < 100): null

2018-11-13 11:22:14 - [TEST_STEP][PASSED] - Statement - macAddress = ","TVMACAddress":"1C:" + index % 10 + "A:6B:B5:C5:7F"": null

2018-11-13 11:22:14 - [TEST_STEP][PASSED] - Statement - return macAddress: null

2018-11-13 11:22:14 - [TEST_STEP][PASSED] - Statement - tvSerialNumber = ","TVSerialNumber":"FZ1A16140605" + index + """: null

2018-11-13 11:22:14 - [TEST_STEP][PASSED] - Statement - return tvSerialNumber: null

2018-11-13 11:22:14 - [TEST_STEP][PASSED] - Statement - println("tvDiscovery:" + tvDiscovery): null

2018-11-13 11:22:14 - [TEST_STEP][PASSED] - Statement - ro.setBodyContent(new com.kms.katalon.core.testobject.impl.HttpTextBodyContent(tvDiscovery)): null

2018-11-13 11:22:14 - [TEST_STEP][PASSED] - Statement - response = com.kms.katalon.core.webservice.keyword.WSBuiltInKeywords.sendRequest(ro): Send request successfully

2018-11-13 11:22:15 - [MESSAGE][PASSED] - Send request successfully

2018-11-13 11:22:15 - [TEST_STEP][PASSED] - Statement - responseStatusCode = response.getStatusCode(): null

2018-11-13 11:22:15 - [TEST_STEP][PASSED] - Statement - println("Response status code:" + responseStatusCode): null

2018-11-13 11:22:15 - [TEST_STEP][PASSED] - delay: Delayed 1 second(s)

2018-11-13 11:22:16 - [MESSAGE][PASSED] - Delayed 1 second(s)

2018-11-13 11:22:16 - [TEST_STEP][PASSED] - Statement - tvDiscovery = tvResponse1: null

2018-11-13 11:22:16 - [TEST_STEP][PASSED] - Statement - tvIp = """ + "10.0.23." + index + """: null

2018-11-13 11:22:16 - [TEST_STEP][PASSED] - Statement - tvRoomId = checkRoomId(index): null

2018-11-13 11:22:16 - [TEST_STEP][PASSED] - Statement - tvRoomId = ""00000"": null

2018-11-13 11:22:16 - [TEST_STEP][PASSED] - Statement - If (index > 0 && index < 10): null

2018-11-13 11:22:16 - [TEST_STEP][PASSED] - Statement - Else If (index >= 10 && index < 100): null

2018-11-13 11:22:16 - [TEST_STEP][PASSED] - Statement - tvRoomId = ""000" + index + """: null

2018-11-13 11:22:16 - [TEST_STEP][PASSED] - Statement - return tvRoomId: null

2018-11-13 11:22:16 - [TEST_STEP][PASSED] - Statement - tvUniqueID = ""TEST" + index + "1C5A6BB5C57F"": null

2018-11-13 11:22:16 - [TEST_STEP][PASSED] - Statement - tvDiscovery = tvDiscovery + tvIp + generateMac(index) + tvResponse2 + tvRoomId + generateSnNumber(index) + tvResponse3 + tvUniqueID + tvResponse4: null

2018-11-13 11:22:16 - [TEST_STEP][PASSED] - Statement - macAddress = ","TVMACAddress":"1C:5A:6B:B5:C5:7F"": null

2018-11-13 11:22:16 - [TEST_STEP][PASSED] - Statement - If (index > 0 && index < 10): null

2018-11-13 11:22:16 - [TEST_STEP][PASSED] - Statement - Else If (index >= 10 && index < 100): null

2018-11-13 11:22:16 - [TEST_STEP][PASSED] - Statement - macAddress = ","TVMACAddress":"1C:" + index % 10 + "A:6B:B5:C5:7F"": null

2018-11-13 11:22:16 - [TEST_STEP][PASSED] - Statement - return macAddress: null

2018-11-13 11:22:16 - [TEST_STEP][PASSED] - Statement - tvSerialNumber = ","TVSerialNumber":"FZ1A16140605" + index + """: null

2018-11-13 11:22:16 - [TEST_STEP][PASSED] - Statement - return tvSerialNumber: null

2018-11-13 11:22:16 - [TEST_STEP][PASSED] - Statement - println("tvDiscovery:" + tvDiscovery): null

2018-11-13 11:22:16 - [TEST_STEP][PASSED] - Statement - ro.setBodyContent(new com.kms.katalon.core.testobject.impl.HttpTextBodyContent(tvDiscovery)): null

2018-11-13 11:22:16 - [TEST_STEP][PASSED] - Statement - response = com.kms.katalon.core.webservice.keyword.WSBuiltInKeywords.sendRequest(ro): Send request successfully

2018-11-13 11:22:16 - [MESSAGE][PASSED] - Send request successfully

2018-11-13 11:22:16 - [TEST_STEP][PASSED] - Statement - responseStatusCode = response.getStatusCode(): null

2018-11-13 11:22:16 - [TEST_STEP][PASSED] - Statement - println("Response status code:" + responseStatusCode): null

2018-11-13 11:22:16 - [TEST_STEP][PASSED] - delay: Delayed 1 second(s)

2018-11-13 11:22:17 - [MESSAGE][PASSED] - Delayed 1 second(s)

2018-11-13 11:22:17 - [TEST_STEP][PASSED] - Statement - tvDiscovery = tvResponse1: null

2018-11-13 11:22:17 - [TEST_STEP][PASSED] - Statement - tvIp = """ + "10.0.23." + index + """: null

2018-11-13 11:22:17 - [TEST_STEP][PASSED] - Statement - tvRoomId = checkRoomId(index): null

2018-11-13 11:22:17 - [TEST_STEP][PASSED] - Statement - tvRoomId = ""00000"": null

2018-11-13 11:22:17 - [TEST_STEP][PASSED] - Statement - If (index > 0 && index < 10): null

2018-11-13 11:22:17 - [TEST_STEP][PASSED] - Statement - Else If (index >= 10 && index < 100): null

2018-11-13 11:22:17 - [TEST_STEP][PASSED] - Statement - tvRoomId = ""000" + index + """: null

2018-11-13 11:22:17 - [TEST_STEP][PASSED] - Statement - return tvRoomId: null

2018-11-13 11:22:17 - [TEST_STEP][PASSED] - Statement - tvUniqueID = ""TEST" + index + "1C5A6BB5C57F"": null

2018-11-13 11:22:17 - [TEST_STEP][PASSED] - Statement - tvDiscovery = tvDiscovery + tvIp + generateMac(index) + tvResponse2 + tvRoomId + generateSnNumber(index) + tvResponse3 + tvUniqueID + tvResponse4: null

2018-11-13 11:22:17 - [TEST_STEP][PASSED] - Statement - macAddress = ","TVMACAddress":"1C:5A:6B:B5:C5:7F"": null

2018-11-13 11:22:17 - [TEST_STEP][PASSED] - Statement - If (index > 0 && index < 10): null

2018-11-13 11:22:17 - [TEST_STEP][PASSED] - Statement - Else If (index >= 10 && index < 100): null

2018-11-13 11:22:17 - [TEST_STEP][PASSED] - Statement - macAddress = ","TVMACAddress":"1C:" + index % 10 + "A:6B:B5:C5:7F"": null

2018-11-13 11:22:17 - [TEST_STEP][PASSED] - Statement - return macAddress: null

2018-11-13 11:22:17 - [TEST_STEP][PASSED] - Statement - tvSerialNumber = ","TVSerialNumber":"FZ1A16140605" + index + """: null

2018-11-13 11:22:17 - [TEST_STEP][PASSED] - Statement - return tvSerialNumber: null

2018-11-13 11:22:17 - [TEST_STEP][PASSED] - Statement - println("tvDiscovery:" + tvDiscovery): null

2018-11-13 11:22:17 - [TEST_STEP][PASSED] - Statement - ro.setBodyContent(new com.kms.katalon.core.testobject.impl.HttpTextBodyContent(tvDiscovery)): null

2018-11-13 11:22:17 - [TEST_STEP][PASSED] - Statement - response = com.kms.katalon.core.webservice.keyword.WSBuiltInKeywords.sendRequest(ro): Send request successfully

2018-11-13 11:22:17 - [MESSAGE][PASSED] - Send request successfully

2018-11-13 11:22:17 - [TEST_STEP][PASSED] - Statement - responseStatusCode = response.getStatusCode(): null

2018-11-13 11:22:17 - [TEST_STEP][PASSED] - Statement - println("Response status code:" + responseStatusCode): null

2018-11-13 11:22:17 - [TEST_STEP][PASSED] - delay: Delayed 1 second(s)

2018-11-13 11:22:18 - [MESSAGE][PASSED] - Delayed 1 second(s)

2018-11-13 11:22:18 - [TEST_STEP][PASSED] - Statement - tvDiscovery = tvResponse1: null

2018-11-13 11:22:18 - [TEST_STEP][PASSED] - Statement - tvIp = """ + "10.0.23." + index + """: null

2018-11-13 11:22:18 - [TEST_STEP][PASSED] - Statement - tvRoomId = checkRoomId(index): null

2018-11-13 11:22:18 - [TEST_STEP][PASSED] - Statement - tvRoomId = ""00000"": null

2018-11-13 11:22:18 - [TEST_STEP][PASSED] - Statement - If (index > 0 && index < 10): null

2018-11-13 11:22:18 - [TEST_STEP][PASSED] - Statement - Else If (index >= 10 && index < 100): null

2018-11-13 11:22:18 - [TEST_STEP][PASSED] - Statement - tvRoomId = ""000" + index + """: null

2018-11-13 11:22:18 - [TEST_STEP][PASSED] - Statement - return tvRoomId: null

2018-11-13 11:22:18 - [TEST_STEP][PASSED] - Statement - tvUniqueID = ""TEST" + index + "1C5A6BB5C57F"": null

2018-11-13 11:22:18 - [TEST_STEP][PASSED] - Statement - tvDiscovery = tvDiscovery + tvIp + generateMac(index) + tvResponse2 + tvRoomId + generateSnNumber(index) + tvResponse3 + tvUniqueID + tvResponse4: null

2018-11-13 11:22:18 - [TEST_STEP][PASSED] - Statement - macAddress = ","TVMACAddress":"1C:5A:6B:B5:C5:7F"": null

2018-11-13 11:22:18 - [TEST_STEP][PASSED] - Statement - If (index > 0 && index < 10): null

2018-11-13 11:22:18 - [TEST_STEP][PASSED] - Statement - Else If (index >= 10 && index < 100): null

2018-11-13 11:22:18 - [TEST_STEP][PASSED] - Statement - macAddress = ","TVMACAddress":"1C:" + index % 10 + "A:6B:B5:C5:7F"": null

2018-11-13 11:22:18 - [TEST_STEP][PASSED] - Statement - return macAddress: null

2018-11-13 11:22:18 - [TEST_STEP][PASSED] - Statement - tvSerialNumber = ","TVSerialNumber":"FZ1A16140605" + index + """: null

2018-11-13 11:22:18 - [TEST_STEP][PASSED] - Statement - return tvSerialNumber: null

2018-11-13 11:22:18 - [TEST_STEP][PASSED] - Statement - println("tvDiscovery:" + tvDiscovery): null

2018-11-13 11:22:18 - [TEST_STEP][PASSED] - Statement - ro.setBodyContent(new com.kms.katalon.core.testobject.impl.HttpTextBodyContent(tvDiscovery)): null

2018-11-13 11:22:18 - [TEST_STEP][PASSED] - Statement - response = com.kms.katalon.core.webservice.keyword.WSBuiltInKeywords.sendRequest(ro): Send request successfully

2018-11-13 11:22:19 - [MESSAGE][PASSED] - Send request successfully

2018-11-13 11:22:19 - [TEST_STEP][PASSED] - Statement - responseStatusCode = response.getStatusCode(): null

2018-11-13 11:22:19 - [TEST_STEP][PASSED] - Statement - println("Response status code:" + responseStatusCode): null

2018-11-13 11:22:19 - [TEST_STEP][PASSED] - delay: Delayed 1 second(s)

2018-11-13 11:22:20 - [MESSAGE][PASSED] - Delayed 1 second(s)

2018-11-13 11:22:20 - [TEST_STEP][PASSED] - Statement - tvDiscovery = tvResponse1: null

2018-11-13 11:22:20 - [TEST_STEP][PASSED] - Statement - tvIp = """ + "10.0.23." + index + """: null

2018-11-13 11:22:20 - [TEST_STEP][PASSED] - Statement - tvRoomId = checkRoomId(index): null

2018-11-13 11:22:20 - [TEST_STEP][PASSED] - Statement - tvRoomId = ""00000"": null

2018-11-13 11:22:20 - [TEST_STEP][PASSED] - Statement - If (index > 0 && index < 10): null

2018-11-13 11:22:20 - [TEST_STEP][PASSED] - Statement - Else If (index >= 10 && index < 100): null

2018-11-13 11:22:20 - [TEST_STEP][PASSED] - Statement - tvRoomId = ""000" + index + """: null

2018-11-13 11:22:20 - [TEST_STEP][PASSED] - Statement - return tvRoomId: null

2018-11-13 11:22:20 - [TEST_STEP][PASSED] - Statement - tvUniqueID = ""TEST" + index + "1C5A6BB5C57F"": null

2018-11-13 11:22:20 - [TEST_STEP][PASSED] - Statement - tvDiscovery = tvDiscovery + tvIp + generateMac(index) + tvResponse2 + tvRoomId + generateSnNumber(index) + tvResponse3 + tvUniqueID + tvResponse4: null

2018-11-13 11:22:20 - [TEST_STEP][PASSED] - Statement - macAddress = ","TVMACAddress":"1C:5A:6B:B5:C5:7F"": null

2018-11-13 11:22:20 - [TEST_STEP][PASSED] - Statement - If (index > 0 && index < 10): null

2018-11-13 11:22:20 - [TEST_STEP][PASSED] - Statement - Else If (index >= 10 && index < 100): null

2018-11-13 11:22:20 - [TEST_STEP][PASSED] - Statement - macAddress = ","TVMACAddress":"1C:" + index % 10 + "A:6B:B5:C5:7F"": null

2018-11-13 11:22:20 - [TEST_STEP][PASSED] - Statement - return macAddress: null

2018-11-13 11:22:20 - [TEST_STEP][PASSED] - Statement - tvSerialNumber = ","TVSerialNumber":"FZ1A16140605" + index + """: null

2018-11-13 11:22:20 - [TEST_STEP][PASSED] - Statement - return tvSerialNumber: null

2018-11-13 11:22:20 - [TEST_STEP][PASSED] - Statement - println("tvDiscovery:" + tvDiscovery): null

2018-11-13 11:22:20 - [TEST_STEP][PASSED] - Statement - ro.setBodyContent(new com.kms.katalon.core.testobject.impl.HttpTextBodyContent(tvDiscovery)): null

2018-11-13 11:22:20 - [TEST_STEP][PASSED] - Statement - response = com.kms.katalon.core.webservice.keyword.WSBuiltInKeywords.sendRequest(ro): Send request successfully

2018-11-13 11:22:21 - [MESSAGE][PASSED] - Send request successfully

2018-11-13 11:22:21 - [TEST_STEP][PASSED] - Statement - responseStatusCode = response.getStatusCode(): null

2018-11-13 11:22:21 - [TEST_STEP][PASSED] - Statement - println("Response status code:" + responseStatusCode): null

2018-11-13 11:22:21 - [TEST_STEP][PASSED] - delay: Delayed 1 second(s)

2018-11-13 11:22:22 - [MESSAGE][PASSED] - Delayed 1 second(s)

2018-11-13 11:22:22 - [TEST_STEP][PASSED] - Statement - tvDiscovery = tvResponse1: null

2018-11-13 11:22:22 - [TEST_STEP][PASSED] - Statement - tvIp = """ + "10.0.23." + index + """: null

2018-11-13 11:22:22 - [TEST_STEP][PASSED] - Statement - tvRoomId = checkRoomId(index): null

2018-11-13 11:22:22 - [TEST_STEP][PASSED] - Statement - tvRoomId = ""00000"": null

2018-11-13 11:22:22 - [TEST_STEP][PASSED] - Statement - If (index > 0 && index < 10): null

2018-11-13 11:22:22 - [TEST_STEP][PASSED] - Statement - Else If (index >= 10 && index < 100): null

2018-11-13 11:22:22 - [TEST_STEP][PASSED] - Statement - tvRoomId = ""000" + index + """: null

2018-11-13 11:22:22 - [TEST_STEP][PASSED] - Statement - return tvRoomId: null

2018-11-13 11:22:22 - [TEST_STEP][PASSED] - Statement - tvUniqueID = ""TEST" + index + "1C5A6BB5C57F"": null

2018-11-13 11:22:22 - [TEST_STEP][PASSED] - Statement - tvDiscovery = tvDiscovery + tvIp + generateMac(index) + tvResponse2 + tvRoomId + generateSnNumber(index) + tvResponse3 + tvUniqueID + tvResponse4: null

2018-11-13 11:22:22 - [TEST_STEP][PASSED] - Statement - macAddress = ","TVMACAddress":"1C:5A:6B:B5:C5:7F"": null

2018-11-13 11:22:22 - [TEST_STEP][PASSED] - Statement - If (index > 0 && index < 10): null

2018-11-13 11:22:22 - [TEST_STEP][PASSED] - Statement - Else If (index >= 10 && index < 100): null

2018-11-13 11:22:22 - [TEST_STEP][PASSED] - Statement - macAddress = ","TVMACAddress":"1C:" + index % 10 + "A:6B:B5:C5:7F"": null

2018-11-13 11:22:22 - [TEST_STEP][PASSED] - Statement - return macAddress: null

2018-11-13 11:22:22 - [TEST_STEP][PASSED] - Statement - tvSerialNumber = ","TVSerialNumber":"FZ1A16140605" + index + """: null

2018-11-13 11:22:22 - [TEST_STEP][PASSED] - Statement - return tvSerialNumber: null

2018-11-13 11:22:22 - [TEST_STEP][PASSED] - Statement - println("tvDiscovery:" + tvDiscovery): null

2018-11-13 11:22:22 - [TEST_STEP][PASSED] - Statement - ro.setBodyContent(new com.kms.katalon.core.testobject.impl.HttpTextBodyContent(tvDiscovery)): null

2018-11-13 11:22:22 - [TEST_STEP][PASSED] - Statement - response = com.kms.katalon.core.webservice.keyword.WSBuiltInKeywords.sendRequest(ro): Send request successfully

2018-11-13 11:22:22 - [MESSAGE][PASSED] - Send request successfully

2018-11-13 11:22:22 - [TEST_STEP][PASSED] - Statement - responseStatusCode = response.getStatusCode(): null

2018-11-13 11:22:22 - [TEST_STEP][PASSED] - Statement - println("Response status code:" + responseStatusCode): null

2018-11-13 11:22:22 - [TEST_STEP][PASSED] - delay: Delayed 1 second(s)

2018-11-13 11:22:23 - [MESSAGE][PASSED] - Delayed 1 second(s)

2018-11-13 11:22:23 - [TEST_STEP][PASSED] - Statement - tvDiscovery = tvResponse1: null

2018-11-13 11:22:23 - [TEST_STEP][PASSED] - Statement - tvIp = """ + "10.0.23." + index + """: null

2018-11-13 11:22:23 - [TEST_STEP][PASSED] - Statement - tvRoomId = checkRoomId(index): null

2018-11-13 11:22:23 - [TEST_STEP][PASSED] - Statement - tvRoomId = ""00000"": null

2018-11-13 11:22:23 - [TEST_STEP][PASSED] - Statement - If (index > 0 && index < 10): null

2018-11-13 11:22:23 - [TEST_STEP][PASSED] - Statement - Else If (index >= 10 && index < 100): null

2018-11-13 11:22:23 - [TEST_STEP][PASSED] - Statement - tvRoomId = ""000" + index + """: null

2018-11-13 11:22:23 - [TEST_STEP][PASSED] - Statement - return tvRoomId: null

2018-11-13 11:22:23 - [TEST_STEP][PASSED] - Statement - tvUniqueID = ""TEST" + index + "1C5A6BB5C57F"": null

2018-11-13 11:22:23 - [TEST_STEP][PASSED] - Statement - tvDiscovery = tvDiscovery + tvIp + generateMac(index) + tvResponse2 + tvRoomId + generateSnNumber(index) + tvResponse3 + tvUniqueID + tvResponse4: null

2018-11-13 11:22:23 - [TEST_STEP][PASSED] - Statement - macAddress = ","TVMACAddress":"1C:5A:6B:B5:C5:7F"": null

2018-11-13 11:22:23 - [TEST_STEP][PASSED] - Statement - If (index > 0 && index < 10): null

2018-11-13 11:22:23 - [TEST_STEP][PASSED] - Statement - Else If (index >= 10 && index < 100): null

2018-11-13 11:22:23 - [TEST_STEP][PASSED] - Statement - macAddress = ","TVMACAddress":"1C:" + index % 10 + "A:6B:B5:C5:7F"": null

2018-11-13 11:22:23 - [TEST_STEP][PASSED] - Statement - return macAddress: null

2018-11-13 11:22:23 - [TEST_STEP][PASSED] - Statement - tvSerialNumber = ","TVSerialNumber":"FZ1A16140605" + index + """: null

2018-11-13 11:22:23 - [TEST_STEP][PASSED] - Statement - return tvSerialNumber: null

2018-11-13 11:22:23 - [TEST_STEP][PASSED] - Statement - println("tvDiscovery:" + tvDiscovery): null

2018-11-13 11:22:23 - [TEST_STEP][PASSED] - Statement - ro.setBodyContent(new com.kms.katalon.core.testobject.impl.HttpTextBodyContent(tvDiscovery)): null

2018-11-13 11:22:23 - [TEST_STEP][PASSED] - Statement - response = com.kms.katalon.core.webservice.keyword.WSBuiltInKeywords.sendRequest(ro): Send request successfully

2018-11-13 11:22:24 - [MESSAGE][PASSED] - Send request successfully

2018-11-13 11:22:24 - [TEST_STEP][PASSED] - Statement - responseStatusCode = response.getStatusCode(): null

2018-11-13 11:22:24 - [TEST_STEP][PASSED] - Statement - println("Response status code:" + responseStatusCode): null

2018-11-13 11:22:24 - [TEST_STEP][PASSED] - delay: Delayed 1 second(s)

2018-11-13 11:22:25 - [MESSAGE][PASSED] - Delayed 1 second(s)

2018-11-13 11:22:25 - [TEST_STEP][PASSED] - Statement - tvDiscovery = tvResponse1: null

2018-11-13 11:22:25 - [TEST_STEP][PASSED] - Statement - tvIp = """ + "10.0.23." + index + """: null

2018-11-13 11:22:25 - [TEST_STEP][PASSED] - Statement - tvRoomId = checkRoomId(index): null

2018-11-13 11:22:25 - [TEST_STEP][PASSED] - Statement - tvRoomId = ""00000"": null

2018-11-13 11:22:25 - [TEST_STEP][PASSED] - Statement - If (index > 0 && index < 10): null

2018-11-13 11:22:25 - [TEST_STEP][PASSED] - Statement - Else If (index >= 10 && index < 100): null

2018-11-13 11:22:25 - [TEST_STEP][PASSED] - Statement - tvRoomId = ""000" + index + """: null

2018-11-13 11:22:25 - [TEST_STEP][PASSED] - Statement - return tvRoomId: null

2018-11-13 11:22:25 - [TEST_STEP][PASSED] - Statement - tvUniqueID = ""TEST" + index + "1C5A6BB5C57F"": null

2018-11-13 11:22:25 - [TEST_STEP][PASSED] - Statement - tvDiscovery = tvDiscovery + tvIp + generateMac(index) + tvResponse2 + tvRoomId + generateSnNumber(index) + tvResponse3 + tvUniqueID + tvResponse4: null

2018-11-13 11:22:25 - [TEST_STEP][PASSED] - Statement - macAddress = ","TVMACAddress":"1C:5A:6B:B5:C5:7F"": null

2018-11-13 11:22:25 - [TEST_STEP][PASSED] - Statement - If (index > 0 && index < 10): null

2018-11-13 11:22:25 - [TEST_STEP][PASSED] - Statement - Else If (index >= 10 && index < 100): null

2018-11-13 11:22:25 - [TEST_STEP][PASSED] - Statement - macAddress = ","TVMACAddress":"1C:" + index % 10 + "A:6B:B5:C5:7F"": null

2018-11-13 11:22:25 - [TEST_STEP][PASSED] - Statement - return macAddress: null

2018-11-13 11:22:25 - [TEST_STEP][PASSED] - Statement - tvSerialNumber = ","TVSerialNumber":"FZ1A16140605" + index + """: null

2018-11-13 11:22:25 - [TEST_STEP][PASSED] - Statement - return tvSerialNumber: null

2018-11-13 11:22:25 - [TEST_STEP][PASSED] - Statement - println("tvDiscovery:" + tvDiscovery): null

2018-11-13 11:22:25 - [TEST_STEP][PASSED] - Statement - ro.setBodyContent(new com.kms.katalon.core.testobject.impl.HttpTextBodyContent(tvDiscovery)): null

2018-11-13 11:22:25 - [TEST_STEP][PASSED] - Statement - response = com.kms.katalon.core.webservice.keyword.WSBuiltInKeywords.sendRequest(ro): Send request successfully

2018-11-13 11:22:25 - [MESSAGE][PASSED] - Send request successfully

2018-11-13 11:22:25 - [TEST_STEP][PASSED] - Statement - responseStatusCode = response.getStatusCode(): null

2018-11-13 11:22:25 - [TEST_STEP][PASSED] - Statement - println("Response status code:" + responseStatusCode): null

2018-11-13 11:22:25 - [TEST_STEP][PASSED] - delay: Delayed 1 second(s)

2018-11-13 11:22:26 - [MESSAGE][PASSED] - Delayed 1 second(s)

2018-11-13 11:22:26 - [TEST_STEP][PASSED] - Statement - tvDiscovery = tvResponse1: null

2018-11-13 11:22:26 - [TEST_STEP][PASSED] - Statement - tvIp = """ + "10.0.23." + index + """: null

2018-11-13 11:22:26 - [TEST_STEP][PASSED] - Statement - tvRoomId = checkRoomId(index): null

2018-11-13 11:22:26 - [TEST_STEP][PASSED] - Statement - tvRoomId = ""00000"": null

2018-11-13 11:22:26 - [TEST_STEP][PASSED] - Statement - If (index > 0 && index < 10): null

2018-11-13 11:22:26 - [TEST_STEP][PASSED] - Statement - Else If (index >= 10 && index < 100): null

2018-11-13 11:22:26 - [TEST_STEP][PASSED] - Statement - tvRoomId = ""000" + index + """: null

2018-11-13 11:22:26 - [TEST_STEP][PASSED] - Statement - return tvRoomId: null

2018-11-13 11:22:26 - [TEST_STEP][PASSED] - Statement - tvUniqueID = ""TEST" + index + "1C5A6BB5C57F"": null

2018-11-13 11:22:26 - [TEST_STEP][PASSED] - Statement - tvDiscovery = tvDiscovery + tvIp + generateMac(index) + tvResponse2 + tvRoomId + generateSnNumber(index) + tvResponse3 + tvUniqueID + tvResponse4: null

2018-11-13 11:22:26 - [TEST_STEP][PASSED] - Statement - macAddress = ","TVMACAddress":"1C:5A:6B:B5:C5:7F"": null

2018-11-13 11:22:26 - [TEST_STEP][PASSED] - Statement - If (index > 0 && index < 10): null

2018-11-13 11:22:26 - [TEST_STEP][PASSED] - Statement - Else If (index >= 10 && index < 100): null

2018-11-13 11:22:26 - [TEST_STEP][PASSED] - Statement - macAddress = ","TVMACAddress":"1C:" + index % 10 + "A:6B:B5:C5:7F"": null

2018-11-13 11:22:26 - [TEST_STEP][PASSED] - Statement - return macAddress: null

2018-11-13 11:22:26 - [TEST_STEP][PASSED] - Statement - tvSerialNumber = ","TVSerialNumber":"FZ1A16140605" + index + """: null

2018-11-13 11:22:26 - [TEST_STEP][PASSED] - Statement - return tvSerialNumber: null

2018-11-13 11:22:26 - [TEST_STEP][PASSED] - Statement - println("tvDiscovery:" + tvDiscovery): null

2018-11-13 11:22:26 - [TEST_STEP][PASSED] - Statement - ro.setBodyContent(new com.kms.katalon.core.testobject.impl.HttpTextBodyContent(tvDiscovery)): null

2018-11-13 11:22:26 - [TEST_STEP][PASSED] - Statement - response = com.kms.katalon.core.webservice.keyword.WSBuiltInKeywords.sendRequest(ro): Send request successfully

2018-11-13 11:22:27 - [MESSAGE][PASSED] - Send request successfully

2018-11-13 11:22:27 - [TEST_STEP][PASSED] - Statement - responseStatusCode = response.getStatusCode(): null

2018-11-13 11:22:27 - [TEST_STEP][PASSED] - Statement - println("Response status code:" + responseStatusCode): null

2018-11-13 11:22:27 - [TEST_STEP][PASSED] - delay: Delayed 1 second(s)

2018-11-13 11:22:29 - [MESSAGE][PASSED] - Delayed 1 second(s)

2018-11-13 11:22:29 - [TEST_STEP][PASSED] - Statement - tvDiscovery = tvResponse1: null

2018-11-13 11:22:29 - [TEST_STEP][PASSED] - Statement - tvIp = """ + "10.0.23." + index + """: null

2018-11-13 11:22:29 - [TEST_STEP][PASSED] - Statement - tvRoomId = checkRoomId(index): null

2018-11-13 11:22:29 - [TEST_STEP][PASSED] - Statement - tvRoomId = ""00000"": null

2018-11-13 11:22:29 - [TEST_STEP][PASSED] - Statement - If (index > 0 && index < 10): null

2018-11-13 11:22:29 - [TEST_STEP][PASSED] - Statement - Else If (index >= 10 && index < 100): null

2018-11-13 11:22:29 - [TEST_STEP][PASSED] - Statement - tvRoomId = ""000" + index + """: null

2018-11-13 11:22:29 - [TEST_STEP][PASSED] - Statement - return tvRoomId: null

2018-11-13 11:22:29 - [TEST_STEP][PASSED] - Statement - tvUniqueID = ""TEST" + index + "1C5A6BB5C57F"": null

2018-11-13 11:22:29 - [TEST_STEP][PASSED] - Statement - tvDiscovery = tvDiscovery + tvIp + generateMac(index) + tvResponse2 + tvRoomId + generateSnNumber(index) + tvResponse3 + tvUniqueID + tvResponse4: null

2018-11-13 11:22:29 - [TEST_STEP][PASSED] - Statement - macAddress = ","TVMACAddress":"1C:5A:6B:B5:C5:7F"": null

2018-11-13 11:22:29 - [TEST_STEP][PASSED] - Statement - If (index > 0 && index < 10): null

2018-11-13 11:22:29 - [TEST_STEP][PASSED] - Statement - Else If (index >= 10 && index < 100): null

2018-11-13 11:22:29 - [TEST_STEP][PASSED] - Statement - macAddress = ","TVMACAddress":"1C:" + index % 10 + "A:6B:B5:C5:7F"": null

2018-11-13 11:22:29 - [TEST_STEP][PASSED] - Statement - return macAddress: null

2018-11-13 11:22:29 - [TEST_STEP][PASSED] - Statement - tvSerialNumber = ","TVSerialNumber":"FZ1A16140605" + index + """: null

2018-11-13 11:22:29 - [TEST_STEP][PASSED] - Statement - return tvSerialNumber: null

2018-11-13 11:22:29 - [TEST_STEP][PASSED] - Statement - println("tvDiscovery:" + tvDiscovery): null

2018-11-13 11:22:29 - [TEST_STEP][PASSED] - Statement - ro.setBodyContent(new com.kms.katalon.core.testobject.impl.HttpTextBodyContent(tvDiscovery)): null

2018-11-13 11:22:29 - [TEST_STEP][PASSED] - Statement - response = com.kms.katalon.core.webservice.keyword.WSBuiltInKeywords.sendRequest(ro): Send request successfully

2018-11-13 11:22:30 - [MESSAGE][PASSED] - Send request successfully

2018-11-13 11:22:30 - [TEST_STEP][PASSED] - Statement - responseStatusCode = response.getStatusCode(): null

2018-11-13 11:22:30 - [TEST_STEP][PASSED] - Statement - println("Response status code:" + responseStatusCode): null

2018-11-13 11:22:30 - [TEST_STEP][PASSED] - delay: Delayed 1 second(s)

2018-11-13 11:22:31 - [MESSAGE][PASSED] - Delayed 1 second(s)

2018-11-13 11:22:31 - [TEST_STEP][PASSED] - Statement - tvDiscovery = tvResponse1: null

2018-11-13 11:22:31 - [TEST_STEP][PASSED] - Statement - tvIp = """ + "10.0.23." + index + """: null

2018-11-13 11:22:31 - [TEST_STEP][PASSED] - Statement - tvRoomId = checkRoomId(index): null

2018-11-13 11:22:31 - [TEST_STEP][PASSED] - Statement - tvRoomId = ""00000"": null

2018-11-13 11:22:31 - [TEST_STEP][PASSED] - Statement - If (index > 0 && index < 10): null

2018-11-13 11:22:31 - [TEST_STEP][PASSED] - Statement - Else If (index >= 10 && index < 100): null

2018-11-13 11:22:31 - [TEST_STEP][PASSED] - Statement - tvRoomId = ""000" + index + """: null

2018-11-13 11:22:31 - [TEST_STEP][PASSED] - Statement - return tvRoomId: null

2018-11-13 11:22:31 - [TEST_STEP][PASSED] - Statement - tvUniqueID = ""TEST" + index + "1C5A6BB5C57F"": null

2018-11-13 11:22:31 - [TEST_STEP][PASSED] - Statement - tvDiscovery = tvDiscovery + tvIp + generateMac(index) + tvResponse2 + tvRoomId + generateSnNumber(index) + tvResponse3 + tvUniqueID + tvResponse4: null

2018-11-13 11:22:31 - [TEST_STEP][PASSED] - Statement - macAddress = ","TVMACAddress":"1C:5A:6B:B5:C5:7F"": null

2018-11-13 11:22:31 - [TEST_STEP][PASSED] - Statement - If (index > 0 && index < 10): null

2018-11-13 11:22:31 - [TEST_STEP][PASSED] - Statement - Else If (index >= 10 && index < 100): null

2018-11-13 11:22:31 - [TEST_STEP][PASSED] - Statement - macAddress = ","TVMACAddress":"1C:" + index % 10 + "A:6B:B5:C5:7F"": null

2018-11-13 11:22:31 - [TEST_STEP][PASSED] - Statement - return macAddress: null

2018-11-13 11:22:31 - [TEST_STEP][PASSED] - Statement - tvSerialNumber = ","TVSerialNumber":"FZ1A16140605" + index + """: null

2018-11-13 11:22:31 - [TEST_STEP][PASSED] - Statement - return tvSerialNumber: null

2018-11-13 11:22:31 - [TEST_STEP][PASSED] - Statement - println("tvDiscovery:" + tvDiscovery): null

2018-11-13 11:22:31 - [TEST_STEP][PASSED] - Statement - ro.setBodyContent(new com.kms.katalon.core.testobject.impl.HttpTextBodyContent(tvDiscovery)): null

2018-11-13 11:22:31 - [TEST_STEP][PASSED] - Statement - response = com.kms.katalon.core.webservice.keyword.WSBuiltInKeywords.sendRequest(ro): Send request successfully

2018-11-13 11:22:31 - [MESSAGE][PASSED] - Send request successfully

2018-11-13 11:22:31 - [TEST_STEP][PASSED] - Statement - responseStatusCode = response.getStatusCode(): null

2018-11-13 11:22:31 - [TEST_STEP][PASSED] - Statement - println("Response status code:" + responseStatusCode): null

2018-11-13 11:22:31 - [TEST_STEP][PASSED] - delay: Delayed 1 second(s)

2018-11-13 11:22:32 - [MESSAGE][PASSED] - Delayed 1 second(s)

2018-11-13 11:22:32 - [TEST_STEP][PASSED] - Statement - tvDiscovery = tvResponse1: null

2018-11-13 11:22:32 - [TEST_STEP][PASSED] - Statement - tvIp = """ + "10.0.23." + index + """: null

2018-11-13 11:22:32 - [TEST_STEP][PASSED] - Statement - tvRoomId = checkRoomId(index): null

2018-11-13 11:22:32 - [TEST_STEP][PASSED] - Statement - tvRoomId = ""00000"": null

2018-11-13 11:22:32 - [TEST_STEP][PASSED] - Statement - If (index > 0 && index < 10): null

2018-11-13 11:22:32 - [TEST_STEP][PASSED] - Statement - Else If (index >= 10 && index < 100): null

2018-11-13 11:22:32 - [TEST_STEP][PASSED] - Statement - tvRoomId = ""000" + index + """: null

2018-11-13 11:22:32 - [TEST_STEP][PASSED] - Statement - return tvRoomId: null

2018-11-13 11:22:32 - [TEST_STEP][PASSED] - Statement - tvUniqueID = ""TEST" + index + "1C5A6BB5C57F"": null

2018-11-13 11:22:32 - [TEST_STEP][PASSED] - Statement - tvDiscovery = tvDiscovery + tvIp + generateMac(index) + tvResponse2 + tvRoomId + generateSnNumber(index) + tvResponse3 + tvUniqueID + tvResponse4: null

2018-11-13 11:22:32 - [TEST_STEP][PASSED] - Statement - macAddress = ","TVMACAddress":"1C:5A:6B:B5:C5:7F"": null

2018-11-13 11:22:32 - [TEST_STEP][PASSED] - Statement - If (index > 0 && index < 10): null

2018-11-13 11:22:32 - [TEST_STEP][PASSED] - Statement - Else If (index >= 10 && index < 100): null

2018-11-13 11:22:32 - [TEST_STEP][PASSED] - Statement - macAddress = ","TVMACAddress":"1C:" + index % 10 + "A:6B:B5:C5:7F"": null

2018-11-13 11:22:32 - [TEST_STEP][PASSED] - Statement - return macAddress: null

2018-11-13 11:22:32 - [TEST_STEP][PASSED] - Statement - tvSerialNumber = ","TVSerialNumber":"FZ1A16140605" + index + """: null

2018-11-13 11:22:32 - [TEST_STEP][PASSED] - Statement - return tvSerialNumber: null

2018-11-13 11:22:32 - [TEST_STEP][PASSED] - Statement - println("tvDiscovery:" + tvDiscovery): null

2018-11-13 11:22:32 - [TEST_STEP][PASSED] - Statement - ro.setBodyContent(new com.kms.katalon.core.testobject.impl.HttpTextBodyContent(tvDiscovery)): null

2018-11-13 11:22:32 - [TEST_STEP][PASSED] - Statement - response = com.kms.katalon.core.webservice.keyword.WSBuiltInKeywords.sendRequest(ro): Send request successfully

2018-11-13 11:22:33 - [MESSAGE][PASSED] - Send request successfully

2018-11-13 11:22:33 - [TEST_STEP][PASSED] - Statement - responseStatusCode = response.getStatusCode(): null

2018-11-13 11:22:33 - [TEST_STEP][PASSED] - Statement - println("Response status code:" + responseStatusCode): null

2018-11-13 11:22:33 - [TEST_STEP][PASSED] - delay: Delayed 1 second(s)

2018-11-13 11:22:34 - [MESSAGE][PASSED] - Delayed 1 second(s)

2018-11-13 11:22:34 - [TEST_STEP][PASSED] - Statement - tvDiscovery = tvResponse1: null

2018-11-13 11:22:34 - [TEST_STEP][PASSED] - Statement - tvIp = """ + "10.0.23." + index + """: null

2018-11-13 11:22:34 - [TEST_STEP][PASSED] - Statement - tvRoomId = checkRoomId(index): null

2018-11-13 11:22:34 - [TEST_STEP][PASSED] - Statement - tvRoomId = ""00000"": null

2018-11-13 11:22:34 - [TEST_STEP][PASSED] - Statement - If (index > 0 && index < 10): null

2018-11-13 11:22:34 - [TEST_STEP][PASSED] - Statement - Else If (index >= 10 && index < 100): null

2018-11-13 11:22:34 - [TEST_STEP][PASSED] - Statement - tvRoomId = ""000" + index + """: null

2018-11-13 11:22:34 - [TEST_STEP][PASSED] - Statement - return tvRoomId: null

2018-11-13 11:22:34 - [TEST_STEP][PASSED] - Statement - tvUniqueID = ""TEST" + index + "1C5A6BB5C57F"": null

2018-11-13 11:22:34 - [TEST_STEP][PASSED] - Statement - tvDiscovery = tvDiscovery + tvIp + generateMac(index) + tvResponse2 + tvRoomId + generateSnNumber(index) + tvResponse3 + tvUniqueID + tvResponse4: null

2018-11-13 11:22:34 - [TEST_STEP][PASSED] - Statement - macAddress = ","TVMACAddress":"1C:5A:6B:B5:C5:7F"": null

2018-11-13 11:22:34 - [TEST_STEP][PASSED] - Statement - If (index > 0 && index < 10): null

2018-11-13 11:22:34 - [TEST_STEP][PASSED] - Statement - Else If (index >= 10 && index < 100): null

2018-11-13 11:22:34 - [TEST_STEP][PASSED] - Statement - macAddress = ","TVMACAddress":"1C:" + index % 10 + "A:6B:B5:C5:7F"": null

2018-11-13 11:22:34 - [TEST_STEP][PASSED] - Statement - return macAddress: null

2018-11-13 11:22:34 - [TEST_STEP][PASSED] - Statement - tvSerialNumber = ","TVSerialNumber":"FZ1A16140605" + index + """: null

2018-11-13 11:22:34 - [TEST_STEP][PASSED] - Statement - return tvSerialNumber: null

2018-11-13 11:22:34 - [TEST_STEP][PASSED] - Statement - println("tvDiscovery:" + tvDiscovery): null

2018-11-13 11:22:34 - [TEST_STEP][PASSED] - Statement - ro.setBodyContent(new com.kms.katalon.core.testobject.impl.HttpTextBodyContent(tvDiscovery)): null

2018-11-13 11:22:34 - [TEST_STEP][PASSED] - Statement - response = com.kms.katalon.core.webservice.keyword.WSBuiltInKeywords.sendRequest(ro): Send request successfully

2018-11-13 11:22:34 - [MESSAGE][PASSED] - Send request successfully

2018-11-13 11:22:34 - [TEST_STEP][PASSED] - Statement - responseStatusCode = response.getStatusCode(): null

2018-11-13 11:22:34 - [TEST_STEP][PASSED] - Statement - println("Response status code:" + responseStatusCode): null

2018-11-13 11:22:34 - [TEST_STEP][PASSED] - delay: Delayed 1 second(s)

2018-11-13 11:22:35 - [MESSAGE][PASSED] - Delayed 1 second(s)

2018-11-13 11:22:35 - [TEST_STEP][PASSED] - Statement - tvDiscovery = tvResponse1: null

2018-11-13 11:22:35 - [TEST_STEP][PASSED] - Statement - tvIp = """ + "10.0.23." + index + """: null

2018-11-13 11:22:35 - [TEST_STEP][PASSED] - Statement - tvRoomId = checkRoomId(index): null

2018-11-13 11:22:35 - [TEST_STEP][PASSED] - Statement - tvRoomId = ""00000"": null

2018-11-13 11:22:35 - [TEST_STEP][PASSED] - Statement - If (index > 0 && index < 10): null

2018-11-13 11:22:35 - [TEST_STEP][PASSED] - Statement - Else If (index >= 10 && index < 100): null

2018-11-13 11:22:35 - [TEST_STEP][PASSED] - Statement - tvRoomId = ""000" + index + """: null

2018-11-13 11:22:35 - [TEST_STEP][PASSED] - Statement - return tvRoomId: null

2018-11-13 11:22:35 - [TEST_STEP][PASSED] - Statement - tvUniqueID = ""TEST" + index + "1C5A6BB5C57F"": null

2018-11-13 11:22:35 - [TEST_STEP][PASSED] - Statement - tvDiscovery = tvDiscovery + tvIp + generateMac(index) + tvResponse2 + tvRoomId + generateSnNumber(index) + tvResponse3 + tvUniqueID + tvResponse4: null

2018-11-13 11:22:35 - [TEST_STEP][PASSED] - Statement - macAddress = ","TVMACAddress":"1C:5A:6B:B5:C5:7F"": null

2018-11-13 11:22:35 - [TEST_STEP][PASSED] - Statement - If (index > 0 && index < 10): null

2018-11-13 11:22:35 - [TEST_STEP][PASSED] - Statement - Else If (index >= 10 && index < 100): null

2018-11-13 11:22:35 - [TEST_STEP][PASSED] - Statement - macAddress = ","TVMACAddress":"1C:" + index % 10 + "A:6B:B5:C5:7F"": null

2018-11-13 11:22:35 - [TEST_STEP][PASSED] - Statement - return macAddress: null

2018-11-13 11:22:35 - [TEST_STEP][PASSED] - Statement - tvSerialNumber = ","TVSerialNumber":"FZ1A16140605" + index + """: null

2018-11-13 11:22:35 - [TEST_STEP][PASSED] - Statement - return tvSerialNumber: null

2018-11-13 11:22:35 - [TEST_STEP][PASSED] - Statement - println("tvDiscovery:" + tvDiscovery): null

2018-11-13 11:22:35 - [TEST_STEP][PASSED] - Statement - ro.setBodyContent(new com.kms.katalon.core.testobject.impl.HttpTextBodyContent(tvDiscovery)): null

2018-11-13 11:22:35 - [TEST_STEP][PASSED] - Statement - response = com.kms.katalon.core.webservice.keyword.WSBuiltInKeywords.sendRequest(ro): Send request successfully

2018-11-13 11:22:36 - [MESSAGE][PASSED] - Send request successfully

2018-11-13 11:22:36 - [TEST_STEP][PASSED] - Statement - responseStatusCode = response.getStatusCode(): null

2018-11-13 11:22:36 - [TEST_STEP][PASSED] - Statement - println("Response status code:" + responseStatusCode): null

2018-11-13 11:22:36 - [TEST_STEP][PASSED] - delay: Delayed 1 second(s)

2018-11-13 11:22:37 - [MESSAGE][PASSED] - Delayed 1 second(s)

2018-11-13 11:22:37 - [TEST_STEP][PASSED] - Statement - tvDiscovery = tvResponse1: null

2018-11-13 11:22:37 - [TEST_STEP][PASSED] - Statement - tvIp = """ + "10.0.23." + index + """: null

2018-11-13 11:22:37 - [TEST_STEP][PASSED] - Statement - tvRoomId = checkRoomId(index): null

2018-11-13 11:22:37 - [TEST_STEP][PASSED] - Statement - tvRoomId = ""00000"": null

2018-11-13 11:22:37 - [TEST_STEP][PASSED] - Statement - If (index > 0 && index < 10): null

2018-11-13 11:22:37 - [TEST_STEP][PASSED] - Statement - Else If (index >= 10 && index < 100): null

2018-11-13 11:22:37 - [TEST_STEP][PASSED] - Statement - tvRoomId = ""000" + index + """: null

2018-11-13 11:22:37 - [TEST_STEP][PASSED] - Statement - return tvRoomId: null

2018-11-13 11:22:37 - [TEST_STEP][PASSED] - Statement - tvUniqueID = ""TEST" + index + "1C5A6BB5C57F"": null

2018-11-13 11:22:37 - [TEST_STEP][PASSED] - Statement - tvDiscovery = tvDiscovery + tvIp + generateMac(index) + tvResponse2 + tvRoomId + generateSnNumber(index) + tvResponse3 + tvUniqueID + tvResponse4: null

2018-11-13 11:22:37 - [TEST_STEP][PASSED] - Statement - macAddress = ","TVMACAddress":"1C:5A:6B:B5:C5:7F"": null

2018-11-13 11:22:37 - [TEST_STEP][PASSED] - Statement - If (index > 0 && index < 10): null

2018-11-13 11:22:37 - [TEST_STEP][PASSED] - Statement - Else If (index >= 10 && index < 100): null

2018-11-13 11:22:37 - [TEST_STEP][PASSED] - Statement - macAddress = ","TVMACAddress":"1C:" + index % 10 + "A:6B:B5:C5:7F"": null

2018-11-13 11:22:37 - [TEST_STEP][PASSED] - Statement - return macAddress: null

2018-11-13 11:22:37 - [TEST_STEP][PASSED] - Statement - tvSerialNumber = ","TVSerialNumber":"FZ1A16140605" + index + """: null

2018-11-13 11:22:37 - [TEST_STEP][PASSED] - Statement - return tvSerialNumber: null

2018-11-13 11:22:37 - [TEST_STEP][PASSED] - Statement - println("tvDiscovery:" + tvDiscovery): null

2018-11-13 11:22:37 - [TEST_STEP][PASSED] - Statement - ro.setBodyContent(new com.kms.katalon.core.testobject.impl.HttpTextBodyContent(tvDiscovery)): null

2018-11-13 11:22:37 - [TEST_STEP][PASSED] - Statement - response = com.kms.katalon.core.webservice.keyword.WSBuiltInKeywords.sendRequest(ro): Send request successfully

2018-11-13 11:22:37 - [MESSAGE][PASSED] - Send request successfully

2018-11-13 11:22:37 - [TEST_STEP][PASSED] - Statement - responseStatusCode = response.getStatusCode(): null

2018-11-13 11:22:37 - [TEST_STEP][PASSED] - Statement - println("Response status code:" + responseStatusCode): null

2018-11-13 11:22:37 - [TEST_STEP][PASSED] - delay: Delayed 1 second(s)

2018-11-13 11:22:38 - [MESSAGE][PASSED] - Delayed 1 second(s)

2018-11-13 11:22:38 - [TEST_STEP][PASSED] - Statement - tvDiscovery = tvResponse1: null

2018-11-13 11:22:38 - [TEST_STEP][PASSED] - Statement - tvIp = """ + "10.0.23." + index + """: null

2018-11-13 11:22:38 - [TEST_STEP][PASSED] - Statement - tvRoomId = checkRoomId(index): null

2018-11-13 11:22:38 - [TEST_STEP][PASSED] - Statement - tvRoomId = ""00000"": null

2018-11-13 11:22:38 - [TEST_STEP][PASSED] - Statement - If (index > 0 && index < 10): null

2018-11-13 11:22:38 - [TEST_STEP][PASSED] - Statement - Else If (index >= 10 && index < 100): null

2018-11-13 11:22:38 - [TEST_STEP][PASSED] - Statement - tvRoomId = ""000" + index + """: null

2018-11-13 11:22:38 - [TEST_STEP][PASSED] - Statement - return tvRoomId: null

2018-11-13 11:22:38 - [TEST_STEP][PASSED] - Statement - tvUniqueID = ""TEST" + index + "1C5A6BB5C57F"": null

2018-11-13 11:22:38 - [TEST_STEP][PASSED] - Statement - tvDiscovery = tvDiscovery + tvIp + generateMac(index) + tvResponse2 + tvRoomId + generateSnNumber(index) + tvResponse3 + tvUniqueID + tvResponse4: null

2018-11-13 11:22:38 - [TEST_STEP][PASSED] - Statement - macAddress = ","TVMACAddress":"1C:5A:6B:B5:C5:7F"": null

2018-11-13 11:22:38 - [TEST_STEP][PASSED] - Statement - If (index > 0 && index < 10): null

2018-11-13 11:22:38 - [TEST_STEP][PASSED] - Statement - Else If (index >= 10 && index < 100): null

2018-11-13 11:22:38 - [TEST_STEP][PASSED] - Statement - macAddress = ","TVMACAddress":"1C:" + index % 10 + "A:6B:B5:C5:7F"": null

2018-11-13 11:22:38 - [TEST_STEP][PASSED] - Statement - return macAddress: null

2018-11-13 11:22:38 - [TEST_STEP][PASSED] - Statement - tvSerialNumber = ","TVSerialNumber":"FZ1A16140605" + index + """: null

2018-11-13 11:22:38 - [TEST_STEP][PASSED] - Statement - return tvSerialNumber: null

2018-11-13 11:22:38 - [TEST_STEP][PASSED] - Statement - println("tvDiscovery:" + tvDiscovery): null

2018-11-13 11:22:38 - [TEST_STEP][PASSED] - Statement - ro.setBodyContent(new com.kms.katalon.core.testobject.impl.HttpTextBodyContent(tvDiscovery)): null

2018-11-13 11:22:38 - [TEST_STEP][PASSED] - Statement - response = com.kms.katalon.core.webservice.keyword.WSBuiltInKeywords.sendRequest(ro): Send request successfully

2018-11-13 11:22:39 - [MESSAGE][PASSED] - Send request successfully

2018-11-13 11:22:39 - [TEST_STEP][PASSED] - Statement - responseStatusCode = response.getStatusCode(): null

2018-11-13 11:22:39 - [TEST_STEP][PASSED] - Statement - println("Response status code:" + responseStatusCode): null

2018-11-13 11:22:39 - [TEST_STEP][PASSED] - delay: Delayed 1 second(s)

2018-11-13 11:22:40 - [MESSAGE][PASSED] - Delayed 1 second(s)

2018-11-13 11:22:40 - [TEST_STEP][PASSED] - Statement - tvDiscovery = tvResponse1: null

2018-11-13 11:22:40 - [TEST_STEP][PASSED] - Statement - tvIp = """ + "10.0.23." + index + """: null

2018-11-13 11:22:40 - [TEST_STEP][PASSED] - Statement - tvRoomId = checkRoomId(index): null

2018-11-13 11:22:40 - [TEST_STEP][PASSED] - Statement - tvRoomId = ""00000"": null

2018-11-13 11:22:40 - [TEST_STEP][PASSED] - Statement - If (index > 0 && index < 10): null

2018-11-13 11:22:40 - [TEST_STEP][PASSED] - Statement - Else If (index >= 10 && index < 100): null

2018-11-13 11:22:40 - [TEST_STEP][PASSED] - Statement - tvRoomId = ""000" + index + """: null

2018-11-13 11:22:40 - [TEST_STEP][PASSED] - Statement - return tvRoomId: null

2018-11-13 11:22:40 - [TEST_STEP][PASSED] - Statement - tvUniqueID = ""TEST" + index + "1C5A6BB5C57F"": null

2018-11-13 11:22:40 - [TEST_STEP][PASSED] - Statement - tvDiscovery = tvDiscovery + tvIp + generateMac(index) + tvResponse2 + tvRoomId + generateSnNumber(index) + tvResponse3 + tvUniqueID + tvResponse4: null

2018-11-13 11:22:40 - [TEST_STEP][PASSED] - Statement - macAddress = ","TVMACAddress":"1C:5A:6B:B5:C5:7F"": null

2018-11-13 11:22:40 - [TEST_STEP][PASSED] - Statement - If (index > 0 && index < 10): null

2018-11-13 11:22:40 - [TEST_STEP][PASSED] - Statement - Else If (index >= 10 && index < 100): null

2018-11-13 11:22:40 - [TEST_STEP][PASSED] - Statement - macAddress = ","TVMACAddress":"1C:" + index % 10 + "A:6B:B5:C5:7F"": null

2018-11-13 11:22:40 - [TEST_STEP][PASSED] - Statement - return macAddress: null

2018-11-13 11:22:40 - [TEST_STEP][PASSED] - Statement - tvSerialNumber = ","TVSerialNumber":"FZ1A16140605" + index + """: null

2018-11-13 11:22:40 - [TEST_STEP][PASSED] - Statement - return tvSerialNumber: null

2018-11-13 11:22:40 - [TEST_STEP][PASSED] - Statement - println("tvDiscovery:" + tvDiscovery): null

2018-11-13 11:22:40 - [TEST_STEP][PASSED] - Statement - ro.setBodyContent(new com.kms.katalon.core.testobject.impl.HttpTextBodyContent(tvDiscovery)): null

2018-11-13 11:22:40 - [TEST_STEP][PASSED] - Statement - response = com.kms.katalon.core.webservice.keyword.WSBuiltInKeywords.sendRequest(ro): Send request successfully

2018-11-13 11:22:40 - [MESSAGE][PASSED] - Send request successfully

2018-11-13 11:22:40 - [TEST_STEP][PASSED] - Statement - responseStatusCode = response.getStatusCode(): null

2018-11-13 11:22:40 - [TEST_STEP][PASSED] - Statement - println("Response status code:" + responseStatusCode): null

2018-11-13 11:22:40 - [TEST_STEP][PASSED] - delay: Delayed 1 second(s)

2018-11-13 11:22:41 - [MESSAGE][PASSED] - Delayed 1 second(s)

2018-11-13 11:22:41 - [TEST_STEP][PASSED] - Statement - tvDiscovery = tvResponse1: null

2018-11-13 11:22:41 - [TEST_STEP][PASSED] - Statement - tvIp = """ + "10.0.23." + index + """: null

2018-11-13 11:22:41 - [TEST_STEP][PASSED] - Statement - tvRoomId = checkRoomId(index): null

2018-11-13 11:22:41 - [TEST_STEP][PASSED] - Statement - tvRoomId = ""00000"": null

2018-11-13 11:22:41 - [TEST_STEP][PASSED] - Statement - If (index > 0 && index < 10): null

2018-11-13 11:22:41 - [TEST_STEP][PASSED] - Statement - Else If (index >= 10 && index < 100): null

2018-11-13 11:22:41 - [TEST_STEP][PASSED] - Statement - tvRoomId = ""000" + index + """: null

2018-11-13 11:22:41 - [TEST_STEP][PASSED] - Statement - return tvRoomId: null

2018-11-13 11:22:41 - [TEST_STEP][PASSED] - Statement - tvUniqueID = ""TEST" + index + "1C5A6BB5C57F"": null

2018-11-13 11:22:41 - [TEST_STEP][PASSED] - Statement - tvDiscovery = tvDiscovery + tvIp + generateMac(index) + tvResponse2 + tvRoomId + generateSnNumber(index) + tvResponse3 + tvUniqueID + tvResponse4: null

2018-11-13 11:22:41 - [TEST_STEP][PASSED] - Statement - macAddress = ","TVMACAddress":"1C:5A:6B:B5:C5:7F"": null

2018-11-13 11:22:41 - [TEST_STEP][PASSED] - Statement - If (index > 0 && index < 10): null

2018-11-13 11:22:41 - [TEST_STEP][PASSED] - Statement - Else If (index >= 10 && index < 100): null

2018-11-13 11:22:41 - [TEST_STEP][PASSED] - Statement - macAddress = ","TVMACAddress":"1C:" + index % 10 + "A:6B:B5:C5:7F"": null

2018-11-13 11:22:41 - [TEST_STEP][PASSED] - Statement - return macAddress: null

2018-11-13 11:22:41 - [TEST_STEP][PASSED] - Statement - tvSerialNumber = ","TVSerialNumber":"FZ1A16140605" + index + """: null

2018-11-13 11:22:41 - [TEST_STEP][PASSED] - Statement - return tvSerialNumber: null

2018-11-13 11:22:41 - [TEST_STEP][PASSED] - Statement - println("tvDiscovery:" + tvDiscovery): null

2018-11-13 11:22:41 - [TEST_STEP][PASSED] - Statement - ro.setBodyContent(new com.kms.katalon.core.testobject.impl.HttpTextBodyContent(tvDiscovery)): null

2018-11-13 11:22:41 - [TEST_STEP][PASSED] - Statement - response = com.kms.katalon.core.webservice.keyword.WSBuiltInKeywords.sendRequest(ro): Send request successfully

2018-11-13 11:22:42 - [MESSAGE][PASSED] - Send request successfully

2018-11-13 11:22:42 - [TEST_STEP][PASSED] - Statement - responseStatusCode = response.getStatusCode(): null

2018-11-13 11:22:42 - [TEST_STEP][PASSED] - Statement - println("Response status code:" + responseStatusCode): null

2018-11-13 11:22:42 - [TEST_STEP][PASSED] - delay: Delayed 1 second(s)

2018-11-13 11:22:43 - [MESSAGE][PASSED] - Delayed 1 second(s)

2018-11-13 11:22:43 - [TEST_STEP][PASSED] - Statement - tvDiscovery = tvResponse1: null

2018-11-13 11:22:43 - [TEST_STEP][PASSED] - Statement - tvIp = """ + "10.0.23." + index + """: null

2018-11-13 11:22:43 - [TEST_STEP][PASSED] - Statement - tvRoomId = checkRoomId(index): null

2018-11-13 11:22:43 - [TEST_STEP][PASSED] - Statement - tvRoomId = ""00000"": null

2018-11-13 11:22:43 - [TEST_STEP][PASSED] - Statement - If (index > 0 && index < 10): null

2018-11-13 11:22:43 - [TEST_STEP][PASSED] - Statement - Else If (index >= 10 && index < 100): null

2018-11-13 11:22:43 - [TEST_STEP][PASSED] - Statement - tvRoomId = ""000" + index + """: null

2018-11-13 11:22:43 - [TEST_STEP][PASSED] - Statement - return tvRoomId: null

2018-11-13 11:22:43 - [TEST_STEP][PASSED] - Statement - tvUniqueID = ""TEST" + index + "1C5A6BB5C57F"": null

2018-11-13 11:22:43 - [TEST_STEP][PASSED] - Statement - tvDiscovery = tvDiscovery + tvIp + generateMac(index) + tvResponse2 + tvRoomId + generateSnNumber(index) + tvResponse3 + tvUniqueID + tvResponse4: null

2018-11-13 11:22:43 - [TEST_STEP][PASSED] - Statement - macAddress = ","TVMACAddress":"1C:5A:6B:B5:C5:7F"": null

2018-11-13 11:22:43 - [TEST_STEP][PASSED] - Statement - If (index > 0 && index < 10): null

2018-11-13 11:22:43 - [TEST_STEP][PASSED] - Statement - Else If (index >= 10 && index < 100): null

2018-11-13 11:22:43 - [TEST_STEP][PASSED] - Statement - macAddress = ","TVMACAddress":"1C:" + index % 10 + "A:6B:B5:C5:7F"": null

2018-11-13 11:22:43 - [TEST_STEP][PASSED] - Statement - return macAddress: null

2018-11-13 11:22:43 - [TEST_STEP][PASSED] - Statement - tvSerialNumber = ","TVSerialNumber":"FZ1A16140605" + index + """: null

2018-11-13 11:22:43 - [TEST_STEP][PASSED] - Statement - return tvSerialNumber: null

2018-11-13 11:22:43 - [TEST_STEP][PASSED] - Statement - println("tvDiscovery:" + tvDiscovery): null

2018-11-13 11:22:43 - [TEST_STEP][PASSED] - Statement - ro.setBodyContent(new com.kms.katalon.core.testobject.impl.HttpTextBodyContent(tvDiscovery)): null

2018-11-13 11:22:43 - [TEST_STEP][PASSED] - Statement - response = com.kms.katalon.core.webservice.keyword.WSBuiltInKeywords.sendRequest(ro): Send request successfully

2018-11-13 11:22:43 - [MESSAGE][PASSED] - Send request successfully

2018-11-13 11:22:43 - [TEST_STEP][PASSED] - Statement - responseStatusCode = response.getStatusCode(): null

2018-11-13 11:22:43 - [TEST_STEP][PASSED] - Statement - println("Response status code:" + responseStatusCode): null

2018-11-13 11:22:43 - [TEST_STEP][PASSED] - delay: Delayed 1 second(s)

2018-11-13 11:22:44 - [MESSAGE][PASSED] - Delayed 1 second(s)

2018-11-13 11:22:44 - [TEST_STEP][PASSED] - Statement - tvDiscovery = tvResponse1: null

2018-11-13 11:22:44 - [TEST_STEP][PASSED] - Statement - tvIp = """ + "10.0.23." + index + """: null

2018-11-13 11:22:44 - [TEST_STEP][PASSED] - Statement - tvRoomId = checkRoomId(index): null

2018-11-13 11:22:44 - [TEST_STEP][PASSED] - Statement - tvRoomId = ""00000"": null

2018-11-13 11:22:44 - [TEST_STEP][PASSED] - Statement - If (index > 0 && index < 10): null

2018-11-13 11:22:44 - [TEST_STEP][PASSED] - Statement - Else If (index >= 10 && index < 100): null

2018-11-13 11:22:44 - [TEST_STEP][PASSED] - Statement - tvRoomId = ""000" + index + """: null

2018-11-13 11:22:44 - [TEST_STEP][PASSED] - Statement - return tvRoomId: null

2018-11-13 11:22:44 - [TEST_STEP][PASSED] - Statement - tvUniqueID = ""TEST" + index + "1C5A6BB5C57F"": null

2018-11-13 11:22:44 - [TEST_STEP][PASSED] - Statement - tvDiscovery = tvDiscovery + tvIp + generateMac(index) + tvResponse2 + tvRoomId + generateSnNumber(index) + tvResponse3 + tvUniqueID + tvResponse4: null

2018-11-13 11:22:44 - [TEST_STEP][PASSED] - Statement - macAddress = ","TVMACAddress":"1C:5A:6B:B5:C5:7F"": null

2018-11-13 11:22:44 - [TEST_STEP][PASSED] - Statement - If (index > 0 && index < 10): null

2018-11-13 11:22:44 - [TEST_STEP][PASSED] - Statement - Else If (index >= 10 && index < 100): null

2018-11-13 11:22:44 - [TEST_STEP][PASSED] - Statement - macAddress = ","TVMACAddress":"1C:" + index % 10 + "A:6B:B5:C5:7F"": null

2018-11-13 11:22:44 - [TEST_STEP][PASSED] - Statement - return macAddress: null

2018-11-13 11:22:44 - [TEST_STEP][PASSED] - Statement - tvSerialNumber = ","TVSerialNumber":"FZ1A16140605" + index + """: null

2018-11-13 11:22:44 - [TEST_STEP][PASSED] - Statement - return tvSerialNumber: null

2018-11-13 11:22:44 - [TEST_STEP][PASSED] - Statement - println("tvDiscovery:" + tvDiscovery): null

2018-11-13 11:22:44 - [TEST_STEP][PASSED] - Statement - ro.setBodyContent(new com.kms.katalon.core.testobject.impl.HttpTextBodyContent(tvDiscovery)): null

2018-11-13 11:22:44 - [TEST_STEP][PASSED] - Statement - response = com.kms.katalon.core.webservice.keyword.WSBuiltInKeywords.sendRequest(ro): Send request successfully

2018-11-13 11:22:45 - [MESSAGE][PASSED] - Send request successfully

2018-11-13 11:22:45 - [TEST_STEP][PASSED] - Statement - responseStatusCode = response.getStatusCode(): null

2018-11-13 11:22:45 - [TEST_STEP][PASSED] - Statement - println("Response status code:" + responseStatusCode): null

2018-11-13 11:22:45 - [TEST_STEP][PASSED] - delay: Delayed 1 second(s)

2018-11-13 11:22:46 - [MESSAGE][PASSED] - Delayed 1 second(s)

2018-11-13 11:22:46 - [TEST_STEP][PASSED] - Statement - tvDiscovery = tvResponse1: null

2018-11-13 11:22:46 - [TEST_STEP][PASSED] - Statement - tvIp = """ + "10.0.23." + index + """: null

2018-11-13 11:22:46 - [TEST_STEP][PASSED] - Statement - tvRoomId = checkRoomId(index): null

2018-11-13 11:22:46 - [TEST_STEP][PASSED] - Statement - tvRoomId = ""00000"": null

2018-11-13 11:22:46 - [TEST_STEP][PASSED] - Statement - If (index > 0 && index < 10): null

2018-11-13 11:22:46 - [TEST_STEP][PASSED] - Statement - Else If (index >= 10 && index < 100): null

2018-11-13 11:22:46 - [TEST_STEP][PASSED] - Statement - tvRoomId = ""000" + index + """: null

2018-11-13 11:22:46 - [TEST_STEP][PASSED] - Statement - return tvRoomId: null

2018-11-13 11:22:46 - [TEST_STEP][PASSED] - Statement - tvUniqueID = ""TEST" + index + "1C5A6BB5C57F"": null

2018-11-13 11:22:46 - [TEST_STEP][PASSED] - Statement - tvDiscovery = tvDiscovery + tvIp + generateMac(index) + tvResponse2 + tvRoomId + generateSnNumber(index) + tvResponse3 + tvUniqueID + tvResponse4: null

2018-11-13 11:22:46 - [TEST_STEP][PASSED] - Statement - macAddress = ","TVMACAddress":"1C:5A:6B:B5:C5:7F"": null

2018-11-13 11:22:46 - [TEST_STEP][PASSED] - Statement - If (index > 0 && index < 10): null

2018-11-13 11:22:46 - [TEST_STEP][PASSED] - Statement - Else If (index >= 10 && index < 100): null

2018-11-13 11:22:46 - [TEST_STEP][PASSED] - Statement - macAddress = ","TVMACAddress":"1C:" + index % 10 + "A:6B:B5:C5:7F"": null

2018-11-13 11:22:46 - [TEST_STEP][PASSED] - Statement - return macAddress: null

2018-11-13 11:22:46 - [TEST_STEP][PASSED] - Statement - tvSerialNumber = ","TVSerialNumber":"FZ1A16140605" + index + """: null

2018-11-13 11:22:46 - [TEST_STEP][PASSED] - Statement - return tvSerialNumber: null

2018-11-13 11:22:46 - [TEST_STEP][PASSED] - Statement - println("tvDiscovery:" + tvDiscovery): null

2018-11-13 11:22:46 - [TEST_STEP][PASSED] - Statement - ro.setBodyContent(new com.kms.katalon.core.testobject.impl.HttpTextBodyContent(tvDiscovery)): null

2018-11-13 11:22:46 - [TEST_STEP][PASSED] - Statement - response = com.kms.katalon.core.webservice.keyword.WSBuiltInKeywords.sendRequest(ro): Send request successfully

2018-11-13 11:22:46 - [MESSAGE][PASSED] - Send request successfully

2018-11-13 11:22:46 - [TEST_STEP][PASSED] - Statement - responseStatusCode = response.getStatusCode(): null

2018-11-13 11:22:46 - [TEST_STEP][PASSED] - Statement - println("Response status code:" + responseStatusCode): null

2018-11-13 11:22:46 - [TEST_STEP][PASSED] - delay: Delayed 1 second(s)

2018-11-13 11:22:47 - [MESSAGE][PASSED] - Delayed 1 second(s)

2018-11-13 11:22:47 - [TEST_STEP][PASSED] - Statement - tvDiscovery = tvResponse1: null

2018-11-13 11:22:47 - [TEST_STEP][PASSED] - Statement - tvIp = """ + "10.0.23." + index + """: null

2018-11-13 11:22:47 - [TEST_STEP][PASSED] - Statement - tvRoomId = checkRoomId(index): null

2018-11-13 11:22:47 - [TEST_STEP][PASSED] - Statement - tvRoomId = ""00000"": null

2018-11-13 11:22:47 - [TEST_STEP][PASSED] - Statement - If (index > 0 && index < 10): null

2018-11-13 11:22:47 - [TEST_STEP][PASSED] - Statement - Else If (index >= 10 && index < 100): null

2018-11-13 11:22:47 - [TEST_STEP][PASSED] - Statement - tvRoomId = ""000" + index + """: null

2018-11-13 11:22:47 - [TEST_STEP][PASSED] - Statement - return tvRoomId: null

2018-11-13 11:22:47 - [TEST_STEP][PASSED] - Statement - tvUniqueID = ""TEST" + index + "1C5A6BB5C57F"": null

2018-11-13 11:22:47 - [TEST_STEP][PASSED] - Statement - tvDiscovery = tvDiscovery + tvIp + generateMac(index) + tvResponse2 + tvRoomId + generateSnNumber(index) + tvResponse3 + tvUniqueID + tvResponse4: null

2018-11-13 11:22:47 - [TEST_STEP][PASSED] - Statement - macAddress = ","TVMACAddress":"1C:5A:6B:B5:C5:7F"": null

2018-11-13 11:22:47 - [TEST_STEP][PASSED] - Statement - If (index > 0 && index < 10): null

2018-11-13 11:22:47 - [TEST_STEP][PASSED] - Statement - Else If (index >= 10 && index < 100): null

2018-11-13 11:22:47 - [TEST_STEP][PASSED] - Statement - macAddress = ","TVMACAddress":"1C:" + index % 10 + "A:6B:B5:C5:7F"": null

2018-11-13 11:22:47 - [TEST_STEP][PASSED] - Statement - return macAddress: null

2018-11-13 11:22:47 - [TEST_STEP][PASSED] - Statement - tvSerialNumber = ","TVSerialNumber":"FZ1A16140605" + index + """: null

2018-11-13 11:22:47 - [TEST_STEP][PASSED] - Statement - return tvSerialNumber: null

2018-11-13 11:22:47 - [TEST_STEP][PASSED] - Statement - println("tvDiscovery:" + tvDiscovery): null

2018-11-13 11:22:47 - [TEST_STEP][PASSED] - Statement - ro.setBodyContent(new com.kms.katalon.core.testobject.impl.HttpTextBodyContent(tvDiscovery)): null

2018-11-13 11:22:47 - [TEST_STEP][PASSED] - Statement - response = com.kms.katalon.core.webservice.keyword.WSBuiltInKeywords.sendRequest(ro): Send request successfully

2018-11-13 11:22:48 - [MESSAGE][PASSED] - Send request successfully

2018-11-13 11:22:48 - [TEST_STEP][PASSED] - Statement - responseStatusCode = response.getStatusCode(): null

2018-11-13 11:22:48 - [TEST_STEP][PASSED] - Statement - println("Response status code:" + responseStatusCode): null

2018-11-13 11:22:48 - [TEST_STEP][PASSED] - delay: Delayed 1 second(s)

2018-11-13 11:22:49 - [MESSAGE][PASSED] - Delayed 1 second(s)

2018-11-13 11:22:49 - [TEST_STEP][PASSED] - Statement - tvDiscovery = tvResponse1: null

2018-11-13 11:22:49 - [TEST_STEP][PASSED] - Statement - tvIp = """ + "10.0.23." + index + """: null

2018-11-13 11:22:49 - [TEST_STEP][PASSED] - Statement - tvRoomId = checkRoomId(index): null

2018-11-13 11:22:49 - [TEST_STEP][PASSED] - Statement - tvRoomId = ""00000"": null

2018-11-13 11:22:49 - [TEST_STEP][PASSED] - Statement - If (index > 0 && index < 10): null

2018-11-13 11:22:49 - [TEST_STEP][PASSED] - Statement - Else If (index >= 10 && index < 100): null

2018-11-13 11:22:49 - [TEST_STEP][PASSED] - Statement - tvRoomId = ""000" + index + """: null

2018-11-13 11:22:49 - [TEST_STEP][PASSED] - Statement - return tvRoomId: null

2018-11-13 11:22:49 - [TEST_STEP][PASSED] - Statement - tvUniqueID = ""TEST" + index + "1C5A6BB5C57F"": null

2018-11-13 11:22:49 - [TEST_STEP][PASSED] - Statement - tvDiscovery = tvDiscovery + tvIp + generateMac(index) + tvResponse2 + tvRoomId + generateSnNumber(index) + tvResponse3 + tvUniqueID + tvResponse4: null

2018-11-13 11:22:49 - [TEST_STEP][PASSED] - Statement - macAddress = ","TVMACAddress":"1C:5A:6B:B5:C5:7F"": null

2018-11-13 11:22:49 - [TEST_STEP][PASSED] - Statement - If (index > 0 && index < 10): null

2018-11-13 11:22:49 - [TEST_STEP][PASSED] - Statement - Else If (index >= 10 && index < 100): null

2018-11-13 11:22:49 - [TEST_STEP][PASSED] - Statement - macAddress = ","TVMACAddress":"1C:" + index % 10 + "A:6B:B5:C5:7F"": null

2018-11-13 11:22:49 - [TEST_STEP][PASSED] - Statement - return macAddress: null

2018-11-13 11:22:49 - [TEST_STEP][PASSED] - Statement - tvSerialNumber = ","TVSerialNumber":"FZ1A16140605" + index + """: null

2018-11-13 11:22:49 - [TEST_STEP][PASSED] - Statement - return tvSerialNumber: null

2018-11-13 11:22:49 - [TEST_STEP][PASSED] - Statement - println("tvDiscovery:" + tvDiscovery): null

2018-11-13 11:22:49 - [TEST_STEP][PASSED] - Statement - ro.setBodyContent(new com.kms.katalon.core.testobject.impl.HttpTextBodyContent(tvDiscovery)): null

2018-11-13 11:22:49 - [TEST_STEP][PASSED] - Statement - response = com.kms.katalon.core.webservice.keyword.WSBuiltInKeywords.sendRequest(ro): Send request successfully

2018-11-13 11:22:49 - [MESSAGE][PASSED] - Send request successfully

2018-11-13 11:22:49 - [TEST_STEP][PASSED] - Statement - responseStatusCode = response.getStatusCode(): null

2018-11-13 11:22:49 - [TEST_STEP][PASSED] - Statement - println("Response status code:" + responseStatusCode): null

2018-11-13 11:22:49 - [TEST_STEP][PASSED] - delay: Delayed 1 second(s)

2018-11-13 11:22:50 - [MESSAGE][PASSED] - Delayed 1 second(s)

2018-11-13 11:22:50 - [TEST_STEP][PASSED] - Statement - tvDiscovery = tvResponse1: null

2018-11-13 11:22:50 - [TEST_STEP][PASSED] - Statement - tvIp = """ + "10.0.23." + index + """: null

2018-11-13 11:22:50 - [TEST_STEP][PASSED] - Statement - tvRoomId = checkRoomId(index): null

2018-11-13 11:22:50 - [TEST_STEP][PASSED] - Statement - tvRoomId = ""00000"": null

2018-11-13 11:22:50 - [TEST_STEP][PASSED] - Statement - If (index > 0 && index < 10): null

2018-11-13 11:22:50 - [TEST_STEP][PASSED] - Statement - Else If (index >= 10 && index < 100): null

2018-11-13 11:22:50 - [TEST_STEP][PASSED] - Statement - tvRoomId = ""000" + index + """: null

2018-11-13 11:22:50 - [TEST_STEP][PASSED] - Statement - return tvRoomId: null

2018-11-13 11:22:50 - [TEST_STEP][PASSED] - Statement - tvUniqueID = ""TEST" + index + "1C5A6BB5C57F"": null

2018-11-13 11:22:50 - [TEST_STEP][PASSED] - Statement - tvDiscovery = tvDiscovery + tvIp + generateMac(index) + tvResponse2 + tvRoomId + generateSnNumber(index) + tvResponse3 + tvUniqueID + tvResponse4: null

2018-11-13 11:22:50 - [TEST_STEP][PASSED] - Statement - macAddress = ","TVMACAddress":"1C:5A:6B:B5:C5:7F"": null

2018-11-13 11:22:50 - [TEST_STEP][PASSED] - Statement - If (index > 0 && index < 10): null

2018-11-13 11:22:50 - [TEST_STEP][PASSED] - Statement - Else If (index >= 10 && index < 100): null

2018-11-13 11:22:50 - [TEST_STEP][PASSED] - Statement - macAddress = ","TVMACAddress":"1C:" + index % 10 + "A:6B:B5:C5:7F"": null

2018-11-13 11:22:50 - [TEST_STEP][PASSED] - Statement - return macAddress: null

2018-11-13 11:22:50 - [TEST_STEP][PASSED] - Statement - tvSerialNumber = ","TVSerialNumber":"FZ1A16140605" + index + """: null

2018-11-13 11:22:50 - [TEST_STEP][PASSED] - Statement - return tvSerialNumber: null

2018-11-13 11:22:50 - [TEST_STEP][PASSED] - Statement - println("tvDiscovery:" + tvDiscovery): null

2018-11-13 11:22:50 - [TEST_STEP][PASSED] - Statement - ro.setBodyContent(new com.kms.katalon.core.testobject.impl.HttpTextBodyContent(tvDiscovery)): null

2018-11-13 11:22:50 - [TEST_STEP][PASSED] - Statement - response = com.kms.katalon.core.webservice.keyword.WSBuiltInKeywords.sendRequest(ro): Send request successfully

2018-11-13 11:22:50 - [MESSAGE][PASSED] - Send request successfully

2018-11-13 11:22:50 - [TEST_STEP][PASSED] - Statement - responseStatusCode = response.getStatusCode(): null

2018-11-13 11:22:50 - [TEST_STEP][PASSED] - Statement - println("Response status code:" + responseStatusCode): null

2018-11-13 11:22:50 - [TEST_STEP][PASSED] - delay: Delayed 1 second(s)

2018-11-13 11:22:51 - [MESSAGE][PASSED] - Delayed 1 second(s)

2018-11-13 11:22:51 - [TEST_STEP][PASSED] - Statement - tvDiscovery = tvResponse1: null

2018-11-13 11:22:51 - [TEST_STEP][PASSED] - Statement - tvIp = """ + "10.0.23." + index + """: null

2018-11-13 11:22:51 - [TEST_STEP][PASSED] - Statement - tvRoomId = checkRoomId(index): null

2018-11-13 11:22:51 - [TEST_STEP][PASSED] - Statement - tvRoomId = ""00000"": null

2018-11-13 11:22:51 - [TEST_STEP][PASSED] - Statement - If (index > 0 && index < 10): null

2018-11-13 11:22:51 - [TEST_STEP][PASSED] - Statement - Else If (index >= 10 && index < 100): null

2018-11-13 11:22:51 - [TEST_STEP][PASSED] - Statement - tvRoomId = ""000" + index + """: null

2018-11-13 11:22:51 - [TEST_STEP][PASSED] - Statement - return tvRoomId: null

2018-11-13 11:22:51 - [TEST_STEP][PASSED] - Statement - tvUniqueID = ""TEST" + index + "1C5A6BB5C57F"": null

2018-11-13 11:22:51 - [TEST_STEP][PASSED] - Statement - tvDiscovery = tvDiscovery + tvIp + generateMac(index) + tvResponse2 + tvRoomId + generateSnNumber(index) + tvResponse3 + tvUniqueID + tvResponse4: null

2018-11-13 11:22:51 - [TEST_STEP][PASSED] - Statement - macAddress = ","TVMACAddress":"1C:5A:6B:B5:C5:7F"": null

2018-11-13 11:22:51 - [TEST_STEP][PASSED] - Statement - If (index > 0 && index < 10): null

2018-11-13 11:22:51 - [TEST_STEP][PASSED] - Statement - Else If (index >= 10 && index < 100): null

2018-11-13 11:22:51 - [TEST_STEP][PASSED] - Statement - macAddress = ","TVMACAddress":"1C:" + index % 10 + "A:6B:B5:C5:7F"": null

2018-11-13 11:22:51 - [TEST_STEP][PASSED] - Statement - return macAddress: null

2018-11-13 11:22:51 - [TEST_STEP][PASSED] - Statement - tvSerialNumber = ","TVSerialNumber":"FZ1A16140605" + index + """: null

2018-11-13 11:22:51 - [TEST_STEP][PASSED] - Statement - return tvSerialNumber: null

2018-11-13 11:22:51 - [TEST_STEP][PASSED] - Statement - println("tvDiscovery:" + tvDiscovery): null

2018-11-13 11:22:51 - [TEST_STEP][PASSED] - Statement - ro.setBodyContent(new com.kms.katalon.core.testobject.impl.HttpTextBodyContent(tvDiscovery)): null

2018-11-13 11:22:51 - [TEST_STEP][PASSED] - Statement - response = com.kms.katalon.core.webservice.keyword.WSBuiltInKeywords.sendRequest(ro): Send request successfully

2018-11-13 11:22:52 - [MESSAGE][PASSED] - Send request successfully

2018-11-13 11:22:52 - [TEST_STEP][PASSED] - Statement - responseStatusCode = response.getStatusCode(): null

2018-11-13 11:22:52 - [TEST_STEP][PASSED] - Statement - println("Response status code:" + responseStatusCode): null

2018-11-13 11:22:52 - [TEST_STEP][PASSED] - delay: Delayed 1 second(s)

2018-11-13 11:22:53 - [MESSAGE][PASSED] - Delayed 1 second(s)

2018-11-13 11:22:53 - [TEST_STEP][PASSED] - Statement - tvDiscovery = tvResponse1: null

2018-11-13 11:22:53 - [TEST_STEP][PASSED] - Statement - tvIp = """ + "10.0.23." + index + """: null

2018-11-13 11:22:53 - [TEST_STEP][PASSED] - Statement - tvRoomId = checkRoomId(index): null

2018-11-13 11:22:53 - [TEST_STEP][PASSED] - Statement - tvRoomId = ""00000"": null

2018-11-13 11:22:53 - [TEST_STEP][PASSED] - Statement - If (index > 0 && index < 10): null

2018-11-13 11:22:53 - [TEST_STEP][PASSED] - Statement - Else If (index >= 10 && index < 100): null

2018-11-13 11:22:53 - [TEST_STEP][PASSED] - Statement - tvRoomId = ""000" + index + """: null

2018-11-13 11:22:53 - [TEST_STEP][PASSED] - Statement - return tvRoomId: null

2018-11-13 11:22:53 - [TEST_STEP][PASSED] - Statement - tvUniqueID = ""TEST" + index + "1C5A6BB5C57F"": null

2018-11-13 11:22:53 - [TEST_STEP][PASSED] - Statement - tvDiscovery = tvDiscovery + tvIp + generateMac(index) + tvResponse2 + tvRoomId + generateSnNumber(index) + tvResponse3 + tvUniqueID + tvResponse4: null

2018-11-13 11:22:53 - [TEST_STEP][PASSED] - Statement - macAddress = ","TVMACAddress":"1C:5A:6B:B5:C5:7F"": null

2018-11-13 11:22:53 - [TEST_STEP][PASSED] - Statement - If (index > 0 && index < 10): null

2018-11-13 11:22:53 - [TEST_STEP][PASSED] - Statement - Else If (index >= 10 && index < 100): null

2018-11-13 11:22:53 - [TEST_STEP][PASSED] - Statement - macAddress = ","TVMACAddress":"1C:" + index % 10 + "A:6B:B5:C5:7F"": null

2018-11-13 11:22:53 - [TEST_STEP][PASSED] - Statement - return macAddress: null

2018-11-13 11:22:53 - [TEST_STEP][PASSED] - Statement - tvSerialNumber = ","TVSerialNumber":"FZ1A16140605" + index + """: null

2018-11-13 11:22:53 - [TEST_STEP][PASSED] - Statement - return tvSerialNumber: null

2018-11-13 11:22:53 - [TEST_STEP][PASSED] - Statement - println("tvDiscovery:" + tvDiscovery): null

2018-11-13 11:22:53 - [TEST_STEP][PASSED] - Statement - ro.setBodyContent(new com.kms.katalon.core.testobject.impl.HttpTextBodyContent(tvDiscovery)): null

2018-11-13 11:22:53 - [TEST_STEP][PASSED] - Statement - response = com.kms.katalon.core.webservice.keyword.WSBuiltInKeywords.sendRequest(ro): Send request successfully

2018-11-13 11:22:54 - [MESSAGE][PASSED] - Send request successfully

2018-11-13 11:22:54 - [TEST_STEP][PASSED] - Statement - responseStatusCode = response.getStatusCode(): null

2018-11-13 11:22:54 - [TEST_STEP][PASSED] - Statement - println("Response status code:" + responseStatusCode): null

2018-11-13 11:22:54 - [TEST_STEP][PASSED] - delay: Delayed 1 second(s)

2018-11-13 11:22:55 - [MESSAGE][PASSED] - Delayed 1 second(s)

2018-11-13 11:22:55 - [TEST_STEP][PASSED] - Statement - tvDiscovery = tvResponse1: null

2018-11-13 11:22:55 - [TEST_STEP][PASSED] - Statement - tvIp = """ + "10.0.23." + index + """: null

2018-11-13 11:22:55 - [TEST_STEP][PASSED] - Statement - tvRoomId = checkRoomId(index): null

2018-11-13 11:22:55 - [TEST_STEP][PASSED] - Statement - tvRoomId = ""00000"": null

2018-11-13 11:22:55 - [TEST_STEP][PASSED] - Statement - If (index > 0 && index < 10): null

2018-11-13 11:22:55 - [TEST_STEP][PASSED] - Statement - Else If (index >= 10 && index < 100): null

2018-11-13 11:22:55 - [TEST_STEP][PASSED] - Statement - tvRoomId = ""000" + index + """: null

2018-11-13 11:22:55 - [TEST_STEP][PASSED] - Statement - return tvRoomId: null

2018-11-13 11:22:55 - [TEST_STEP][PASSED] - Statement - tvUniqueID = ""TEST" + index + "1C5A6BB5C57F"": null

2018-11-13 11:22:55 - [TEST_STEP][PASSED] - Statement - tvDiscovery = tvDiscovery + tvIp + generateMac(index) + tvResponse2 + tvRoomId + generateSnNumber(index) + tvResponse3 + tvUniqueID + tvResponse4: null

2018-11-13 11:22:55 - [TEST_STEP][PASSED] - Statement - macAddress = ","TVMACAddress":"1C:5A:6B:B5:C5:7F"": null

2018-11-13 11:22:55 - [TEST_STEP][PASSED] - Statement - If (index > 0 && index < 10): null

2018-11-13 11:22:55 - [TEST_STEP][PASSED] - Statement - Else If (index >= 10 && index < 100): null

2018-11-13 11:22:55 - [TEST_STEP][PASSED] - Statement - macAddress = ","TVMACAddress":"1C:" + index % 10 + "A:6B:B5:C5:7F"": null

2018-11-13 11:22:55 - [TEST_STEP][PASSED] - Statement - return macAddress: null

2018-11-13 11:22:55 - [TEST_STEP][PASSED] - Statement - tvSerialNumber = ","TVSerialNumber":"FZ1A16140605" + index + """: null

2018-11-13 11:22:55 - [TEST_STEP][PASSED] - Statement - return tvSerialNumber: null

2018-11-13 11:22:55 - [TEST_STEP][PASSED] - Statement - println("tvDiscovery:" + tvDiscovery): null

2018-11-13 11:22:55 - [TEST_STEP][PASSED] - Statement - ro.setBodyContent(new com.kms.katalon.core.testobject.impl.HttpTextBodyContent(tvDiscovery)): null

2018-11-13 11:22:55 - [TEST_STEP][PASSED] - Statement - response = com.kms.katalon.core.webservice.keyword.WSBuiltInKeywords.sendRequest(ro): Send request successfully

2018-11-13 11:22:55 - [MESSAGE][PASSED] - Send request successfully

2018-11-13 11:22:55 - [TEST_STEP][PASSED] - Statement - responseStatusCode = response.getStatusCode(): null

2018-11-13 11:22:55 - [TEST_STEP][PASSED] - Statement - println("Response status code:" + responseStatusCode): null

2018-11-13 11:22:55 - [TEST_STEP][PASSED] - delay: Delayed 1 second(s)

2018-11-13 11:22:56 - [MESSAGE][PASSED] - Delayed 1 second(s)

2018-11-13 11:22:56 - [TEST_STEP][PASSED] - Statement - tvDiscovery = tvResponse1: null

2018-11-13 11:22:56 - [TEST_STEP][PASSED] - Statement - tvIp = """ + "10.0.23." + index + """: null

2018-11-13 11:22:56 - [TEST_STEP][PASSED] - Statement - tvRoomId = checkRoomId(index): null

2018-11-13 11:22:56 - [TEST_STEP][PASSED] - Statement - tvRoomId = ""00000"": null

2018-11-13 11:22:56 - [TEST_STEP][PASSED] - Statement - If (index > 0 && index < 10): null

2018-11-13 11:22:56 - [TEST_STEP][PASSED] - Statement - Else If (index >= 10 && index < 100): null

2018-11-13 11:22:56 - [TEST_STEP][PASSED] - Statement - tvRoomId = ""000" + index + """: null

2018-11-13 11:22:56 - [TEST_STEP][PASSED] - Statement - return tvRoomId: null

2018-11-13 11:22:56 - [TEST_STEP][PASSED] - Statement - tvUniqueID = ""TEST" + index + "1C5A6BB5C57F"": null

2018-11-13 11:22:56 - [TEST_STEP][PASSED] - Statement - tvDiscovery = tvDiscovery + tvIp + generateMac(index) + tvResponse2 + tvRoomId + generateSnNumber(index) + tvResponse3 + tvUniqueID + tvResponse4: null

2018-11-13 11:22:56 - [TEST_STEP][PASSED] - Statement - macAddress = ","TVMACAddress":"1C:5A:6B:B5:C5:7F"": null

2018-11-13 11:22:56 - [TEST_STEP][PASSED] - Statement - If (index > 0 && index < 10): null

2018-11-13 11:22:56 - [TEST_STEP][PASSED] - Statement - Else If (index >= 10 && index < 100): null

2018-11-13 11:22:56 - [TEST_STEP][PASSED] - Statement - macAddress = ","TVMACAddress":"1C:" + index % 10 + "A:6B:B5:C5:7F"": null

2018-11-13 11:22:56 - [TEST_STEP][PASSED] - Statement - return macAddress: null

2018-11-13 11:22:56 - [TEST_STEP][PASSED] - Statement - tvSerialNumber = ","TVSerialNumber":"FZ1A16140605" + index + """: null

2018-11-13 11:22:56 - [TEST_STEP][PASSED] - Statement - return tvSerialNumber: null

2018-11-13 11:22:56 - [TEST_STEP][PASSED] - Statement - println("tvDiscovery:" + tvDiscovery): null

2018-11-13 11:22:56 - [TEST_STEP][PASSED] - Statement - ro.setBodyContent(new com.kms.katalon.core.testobject.impl.HttpTextBodyContent(tvDiscovery)): null

2018-11-13 11:22:56 - [TEST_STEP][PASSED] - Statement - response = com.kms.katalon.core.webservice.keyword.WSBuiltInKeywords.sendRequest(ro): Send request successfully

2018-11-13 11:22:57 - [MESSAGE][PASSED] - Send request successfully

2018-11-13 11:22:57 - [TEST_STEP][PASSED] - Statement - responseStatusCode = response.getStatusCode(): null

2018-11-13 11:22:57 - [TEST_STEP][PASSED] - Statement - println("Response status code:" + responseStatusCode): null

2018-11-13 11:22:57 - [TEST_STEP][PASSED] - delay: Delayed 1 second(s)

2018-11-13 11:22:58 - [MESSAGE][PASSED] - Delayed 1 second(s)

2018-11-13 11:22:58 - [TEST_STEP][PASSED] - Statement - tvDiscovery = tvResponse1: null

2018-11-13 11:22:58 - [TEST_STEP][PASSED] - Statement - tvIp = """ + "10.0.23." + index + """: null

2018-11-13 11:22:58 - [TEST_STEP][PASSED] - Statement - tvRoomId = checkRoomId(index): null

2018-11-13 11:22:58 - [TEST_STEP][PASSED] - Statement - tvRoomId = ""00000"": null

2018-11-13 11:22:58 - [TEST_STEP][PASSED] - Statement - If (index > 0 && index < 10): null

2018-11-13 11:22:58 - [TEST_STEP][PASSED] - Statement - Else If (index >= 10 && index < 100): null

2018-11-13 11:22:58 - [TEST_STEP][PASSED] - Statement - tvRoomId = ""000" + index + """: null

2018-11-13 11:22:58 - [TEST_STEP][PASSED] - Statement - return tvRoomId: null

2018-11-13 11:22:58 - [TEST_STEP][PASSED] - Statement - tvUniqueID = ""TEST" + index + "1C5A6BB5C57F"": null

2018-11-13 11:22:58 - [TEST_STEP][PASSED] - Statement - tvDiscovery = tvDiscovery + tvIp + generateMac(index) + tvResponse2 + tvRoomId + generateSnNumber(index) + tvResponse3 + tvUniqueID + tvResponse4: null

2018-11-13 11:22:58 - [TEST_STEP][PASSED] - Statement - macAddress = ","TVMACAddress":"1C:5A:6B:B5:C5:7F"": null

2018-11-13 11:22:58 - [TEST_STEP][PASSED] - Statement - If (index > 0 && index < 10): null

2018-11-13 11:22:58 - [TEST_STEP][PASSED] - Statement - Else If (index >= 10 && index < 100): null

2018-11-13 11:22:58 - [TEST_STEP][PASSED] - Statement - macAddress = ","TVMACAddress":"1C:" + index % 10 + "A:6B:B5:C5:7F"": null

2018-11-13 11:22:58 - [TEST_STEP][PASSED] - Statement - return macAddress: null

2018-11-13 11:22:58 - [TEST_STEP][PASSED] - Statement - tvSerialNumber = ","TVSerialNumber":"FZ1A16140605" + index + """: null

2018-11-13 11:22:58 - [TEST_STEP][PASSED] - Statement - return tvSerialNumber: null

2018-11-13 11:22:58 - [TEST_STEP][PASSED] - Statement - println("tvDiscovery:" + tvDiscovery): null

2018-11-13 11:22:58 - [TEST_STEP][PASSED] - Statement - ro.setBodyContent(new com.kms.katalon.core.testobject.impl.HttpTextBodyContent(tvDiscovery)): null

2018-11-13 11:22:58 - [TEST_STEP][PASSED] - Statement - response = com.kms.katalon.core.webservice.keyword.WSBuiltInKeywords.sendRequest(ro): Send request successfully

2018-11-13 11:22:58 - [MESSAGE][PASSED] - Send request successfully

2018-11-13 11:22:58 - [TEST_STEP][PASSED] - Statement - responseStatusCode = response.getStatusCode(): null

2018-11-13 11:22:58 - [TEST_STEP][PASSED] - Statement - println("Response status code:" + responseStatusCode): null

2018-11-13 11:22:58 - [TEST_STEP][PASSED] - delay: Delayed 1 second(s)

2018-11-13 11:22:59 - [MESSAGE][PASSED] - Delayed 1 second(s)

2018-11-13 11:22:59 - [TEST_STEP][PASSED] - Statement - tvDiscovery = tvResponse1: null

2018-11-13 11:22:59 - [TEST_STEP][PASSED] - Statement - tvIp = """ + "10.0.23." + index + """: null

2018-11-13 11:22:59 - [TEST_STEP][PASSED] - Statement - tvRoomId = checkRoomId(index): null

2018-11-13 11:22:59 - [TEST_STEP][PASSED] - Statement - tvRoomId = ""00000"": null

2018-11-13 11:22:59 - [TEST_STEP][PASSED] - Statement - If (index > 0 && index < 10): null

2018-11-13 11:22:59 - [TEST_STEP][PASSED] - Statement - Else If (index >= 10 && index < 100): null

2018-11-13 11:22:59 - [TEST_STEP][PASSED] - Statement - tvRoomId = ""000" + index + """: null

2018-11-13 11:22:59 - [TEST_STEP][PASSED] - Statement - return tvRoomId: null

2018-11-13 11:22:59 - [TEST_STEP][PASSED] - Statement - tvUniqueID = ""TEST" + index + "1C5A6BB5C57F"": null

2018-11-13 11:22:59 - [TEST_STEP][PASSED] - Statement - tvDiscovery = tvDiscovery + tvIp + generateMac(index) + tvResponse2 + tvRoomId + generateSnNumber(index) + tvResponse3 + tvUniqueID + tvResponse4: null

2018-11-13 11:22:59 - [TEST_STEP][PASSED] - Statement - macAddress = ","TVMACAddress":"1C:5A:6B:B5:C5:7F"": null

2018-11-13 11:22:59 - [TEST_STEP][PASSED] - Statement - If (index > 0 && index < 10): null

2018-11-13 11:22:59 - [TEST_STEP][PASSED] - Statement - Else If (index >= 10 && index < 100): null

2018-11-13 11:22:59 - [TEST_STEP][PASSED] - Statement - macAddress = ","TVMACAddress":"1C:" + index % 10 + "A:6B:B5:C5:7F"": null

2018-11-13 11:22:59 - [TEST_STEP][PASSED] - Statement - return macAddress: null

2018-11-13 11:22:59 - [TEST_STEP][PASSED] - Statement - tvSerialNumber = ","TVSerialNumber":"FZ1A16140605" + index + """: null

2018-11-13 11:22:59 - [TEST_STEP][PASSED] - Statement - return tvSerialNumber: Delayed 1 second(s)

2018-11-13 11:22:59 - [TEST_STEP][PASSED] - Statement - println("tvDiscovery:" + tvDiscovery): null

2018-11-13 11:22:59 - [TEST_STEP][PASSED] - Statement - ro.setBodyContent(new com.kms.katalon.core.testobject.impl.HttpTextBodyContent(tvDiscovery)): null

2018-11-13 11:22:59 - [TEST_STEP][PASSED] - Statement - response = com.kms.katalon.core.webservice.keyword.WSBuiltInKeywords.sendRequest(ro): Send request successfully

2018-11-13 11:23:00 - [MESSAGE][PASSED] - Send request successfully

2018-11-13 11:23:00 - [TEST_STEP][PASSED] - Statement - responseStatusCode = response.getStatusCode(): null

2018-11-13 11:23:00 - [TEST_STEP][PASSED] - Statement - println("Response status code:" + responseStatusCode): null

2018-11-13 11:23:00 - [TEST_STEP][PASSED] - delay: Delayed 1 second(s)

2018-11-13 11:23:01 - [MESSAGE][PASSED] - Delayed 1 second(s)]]></system-out>
         <system-err><![CDATA[]]></system-err>
      </testcase>
      <system-out><![CDATA[2018-11-13 11:21:29 - [TEST_SUITE][PASSED] - seneManyTv: Test Cases/sendTvdiscoveryMany]]></system-out>
      <system-err><![CDATA[]]></system-err>
   </testsuite>
</testsuites>
