<?xml version="1.0" encoding="UTF-8"?>
<testsuites name="seneManyTv" time="90" tests="1" failures="0" errors="0">
   <testsuite name="seneManyTv" tests="1" failures="0" errors="0" time="90" timestamp="2018-11-13 10:49:51" hostname="TPV - TPV-PC" id="Test Suites/seneManyTv">
      <properties>
         <property name="deviceName" value=""/>
         <property name="devicePlatform" value=""/>
         <property name="logFolder" value="C:\\eclipse\\KatalonProject\\studykatalon\\Reports\\seneManyTv\\20181113_104949"/>
         <property name="logFiles" value="C:\\eclipse\\KatalonProject\\studykatalon\\Reports\\seneManyTv\\20181113_104949\\execution0.log"/>
         <property name="attachments" value=""/>
         <property name="hostName" value="TPV - TPV-PC"/>
         <property name="hostAddress" value="10.0.23.7"/>
         <property name="os" value="Windows 7 64bit"/>
         <property name="katalonVersion" value="5.8.6.1"/>
      </properties>
      <testcase name="Test Cases/sendTvdiscoveryMany" classname="Test Cases/sendTvdiscoveryMany" status="PASSED">
         <system-out><![CDATA[2018-11-13 10:49:51 - [TEST_CASE][PASSED] - Test Cases/sendTvdiscoveryMany: Test Cases/sendTvdiscoveryMany

2018-11-13 10:49:53 - [TEST_STEP][PASSED] - Statement - endpoint = "http://" + cmndIpAddress + ":8080/SmartInstall/webservices.jsp": null

2018-11-13 10:49:53 - [TEST_STEP][PASSED] - Statement - requestMethod = "POST": null

2018-11-13 10:49:53 - [TEST_STEP][PASSED] - Statement - authHeader = "whateverYouNeedForAuthentication": null

2018-11-13 10:49:53 - [TEST_STEP][PASSED] - Statement - header1 = new com.kms.katalon.core.testobject.TestObjectProperty(Authorization, com.kms.katalon.core.testobject.ConditionType.EQUALS, authHeader): null

2018-11-13 10:49:53 - [TEST_STEP][PASSED] - Statement - header2 = new com.kms.katalon.core.testobject.TestObjectProperty(Content-Type, com.kms.katalon.core.testobject.ConditionType.EQUALS, application/json): null

2018-11-13 10:49:53 - [TEST_STEP][PASSED] - Statement - header3 = new com.kms.katalon.core.testobject.TestObjectProperty(Accept, com.kms.katalon.core.testobject.ConditionType.EQUALS, application/json): null

2018-11-13 10:49:53 - [TEST_STEP][PASSED] - Statement - defaultHeaders = java.util.Arrays.asList(header1, header2, header3): null

2018-11-13 10:49:53 - [TEST_STEP][PASSED] - Statement - tvResponse1 = "{"CommandDetails":{"TVDiscoveryParameters":{"PowerStatus":"On","TVIPAddress":": null

2018-11-13 10:49:53 - [TEST_STEP][PASSED] - Statement - tvResponse2 = ","TVModelNumber":"32HFL5011T/12","TVRoomID":": null

2018-11-13 10:49:53 - [TEST_STEP][PASSED] - Statement - tvResponse3 = ","VSecureTVID":"80F4F91"},"WebServiceParameters":{"PollingFrequency":10,"TVUniqueID":": null

2018-11-13 10:49:53 - [TEST_STEP][PASSED] - Statement - tvResponse4 = "}},"CmdType":"Response","Cookie":293,"Fun":"TVDiscoveryService","Svc":"WebServices","SvcVer":"3.0"}": null

2018-11-13 10:49:53 - [TEST_STEP][PASSED] - Statement - ro = new com.kms.katalon.core.testobject.RestRequestObjectBuilder().withRestUrl(endpoint).withHttpHeaders(defaultHeaders).withRestRequestMethod(requestMethod).build(): null

2018-11-13 10:49:53 - [TEST_STEP][PASSED] - Statement - For (def index : (1..internal.GlobalVariable.tvDiscoveryCount)): null

2018-11-13 10:49:53 - [TEST_STEP][PASSED] - Statement - tvDiscovery = tvResponse1: null

2018-11-13 10:49:53 - [TEST_STEP][PASSED] - Statement - tvIp = """ + "10.0.23." + index + """: null

2018-11-13 10:49:53 - [TEST_STEP][PASSED] - Statement - tvRoomId = checkRoomId(index): null

2018-11-13 10:49:53 - [TEST_STEP][PASSED] - Statement - tvRoomId = ""00000"": null

2018-11-13 10:49:53 - [TEST_STEP][PASSED] - Statement - If (index > 0 && index < 10): null

2018-11-13 10:49:53 - [TEST_STEP][PASSED] - Statement - tvRoomId = ""0000" + index + """: null

2018-11-13 10:49:53 - [TEST_STEP][PASSED] - Statement - return tvRoomId: null

2018-11-13 10:49:53 - [TEST_STEP][PASSED] - Statement - tvUniqueID = ""TEST" + index + "1C5A6BB5C57F"": null

2018-11-13 10:49:53 - [TEST_STEP][PASSED] - Statement - tvDiscovery = tvDiscovery + tvIp + generateMac(index) + tvResponse2 + tvRoomId + generateSnNumber(index) + tvResponse3 + tvUniqueID + tvResponse4: null

2018-11-13 10:49:53 - [TEST_STEP][PASSED] - Statement - macAddress = ","TVMACAddress":"1C:5A:6B:B5:C5:7F"": null

2018-11-13 10:49:53 - [TEST_STEP][PASSED] - Statement - If (index > 0 && index < 10): null

2018-11-13 10:49:53 - [TEST_STEP][PASSED] - Statement - macAddress = ","TVMACAddress":"" + index + "C:5A:6B:B5:C5:7F"": null

2018-11-13 10:49:53 - [TEST_STEP][PASSED] - Statement - return macAddress: null

2018-11-13 10:49:53 - [TEST_STEP][PASSED] - Statement - tvSerialNumber = ","TVSerialNumber":"FZ1A16140605" + index + """: null

2018-11-13 10:49:53 - [TEST_STEP][PASSED] - Statement - return tvSerialNumber: null

2018-11-13 10:49:53 - [TEST_STEP][PASSED] - Statement - println("tvDiscovery:" + tvDiscovery): null

2018-11-13 10:49:53 - [TEST_STEP][PASSED] - Statement - ro.setBodyContent(new com.kms.katalon.core.testobject.impl.HttpTextBodyContent(tvDiscovery)): null

2018-11-13 10:49:53 - [TEST_STEP][PASSED] - Statement - response = com.kms.katalon.core.webservice.keyword.WSBuiltInKeywords.sendRequest(ro): Send request successfully

2018-11-13 10:49:54 - [MESSAGE][PASSED] - Send request successfully

2018-11-13 10:49:54 - [TEST_STEP][PASSED] - Statement - responseStatusCode = response.getStatusCode(): null

2018-11-13 10:49:54 - [TEST_STEP][PASSED] - Statement - println("Response status code:" + responseStatusCode): null

2018-11-13 10:49:54 - [TEST_STEP][PASSED] - delay: Delayed 1 second(s)

2018-11-13 10:49:55 - [MESSAGE][PASSED] - Delayed 1 second(s)

2018-11-13 10:49:55 - [TEST_STEP][PASSED] - Statement - tvDiscovery = tvResponse1: null

2018-11-13 10:49:55 - [TEST_STEP][PASSED] - Statement - tvIp = """ + "10.0.23." + index + """: null

2018-11-13 10:49:55 - [TEST_STEP][PASSED] - Statement - tvRoomId = checkRoomId(index): null

2018-11-13 10:49:55 - [TEST_STEP][PASSED] - Statement - tvRoomId = ""00000"": null

2018-11-13 10:49:55 - [TEST_STEP][PASSED] - Statement - If (index > 0 && index < 10): null

2018-11-13 10:49:55 - [TEST_STEP][PASSED] - Statement - tvRoomId = ""0000" + index + """: null

2018-11-13 10:49:55 - [TEST_STEP][PASSED] - Statement - return tvRoomId: null

2018-11-13 10:49:55 - [TEST_STEP][PASSED] - Statement - tvUniqueID = ""TEST" + index + "1C5A6BB5C57F"": null

2018-11-13 10:49:55 - [TEST_STEP][PASSED] - Statement - tvDiscovery = tvDiscovery + tvIp + generateMac(index) + tvResponse2 + tvRoomId + generateSnNumber(index) + tvResponse3 + tvUniqueID + tvResponse4: null

2018-11-13 10:49:55 - [TEST_STEP][PASSED] - Statement - macAddress = ","TVMACAddress":"1C:5A:6B:B5:C5:7F"": null

2018-11-13 10:49:55 - [TEST_STEP][PASSED] - Statement - If (index > 0 && index < 10): null

2018-11-13 10:49:55 - [TEST_STEP][PASSED] - Statement - macAddress = ","TVMACAddress":"" + index + "C:5A:6B:B5:C5:7F"": null

2018-11-13 10:49:55 - [TEST_STEP][PASSED] - Statement - return macAddress: null

2018-11-13 10:49:55 - [TEST_STEP][PASSED] - Statement - tvSerialNumber = ","TVSerialNumber":"FZ1A16140605" + index + """: null

2018-11-13 10:49:55 - [TEST_STEP][PASSED] - Statement - return tvSerialNumber: null

2018-11-13 10:49:55 - [TEST_STEP][PASSED] - Statement - println("tvDiscovery:" + tvDiscovery): null

2018-11-13 10:49:55 - [TEST_STEP][PASSED] - Statement - ro.setBodyContent(new com.kms.katalon.core.testobject.impl.HttpTextBodyContent(tvDiscovery)): null

2018-11-13 10:49:55 - [TEST_STEP][PASSED] - Statement - response = com.kms.katalon.core.webservice.keyword.WSBuiltInKeywords.sendRequest(ro): Send request successfully

2018-11-13 10:49:55 - [MESSAGE][PASSED] - Send request successfully

2018-11-13 10:49:55 - [TEST_STEP][PASSED] - Statement - responseStatusCode = response.getStatusCode(): null

2018-11-13 10:49:55 - [TEST_STEP][PASSED] - Statement - println("Response status code:" + responseStatusCode): null

2018-11-13 10:49:55 - [TEST_STEP][PASSED] - delay: Delayed 1 second(s)

2018-11-13 10:49:56 - [MESSAGE][PASSED] - Delayed 1 second(s)

2018-11-13 10:49:56 - [TEST_STEP][PASSED] - Statement - tvDiscovery = tvResponse1: null

2018-11-13 10:49:56 - [TEST_STEP][PASSED] - Statement - tvIp = """ + "10.0.23." + index + """: null

2018-11-13 10:49:56 - [TEST_STEP][PASSED] - Statement - tvRoomId = checkRoomId(index): null

2018-11-13 10:49:56 - [TEST_STEP][PASSED] - Statement - tvRoomId = ""00000"": null

2018-11-13 10:49:56 - [TEST_STEP][PASSED] - Statement - If (index > 0 && index < 10): null

2018-11-13 10:49:56 - [TEST_STEP][PASSED] - Statement - tvRoomId = ""0000" + index + """: null

2018-11-13 10:49:56 - [TEST_STEP][PASSED] - Statement - return tvRoomId: null

2018-11-13 10:49:56 - [TEST_STEP][PASSED] - Statement - tvUniqueID = ""TEST" + index + "1C5A6BB5C57F"": null

2018-11-13 10:49:56 - [TEST_STEP][PASSED] - Statement - tvDiscovery = tvDiscovery + tvIp + generateMac(index) + tvResponse2 + tvRoomId + generateSnNumber(index) + tvResponse3 + tvUniqueID + tvResponse4: null

2018-11-13 10:49:56 - [TEST_STEP][PASSED] - Statement - macAddress = ","TVMACAddress":"1C:5A:6B:B5:C5:7F"": null

2018-11-13 10:49:56 - [TEST_STEP][PASSED] - Statement - If (index > 0 && index < 10): null

2018-11-13 10:49:56 - [TEST_STEP][PASSED] - Statement - macAddress = ","TVMACAddress":"" + index + "C:5A:6B:B5:C5:7F"": null

2018-11-13 10:49:56 - [TEST_STEP][PASSED] - Statement - return macAddress: null

2018-11-13 10:49:56 - [TEST_STEP][PASSED] - Statement - tvSerialNumber = ","TVSerialNumber":"FZ1A16140605" + index + """: null

2018-11-13 10:49:56 - [TEST_STEP][PASSED] - Statement - return tvSerialNumber: null

2018-11-13 10:49:56 - [TEST_STEP][PASSED] - Statement - println("tvDiscovery:" + tvDiscovery): null

2018-11-13 10:49:56 - [TEST_STEP][PASSED] - Statement - ro.setBodyContent(new com.kms.katalon.core.testobject.impl.HttpTextBodyContent(tvDiscovery)): null

2018-11-13 10:49:56 - [TEST_STEP][PASSED] - Statement - response = com.kms.katalon.core.webservice.keyword.WSBuiltInKeywords.sendRequest(ro): Send request successfully

2018-11-13 10:49:56 - [MESSAGE][PASSED] - Send request successfully

2018-11-13 10:49:56 - [TEST_STEP][PASSED] - Statement - responseStatusCode = response.getStatusCode(): null

2018-11-13 10:49:56 - [TEST_STEP][PASSED] - Statement - println("Response status code:" + responseStatusCode): null

2018-11-13 10:49:56 - [TEST_STEP][PASSED] - delay: Delayed 1 second(s)

2018-11-13 10:49:57 - [MESSAGE][PASSED] - Delayed 1 second(s)

2018-11-13 10:49:57 - [TEST_STEP][PASSED] - Statement - tvDiscovery = tvResponse1: null

2018-11-13 10:49:57 - [TEST_STEP][PASSED] - Statement - tvIp = """ + "10.0.23." + index + """: null

2018-11-13 10:49:57 - [TEST_STEP][PASSED] - Statement - tvRoomId = checkRoomId(index): null

2018-11-13 10:49:57 - [TEST_STEP][PASSED] - Statement - tvRoomId = ""00000"": null

2018-11-13 10:49:57 - [TEST_STEP][PASSED] - Statement - If (index > 0 && index < 10): null

2018-11-13 10:49:57 - [TEST_STEP][PASSED] - Statement - tvRoomId = ""0000" + index + """: null

2018-11-13 10:49:57 - [TEST_STEP][PASSED] - Statement - return tvRoomId: null

2018-11-13 10:49:57 - [TEST_STEP][PASSED] - Statement - tvUniqueID = ""TEST" + index + "1C5A6BB5C57F"": null

2018-11-13 10:49:57 - [TEST_STEP][PASSED] - Statement - tvDiscovery = tvDiscovery + tvIp + generateMac(index) + tvResponse2 + tvRoomId + generateSnNumber(index) + tvResponse3 + tvUniqueID + tvResponse4: null

2018-11-13 10:49:57 - [TEST_STEP][PASSED] - Statement - macAddress = ","TVMACAddress":"1C:5A:6B:B5:C5:7F"": null

2018-11-13 10:49:57 - [TEST_STEP][PASSED] - Statement - If (index > 0 && index < 10): null

2018-11-13 10:49:57 - [TEST_STEP][PASSED] - Statement - macAddress = ","TVMACAddress":"" + index + "C:5A:6B:B5:C5:7F"": null

2018-11-13 10:49:57 - [TEST_STEP][PASSED] - Statement - return macAddress: null

2018-11-13 10:49:57 - [TEST_STEP][PASSED] - Statement - tvSerialNumber = ","TVSerialNumber":"FZ1A16140605" + index + """: null

2018-11-13 10:49:57 - [TEST_STEP][PASSED] - Statement - return tvSerialNumber: null

2018-11-13 10:49:57 - [TEST_STEP][PASSED] - Statement - println("tvDiscovery:" + tvDiscovery): null

2018-11-13 10:49:57 - [TEST_STEP][PASSED] - Statement - ro.setBodyContent(new com.kms.katalon.core.testobject.impl.HttpTextBodyContent(tvDiscovery)): null

2018-11-13 10:49:57 - [TEST_STEP][PASSED] - Statement - response = com.kms.katalon.core.webservice.keyword.WSBuiltInKeywords.sendRequest(ro): Send request successfully

2018-11-13 10:49:58 - [MESSAGE][PASSED] - Send request successfully

2018-11-13 10:49:58 - [TEST_STEP][PASSED] - Statement - responseStatusCode = response.getStatusCode(): null

2018-11-13 10:49:58 - [TEST_STEP][PASSED] - Statement - println("Response status code:" + responseStatusCode): null

2018-11-13 10:49:58 - [TEST_STEP][PASSED] - delay: Delayed 1 second(s)

2018-11-13 10:49:59 - [MESSAGE][PASSED] - Delayed 1 second(s)

2018-11-13 10:49:59 - [TEST_STEP][PASSED] - Statement - tvDiscovery = tvResponse1: null

2018-11-13 10:49:59 - [TEST_STEP][PASSED] - Statement - tvIp = """ + "10.0.23." + index + """: null

2018-11-13 10:49:59 - [TEST_STEP][PASSED] - Statement - tvRoomId = checkRoomId(index): null

2018-11-13 10:49:59 - [TEST_STEP][PASSED] - Statement - tvRoomId = ""00000"": null

2018-11-13 10:49:59 - [TEST_STEP][PASSED] - Statement - If (index > 0 && index < 10): null

2018-11-13 10:49:59 - [TEST_STEP][PASSED] - Statement - tvRoomId = ""0000" + index + """: null

2018-11-13 10:49:59 - [TEST_STEP][PASSED] - Statement - return tvRoomId: null

2018-11-13 10:49:59 - [TEST_STEP][PASSED] - Statement - tvUniqueID = ""TEST" + index + "1C5A6BB5C57F"": null

2018-11-13 10:49:59 - [TEST_STEP][PASSED] - Statement - tvDiscovery = tvDiscovery + tvIp + generateMac(index) + tvResponse2 + tvRoomId + generateSnNumber(index) + tvResponse3 + tvUniqueID + tvResponse4: null

2018-11-13 10:49:59 - [TEST_STEP][PASSED] - Statement - macAddress = ","TVMACAddress":"1C:5A:6B:B5:C5:7F"": null

2018-11-13 10:49:59 - [TEST_STEP][PASSED] - Statement - If (index > 0 && index < 10): null

2018-11-13 10:49:59 - [TEST_STEP][PASSED] - Statement - macAddress = ","TVMACAddress":"" + index + "C:5A:6B:B5:C5:7F"": null

2018-11-13 10:49:59 - [TEST_STEP][PASSED] - Statement - return macAddress: null

2018-11-13 10:49:59 - [TEST_STEP][PASSED] - Statement - tvSerialNumber = ","TVSerialNumber":"FZ1A16140605" + index + """: null

2018-11-13 10:49:59 - [TEST_STEP][PASSED] - Statement - return tvSerialNumber: null

2018-11-13 10:49:59 - [TEST_STEP][PASSED] - Statement - println("tvDiscovery:" + tvDiscovery): null

2018-11-13 10:49:59 - [TEST_STEP][PASSED] - Statement - ro.setBodyContent(new com.kms.katalon.core.testobject.impl.HttpTextBodyContent(tvDiscovery)): null

2018-11-13 10:49:59 - [TEST_STEP][PASSED] - Statement - response = com.kms.katalon.core.webservice.keyword.WSBuiltInKeywords.sendRequest(ro): Send request successfully

2018-11-13 10:49:59 - [MESSAGE][PASSED] - Send request successfully

2018-11-13 10:49:59 - [TEST_STEP][PASSED] - Statement - responseStatusCode = response.getStatusCode(): null

2018-11-13 10:49:59 - [TEST_STEP][PASSED] - Statement - println("Response status code:" + responseStatusCode): null

2018-11-13 10:49:59 - [TEST_STEP][PASSED] - delay: Delayed 1 second(s)

2018-11-13 10:50:00 - [MESSAGE][PASSED] - Delayed 1 second(s)

2018-11-13 10:50:00 - [TEST_STEP][PASSED] - Statement - tvDiscovery = tvResponse1: null

2018-11-13 10:50:00 - [TEST_STEP][PASSED] - Statement - tvIp = """ + "10.0.23." + index + """: null

2018-11-13 10:50:00 - [TEST_STEP][PASSED] - Statement - tvRoomId = checkRoomId(index): null

2018-11-13 10:50:00 - [TEST_STEP][PASSED] - Statement - tvRoomId = ""00000"": null

2018-11-13 10:50:00 - [TEST_STEP][PASSED] - Statement - If (index > 0 && index < 10): null

2018-11-13 10:50:00 - [TEST_STEP][PASSED] - Statement - tvRoomId = ""0000" + index + """: null

2018-11-13 10:50:00 - [TEST_STEP][PASSED] - Statement - return tvRoomId: null

2018-11-13 10:50:00 - [TEST_STEP][PASSED] - Statement - tvUniqueID = ""TEST" + index + "1C5A6BB5C57F"": null

2018-11-13 10:50:00 - [TEST_STEP][PASSED] - Statement - tvDiscovery = tvDiscovery + tvIp + generateMac(index) + tvResponse2 + tvRoomId + generateSnNumber(index) + tvResponse3 + tvUniqueID + tvResponse4: null

2018-11-13 10:50:00 - [TEST_STEP][PASSED] - Statement - macAddress = ","TVMACAddress":"1C:5A:6B:B5:C5:7F"": null

2018-11-13 10:50:00 - [TEST_STEP][PASSED] - Statement - If (index > 0 && index < 10): null

2018-11-13 10:50:00 - [TEST_STEP][PASSED] - Statement - macAddress = ","TVMACAddress":"" + index + "C:5A:6B:B5:C5:7F"": null

2018-11-13 10:50:00 - [TEST_STEP][PASSED] - Statement - return macAddress: null

2018-11-13 10:50:00 - [TEST_STEP][PASSED] - Statement - tvSerialNumber = ","TVSerialNumber":"FZ1A16140605" + index + """: null

2018-11-13 10:50:00 - [TEST_STEP][PASSED] - Statement - return tvSerialNumber: null

2018-11-13 10:50:00 - [TEST_STEP][PASSED] - Statement - println("tvDiscovery:" + tvDiscovery): null

2018-11-13 10:50:00 - [TEST_STEP][PASSED] - Statement - ro.setBodyContent(new com.kms.katalon.core.testobject.impl.HttpTextBodyContent(tvDiscovery)): null

2018-11-13 10:50:00 - [TEST_STEP][PASSED] - Statement - response = com.kms.katalon.core.webservice.keyword.WSBuiltInKeywords.sendRequest(ro): Send request successfully

2018-11-13 10:50:01 - [MESSAGE][PASSED] - Send request successfully

2018-11-13 10:50:01 - [TEST_STEP][PASSED] - Statement - responseStatusCode = response.getStatusCode(): null

2018-11-13 10:50:01 - [TEST_STEP][PASSED] - Statement - println("Response status code:" + responseStatusCode): null

2018-11-13 10:50:01 - [TEST_STEP][PASSED] - delay: Delayed 1 second(s)

2018-11-13 10:50:02 - [MESSAGE][PASSED] - Delayed 1 second(s)

2018-11-13 10:50:02 - [TEST_STEP][PASSED] - Statement - tvDiscovery = tvResponse1: null

2018-11-13 10:50:02 - [TEST_STEP][PASSED] - Statement - tvIp = """ + "10.0.23." + index + """: null

2018-11-13 10:50:02 - [TEST_STEP][PASSED] - Statement - tvRoomId = checkRoomId(index): null

2018-11-13 10:50:02 - [TEST_STEP][PASSED] - Statement - tvRoomId = ""00000"": null

2018-11-13 10:50:02 - [TEST_STEP][PASSED] - Statement - If (index > 0 && index < 10): null

2018-11-13 10:50:02 - [TEST_STEP][PASSED] - Statement - tvRoomId = ""0000" + index + """: null

2018-11-13 10:50:02 - [TEST_STEP][PASSED] - Statement - return tvRoomId: null

2018-11-13 10:50:02 - [TEST_STEP][PASSED] - Statement - tvUniqueID = ""TEST" + index + "1C5A6BB5C57F"": null

2018-11-13 10:50:02 - [TEST_STEP][PASSED] - Statement - tvDiscovery = tvDiscovery + tvIp + generateMac(index) + tvResponse2 + tvRoomId + generateSnNumber(index) + tvResponse3 + tvUniqueID + tvResponse4: null

2018-11-13 10:50:02 - [TEST_STEP][PASSED] - Statement - macAddress = ","TVMACAddress":"1C:5A:6B:B5:C5:7F"": null

2018-11-13 10:50:02 - [TEST_STEP][PASSED] - Statement - If (index > 0 && index < 10): null

2018-11-13 10:50:02 - [TEST_STEP][PASSED] - Statement - macAddress = ","TVMACAddress":"" + index + "C:5A:6B:B5:C5:7F"": null

2018-11-13 10:50:02 - [TEST_STEP][PASSED] - Statement - return macAddress: null

2018-11-13 10:50:02 - [TEST_STEP][PASSED] - Statement - tvSerialNumber = ","TVSerialNumber":"FZ1A16140605" + index + """: null

2018-11-13 10:50:02 - [TEST_STEP][PASSED] - Statement - return tvSerialNumber: null

2018-11-13 10:50:02 - [TEST_STEP][PASSED] - Statement - println("tvDiscovery:" + tvDiscovery): null

2018-11-13 10:50:02 - [TEST_STEP][PASSED] - Statement - ro.setBodyContent(new com.kms.katalon.core.testobject.impl.HttpTextBodyContent(tvDiscovery)): null

2018-11-13 10:50:02 - [TEST_STEP][PASSED] - Statement - response = com.kms.katalon.core.webservice.keyword.WSBuiltInKeywords.sendRequest(ro): Send request successfully

2018-11-13 10:50:03 - [MESSAGE][PASSED] - Send request successfully

2018-11-13 10:50:03 - [TEST_STEP][PASSED] - Statement - responseStatusCode = response.getStatusCode(): null

2018-11-13 10:50:03 - [TEST_STEP][PASSED] - Statement - println("Response status code:" + responseStatusCode): null

2018-11-13 10:50:03 - [TEST_STEP][PASSED] - delay: Delayed 1 second(s)

2018-11-13 10:50:04 - [MESSAGE][PASSED] - Delayed 1 second(s)

2018-11-13 10:50:04 - [TEST_STEP][PASSED] - Statement - tvDiscovery = tvResponse1: null

2018-11-13 10:50:04 - [TEST_STEP][PASSED] - Statement - tvIp = """ + "10.0.23." + index + """: null

2018-11-13 10:50:04 - [TEST_STEP][PASSED] - Statement - tvRoomId = checkRoomId(index): null

2018-11-13 10:50:04 - [TEST_STEP][PASSED] - Statement - tvRoomId = ""00000"": null

2018-11-13 10:50:04 - [TEST_STEP][PASSED] - Statement - If (index > 0 && index < 10): null

2018-11-13 10:50:04 - [TEST_STEP][PASSED] - Statement - tvRoomId = ""0000" + index + """: null

2018-11-13 10:50:04 - [TEST_STEP][PASSED] - Statement - return tvRoomId: null

2018-11-13 10:50:04 - [TEST_STEP][PASSED] - Statement - tvUniqueID = ""TEST" + index + "1C5A6BB5C57F"": null

2018-11-13 10:50:04 - [TEST_STEP][PASSED] - Statement - tvDiscovery = tvDiscovery + tvIp + generateMac(index) + tvResponse2 + tvRoomId + generateSnNumber(index) + tvResponse3 + tvUniqueID + tvResponse4: null

2018-11-13 10:50:04 - [TEST_STEP][PASSED] - Statement - macAddress = ","TVMACAddress":"1C:5A:6B:B5:C5:7F"": null

2018-11-13 10:50:04 - [TEST_STEP][PASSED] - Statement - If (index > 0 && index < 10): null

2018-11-13 10:50:04 - [TEST_STEP][PASSED] - Statement - macAddress = ","TVMACAddress":"" + index + "C:5A:6B:B5:C5:7F"": null

2018-11-13 10:50:04 - [TEST_STEP][PASSED] - Statement - return macAddress: null

2018-11-13 10:50:04 - [TEST_STEP][PASSED] - Statement - tvSerialNumber = ","TVSerialNumber":"FZ1A16140605" + index + """: null

2018-11-13 10:50:04 - [TEST_STEP][PASSED] - Statement - return tvSerialNumber: null

2018-11-13 10:50:04 - [TEST_STEP][PASSED] - Statement - println("tvDiscovery:" + tvDiscovery): null

2018-11-13 10:50:04 - [TEST_STEP][PASSED] - Statement - ro.setBodyContent(new com.kms.katalon.core.testobject.impl.HttpTextBodyContent(tvDiscovery)): null

2018-11-13 10:50:04 - [TEST_STEP][PASSED] - Statement - response = com.kms.katalon.core.webservice.keyword.WSBuiltInKeywords.sendRequest(ro): Send request successfully

2018-11-13 10:50:04 - [MESSAGE][PASSED] - Send request successfully

2018-11-13 10:50:04 - [TEST_STEP][PASSED] - Statement - responseStatusCode = response.getStatusCode(): null

2018-11-13 10:50:04 - [TEST_STEP][PASSED] - Statement - println("Response status code:" + responseStatusCode): null

2018-11-13 10:50:04 - [TEST_STEP][PASSED] - delay: Delayed 1 second(s)

2018-11-13 10:50:05 - [MESSAGE][PASSED] - Delayed 1 second(s)

2018-11-13 10:50:05 - [TEST_STEP][PASSED] - Statement - tvDiscovery = tvResponse1: null

2018-11-13 10:50:05 - [TEST_STEP][PASSED] - Statement - tvIp = """ + "10.0.23." + index + """: null

2018-11-13 10:50:05 - [TEST_STEP][PASSED] - Statement - tvRoomId = checkRoomId(index): null

2018-11-13 10:50:05 - [TEST_STEP][PASSED] - Statement - tvRoomId = ""00000"": null

2018-11-13 10:50:05 - [TEST_STEP][PASSED] - Statement - If (index > 0 && index < 10): null

2018-11-13 10:50:05 - [TEST_STEP][PASSED] - Statement - tvRoomId = ""0000" + index + """: null

2018-11-13 10:50:05 - [TEST_STEP][PASSED] - Statement - return tvRoomId: null

2018-11-13 10:50:05 - [TEST_STEP][PASSED] - Statement - tvUniqueID = ""TEST" + index + "1C5A6BB5C57F"": null

2018-11-13 10:50:05 - [TEST_STEP][PASSED] - Statement - tvDiscovery = tvDiscovery + tvIp + generateMac(index) + tvResponse2 + tvRoomId + generateSnNumber(index) + tvResponse3 + tvUniqueID + tvResponse4: null

2018-11-13 10:50:05 - [TEST_STEP][PASSED] - Statement - macAddress = ","TVMACAddress":"1C:5A:6B:B5:C5:7F"": null

2018-11-13 10:50:05 - [TEST_STEP][PASSED] - Statement - If (index > 0 && index < 10): null

2018-11-13 10:50:05 - [TEST_STEP][PASSED] - Statement - macAddress = ","TVMACAddress":"" + index + "C:5A:6B:B5:C5:7F"": null

2018-11-13 10:50:05 - [TEST_STEP][PASSED] - Statement - return macAddress: null

2018-11-13 10:50:05 - [TEST_STEP][PASSED] - Statement - tvSerialNumber = ","TVSerialNumber":"FZ1A16140605" + index + """: null

2018-11-13 10:50:05 - [TEST_STEP][PASSED] - Statement - return tvSerialNumber: null

2018-11-13 10:50:05 - [TEST_STEP][PASSED] - Statement - println("tvDiscovery:" + tvDiscovery): null

2018-11-13 10:50:05 - [TEST_STEP][PASSED] - Statement - ro.setBodyContent(new com.kms.katalon.core.testobject.impl.HttpTextBodyContent(tvDiscovery)): null

2018-11-13 10:50:05 - [TEST_STEP][PASSED] - Statement - response = com.kms.katalon.core.webservice.keyword.WSBuiltInKeywords.sendRequest(ro): Send request successfully

2018-11-13 10:50:06 - [MESSAGE][PASSED] - Send request successfully

2018-11-13 10:50:06 - [TEST_STEP][PASSED] - Statement - responseStatusCode = response.getStatusCode(): null

2018-11-13 10:50:06 - [TEST_STEP][PASSED] - Statement - println("Response status code:" + responseStatusCode): null

2018-11-13 10:50:06 - [TEST_STEP][PASSED] - delay: Delayed 1 second(s)

2018-11-13 10:50:07 - [MESSAGE][PASSED] - Delayed 1 second(s)

2018-11-13 10:50:07 - [TEST_STEP][PASSED] - Statement - tvDiscovery = tvResponse1: null

2018-11-13 10:50:07 - [TEST_STEP][PASSED] - Statement - tvIp = """ + "10.0.23." + index + """: null

2018-11-13 10:50:07 - [TEST_STEP][PASSED] - Statement - tvRoomId = checkRoomId(index): null

2018-11-13 10:50:07 - [TEST_STEP][PASSED] - Statement - tvRoomId = ""00000"": null

2018-11-13 10:50:07 - [TEST_STEP][PASSED] - Statement - If (index > 0 && index < 10): null

2018-11-13 10:50:07 - [TEST_STEP][PASSED] - Statement - Else If (index >= 10 && index < 100): null

2018-11-13 10:50:07 - [TEST_STEP][PASSED] - Statement - tvRoomId = ""000" + index + """: null

2018-11-13 10:50:07 - [TEST_STEP][PASSED] - Statement - return tvRoomId: null

2018-11-13 10:50:07 - [TEST_STEP][PASSED] - Statement - tvUniqueID = ""TEST" + index + "1C5A6BB5C57F"": null

2018-11-13 10:50:07 - [TEST_STEP][PASSED] - Statement - tvDiscovery = tvDiscovery + tvIp + generateMac(index) + tvResponse2 + tvRoomId + generateSnNumber(index) + tvResponse3 + tvUniqueID + tvResponse4: null

2018-11-13 10:50:07 - [TEST_STEP][PASSED] - Statement - macAddress = ","TVMACAddress":"1C:5A:6B:B5:C5:7F"": null

2018-11-13 10:50:07 - [TEST_STEP][PASSED] - Statement - If (index > 0 && index < 10): null

2018-11-13 10:50:07 - [TEST_STEP][PASSED] - Statement - Else If (index >= 10 && index < 100): null

2018-11-13 10:50:07 - [TEST_STEP][PASSED] - Statement - macAddress = ","TVMACAddress":"1C:" + index % 10 + "A:6B:B5:C5:7F"": null

2018-11-13 10:50:07 - [TEST_STEP][PASSED] - Statement - return macAddress: null

2018-11-13 10:50:07 - [TEST_STEP][PASSED] - Statement - tvSerialNumber = ","TVSerialNumber":"FZ1A16140605" + index + """: null

2018-11-13 10:50:07 - [TEST_STEP][PASSED] - Statement - return tvSerialNumber: null

2018-11-13 10:50:07 - [TEST_STEP][PASSED] - Statement - println("tvDiscovery:" + tvDiscovery): null

2018-11-13 10:50:07 - [TEST_STEP][PASSED] - Statement - ro.setBodyContent(new com.kms.katalon.core.testobject.impl.HttpTextBodyContent(tvDiscovery)): null

2018-11-13 10:50:07 - [TEST_STEP][PASSED] - Statement - response = com.kms.katalon.core.webservice.keyword.WSBuiltInKeywords.sendRequest(ro): Send request successfully

2018-11-13 10:50:07 - [MESSAGE][PASSED] - Send request successfully

2018-11-13 10:50:07 - [TEST_STEP][PASSED] - Statement - responseStatusCode = response.getStatusCode(): null

2018-11-13 10:50:07 - [TEST_STEP][PASSED] - Statement - println("Response status code:" + responseStatusCode): null

2018-11-13 10:50:07 - [TEST_STEP][PASSED] - delay: Delayed 1 second(s)

2018-11-13 10:50:08 - [MESSAGE][PASSED] - Delayed 1 second(s)

2018-11-13 10:50:08 - [TEST_STEP][PASSED] - Statement - tvDiscovery = tvResponse1: null

2018-11-13 10:50:08 - [TEST_STEP][PASSED] - Statement - tvIp = """ + "10.0.23." + index + """: null

2018-11-13 10:50:08 - [TEST_STEP][PASSED] - Statement - tvRoomId = checkRoomId(index): null

2018-11-13 10:50:08 - [TEST_STEP][PASSED] - Statement - tvRoomId = ""00000"": null

2018-11-13 10:50:08 - [TEST_STEP][PASSED] - Statement - If (index > 0 && index < 10): null

2018-11-13 10:50:08 - [TEST_STEP][PASSED] - Statement - Else If (index >= 10 && index < 100): null

2018-11-13 10:50:08 - [TEST_STEP][PASSED] - Statement - tvRoomId = ""000" + index + """: null

2018-11-13 10:50:08 - [TEST_STEP][PASSED] - Statement - return tvRoomId: null

2018-11-13 10:50:08 - [TEST_STEP][PASSED] - Statement - tvUniqueID = ""TEST" + index + "1C5A6BB5C57F"": null

2018-11-13 10:50:08 - [TEST_STEP][PASSED] - Statement - tvDiscovery = tvDiscovery + tvIp + generateMac(index) + tvResponse2 + tvRoomId + generateSnNumber(index) + tvResponse3 + tvUniqueID + tvResponse4: null

2018-11-13 10:50:08 - [TEST_STEP][PASSED] - Statement - macAddress = ","TVMACAddress":"1C:5A:6B:B5:C5:7F"": null

2018-11-13 10:50:08 - [TEST_STEP][PASSED] - Statement - If (index > 0 && index < 10): null

2018-11-13 10:50:08 - [TEST_STEP][PASSED] - Statement - Else If (index >= 10 && index < 100): null

2018-11-13 10:50:08 - [TEST_STEP][PASSED] - Statement - macAddress = ","TVMACAddress":"1C:" + index % 10 + "A:6B:B5:C5:7F"": null

2018-11-13 10:50:08 - [TEST_STEP][PASSED] - Statement - return macAddress: null

2018-11-13 10:50:08 - [TEST_STEP][PASSED] - Statement - tvSerialNumber = ","TVSerialNumber":"FZ1A16140605" + index + """: null

2018-11-13 10:50:08 - [TEST_STEP][PASSED] - Statement - return tvSerialNumber: null

2018-11-13 10:50:08 - [TEST_STEP][PASSED] - Statement - println("tvDiscovery:" + tvDiscovery): null

2018-11-13 10:50:09 - [TEST_STEP][PASSED] - Statement - ro.setBodyContent(new com.kms.katalon.core.testobject.impl.HttpTextBodyContent(tvDiscovery)): null

2018-11-13 10:50:09 - [TEST_STEP][PASSED] - Statement - response = com.kms.katalon.core.webservice.keyword.WSBuiltInKeywords.sendRequest(ro): Send request successfully

2018-11-13 10:50:09 - [MESSAGE][PASSED] - Send request successfully

2018-11-13 10:50:09 - [TEST_STEP][PASSED] - Statement - responseStatusCode = response.getStatusCode(): null

2018-11-13 10:50:09 - [TEST_STEP][PASSED] - Statement - println("Response status code:" + responseStatusCode): null

2018-11-13 10:50:09 - [TEST_STEP][PASSED] - delay: Delayed 1 second(s)

2018-11-13 10:50:10 - [MESSAGE][PASSED] - Delayed 1 second(s)

2018-11-13 10:50:10 - [TEST_STEP][PASSED] - Statement - tvDiscovery = tvResponse1: null

2018-11-13 10:50:10 - [TEST_STEP][PASSED] - Statement - tvIp = """ + "10.0.23." + index + """: null

2018-11-13 10:50:10 - [TEST_STEP][PASSED] - Statement - tvRoomId = checkRoomId(index): null

2018-11-13 10:50:10 - [TEST_STEP][PASSED] - Statement - tvRoomId = ""00000"": null

2018-11-13 10:50:10 - [TEST_STEP][PASSED] - Statement - If (index > 0 && index < 10): null

2018-11-13 10:50:10 - [TEST_STEP][PASSED] - Statement - Else If (index >= 10 && index < 100): null

2018-11-13 10:50:10 - [TEST_STEP][PASSED] - Statement - tvRoomId = ""000" + index + """: null

2018-11-13 10:50:10 - [TEST_STEP][PASSED] - Statement - return tvRoomId: null

2018-11-13 10:50:10 - [TEST_STEP][PASSED] - Statement - tvUniqueID = ""TEST" + index + "1C5A6BB5C57F"": null

2018-11-13 10:50:10 - [TEST_STEP][PASSED] - Statement - tvDiscovery = tvDiscovery + tvIp + generateMac(index) + tvResponse2 + tvRoomId + generateSnNumber(index) + tvResponse3 + tvUniqueID + tvResponse4: null

2018-11-13 10:50:10 - [TEST_STEP][PASSED] - Statement - macAddress = ","TVMACAddress":"1C:5A:6B:B5:C5:7F"": null

2018-11-13 10:50:10 - [TEST_STEP][PASSED] - Statement - If (index > 0 && index < 10): null

2018-11-13 10:50:10 - [TEST_STEP][PASSED] - Statement - Else If (index >= 10 && index < 100): null

2018-11-13 10:50:10 - [TEST_STEP][PASSED] - Statement - macAddress = ","TVMACAddress":"1C:" + index % 10 + "A:6B:B5:C5:7F"": null

2018-11-13 10:50:10 - [TEST_STEP][PASSED] - Statement - return macAddress: null

2018-11-13 10:50:10 - [TEST_STEP][PASSED] - Statement - tvSerialNumber = ","TVSerialNumber":"FZ1A16140605" + index + """: null

2018-11-13 10:50:10 - [TEST_STEP][PASSED] - Statement - return tvSerialNumber: null

2018-11-13 10:50:10 - [TEST_STEP][PASSED] - Statement - println("tvDiscovery:" + tvDiscovery): null

2018-11-13 10:50:10 - [TEST_STEP][PASSED] - Statement - ro.setBodyContent(new com.kms.katalon.core.testobject.impl.HttpTextBodyContent(tvDiscovery)): null

2018-11-13 10:50:10 - [TEST_STEP][PASSED] - Statement - response = com.kms.katalon.core.webservice.keyword.WSBuiltInKeywords.sendRequest(ro): Send request successfully

2018-11-13 10:50:10 - [MESSAGE][PASSED] - Send request successfully

2018-11-13 10:50:10 - [TEST_STEP][PASSED] - Statement - responseStatusCode = response.getStatusCode(): null

2018-11-13 10:50:10 - [TEST_STEP][PASSED] - Statement - println("Response status code:" + responseStatusCode): null

2018-11-13 10:50:10 - [TEST_STEP][PASSED] - delay: Delayed 1 second(s)

2018-11-13 10:50:11 - [MESSAGE][PASSED] - Delayed 1 second(s)

2018-11-13 10:50:11 - [TEST_STEP][PASSED] - Statement - tvDiscovery = tvResponse1: null

2018-11-13 10:50:11 - [TEST_STEP][PASSED] - Statement - tvIp = """ + "10.0.23." + index + """: null

2018-11-13 10:50:11 - [TEST_STEP][PASSED] - Statement - tvRoomId = checkRoomId(index): null

2018-11-13 10:50:11 - [TEST_STEP][PASSED] - Statement - tvRoomId = ""00000"": null

2018-11-13 10:50:11 - [TEST_STEP][PASSED] - Statement - If (index > 0 && index < 10): null

2018-11-13 10:50:11 - [TEST_STEP][PASSED] - Statement - Else If (index >= 10 && index < 100): null

2018-11-13 10:50:11 - [TEST_STEP][PASSED] - Statement - tvRoomId = ""000" + index + """: null

2018-11-13 10:50:11 - [TEST_STEP][PASSED] - Statement - return tvRoomId: null

2018-11-13 10:50:11 - [TEST_STEP][PASSED] - Statement - tvUniqueID = ""TEST" + index + "1C5A6BB5C57F"": null

2018-11-13 10:50:11 - [TEST_STEP][PASSED] - Statement - tvDiscovery = tvDiscovery + tvIp + generateMac(index) + tvResponse2 + tvRoomId + generateSnNumber(index) + tvResponse3 + tvUniqueID + tvResponse4: null

2018-11-13 10:50:11 - [TEST_STEP][PASSED] - Statement - macAddress = ","TVMACAddress":"1C:5A:6B:B5:C5:7F"": null

2018-11-13 10:50:11 - [TEST_STEP][PASSED] - Statement - If (index > 0 && index < 10): null

2018-11-13 10:50:11 - [TEST_STEP][PASSED] - Statement - Else If (index >= 10 && index < 100): null

2018-11-13 10:50:11 - [TEST_STEP][PASSED] - Statement - macAddress = ","TVMACAddress":"1C:" + index % 10 + "A:6B:B5:C5:7F"": null

2018-11-13 10:50:11 - [TEST_STEP][PASSED] - Statement - return macAddress: null

2018-11-13 10:50:11 - [TEST_STEP][PASSED] - Statement - tvSerialNumber = ","TVSerialNumber":"FZ1A16140605" + index + """: null

2018-11-13 10:50:11 - [TEST_STEP][PASSED] - Statement - return tvSerialNumber: null

2018-11-13 10:50:11 - [TEST_STEP][PASSED] - Statement - println("tvDiscovery:" + tvDiscovery): null

2018-11-13 10:50:11 - [TEST_STEP][PASSED] - Statement - ro.setBodyContent(new com.kms.katalon.core.testobject.impl.HttpTextBodyContent(tvDiscovery)): null

2018-11-13 10:50:11 - [TEST_STEP][PASSED] - Statement - response = com.kms.katalon.core.webservice.keyword.WSBuiltInKeywords.sendRequest(ro): Send request successfully

2018-11-13 10:50:12 - [MESSAGE][PASSED] - Send request successfully

2018-11-13 10:50:12 - [TEST_STEP][PASSED] - Statement - responseStatusCode = response.getStatusCode(): null

2018-11-13 10:50:12 - [TEST_STEP][PASSED] - Statement - println("Response status code:" + responseStatusCode): null

2018-11-13 10:50:12 - [TEST_STEP][PASSED] - delay: Delayed 1 second(s)

2018-11-13 10:50:13 - [MESSAGE][PASSED] - Delayed 1 second(s)

2018-11-13 10:50:13 - [TEST_STEP][PASSED] - Statement - tvDiscovery = tvResponse1: null

2018-11-13 10:50:13 - [TEST_STEP][PASSED] - Statement - tvIp = """ + "10.0.23." + index + """: null

2018-11-13 10:50:13 - [TEST_STEP][PASSED] - Statement - tvRoomId = checkRoomId(index): null

2018-11-13 10:50:13 - [TEST_STEP][PASSED] - Statement - tvRoomId = ""00000"": null

2018-11-13 10:50:13 - [TEST_STEP][PASSED] - Statement - If (index > 0 && index < 10): null

2018-11-13 10:50:13 - [TEST_STEP][PASSED] - Statement - Else If (index >= 10 && index < 100): null

2018-11-13 10:50:13 - [TEST_STEP][PASSED] - Statement - tvRoomId = ""000" + index + """: null

2018-11-13 10:50:13 - [TEST_STEP][PASSED] - Statement - return tvRoomId: null

2018-11-13 10:50:13 - [TEST_STEP][PASSED] - Statement - tvUniqueID = ""TEST" + index + "1C5A6BB5C57F"": null

2018-11-13 10:50:13 - [TEST_STEP][PASSED] - Statement - tvDiscovery = tvDiscovery + tvIp + generateMac(index) + tvResponse2 + tvRoomId + generateSnNumber(index) + tvResponse3 + tvUniqueID + tvResponse4: null

2018-11-13 10:50:13 - [TEST_STEP][PASSED] - Statement - macAddress = ","TVMACAddress":"1C:5A:6B:B5:C5:7F"": null

2018-11-13 10:50:13 - [TEST_STEP][PASSED] - Statement - If (index > 0 && index < 10): null

2018-11-13 10:50:13 - [TEST_STEP][PASSED] - Statement - Else If (index >= 10 && index < 100): null

2018-11-13 10:50:13 - [TEST_STEP][PASSED] - Statement - macAddress = ","TVMACAddress":"1C:" + index % 10 + "A:6B:B5:C5:7F"": null

2018-11-13 10:50:13 - [TEST_STEP][PASSED] - Statement - return macAddress: null

2018-11-13 10:50:13 - [TEST_STEP][PASSED] - Statement - tvSerialNumber = ","TVSerialNumber":"FZ1A16140605" + index + """: null

2018-11-13 10:50:13 - [TEST_STEP][PASSED] - Statement - return tvSerialNumber: null

2018-11-13 10:50:13 - [TEST_STEP][PASSED] - Statement - println("tvDiscovery:" + tvDiscovery): null

2018-11-13 10:50:13 - [TEST_STEP][PASSED] - Statement - ro.setBodyContent(new com.kms.katalon.core.testobject.impl.HttpTextBodyContent(tvDiscovery)): null

2018-11-13 10:50:13 - [TEST_STEP][PASSED] - Statement - response = com.kms.katalon.core.webservice.keyword.WSBuiltInKeywords.sendRequest(ro): Send request successfully

2018-11-13 10:50:13 - [MESSAGE][PASSED] - Send request successfully

2018-11-13 10:50:13 - [TEST_STEP][PASSED] - Statement - responseStatusCode = response.getStatusCode(): null

2018-11-13 10:50:13 - [TEST_STEP][PASSED] - Statement - println("Response status code:" + responseStatusCode): null

2018-11-13 10:50:13 - [TEST_STEP][PASSED] - delay: Delayed 1 second(s)

2018-11-13 10:50:14 - [MESSAGE][PASSED] - Delayed 1 second(s)

2018-11-13 10:50:14 - [TEST_STEP][PASSED] - Statement - tvDiscovery = tvResponse1: null

2018-11-13 10:50:14 - [TEST_STEP][PASSED] - Statement - tvIp = """ + "10.0.23." + index + """: null

2018-11-13 10:50:14 - [TEST_STEP][PASSED] - Statement - tvRoomId = checkRoomId(index): null

2018-11-13 10:50:14 - [TEST_STEP][PASSED] - Statement - tvRoomId = ""00000"": null

2018-11-13 10:50:14 - [TEST_STEP][PASSED] - Statement - If (index > 0 && index < 10): null

2018-11-13 10:50:14 - [TEST_STEP][PASSED] - Statement - Else If (index >= 10 && index < 100): null

2018-11-13 10:50:14 - [TEST_STEP][PASSED] - Statement - tvRoomId = ""000" + index + """: null

2018-11-13 10:50:14 - [TEST_STEP][PASSED] - Statement - return tvRoomId: null

2018-11-13 10:50:14 - [TEST_STEP][PASSED] - Statement - tvUniqueID = ""TEST" + index + "1C5A6BB5C57F"": null

2018-11-13 10:50:14 - [TEST_STEP][PASSED] - Statement - tvDiscovery = tvDiscovery + tvIp + generateMac(index) + tvResponse2 + tvRoomId + generateSnNumber(index) + tvResponse3 + tvUniqueID + tvResponse4: null

2018-11-13 10:50:14 - [TEST_STEP][PASSED] - Statement - macAddress = ","TVMACAddress":"1C:5A:6B:B5:C5:7F"": null

2018-11-13 10:50:14 - [TEST_STEP][PASSED] - Statement - If (index > 0 && index < 10): null

2018-11-13 10:50:14 - [TEST_STEP][PASSED] - Statement - Else If (index >= 10 && index < 100): null

2018-11-13 10:50:14 - [TEST_STEP][PASSED] - Statement - macAddress = ","TVMACAddress":"1C:" + index % 10 + "A:6B:B5:C5:7F"": null

2018-11-13 10:50:14 - [TEST_STEP][PASSED] - Statement - return macAddress: null

2018-11-13 10:50:14 - [TEST_STEP][PASSED] - Statement - tvSerialNumber = ","TVSerialNumber":"FZ1A16140605" + index + """: null

2018-11-13 10:50:14 - [TEST_STEP][PASSED] - Statement - return tvSerialNumber: null

2018-11-13 10:50:14 - [TEST_STEP][PASSED] - Statement - println("tvDiscovery:" + tvDiscovery): null

2018-11-13 10:50:14 - [TEST_STEP][PASSED] - Statement - ro.setBodyContent(new com.kms.katalon.core.testobject.impl.HttpTextBodyContent(tvDiscovery)): null

2018-11-13 10:50:14 - [TEST_STEP][PASSED] - Statement - response = com.kms.katalon.core.webservice.keyword.WSBuiltInKeywords.sendRequest(ro): Send request successfully

2018-11-13 10:50:15 - [MESSAGE][PASSED] - Send request successfully

2018-11-13 10:50:15 - [TEST_STEP][PASSED] - Statement - responseStatusCode = response.getStatusCode(): null

2018-11-13 10:50:15 - [TEST_STEP][PASSED] - Statement - println("Response status code:" + responseStatusCode): null

2018-11-13 10:50:15 - [TEST_STEP][PASSED] - delay: Delayed 1 second(s)

2018-11-13 10:50:16 - [MESSAGE][PASSED] - Delayed 1 second(s)

2018-11-13 10:50:16 - [TEST_STEP][PASSED] - Statement - tvDiscovery = tvResponse1: null

2018-11-13 10:50:16 - [TEST_STEP][PASSED] - Statement - tvIp = """ + "10.0.23." + index + """: null

2018-11-13 10:50:16 - [TEST_STEP][PASSED] - Statement - tvRoomId = checkRoomId(index): null

2018-11-13 10:50:16 - [TEST_STEP][PASSED] - Statement - tvRoomId = ""00000"": null

2018-11-13 10:50:16 - [TEST_STEP][PASSED] - Statement - If (index > 0 && index < 10): null

2018-11-13 10:50:16 - [TEST_STEP][PASSED] - Statement - Else If (index >= 10 && index < 100): null

2018-11-13 10:50:16 - [TEST_STEP][PASSED] - Statement - tvRoomId = ""000" + index + """: null

2018-11-13 10:50:16 - [TEST_STEP][PASSED] - Statement - return tvRoomId: null

2018-11-13 10:50:16 - [TEST_STEP][PASSED] - Statement - tvUniqueID = ""TEST" + index + "1C5A6BB5C57F"": null

2018-11-13 10:50:16 - [TEST_STEP][PASSED] - Statement - tvDiscovery = tvDiscovery + tvIp + generateMac(index) + tvResponse2 + tvRoomId + generateSnNumber(index) + tvResponse3 + tvUniqueID + tvResponse4: null

2018-11-13 10:50:16 - [TEST_STEP][PASSED] - Statement - macAddress = ","TVMACAddress":"1C:5A:6B:B5:C5:7F"": null

2018-11-13 10:50:16 - [TEST_STEP][PASSED] - Statement - If (index > 0 && index < 10): null

2018-11-13 10:50:16 - [TEST_STEP][PASSED] - Statement - Else If (index >= 10 && index < 100): null

2018-11-13 10:50:16 - [TEST_STEP][PASSED] - Statement - macAddress = ","TVMACAddress":"1C:" + index % 10 + "A:6B:B5:C5:7F"": null

2018-11-13 10:50:16 - [TEST_STEP][PASSED] - Statement - return macAddress: null

2018-11-13 10:50:16 - [TEST_STEP][PASSED] - Statement - tvSerialNumber = ","TVSerialNumber":"FZ1A16140605" + index + """: null

2018-11-13 10:50:16 - [TEST_STEP][PASSED] - Statement - return tvSerialNumber: null

2018-11-13 10:50:16 - [TEST_STEP][PASSED] - Statement - println("tvDiscovery:" + tvDiscovery): null

2018-11-13 10:50:16 - [TEST_STEP][PASSED] - Statement - ro.setBodyContent(new com.kms.katalon.core.testobject.impl.HttpTextBodyContent(tvDiscovery)): null

2018-11-13 10:50:16 - [TEST_STEP][PASSED] - Statement - response = com.kms.katalon.core.webservice.keyword.WSBuiltInKeywords.sendRequest(ro): Send request successfully

2018-11-13 10:50:16 - [MESSAGE][PASSED] - Send request successfully

2018-11-13 10:50:16 - [TEST_STEP][PASSED] - Statement - responseStatusCode = response.getStatusCode(): null

2018-11-13 10:50:16 - [TEST_STEP][PASSED] - Statement - println("Response status code:" + responseStatusCode): null

2018-11-13 10:50:16 - [TEST_STEP][PASSED] - delay: Delayed 1 second(s)

2018-11-13 10:50:17 - [MESSAGE][PASSED] - Delayed 1 second(s)

2018-11-13 10:50:17 - [TEST_STEP][PASSED] - Statement - tvDiscovery = tvResponse1: null

2018-11-13 10:50:17 - [TEST_STEP][PASSED] - Statement - tvIp = """ + "10.0.23." + index + """: null

2018-11-13 10:50:17 - [TEST_STEP][PASSED] - Statement - tvRoomId = checkRoomId(index): null

2018-11-13 10:50:17 - [TEST_STEP][PASSED] - Statement - tvRoomId = ""00000"": null

2018-11-13 10:50:17 - [TEST_STEP][PASSED] - Statement - If (index > 0 && index < 10): null

2018-11-13 10:50:17 - [TEST_STEP][PASSED] - Statement - Else If (index >= 10 && index < 100): null

2018-11-13 10:50:17 - [TEST_STEP][PASSED] - Statement - tvRoomId = ""000" + index + """: null

2018-11-13 10:50:17 - [TEST_STEP][PASSED] - Statement - return tvRoomId: null

2018-11-13 10:50:17 - [TEST_STEP][PASSED] - Statement - tvUniqueID = ""TEST" + index + "1C5A6BB5C57F"": null

2018-11-13 10:50:17 - [TEST_STEP][PASSED] - Statement - tvDiscovery = tvDiscovery + tvIp + generateMac(index) + tvResponse2 + tvRoomId + generateSnNumber(index) + tvResponse3 + tvUniqueID + tvResponse4: null

2018-11-13 10:50:17 - [TEST_STEP][PASSED] - Statement - macAddress = ","TVMACAddress":"1C:5A:6B:B5:C5:7F"": null

2018-11-13 10:50:17 - [TEST_STEP][PASSED] - Statement - If (index > 0 && index < 10): null

2018-11-13 10:50:17 - [TEST_STEP][PASSED] - Statement - Else If (index >= 10 && index < 100): null

2018-11-13 10:50:17 - [TEST_STEP][PASSED] - Statement - macAddress = ","TVMACAddress":"1C:" + index % 10 + "A:6B:B5:C5:7F"": null

2018-11-13 10:50:17 - [TEST_STEP][PASSED] - Statement - return macAddress: null

2018-11-13 10:50:17 - [TEST_STEP][PASSED] - Statement - tvSerialNumber = ","TVSerialNumber":"FZ1A16140605" + index + """: null

2018-11-13 10:50:18 - [TEST_STEP][PASSED] - Statement - return tvSerialNumber: null

2018-11-13 10:50:18 - [TEST_STEP][PASSED] - Statement - println("tvDiscovery:" + tvDiscovery): null

2018-11-13 10:50:18 - [TEST_STEP][PASSED] - Statement - ro.setBodyContent(new com.kms.katalon.core.testobject.impl.HttpTextBodyContent(tvDiscovery)): null

2018-11-13 10:50:18 - [TEST_STEP][PASSED] - Statement - response = com.kms.katalon.core.webservice.keyword.WSBuiltInKeywords.sendRequest(ro): Send request successfully

2018-11-13 10:50:18 - [MESSAGE][PASSED] - Send request successfully

2018-11-13 10:50:18 - [TEST_STEP][PASSED] - Statement - responseStatusCode = response.getStatusCode(): null

2018-11-13 10:50:18 - [TEST_STEP][PASSED] - Statement - println("Response status code:" + responseStatusCode): null

2018-11-13 10:50:18 - [TEST_STEP][PASSED] - delay: Delayed 1 second(s)

2018-11-13 10:50:19 - [MESSAGE][PASSED] - Delayed 1 second(s)

2018-11-13 10:50:19 - [TEST_STEP][PASSED] - Statement - tvDiscovery = tvResponse1: null

2018-11-13 10:50:19 - [TEST_STEP][PASSED] - Statement - tvIp = """ + "10.0.23." + index + """: null

2018-11-13 10:50:19 - [TEST_STEP][PASSED] - Statement - tvRoomId = checkRoomId(index): null

2018-11-13 10:50:19 - [TEST_STEP][PASSED] - Statement - tvRoomId = ""00000"": null

2018-11-13 10:50:19 - [TEST_STEP][PASSED] - Statement - If (index > 0 && index < 10): null

2018-11-13 10:50:19 - [TEST_STEP][PASSED] - Statement - Else If (index >= 10 && index < 100): null

2018-11-13 10:50:19 - [TEST_STEP][PASSED] - Statement - tvRoomId = ""000" + index + """: null

2018-11-13 10:50:19 - [TEST_STEP][PASSED] - Statement - return tvRoomId: null

2018-11-13 10:50:19 - [TEST_STEP][PASSED] - Statement - tvUniqueID = ""TEST" + index + "1C5A6BB5C57F"": null

2018-11-13 10:50:19 - [TEST_STEP][PASSED] - Statement - tvDiscovery = tvDiscovery + tvIp + generateMac(index) + tvResponse2 + tvRoomId + generateSnNumber(index) + tvResponse3 + tvUniqueID + tvResponse4: null

2018-11-13 10:50:19 - [TEST_STEP][PASSED] - Statement - macAddress = ","TVMACAddress":"1C:5A:6B:B5:C5:7F"": null

2018-11-13 10:50:19 - [TEST_STEP][PASSED] - Statement - If (index > 0 && index < 10): null

2018-11-13 10:50:19 - [TEST_STEP][PASSED] - Statement - Else If (index >= 10 && index < 100): null

2018-11-13 10:50:19 - [TEST_STEP][PASSED] - Statement - macAddress = ","TVMACAddress":"1C:" + index % 10 + "A:6B:B5:C5:7F"": null

2018-11-13 10:50:19 - [TEST_STEP][PASSED] - Statement - return macAddress: null

2018-11-13 10:50:19 - [TEST_STEP][PASSED] - Statement - tvSerialNumber = ","TVSerialNumber":"FZ1A16140605" + index + """: null

2018-11-13 10:50:19 - [TEST_STEP][PASSED] - Statement - return tvSerialNumber: null

2018-11-13 10:50:19 - [TEST_STEP][PASSED] - Statement - println("tvDiscovery:" + tvDiscovery): null

2018-11-13 10:50:19 - [TEST_STEP][PASSED] - Statement - ro.setBodyContent(new com.kms.katalon.core.testobject.impl.HttpTextBodyContent(tvDiscovery)): null

2018-11-13 10:50:19 - [TEST_STEP][PASSED] - Statement - response = com.kms.katalon.core.webservice.keyword.WSBuiltInKeywords.sendRequest(ro): Send request successfully

2018-11-13 10:50:19 - [MESSAGE][PASSED] - Send request successfully

2018-11-13 10:50:19 - [TEST_STEP][PASSED] - Statement - responseStatusCode = response.getStatusCode(): null

2018-11-13 10:50:19 - [TEST_STEP][PASSED] - Statement - println("Response status code:" + responseStatusCode): null

2018-11-13 10:50:19 - [TEST_STEP][PASSED] - delay: Delayed 1 second(s)

2018-11-13 10:50:20 - [MESSAGE][PASSED] - Delayed 1 second(s)

2018-11-13 10:50:20 - [TEST_STEP][PASSED] - Statement - tvDiscovery = tvResponse1: null

2018-11-13 10:50:20 - [TEST_STEP][PASSED] - Statement - tvIp = """ + "10.0.23." + index + """: null

2018-11-13 10:50:20 - [TEST_STEP][PASSED] - Statement - tvRoomId = checkRoomId(index): null

2018-11-13 10:50:20 - [TEST_STEP][PASSED] - Statement - tvRoomId = ""00000"": null

2018-11-13 10:50:20 - [TEST_STEP][PASSED] - Statement - If (index > 0 && index < 10): null

2018-11-13 10:50:20 - [TEST_STEP][PASSED] - Statement - Else If (index >= 10 && index < 100): null

2018-11-13 10:50:20 - [TEST_STEP][PASSED] - Statement - tvRoomId = ""000" + index + """: null

2018-11-13 10:50:20 - [TEST_STEP][PASSED] - Statement - return tvRoomId: null

2018-11-13 10:50:20 - [TEST_STEP][PASSED] - Statement - tvUniqueID = ""TEST" + index + "1C5A6BB5C57F"": null

2018-11-13 10:50:20 - [TEST_STEP][PASSED] - Statement - tvDiscovery = tvDiscovery + tvIp + generateMac(index) + tvResponse2 + tvRoomId + generateSnNumber(index) + tvResponse3 + tvUniqueID + tvResponse4: null

2018-11-13 10:50:20 - [TEST_STEP][PASSED] - Statement - macAddress = ","TVMACAddress":"1C:5A:6B:B5:C5:7F"": null

2018-11-13 10:50:20 - [TEST_STEP][PASSED] - Statement - If (index > 0 && index < 10): null

2018-11-13 10:50:20 - [TEST_STEP][PASSED] - Statement - Else If (index >= 10 && index < 100): null

2018-11-13 10:50:20 - [TEST_STEP][PASSED] - Statement - macAddress = ","TVMACAddress":"1C:" + index % 10 + "A:6B:B5:C5:7F"": null

2018-11-13 10:50:20 - [TEST_STEP][PASSED] - Statement - return macAddress: null

2018-11-13 10:50:20 - [TEST_STEP][PASSED] - Statement - tvSerialNumber = ","TVSerialNumber":"FZ1A16140605" + index + """: null

2018-11-13 10:50:20 - [TEST_STEP][PASSED] - Statement - return tvSerialNumber: null

2018-11-13 10:50:20 - [TEST_STEP][PASSED] - Statement - println("tvDiscovery:" + tvDiscovery): null

2018-11-13 10:50:20 - [TEST_STEP][PASSED] - Statement - ro.setBodyContent(new com.kms.katalon.core.testobject.impl.HttpTextBodyContent(tvDiscovery)): null

2018-11-13 10:50:20 - [TEST_STEP][PASSED] - Statement - response = com.kms.katalon.core.webservice.keyword.WSBuiltInKeywords.sendRequest(ro): Send request successfully

2018-11-13 10:50:21 - [MESSAGE][PASSED] - Send request successfully

2018-11-13 10:50:21 - [TEST_STEP][PASSED] - Statement - responseStatusCode = response.getStatusCode(): null

2018-11-13 10:50:21 - [TEST_STEP][PASSED] - Statement - println("Response status code:" + responseStatusCode): null

2018-11-13 10:50:21 - [TEST_STEP][PASSED] - delay: Delayed 1 second(s)

2018-11-13 10:50:22 - [MESSAGE][PASSED] - Delayed 1 second(s)

2018-11-13 10:50:22 - [TEST_STEP][PASSED] - Statement - tvDiscovery = tvResponse1: null

2018-11-13 10:50:22 - [TEST_STEP][PASSED] - Statement - tvIp = """ + "10.0.23." + index + """: null

2018-11-13 10:50:22 - [TEST_STEP][PASSED] - Statement - tvRoomId = checkRoomId(index): null

2018-11-13 10:50:22 - [TEST_STEP][PASSED] - Statement - tvRoomId = ""00000"": null

2018-11-13 10:50:22 - [TEST_STEP][PASSED] - Statement - If (index > 0 && index < 10): null

2018-11-13 10:50:22 - [TEST_STEP][PASSED] - Statement - Else If (index >= 10 && index < 100): null

2018-11-13 10:50:22 - [TEST_STEP][PASSED] - Statement - tvRoomId = ""000" + index + """: null

2018-11-13 10:50:22 - [TEST_STEP][PASSED] - Statement - return tvRoomId: null

2018-11-13 10:50:22 - [TEST_STEP][PASSED] - Statement - tvUniqueID = ""TEST" + index + "1C5A6BB5C57F"": null

2018-11-13 10:50:22 - [TEST_STEP][PASSED] - Statement - tvDiscovery = tvDiscovery + tvIp + generateMac(index) + tvResponse2 + tvRoomId + generateSnNumber(index) + tvResponse3 + tvUniqueID + tvResponse4: null

2018-11-13 10:50:22 - [TEST_STEP][PASSED] - Statement - macAddress = ","TVMACAddress":"1C:5A:6B:B5:C5:7F"": null

2018-11-13 10:50:22 - [TEST_STEP][PASSED] - Statement - If (index > 0 && index < 10): null

2018-11-13 10:50:22 - [TEST_STEP][PASSED] - Statement - Else If (index >= 10 && index < 100): null

2018-11-13 10:50:22 - [TEST_STEP][PASSED] - Statement - macAddress = ","TVMACAddress":"1C:" + index % 10 + "A:6B:B5:C5:7F"": null

2018-11-13 10:50:22 - [TEST_STEP][PASSED] - Statement - return macAddress: null

2018-11-13 10:50:22 - [TEST_STEP][PASSED] - Statement - tvSerialNumber = ","TVSerialNumber":"FZ1A16140605" + index + """: null

2018-11-13 10:50:22 - [TEST_STEP][PASSED] - Statement - return tvSerialNumber: null

2018-11-13 10:50:22 - [TEST_STEP][PASSED] - Statement - println("tvDiscovery:" + tvDiscovery): null

2018-11-13 10:50:22 - [TEST_STEP][PASSED] - Statement - ro.setBodyContent(new com.kms.katalon.core.testobject.impl.HttpTextBodyContent(tvDiscovery)): null

2018-11-13 10:50:22 - [TEST_STEP][PASSED] - Statement - response = com.kms.katalon.core.webservice.keyword.WSBuiltInKeywords.sendRequest(ro): Send request successfully

2018-11-13 10:50:22 - [MESSAGE][PASSED] - Send request successfully

2018-11-13 10:50:22 - [TEST_STEP][PASSED] - Statement - responseStatusCode = response.getStatusCode(): null

2018-11-13 10:50:22 - [TEST_STEP][PASSED] - Statement - println("Response status code:" + responseStatusCode): null

2018-11-13 10:50:22 - [TEST_STEP][PASSED] - delay: Delayed 1 second(s)

2018-11-13 10:50:23 - [MESSAGE][PASSED] - Delayed 1 second(s)

2018-11-13 10:50:23 - [TEST_STEP][PASSED] - Statement - tvDiscovery = tvResponse1: null

2018-11-13 10:50:23 - [TEST_STEP][PASSED] - Statement - tvIp = """ + "10.0.23." + index + """: null

2018-11-13 10:50:23 - [TEST_STEP][PASSED] - Statement - tvRoomId = checkRoomId(index): null

2018-11-13 10:50:23 - [TEST_STEP][PASSED] - Statement - tvRoomId = ""00000"": null

2018-11-13 10:50:23 - [TEST_STEP][PASSED] - Statement - If (index > 0 && index < 10): null

2018-11-13 10:50:23 - [TEST_STEP][PASSED] - Statement - Else If (index >= 10 && index < 100): null

2018-11-13 10:50:23 - [TEST_STEP][PASSED] - Statement - tvRoomId = ""000" + index + """: null

2018-11-13 10:50:23 - [TEST_STEP][PASSED] - Statement - return tvRoomId: null

2018-11-13 10:50:23 - [TEST_STEP][PASSED] - Statement - tvUniqueID = ""TEST" + index + "1C5A6BB5C57F"": null

2018-11-13 10:50:23 - [TEST_STEP][PASSED] - Statement - tvDiscovery = tvDiscovery + tvIp + generateMac(index) + tvResponse2 + tvRoomId + generateSnNumber(index) + tvResponse3 + tvUniqueID + tvResponse4: null

2018-11-13 10:50:23 - [TEST_STEP][PASSED] - Statement - macAddress = ","TVMACAddress":"1C:5A:6B:B5:C5:7F"": null

2018-11-13 10:50:23 - [TEST_STEP][PASSED] - Statement - If (index > 0 && index < 10): null

2018-11-13 10:50:23 - [TEST_STEP][PASSED] - Statement - Else If (index >= 10 && index < 100): null

2018-11-13 10:50:23 - [TEST_STEP][PASSED] - Statement - macAddress = ","TVMACAddress":"1C:" + index % 10 + "A:6B:B5:C5:7F"": null

2018-11-13 10:50:23 - [TEST_STEP][PASSED] - Statement - return macAddress: null

2018-11-13 10:50:23 - [TEST_STEP][PASSED] - Statement - tvSerialNumber = ","TVSerialNumber":"FZ1A16140605" + index + """: null

2018-11-13 10:50:23 - [TEST_STEP][PASSED] - Statement - return tvSerialNumber: null

2018-11-13 10:50:23 - [TEST_STEP][PASSED] - Statement - println("tvDiscovery:" + tvDiscovery): null

2018-11-13 10:50:23 - [TEST_STEP][PASSED] - Statement - ro.setBodyContent(new com.kms.katalon.core.testobject.impl.HttpTextBodyContent(tvDiscovery)): null

2018-11-13 10:50:23 - [TEST_STEP][PASSED] - Statement - response = com.kms.katalon.core.webservice.keyword.WSBuiltInKeywords.sendRequest(ro): Send request successfully

2018-11-13 10:50:23 - [MESSAGE][PASSED] - Send request successfully

2018-11-13 10:50:23 - [TEST_STEP][PASSED] - Statement - responseStatusCode = response.getStatusCode(): null

2018-11-13 10:50:23 - [TEST_STEP][PASSED] - Statement - println("Response status code:" + responseStatusCode): null

2018-11-13 10:50:23 - [TEST_STEP][PASSED] - delay: Delayed 1 second(s)

2018-11-13 10:50:24 - [MESSAGE][PASSED] - Delayed 1 second(s)

2018-11-13 10:50:24 - [TEST_STEP][PASSED] - Statement - tvDiscovery = tvResponse1: null

2018-11-13 10:50:24 - [TEST_STEP][PASSED] - Statement - tvIp = """ + "10.0.23." + index + """: null

2018-11-13 10:50:24 - [TEST_STEP][PASSED] - Statement - tvRoomId = checkRoomId(index): null

2018-11-13 10:50:24 - [TEST_STEP][PASSED] - Statement - tvRoomId = ""00000"": null

2018-11-13 10:50:24 - [TEST_STEP][PASSED] - Statement - If (index > 0 && index < 10): null

2018-11-13 10:50:24 - [TEST_STEP][PASSED] - Statement - Else If (index >= 10 && index < 100): null

2018-11-13 10:50:24 - [TEST_STEP][PASSED] - Statement - tvRoomId = ""000" + index + """: null

2018-11-13 10:50:24 - [TEST_STEP][PASSED] - Statement - return tvRoomId: null

2018-11-13 10:50:24 - [TEST_STEP][PASSED] - Statement - tvUniqueID = ""TEST" + index + "1C5A6BB5C57F"": null

2018-11-13 10:50:24 - [TEST_STEP][PASSED] - Statement - tvDiscovery = tvDiscovery + tvIp + generateMac(index) + tvResponse2 + tvRoomId + generateSnNumber(index) + tvResponse3 + tvUniqueID + tvResponse4: null

2018-11-13 10:50:24 - [TEST_STEP][PASSED] - Statement - macAddress = ","TVMACAddress":"1C:5A:6B:B5:C5:7F"": null

2018-11-13 10:50:24 - [TEST_STEP][PASSED] - Statement - If (index > 0 && index < 10): null

2018-11-13 10:50:24 - [TEST_STEP][PASSED] - Statement - Else If (index >= 10 && index < 100): null

2018-11-13 10:50:24 - [TEST_STEP][PASSED] - Statement - macAddress = ","TVMACAddress":"1C:" + index % 10 + "A:6B:B5:C5:7F"": null

2018-11-13 10:50:24 - [TEST_STEP][PASSED] - Statement - return macAddress: null

2018-11-13 10:50:24 - [TEST_STEP][PASSED] - Statement - tvSerialNumber = ","TVSerialNumber":"FZ1A16140605" + index + """: null

2018-11-13 10:50:24 - [TEST_STEP][PASSED] - Statement - return tvSerialNumber: null

2018-11-13 10:50:24 - [TEST_STEP][PASSED] - Statement - println("tvDiscovery:" + tvDiscovery): null

2018-11-13 10:50:24 - [TEST_STEP][PASSED] - Statement - ro.setBodyContent(new com.kms.katalon.core.testobject.impl.HttpTextBodyContent(tvDiscovery)): null

2018-11-13 10:50:24 - [TEST_STEP][PASSED] - Statement - response = com.kms.katalon.core.webservice.keyword.WSBuiltInKeywords.sendRequest(ro): Send request successfully

2018-11-13 10:50:24 - [MESSAGE][PASSED] - Send request successfully

2018-11-13 10:50:24 - [TEST_STEP][PASSED] - Statement - responseStatusCode = response.getStatusCode(): null

2018-11-13 10:50:24 - [TEST_STEP][PASSED] - Statement - println("Response status code:" + responseStatusCode): null

2018-11-13 10:50:24 - [TEST_STEP][PASSED] - delay: Delayed 1 second(s)

2018-11-13 10:50:25 - [MESSAGE][PASSED] - Delayed 1 second(s)

2018-11-13 10:50:25 - [TEST_STEP][PASSED] - Statement - tvDiscovery = tvResponse1: null

2018-11-13 10:50:25 - [TEST_STEP][PASSED] - Statement - tvIp = """ + "10.0.23." + index + """: null

2018-11-13 10:50:25 - [TEST_STEP][PASSED] - Statement - tvRoomId = checkRoomId(index): null

2018-11-13 10:50:25 - [TEST_STEP][PASSED] - Statement - tvRoomId = ""00000"": null

2018-11-13 10:50:25 - [TEST_STEP][PASSED] - Statement - If (index > 0 && index < 10): null

2018-11-13 10:50:25 - [TEST_STEP][PASSED] - Statement - Else If (index >= 10 && index < 100): null

2018-11-13 10:50:25 - [TEST_STEP][PASSED] - Statement - tvRoomId = ""000" + index + """: null

2018-11-13 10:50:25 - [TEST_STEP][PASSED] - Statement - return tvRoomId: null

2018-11-13 10:50:25 - [TEST_STEP][PASSED] - Statement - tvUniqueID = ""TEST" + index + "1C5A6BB5C57F"": null

2018-11-13 10:50:25 - [TEST_STEP][PASSED] - Statement - tvDiscovery = tvDiscovery + tvIp + generateMac(index) + tvResponse2 + tvRoomId + generateSnNumber(index) + tvResponse3 + tvUniqueID + tvResponse4: null

2018-11-13 10:50:25 - [TEST_STEP][PASSED] - Statement - macAddress = ","TVMACAddress":"1C:5A:6B:B5:C5:7F"": null

2018-11-13 10:50:25 - [TEST_STEP][PASSED] - Statement - If (index > 0 && index < 10): null

2018-11-13 10:50:25 - [TEST_STEP][PASSED] - Statement - Else If (index >= 10 && index < 100): null

2018-11-13 10:50:25 - [TEST_STEP][PASSED] - Statement - macAddress = ","TVMACAddress":"1C:" + index % 10 + "A:6B:B5:C5:7F"": null

2018-11-13 10:50:25 - [TEST_STEP][PASSED] - Statement - return macAddress: null

2018-11-13 10:50:25 - [TEST_STEP][PASSED] - Statement - tvSerialNumber = ","TVSerialNumber":"FZ1A16140605" + index + """: null

2018-11-13 10:50:25 - [TEST_STEP][PASSED] - Statement - return tvSerialNumber: null

2018-11-13 10:50:25 - [TEST_STEP][PASSED] - Statement - println("tvDiscovery:" + tvDiscovery): null

2018-11-13 10:50:25 - [TEST_STEP][PASSED] - Statement - ro.setBodyContent(new com.kms.katalon.core.testobject.impl.HttpTextBodyContent(tvDiscovery)): null

2018-11-13 10:50:25 - [TEST_STEP][PASSED] - Statement - response = com.kms.katalon.core.webservice.keyword.WSBuiltInKeywords.sendRequest(ro): Send request successfully

2018-11-13 10:50:26 - [MESSAGE][PASSED] - Send request successfully

2018-11-13 10:50:26 - [TEST_STEP][PASSED] - Statement - responseStatusCode = response.getStatusCode(): null

2018-11-13 10:50:26 - [TEST_STEP][PASSED] - Statement - println("Response status code:" + responseStatusCode): null

2018-11-13 10:50:26 - [TEST_STEP][PASSED] - delay: Delayed 1 second(s)

2018-11-13 10:50:27 - [MESSAGE][PASSED] - Delayed 1 second(s)

2018-11-13 10:50:27 - [TEST_STEP][PASSED] - Statement - tvDiscovery = tvResponse1: null

2018-11-13 10:50:27 - [TEST_STEP][PASSED] - Statement - tvIp = """ + "10.0.23." + index + """: null

2018-11-13 10:50:27 - [TEST_STEP][PASSED] - Statement - tvRoomId = checkRoomId(index): null

2018-11-13 10:50:27 - [TEST_STEP][PASSED] - Statement - tvRoomId = ""00000"": null

2018-11-13 10:50:27 - [TEST_STEP][PASSED] - Statement - If (index > 0 && index < 10): null

2018-11-13 10:50:27 - [TEST_STEP][PASSED] - Statement - Else If (index >= 10 && index < 100): null

2018-11-13 10:50:27 - [TEST_STEP][PASSED] - Statement - tvRoomId = ""000" + index + """: null

2018-11-13 10:50:27 - [TEST_STEP][PASSED] - Statement - return tvRoomId: null

2018-11-13 10:50:27 - [TEST_STEP][PASSED] - Statement - tvUniqueID = ""TEST" + index + "1C5A6BB5C57F"": null

2018-11-13 10:50:27 - [TEST_STEP][PASSED] - Statement - tvDiscovery = tvDiscovery + tvIp + generateMac(index) + tvResponse2 + tvRoomId + generateSnNumber(index) + tvResponse3 + tvUniqueID + tvResponse4: null

2018-11-13 10:50:27 - [TEST_STEP][PASSED] - Statement - macAddress = ","TVMACAddress":"1C:5A:6B:B5:C5:7F"": null

2018-11-13 10:50:27 - [TEST_STEP][PASSED] - Statement - If (index > 0 && index < 10): null

2018-11-13 10:50:27 - [TEST_STEP][PASSED] - Statement - Else If (index >= 10 && index < 100): null

2018-11-13 10:50:27 - [TEST_STEP][PASSED] - Statement - macAddress = ","TVMACAddress":"1C:" + index % 10 + "A:6B:B5:C5:7F"": null

2018-11-13 10:50:27 - [TEST_STEP][PASSED] - Statement - return macAddress: null

2018-11-13 10:50:27 - [TEST_STEP][PASSED] - Statement - tvSerialNumber = ","TVSerialNumber":"FZ1A16140605" + index + """: null

2018-11-13 10:50:27 - [TEST_STEP][PASSED] - Statement - return tvSerialNumber: null

2018-11-13 10:50:27 - [TEST_STEP][PASSED] - Statement - println("tvDiscovery:" + tvDiscovery): null

2018-11-13 10:50:27 - [TEST_STEP][PASSED] - Statement - ro.setBodyContent(new com.kms.katalon.core.testobject.impl.HttpTextBodyContent(tvDiscovery)): null

2018-11-13 10:50:27 - [TEST_STEP][PASSED] - Statement - response = com.kms.katalon.core.webservice.keyword.WSBuiltInKeywords.sendRequest(ro): Send request successfully

2018-11-13 10:50:28 - [MESSAGE][PASSED] - Send request successfully

2018-11-13 10:50:28 - [TEST_STEP][PASSED] - Statement - responseStatusCode = response.getStatusCode(): null

2018-11-13 10:50:28 - [TEST_STEP][PASSED] - Statement - println("Response status code:" + responseStatusCode): null

2018-11-13 10:50:28 - [TEST_STEP][PASSED] - delay: Delayed 1 second(s)

2018-11-13 10:50:29 - [MESSAGE][PASSED] - Delayed 1 second(s)

2018-11-13 10:50:29 - [TEST_STEP][PASSED] - Statement - tvDiscovery = tvResponse1: null

2018-11-13 10:50:29 - [TEST_STEP][PASSED] - Statement - tvIp = """ + "10.0.23." + index + """: null

2018-11-13 10:50:29 - [TEST_STEP][PASSED] - Statement - tvRoomId = checkRoomId(index): null

2018-11-13 10:50:29 - [TEST_STEP][PASSED] - Statement - tvRoomId = ""00000"": null

2018-11-13 10:50:29 - [TEST_STEP][PASSED] - Statement - If (index > 0 && index < 10): null

2018-11-13 10:50:29 - [TEST_STEP][PASSED] - Statement - Else If (index >= 10 && index < 100): null

2018-11-13 10:50:29 - [TEST_STEP][PASSED] - Statement - tvRoomId = ""000" + index + """: null

2018-11-13 10:50:29 - [TEST_STEP][PASSED] - Statement - return tvRoomId: null

2018-11-13 10:50:29 - [TEST_STEP][PASSED] - Statement - tvUniqueID = ""TEST" + index + "1C5A6BB5C57F"": null

2018-11-13 10:50:29 - [TEST_STEP][PASSED] - Statement - tvDiscovery = tvDiscovery + tvIp + generateMac(index) + tvResponse2 + tvRoomId + generateSnNumber(index) + tvResponse3 + tvUniqueID + tvResponse4: null

2018-11-13 10:50:29 - [TEST_STEP][PASSED] - Statement - macAddress = ","TVMACAddress":"1C:5A:6B:B5:C5:7F"": null

2018-11-13 10:50:29 - [TEST_STEP][PASSED] - Statement - If (index > 0 && index < 10): null

2018-11-13 10:50:29 - [TEST_STEP][PASSED] - Statement - Else If (index >= 10 && index < 100): null

2018-11-13 10:50:29 - [TEST_STEP][PASSED] - Statement - macAddress = ","TVMACAddress":"1C:" + index % 10 + "A:6B:B5:C5:7F"": null

2018-11-13 10:50:29 - [TEST_STEP][PASSED] - Statement - return macAddress: null

2018-11-13 10:50:29 - [TEST_STEP][PASSED] - Statement - tvSerialNumber = ","TVSerialNumber":"FZ1A16140605" + index + """: null

2018-11-13 10:50:29 - [TEST_STEP][PASSED] - Statement - return tvSerialNumber: null

2018-11-13 10:50:29 - [TEST_STEP][PASSED] - Statement - println("tvDiscovery:" + tvDiscovery): null

2018-11-13 10:50:29 - [TEST_STEP][PASSED] - Statement - ro.setBodyContent(new com.kms.katalon.core.testobject.impl.HttpTextBodyContent(tvDiscovery)): null

2018-11-13 10:50:29 - [TEST_STEP][PASSED] - Statement - response = com.kms.katalon.core.webservice.keyword.WSBuiltInKeywords.sendRequest(ro): Send request successfully

2018-11-13 10:50:29 - [MESSAGE][PASSED] - Send request successfully

2018-11-13 10:50:29 - [TEST_STEP][PASSED] - Statement - responseStatusCode = response.getStatusCode(): null

2018-11-13 10:50:29 - [TEST_STEP][PASSED] - Statement - println("Response status code:" + responseStatusCode): null

2018-11-13 10:50:29 - [TEST_STEP][PASSED] - delay: Delayed 1 second(s)

2018-11-13 10:50:30 - [MESSAGE][PASSED] - Delayed 1 second(s)

2018-11-13 10:50:30 - [TEST_STEP][PASSED] - Statement - tvDiscovery = tvResponse1: null

2018-11-13 10:50:30 - [TEST_STEP][PASSED] - Statement - tvIp = """ + "10.0.23." + index + """: null

2018-11-13 10:50:30 - [TEST_STEP][PASSED] - Statement - tvRoomId = checkRoomId(index): null

2018-11-13 10:50:30 - [TEST_STEP][PASSED] - Statement - tvRoomId = ""00000"": null

2018-11-13 10:50:30 - [TEST_STEP][PASSED] - Statement - If (index > 0 && index < 10): null

2018-11-13 10:50:30 - [TEST_STEP][PASSED] - Statement - Else If (index >= 10 && index < 100): null

2018-11-13 10:50:30 - [TEST_STEP][PASSED] - Statement - tvRoomId = ""000" + index + """: null

2018-11-13 10:50:30 - [TEST_STEP][PASSED] - Statement - return tvRoomId: null

2018-11-13 10:50:30 - [TEST_STEP][PASSED] - Statement - tvUniqueID = ""TEST" + index + "1C5A6BB5C57F"": null

2018-11-13 10:50:30 - [TEST_STEP][PASSED] - Statement - tvDiscovery = tvDiscovery + tvIp + generateMac(index) + tvResponse2 + tvRoomId + generateSnNumber(index) + tvResponse3 + tvUniqueID + tvResponse4: null

2018-11-13 10:50:30 - [TEST_STEP][PASSED] - Statement - macAddress = ","TVMACAddress":"1C:5A:6B:B5:C5:7F"": null

2018-11-13 10:50:30 - [TEST_STEP][PASSED] - Statement - If (index > 0 && index < 10): null

2018-11-13 10:50:30 - [TEST_STEP][PASSED] - Statement - Else If (index >= 10 && index < 100): null

2018-11-13 10:50:30 - [TEST_STEP][PASSED] - Statement - macAddress = ","TVMACAddress":"1C:" + index % 10 + "A:6B:B5:C5:7F"": null

2018-11-13 10:50:30 - [TEST_STEP][PASSED] - Statement - return macAddress: null

2018-11-13 10:50:30 - [TEST_STEP][PASSED] - Statement - tvSerialNumber = ","TVSerialNumber":"FZ1A16140605" + index + """: null

2018-11-13 10:50:30 - [TEST_STEP][PASSED] - Statement - return tvSerialNumber: null

2018-11-13 10:50:30 - [TEST_STEP][PASSED] - Statement - println("tvDiscovery:" + tvDiscovery): null

2018-11-13 10:50:30 - [TEST_STEP][PASSED] - Statement - ro.setBodyContent(new com.kms.katalon.core.testobject.impl.HttpTextBodyContent(tvDiscovery)): null

2018-11-13 10:50:30 - [TEST_STEP][PASSED] - Statement - response = com.kms.katalon.core.webservice.keyword.WSBuiltInKeywords.sendRequest(ro): Send request successfully

2018-11-13 10:50:30 - [MESSAGE][PASSED] - Send request successfully

2018-11-13 10:50:30 - [TEST_STEP][PASSED] - Statement - responseStatusCode = response.getStatusCode(): null

2018-11-13 10:50:30 - [TEST_STEP][PASSED] - Statement - println("Response status code:" + responseStatusCode): null

2018-11-13 10:50:30 - [TEST_STEP][PASSED] - delay: Delayed 1 second(s)

2018-11-13 10:50:31 - [MESSAGE][PASSED] - Delayed 1 second(s)

2018-11-13 10:50:31 - [TEST_STEP][PASSED] - Statement - tvDiscovery = tvResponse1: null

2018-11-13 10:50:31 - [TEST_STEP][PASSED] - Statement - tvIp = """ + "10.0.23." + index + """: null

2018-11-13 10:50:31 - [TEST_STEP][PASSED] - Statement - tvRoomId = checkRoomId(index): null

2018-11-13 10:50:31 - [TEST_STEP][PASSED] - Statement - tvRoomId = ""00000"": null

2018-11-13 10:50:31 - [TEST_STEP][PASSED] - Statement - If (index > 0 && index < 10): null

2018-11-13 10:50:31 - [TEST_STEP][PASSED] - Statement - Else If (index >= 10 && index < 100): null

2018-11-13 10:50:31 - [TEST_STEP][PASSED] - Statement - tvRoomId = ""000" + index + """: null

2018-11-13 10:50:31 - [TEST_STEP][PASSED] - Statement - return tvRoomId: null

2018-11-13 10:50:31 - [TEST_STEP][PASSED] - Statement - tvUniqueID = ""TEST" + index + "1C5A6BB5C57F"": null

2018-11-13 10:50:31 - [TEST_STEP][PASSED] - Statement - tvDiscovery = tvDiscovery + tvIp + generateMac(index) + tvResponse2 + tvRoomId + generateSnNumber(index) + tvResponse3 + tvUniqueID + tvResponse4: null

2018-11-13 10:50:31 - [TEST_STEP][PASSED] - Statement - macAddress = ","TVMACAddress":"1C:5A:6B:B5:C5:7F"": null

2018-11-13 10:50:31 - [TEST_STEP][PASSED] - Statement - If (index > 0 && index < 10): null

2018-11-13 10:50:31 - [TEST_STEP][PASSED] - Statement - Else If (index >= 10 && index < 100): null

2018-11-13 10:50:31 - [TEST_STEP][PASSED] - Statement - macAddress = ","TVMACAddress":"1C:" + index % 10 + "A:6B:B5:C5:7F"": null

2018-11-13 10:50:31 - [TEST_STEP][PASSED] - Statement - return macAddress: null

2018-11-13 10:50:31 - [TEST_STEP][PASSED] - Statement - tvSerialNumber = ","TVSerialNumber":"FZ1A16140605" + index + """: null

2018-11-13 10:50:31 - [TEST_STEP][PASSED] - Statement - return tvSerialNumber: null

2018-11-13 10:50:31 - [TEST_STEP][PASSED] - Statement - println("tvDiscovery:" + tvDiscovery): null

2018-11-13 10:50:31 - [TEST_STEP][PASSED] - Statement - ro.setBodyContent(new com.kms.katalon.core.testobject.impl.HttpTextBodyContent(tvDiscovery)): null

2018-11-13 10:50:31 - [TEST_STEP][PASSED] - Statement - response = com.kms.katalon.core.webservice.keyword.WSBuiltInKeywords.sendRequest(ro): Send request successfully

2018-11-13 10:50:31 - [MESSAGE][PASSED] - Send request successfully

2018-11-13 10:50:31 - [TEST_STEP][PASSED] - Statement - responseStatusCode = response.getStatusCode(): null

2018-11-13 10:50:31 - [TEST_STEP][PASSED] - Statement - println("Response status code:" + responseStatusCode): null

2018-11-13 10:50:31 - [TEST_STEP][PASSED] - delay: Delayed 1 second(s)

2018-11-13 10:50:32 - [MESSAGE][PASSED] - Delayed 1 second(s)

2018-11-13 10:50:32 - [TEST_STEP][PASSED] - Statement - tvDiscovery = tvResponse1: null

2018-11-13 10:50:32 - [TEST_STEP][PASSED] - Statement - tvIp = """ + "10.0.23." + index + """: null

2018-11-13 10:50:32 - [TEST_STEP][PASSED] - Statement - tvRoomId = checkRoomId(index): null

2018-11-13 10:50:32 - [TEST_STEP][PASSED] - Statement - tvRoomId = ""00000"": null

2018-11-13 10:50:32 - [TEST_STEP][PASSED] - Statement - If (index > 0 && index < 10): null

2018-11-13 10:50:32 - [TEST_STEP][PASSED] - Statement - Else If (index >= 10 && index < 100): null

2018-11-13 10:50:32 - [TEST_STEP][PASSED] - Statement - tvRoomId = ""000" + index + """: null

2018-11-13 10:50:32 - [TEST_STEP][PASSED] - Statement - return tvRoomId: null

2018-11-13 10:50:32 - [TEST_STEP][PASSED] - Statement - tvUniqueID = ""TEST" + index + "1C5A6BB5C57F"": null

2018-11-13 10:50:32 - [TEST_STEP][PASSED] - Statement - tvDiscovery = tvDiscovery + tvIp + generateMac(index) + tvResponse2 + tvRoomId + generateSnNumber(index) + tvResponse3 + tvUniqueID + tvResponse4: null

2018-11-13 10:50:32 - [TEST_STEP][PASSED] - Statement - macAddress = ","TVMACAddress":"1C:5A:6B:B5:C5:7F"": null

2018-11-13 10:50:32 - [TEST_STEP][PASSED] - Statement - If (index > 0 && index < 10): null

2018-11-13 10:50:32 - [TEST_STEP][PASSED] - Statement - Else If (index >= 10 && index < 100): null

2018-11-13 10:50:32 - [TEST_STEP][PASSED] - Statement - macAddress = ","TVMACAddress":"1C:" + index % 10 + "A:6B:B5:C5:7F"": null

2018-11-13 10:50:32 - [TEST_STEP][PASSED] - Statement - return macAddress: null

2018-11-13 10:50:32 - [TEST_STEP][PASSED] - Statement - tvSerialNumber = ","TVSerialNumber":"FZ1A16140605" + index + """: null

2018-11-13 10:50:32 - [TEST_STEP][PASSED] - Statement - return tvSerialNumber: null

2018-11-13 10:50:32 - [TEST_STEP][PASSED] - Statement - println("tvDiscovery:" + tvDiscovery): null

2018-11-13 10:50:32 - [TEST_STEP][PASSED] - Statement - ro.setBodyContent(new com.kms.katalon.core.testobject.impl.HttpTextBodyContent(tvDiscovery)): null

2018-11-13 10:50:32 - [TEST_STEP][PASSED] - Statement - response = com.kms.katalon.core.webservice.keyword.WSBuiltInKeywords.sendRequest(ro): Send request successfully

2018-11-13 10:50:33 - [MESSAGE][PASSED] - Send request successfully

2018-11-13 10:50:33 - [TEST_STEP][PASSED] - Statement - responseStatusCode = response.getStatusCode(): null

2018-11-13 10:50:33 - [TEST_STEP][PASSED] - Statement - println("Response status code:" + responseStatusCode): null

2018-11-13 10:50:33 - [TEST_STEP][PASSED] - delay: Delayed 1 second(s)

2018-11-13 10:50:34 - [MESSAGE][PASSED] - Delayed 1 second(s)

2018-11-13 10:50:34 - [TEST_STEP][PASSED] - Statement - tvDiscovery = tvResponse1: null

2018-11-13 10:50:34 - [TEST_STEP][PASSED] - Statement - tvIp = """ + "10.0.23." + index + """: null

2018-11-13 10:50:34 - [TEST_STEP][PASSED] - Statement - tvRoomId = checkRoomId(index): null

2018-11-13 10:50:34 - [TEST_STEP][PASSED] - Statement - tvRoomId = ""00000"": null

2018-11-13 10:50:34 - [TEST_STEP][PASSED] - Statement - If (index > 0 && index < 10): null

2018-11-13 10:50:34 - [TEST_STEP][PASSED] - Statement - Else If (index >= 10 && index < 100): null

2018-11-13 10:50:34 - [TEST_STEP][PASSED] - Statement - tvRoomId = ""000" + index + """: null

2018-11-13 10:50:34 - [TEST_STEP][PASSED] - Statement - return tvRoomId: null

2018-11-13 10:50:34 - [TEST_STEP][PASSED] - Statement - tvUniqueID = ""TEST" + index + "1C5A6BB5C57F"": null

2018-11-13 10:50:34 - [TEST_STEP][PASSED] - Statement - tvDiscovery = tvDiscovery + tvIp + generateMac(index) + tvResponse2 + tvRoomId + generateSnNumber(index) + tvResponse3 + tvUniqueID + tvResponse4: null

2018-11-13 10:50:34 - [TEST_STEP][PASSED] - Statement - macAddress = ","TVMACAddress":"1C:5A:6B:B5:C5:7F"": null

2018-11-13 10:50:34 - [TEST_STEP][PASSED] - Statement - If (index > 0 && index < 10): null

2018-11-13 10:50:34 - [TEST_STEP][PASSED] - Statement - Else If (index >= 10 && index < 100): null

2018-11-13 10:50:34 - [TEST_STEP][PASSED] - Statement - macAddress = ","TVMACAddress":"1C:" + index % 10 + "A:6B:B5:C5:7F"": null

2018-11-13 10:50:34 - [TEST_STEP][PASSED] - Statement - return macAddress: null

2018-11-13 10:50:34 - [TEST_STEP][PASSED] - Statement - tvSerialNumber = ","TVSerialNumber":"FZ1A16140605" + index + """: null

2018-11-13 10:50:34 - [TEST_STEP][PASSED] - Statement - return tvSerialNumber: null

2018-11-13 10:50:34 - [TEST_STEP][PASSED] - Statement - println("tvDiscovery:" + tvDiscovery): null

2018-11-13 10:50:34 - [TEST_STEP][PASSED] - Statement - ro.setBodyContent(new com.kms.katalon.core.testobject.impl.HttpTextBodyContent(tvDiscovery)): null

2018-11-13 10:50:34 - [TEST_STEP][PASSED] - Statement - response = com.kms.katalon.core.webservice.keyword.WSBuiltInKeywords.sendRequest(ro): Send request successfully

2018-11-13 10:50:34 - [MESSAGE][PASSED] - Send request successfully

2018-11-13 10:50:34 - [TEST_STEP][PASSED] - Statement - responseStatusCode = response.getStatusCode(): null

2018-11-13 10:50:34 - [TEST_STEP][PASSED] - Statement - println("Response status code:" + responseStatusCode): null

2018-11-13 10:50:34 - [TEST_STEP][PASSED] - delay: Delayed 1 second(s)

2018-11-13 10:50:35 - [MESSAGE][PASSED] - Delayed 1 second(s)

2018-11-13 10:50:35 - [TEST_STEP][PASSED] - Statement - tvDiscovery = tvResponse1: null

2018-11-13 10:50:35 - [TEST_STEP][PASSED] - Statement - tvIp = """ + "10.0.23." + index + """: null

2018-11-13 10:50:35 - [TEST_STEP][PASSED] - Statement - tvRoomId = checkRoomId(index): null

2018-11-13 10:50:35 - [TEST_STEP][PASSED] - Statement - tvRoomId = ""00000"": null

2018-11-13 10:50:35 - [TEST_STEP][PASSED] - Statement - If (index > 0 && index < 10): null

2018-11-13 10:50:35 - [TEST_STEP][PASSED] - Statement - Else If (index >= 10 && index < 100): null

2018-11-13 10:50:35 - [TEST_STEP][PASSED] - Statement - tvRoomId = ""000" + index + """: null

2018-11-13 10:50:35 - [TEST_STEP][PASSED] - Statement - return tvRoomId: null

2018-11-13 10:50:35 - [TEST_STEP][PASSED] - Statement - tvUniqueID = ""TEST" + index + "1C5A6BB5C57F"": null

2018-11-13 10:50:35 - [TEST_STEP][PASSED] - Statement - tvDiscovery = tvDiscovery + tvIp + generateMac(index) + tvResponse2 + tvRoomId + generateSnNumber(index) + tvResponse3 + tvUniqueID + tvResponse4: null

2018-11-13 10:50:35 - [TEST_STEP][PASSED] - Statement - macAddress = ","TVMACAddress":"1C:5A:6B:B5:C5:7F"": null

2018-11-13 10:50:35 - [TEST_STEP][PASSED] - Statement - If (index > 0 && index < 10): null

2018-11-13 10:50:35 - [TEST_STEP][PASSED] - Statement - Else If (index >= 10 && index < 100): null

2018-11-13 10:50:35 - [TEST_STEP][PASSED] - Statement - macAddress = ","TVMACAddress":"1C:" + index % 10 + "A:6B:B5:C5:7F"": null

2018-11-13 10:50:35 - [TEST_STEP][PASSED] - Statement - return macAddress: null

2018-11-13 10:50:35 - [TEST_STEP][PASSED] - Statement - tvSerialNumber = ","TVSerialNumber":"FZ1A16140605" + index + """: null

2018-11-13 10:50:35 - [TEST_STEP][PASSED] - Statement - return tvSerialNumber: null

2018-11-13 10:50:35 - [TEST_STEP][PASSED] - Statement - println("tvDiscovery:" + tvDiscovery): null

2018-11-13 10:50:35 - [TEST_STEP][PASSED] - Statement - ro.setBodyContent(new com.kms.katalon.core.testobject.impl.HttpTextBodyContent(tvDiscovery)): null

2018-11-13 10:50:35 - [TEST_STEP][PASSED] - Statement - response = com.kms.katalon.core.webservice.keyword.WSBuiltInKeywords.sendRequest(ro): Send request successfully

2018-11-13 10:50:36 - [MESSAGE][PASSED] - Send request successfully

2018-11-13 10:50:36 - [TEST_STEP][PASSED] - Statement - responseStatusCode = response.getStatusCode(): null

2018-11-13 10:50:36 - [TEST_STEP][PASSED] - Statement - println("Response status code:" + responseStatusCode): null

2018-11-13 10:50:36 - [TEST_STEP][PASSED] - delay: Delayed 1 second(s)

2018-11-13 10:50:37 - [MESSAGE][PASSED] - Delayed 1 second(s)

2018-11-13 10:50:37 - [TEST_STEP][PASSED] - Statement - tvDiscovery = tvResponse1: null

2018-11-13 10:50:37 - [TEST_STEP][PASSED] - Statement - tvIp = """ + "10.0.23." + index + """: null

2018-11-13 10:50:37 - [TEST_STEP][PASSED] - Statement - tvRoomId = checkRoomId(index): null

2018-11-13 10:50:37 - [TEST_STEP][PASSED] - Statement - tvRoomId = ""00000"": null

2018-11-13 10:50:37 - [TEST_STEP][PASSED] - Statement - If (index > 0 && index < 10): null

2018-11-13 10:50:37 - [TEST_STEP][PASSED] - Statement - Else If (index >= 10 && index < 100): null

2018-11-13 10:50:37 - [TEST_STEP][PASSED] - Statement - tvRoomId = ""000" + index + """: null

2018-11-13 10:50:37 - [TEST_STEP][PASSED] - Statement - return tvRoomId: null

2018-11-13 10:50:37 - [TEST_STEP][PASSED] - Statement - tvUniqueID = ""TEST" + index + "1C5A6BB5C57F"": null

2018-11-13 10:50:37 - [TEST_STEP][PASSED] - Statement - tvDiscovery = tvDiscovery + tvIp + generateMac(index) + tvResponse2 + tvRoomId + generateSnNumber(index) + tvResponse3 + tvUniqueID + tvResponse4: null

2018-11-13 10:50:37 - [TEST_STEP][PASSED] - Statement - macAddress = ","TVMACAddress":"1C:5A:6B:B5:C5:7F"": null

2018-11-13 10:50:37 - [TEST_STEP][PASSED] - Statement - If (index > 0 && index < 10): null

2018-11-13 10:50:37 - [TEST_STEP][PASSED] - Statement - Else If (index >= 10 && index < 100): null

2018-11-13 10:50:37 - [TEST_STEP][PASSED] - Statement - macAddress = ","TVMACAddress":"1C:" + index % 10 + "A:6B:B5:C5:7F"": null

2018-11-13 10:50:37 - [TEST_STEP][PASSED] - Statement - return macAddress: null

2018-11-13 10:50:37 - [TEST_STEP][PASSED] - Statement - tvSerialNumber = ","TVSerialNumber":"FZ1A16140605" + index + """: null

2018-11-13 10:50:37 - [TEST_STEP][PASSED] - Statement - return tvSerialNumber: null

2018-11-13 10:50:37 - [TEST_STEP][PASSED] - Statement - println("tvDiscovery:" + tvDiscovery): null

2018-11-13 10:50:37 - [TEST_STEP][PASSED] - Statement - ro.setBodyContent(new com.kms.katalon.core.testobject.impl.HttpTextBodyContent(tvDiscovery)): null

2018-11-13 10:50:37 - [TEST_STEP][PASSED] - Statement - response = com.kms.katalon.core.webservice.keyword.WSBuiltInKeywords.sendRequest(ro): Send request successfully

2018-11-13 10:50:37 - [MESSAGE][PASSED] - Send request successfully

2018-11-13 10:50:37 - [TEST_STEP][PASSED] - Statement - responseStatusCode = response.getStatusCode(): null

2018-11-13 10:50:37 - [TEST_STEP][PASSED] - Statement - println("Response status code:" + responseStatusCode): null

2018-11-13 10:50:37 - [TEST_STEP][PASSED] - delay: Delayed 1 second(s)

2018-11-13 10:50:38 - [MESSAGE][PASSED] - Delayed 1 second(s)

2018-11-13 10:50:38 - [TEST_STEP][PASSED] - Statement - tvDiscovery = tvResponse1: null

2018-11-13 10:50:38 - [TEST_STEP][PASSED] - Statement - tvIp = """ + "10.0.23." + index + """: null

2018-11-13 10:50:38 - [TEST_STEP][PASSED] - Statement - tvRoomId = checkRoomId(index): null

2018-11-13 10:50:38 - [TEST_STEP][PASSED] - Statement - tvRoomId = ""00000"": null

2018-11-13 10:50:38 - [TEST_STEP][PASSED] - Statement - If (index > 0 && index < 10): null

2018-11-13 10:50:38 - [TEST_STEP][PASSED] - Statement - Else If (index >= 10 && index < 100): null

2018-11-13 10:50:38 - [TEST_STEP][PASSED] - Statement - tvRoomId = ""000" + index + """: null

2018-11-13 10:50:38 - [TEST_STEP][PASSED] - Statement - return tvRoomId: null

2018-11-13 10:50:38 - [TEST_STEP][PASSED] - Statement - tvUniqueID = ""TEST" + index + "1C5A6BB5C57F"": null

2018-11-13 10:50:38 - [TEST_STEP][PASSED] - Statement - tvDiscovery = tvDiscovery + tvIp + generateMac(index) + tvResponse2 + tvRoomId + generateSnNumber(index) + tvResponse3 + tvUniqueID + tvResponse4: null

2018-11-13 10:50:38 - [TEST_STEP][PASSED] - Statement - macAddress = ","TVMACAddress":"1C:5A:6B:B5:C5:7F"": null

2018-11-13 10:50:38 - [TEST_STEP][PASSED] - Statement - If (index > 0 && index < 10): null

2018-11-13 10:50:38 - [TEST_STEP][PASSED] - Statement - Else If (index >= 10 && index < 100): null

2018-11-13 10:50:38 - [TEST_STEP][PASSED] - Statement - macAddress = ","TVMACAddress":"1C:" + index % 10 + "A:6B:B5:C5:7F"": null

2018-11-13 10:50:38 - [TEST_STEP][PASSED] - Statement - return macAddress: null

2018-11-13 10:50:38 - [TEST_STEP][PASSED] - Statement - tvSerialNumber = ","TVSerialNumber":"FZ1A16140605" + index + """: null

2018-11-13 10:50:38 - [TEST_STEP][PASSED] - Statement - return tvSerialNumber: null

2018-11-13 10:50:38 - [TEST_STEP][PASSED] - Statement - println("tvDiscovery:" + tvDiscovery): null

2018-11-13 10:50:38 - [TEST_STEP][PASSED] - Statement - ro.setBodyContent(new com.kms.katalon.core.testobject.impl.HttpTextBodyContent(tvDiscovery)): null

2018-11-13 10:50:38 - [TEST_STEP][PASSED] - Statement - response = com.kms.katalon.core.webservice.keyword.WSBuiltInKeywords.sendRequest(ro): Send request successfully

2018-11-13 10:50:39 - [MESSAGE][PASSED] - Send request successfully

2018-11-13 10:50:39 - [TEST_STEP][PASSED] - Statement - responseStatusCode = response.getStatusCode(): null

2018-11-13 10:50:39 - [TEST_STEP][PASSED] - Statement - println("Response status code:" + responseStatusCode): null

2018-11-13 10:50:39 - [TEST_STEP][PASSED] - delay: Delayed 1 second(s)

2018-11-13 10:50:40 - [MESSAGE][PASSED] - Delayed 1 second(s)

2018-11-13 10:50:40 - [TEST_STEP][PASSED] - Statement - tvDiscovery = tvResponse1: null

2018-11-13 10:50:40 - [TEST_STEP][PASSED] - Statement - tvIp = """ + "10.0.23." + index + """: null

2018-11-13 10:50:40 - [TEST_STEP][PASSED] - Statement - tvRoomId = checkRoomId(index): null

2018-11-13 10:50:40 - [TEST_STEP][PASSED] - Statement - tvRoomId = ""00000"": null

2018-11-13 10:50:40 - [TEST_STEP][PASSED] - Statement - If (index > 0 && index < 10): null

2018-11-13 10:50:40 - [TEST_STEP][PASSED] - Statement - Else If (index >= 10 && index < 100): null

2018-11-13 10:50:40 - [TEST_STEP][PASSED] - Statement - tvRoomId = ""000" + index + """: null

2018-11-13 10:50:40 - [TEST_STEP][PASSED] - Statement - return tvRoomId: null

2018-11-13 10:50:40 - [TEST_STEP][PASSED] - Statement - tvUniqueID = ""TEST" + index + "1C5A6BB5C57F"": null

2018-11-13 10:50:40 - [TEST_STEP][PASSED] - Statement - tvDiscovery = tvDiscovery + tvIp + generateMac(index) + tvResponse2 + tvRoomId + generateSnNumber(index) + tvResponse3 + tvUniqueID + tvResponse4: null

2018-11-13 10:50:40 - [TEST_STEP][PASSED] - Statement - macAddress = ","TVMACAddress":"1C:5A:6B:B5:C5:7F"": null

2018-11-13 10:50:40 - [TEST_STEP][PASSED] - Statement - If (index > 0 && index < 10): null

2018-11-13 10:50:40 - [TEST_STEP][PASSED] - Statement - Else If (index >= 10 && index < 100): null

2018-11-13 10:50:40 - [TEST_STEP][PASSED] - Statement - macAddress = ","TVMACAddress":"1C:" + index % 10 + "A:6B:B5:C5:7F"": null

2018-11-13 10:50:40 - [TEST_STEP][PASSED] - Statement - return macAddress: null

2018-11-13 10:50:40 - [TEST_STEP][PASSED] - Statement - tvSerialNumber = ","TVSerialNumber":"FZ1A16140605" + index + """: null

2018-11-13 10:50:40 - [TEST_STEP][PASSED] - Statement - return tvSerialNumber: null

2018-11-13 10:50:40 - [TEST_STEP][PASSED] - Statement - println("tvDiscovery:" + tvDiscovery): null

2018-11-13 10:50:40 - [TEST_STEP][PASSED] - Statement - ro.setBodyContent(new com.kms.katalon.core.testobject.impl.HttpTextBodyContent(tvDiscovery)): null

2018-11-13 10:50:40 - [TEST_STEP][PASSED] - Statement - response = com.kms.katalon.core.webservice.keyword.WSBuiltInKeywords.sendRequest(ro): Send request successfully

2018-11-13 10:50:40 - [MESSAGE][PASSED] - Send request successfully

2018-11-13 10:50:40 - [TEST_STEP][PASSED] - Statement - responseStatusCode = response.getStatusCode(): null

2018-11-13 10:50:40 - [TEST_STEP][PASSED] - Statement - println("Response status code:" + responseStatusCode): null

2018-11-13 10:50:40 - [TEST_STEP][PASSED] - delay: Delayed 1 second(s)

2018-11-13 10:50:41 - [MESSAGE][PASSED] - Delayed 1 second(s)

2018-11-13 10:50:41 - [TEST_STEP][PASSED] - Statement - tvDiscovery = tvResponse1: null

2018-11-13 10:50:41 - [TEST_STEP][PASSED] - Statement - tvIp = """ + "10.0.23." + index + """: null

2018-11-13 10:50:41 - [TEST_STEP][PASSED] - Statement - tvRoomId = checkRoomId(index): null

2018-11-13 10:50:41 - [TEST_STEP][PASSED] - Statement - tvRoomId = ""00000"": null

2018-11-13 10:50:41 - [TEST_STEP][PASSED] - Statement - If (index > 0 && index < 10): null

2018-11-13 10:50:41 - [TEST_STEP][PASSED] - Statement - Else If (index >= 10 && index < 100): null

2018-11-13 10:50:41 - [TEST_STEP][PASSED] - Statement - tvRoomId = ""000" + index + """: null

2018-11-13 10:50:41 - [TEST_STEP][PASSED] - Statement - return tvRoomId: null

2018-11-13 10:50:41 - [TEST_STEP][PASSED] - Statement - tvUniqueID = ""TEST" + index + "1C5A6BB5C57F"": null

2018-11-13 10:50:41 - [TEST_STEP][PASSED] - Statement - tvDiscovery = tvDiscovery + tvIp + generateMac(index) + tvResponse2 + tvRoomId + generateSnNumber(index) + tvResponse3 + tvUniqueID + tvResponse4: null

2018-11-13 10:50:41 - [TEST_STEP][PASSED] - Statement - macAddress = ","TVMACAddress":"1C:5A:6B:B5:C5:7F"": null

2018-11-13 10:50:41 - [TEST_STEP][PASSED] - Statement - If (index > 0 && index < 10): null

2018-11-13 10:50:41 - [TEST_STEP][PASSED] - Statement - Else If (index >= 10 && index < 100): null

2018-11-13 10:50:41 - [TEST_STEP][PASSED] - Statement - macAddress = ","TVMACAddress":"1C:" + index % 10 + "A:6B:B5:C5:7F"": null

2018-11-13 10:50:41 - [TEST_STEP][PASSED] - Statement - return macAddress: null

2018-11-13 10:50:41 - [TEST_STEP][PASSED] - Statement - tvSerialNumber = ","TVSerialNumber":"FZ1A16140605" + index + """: null

2018-11-13 10:50:41 - [TEST_STEP][PASSED] - Statement - return tvSerialNumber: null

2018-11-13 10:50:41 - [TEST_STEP][PASSED] - Statement - println("tvDiscovery:" + tvDiscovery): null

2018-11-13 10:50:41 - [TEST_STEP][PASSED] - Statement - ro.setBodyContent(new com.kms.katalon.core.testobject.impl.HttpTextBodyContent(tvDiscovery)): null

2018-11-13 10:50:41 - [TEST_STEP][PASSED] - Statement - response = com.kms.katalon.core.webservice.keyword.WSBuiltInKeywords.sendRequest(ro): Send request successfully

2018-11-13 10:50:42 - [MESSAGE][PASSED] - Send request successfully

2018-11-13 10:50:42 - [TEST_STEP][PASSED] - Statement - responseStatusCode = response.getStatusCode(): null

2018-11-13 10:50:42 - [TEST_STEP][PASSED] - Statement - println("Response status code:" + responseStatusCode): null

2018-11-13 10:50:42 - [TEST_STEP][PASSED] - delay: Delayed 1 second(s)

2018-11-13 10:50:43 - [MESSAGE][PASSED] - Delayed 1 second(s)

2018-11-13 10:50:43 - [TEST_STEP][PASSED] - Statement - tvDiscovery = tvResponse1: null

2018-11-13 10:50:43 - [TEST_STEP][PASSED] - Statement - tvIp = """ + "10.0.23." + index + """: null

2018-11-13 10:50:43 - [TEST_STEP][PASSED] - Statement - tvRoomId = checkRoomId(index): null

2018-11-13 10:50:43 - [TEST_STEP][PASSED] - Statement - tvRoomId = ""00000"": null

2018-11-13 10:50:43 - [TEST_STEP][PASSED] - Statement - If (index > 0 && index < 10): null

2018-11-13 10:50:43 - [TEST_STEP][PASSED] - Statement - Else If (index >= 10 && index < 100): null

2018-11-13 10:50:43 - [TEST_STEP][PASSED] - Statement - tvRoomId = ""000" + index + """: null

2018-11-13 10:50:43 - [TEST_STEP][PASSED] - Statement - return tvRoomId: null

2018-11-13 10:50:43 - [TEST_STEP][PASSED] - Statement - tvUniqueID = ""TEST" + index + "1C5A6BB5C57F"": null

2018-11-13 10:50:43 - [TEST_STEP][PASSED] - Statement - tvDiscovery = tvDiscovery + tvIp + generateMac(index) + tvResponse2 + tvRoomId + generateSnNumber(index) + tvResponse3 + tvUniqueID + tvResponse4: null

2018-11-13 10:50:43 - [TEST_STEP][PASSED] - Statement - macAddress = ","TVMACAddress":"1C:5A:6B:B5:C5:7F"": null

2018-11-13 10:50:43 - [TEST_STEP][PASSED] - Statement - If (index > 0 && index < 10): null

2018-11-13 10:50:43 - [TEST_STEP][PASSED] - Statement - Else If (index >= 10 && index < 100): null

2018-11-13 10:50:43 - [TEST_STEP][PASSED] - Statement - macAddress = ","TVMACAddress":"1C:" + index % 10 + "A:6B:B5:C5:7F"": null

2018-11-13 10:50:43 - [TEST_STEP][PASSED] - Statement - return macAddress: null

2018-11-13 10:50:43 - [TEST_STEP][PASSED] - Statement - tvSerialNumber = ","TVSerialNumber":"FZ1A16140605" + index + """: null

2018-11-13 10:50:43 - [TEST_STEP][PASSED] - Statement - return tvSerialNumber: null

2018-11-13 10:50:43 - [TEST_STEP][PASSED] - Statement - println("tvDiscovery:" + tvDiscovery): null

2018-11-13 10:50:43 - [TEST_STEP][PASSED] - Statement - ro.setBodyContent(new com.kms.katalon.core.testobject.impl.HttpTextBodyContent(tvDiscovery)): null

2018-11-13 10:50:43 - [TEST_STEP][PASSED] - Statement - response = com.kms.katalon.core.webservice.keyword.WSBuiltInKeywords.sendRequest(ro): Send request successfully

2018-11-13 10:50:44 - [MESSAGE][PASSED] - Send request successfully

2018-11-13 10:50:44 - [TEST_STEP][PASSED] - Statement - responseStatusCode = response.getStatusCode(): null

2018-11-13 10:50:44 - [TEST_STEP][PASSED] - Statement - println("Response status code:" + responseStatusCode): null

2018-11-13 10:50:44 - [TEST_STEP][PASSED] - delay: Delayed 1 second(s)

2018-11-13 10:50:45 - [MESSAGE][PASSED] - Delayed 1 second(s)

2018-11-13 10:50:45 - [TEST_STEP][PASSED] - Statement - tvDiscovery = tvResponse1: null

2018-11-13 10:50:45 - [TEST_STEP][PASSED] - Statement - tvIp = """ + "10.0.23." + index + """: null

2018-11-13 10:50:45 - [TEST_STEP][PASSED] - Statement - tvRoomId = checkRoomId(index): null

2018-11-13 10:50:45 - [TEST_STEP][PASSED] - Statement - tvRoomId = ""00000"": null

2018-11-13 10:50:45 - [TEST_STEP][PASSED] - Statement - If (index > 0 && index < 10): null

2018-11-13 10:50:45 - [TEST_STEP][PASSED] - Statement - Else If (index >= 10 && index < 100): null

2018-11-13 10:50:45 - [TEST_STEP][PASSED] - Statement - tvRoomId = ""000" + index + """: null

2018-11-13 10:50:45 - [TEST_STEP][PASSED] - Statement - return tvRoomId: null

2018-11-13 10:50:45 - [TEST_STEP][PASSED] - Statement - tvUniqueID = ""TEST" + index + "1C5A6BB5C57F"": null

2018-11-13 10:50:45 - [TEST_STEP][PASSED] - Statement - tvDiscovery = tvDiscovery + tvIp + generateMac(index) + tvResponse2 + tvRoomId + generateSnNumber(index) + tvResponse3 + tvUniqueID + tvResponse4: null

2018-11-13 10:50:45 - [TEST_STEP][PASSED] - Statement - macAddress = ","TVMACAddress":"1C:5A:6B:B5:C5:7F"": null

2018-11-13 10:50:45 - [TEST_STEP][PASSED] - Statement - If (index > 0 && index < 10): null

2018-11-13 10:50:45 - [TEST_STEP][PASSED] - Statement - Else If (index >= 10 && index < 100): null

2018-11-13 10:50:45 - [TEST_STEP][PASSED] - Statement - macAddress = ","TVMACAddress":"1C:" + index % 10 + "A:6B:B5:C5:7F"": null

2018-11-13 10:50:45 - [TEST_STEP][PASSED] - Statement - return macAddress: null

2018-11-13 10:50:45 - [TEST_STEP][PASSED] - Statement - tvSerialNumber = ","TVSerialNumber":"FZ1A16140605" + index + """: null

2018-11-13 10:50:45 - [TEST_STEP][PASSED] - Statement - return tvSerialNumber: null

2018-11-13 10:50:45 - [TEST_STEP][PASSED] - Statement - println("tvDiscovery:" + tvDiscovery): null

2018-11-13 10:50:45 - [TEST_STEP][PASSED] - Statement - ro.setBodyContent(new com.kms.katalon.core.testobject.impl.HttpTextBodyContent(tvDiscovery)): null

2018-11-13 10:50:45 - [TEST_STEP][PASSED] - Statement - response = com.kms.katalon.core.webservice.keyword.WSBuiltInKeywords.sendRequest(ro): Send request successfully

2018-11-13 10:50:45 - [MESSAGE][PASSED] - Send request successfully

2018-11-13 10:50:45 - [TEST_STEP][PASSED] - Statement - responseStatusCode = response.getStatusCode(): null

2018-11-13 10:50:45 - [TEST_STEP][PASSED] - Statement - println("Response status code:" + responseStatusCode): null

2018-11-13 10:50:45 - [TEST_STEP][PASSED] - delay: Delayed 1 second(s)

2018-11-13 10:50:46 - [MESSAGE][PASSED] - Delayed 1 second(s)

2018-11-13 10:50:46 - [TEST_STEP][PASSED] - Statement - tvDiscovery = tvResponse1: null

2018-11-13 10:50:46 - [TEST_STEP][PASSED] - Statement - tvIp = """ + "10.0.23." + index + """: null

2018-11-13 10:50:46 - [TEST_STEP][PASSED] - Statement - tvRoomId = checkRoomId(index): null

2018-11-13 10:50:46 - [TEST_STEP][PASSED] - Statement - tvRoomId = ""00000"": null

2018-11-13 10:50:46 - [TEST_STEP][PASSED] - Statement - If (index > 0 && index < 10): null

2018-11-13 10:50:46 - [TEST_STEP][PASSED] - Statement - Else If (index >= 10 && index < 100): null

2018-11-13 10:50:46 - [TEST_STEP][PASSED] - Statement - tvRoomId = ""000" + index + """: null

2018-11-13 10:50:46 - [TEST_STEP][PASSED] - Statement - return tvRoomId: null

2018-11-13 10:50:46 - [TEST_STEP][PASSED] - Statement - tvUniqueID = ""TEST" + index + "1C5A6BB5C57F"": null

2018-11-13 10:50:46 - [TEST_STEP][PASSED] - Statement - tvDiscovery = tvDiscovery + tvIp + generateMac(index) + tvResponse2 + tvRoomId + generateSnNumber(index) + tvResponse3 + tvUniqueID + tvResponse4: null

2018-11-13 10:50:46 - [TEST_STEP][PASSED] - Statement - macAddress = ","TVMACAddress":"1C:5A:6B:B5:C5:7F"": null

2018-11-13 10:50:46 - [TEST_STEP][PASSED] - Statement - If (index > 0 && index < 10): null

2018-11-13 10:50:46 - [TEST_STEP][PASSED] - Statement - Else If (index >= 10 && index < 100): null

2018-11-13 10:50:46 - [TEST_STEP][PASSED] - Statement - macAddress = ","TVMACAddress":"1C:" + index % 10 + "A:6B:B5:C5:7F"": null

2018-11-13 10:50:46 - [TEST_STEP][PASSED] - Statement - return macAddress: null

2018-11-13 10:50:46 - [TEST_STEP][PASSED] - Statement - tvSerialNumber = ","TVSerialNumber":"FZ1A16140605" + index + """: null

2018-11-13 10:50:46 - [TEST_STEP][PASSED] - Statement - return tvSerialNumber: null

2018-11-13 10:50:46 - [TEST_STEP][PASSED] - Statement - println("tvDiscovery:" + tvDiscovery): null

2018-11-13 10:50:46 - [TEST_STEP][PASSED] - Statement - ro.setBodyContent(new com.kms.katalon.core.testobject.impl.HttpTextBodyContent(tvDiscovery)): null

2018-11-13 10:50:46 - [TEST_STEP][PASSED] - Statement - response = com.kms.katalon.core.webservice.keyword.WSBuiltInKeywords.sendRequest(ro): Send request successfully

2018-11-13 10:50:46 - [MESSAGE][PASSED] - Send request successfully

2018-11-13 10:50:46 - [TEST_STEP][PASSED] - Statement - responseStatusCode = response.getStatusCode(): null

2018-11-13 10:50:46 - [TEST_STEP][PASSED] - Statement - println("Response status code:" + responseStatusCode): null

2018-11-13 10:50:46 - [TEST_STEP][PASSED] - delay: Delayed 1 second(s)

2018-11-13 10:50:47 - [MESSAGE][PASSED] - Delayed 1 second(s)

2018-11-13 10:50:47 - [TEST_STEP][PASSED] - Statement - tvDiscovery = tvResponse1: null

2018-11-13 10:50:47 - [TEST_STEP][PASSED] - Statement - tvIp = """ + "10.0.23." + index + """: null

2018-11-13 10:50:47 - [TEST_STEP][PASSED] - Statement - tvRoomId = checkRoomId(index): null

2018-11-13 10:50:47 - [TEST_STEP][PASSED] - Statement - tvRoomId = ""00000"": null

2018-11-13 10:50:47 - [TEST_STEP][PASSED] - Statement - If (index > 0 && index < 10): null

2018-11-13 10:50:47 - [TEST_STEP][PASSED] - Statement - Else If (index >= 10 && index < 100): null

2018-11-13 10:50:47 - [TEST_STEP][PASSED] - Statement - tvRoomId = ""000" + index + """: null

2018-11-13 10:50:47 - [TEST_STEP][PASSED] - Statement - return tvRoomId: null

2018-11-13 10:50:47 - [TEST_STEP][PASSED] - Statement - tvUniqueID = ""TEST" + index + "1C5A6BB5C57F"": null

2018-11-13 10:50:47 - [TEST_STEP][PASSED] - Statement - tvDiscovery = tvDiscovery + tvIp + generateMac(index) + tvResponse2 + tvRoomId + generateSnNumber(index) + tvResponse3 + tvUniqueID + tvResponse4: null

2018-11-13 10:50:47 - [TEST_STEP][PASSED] - Statement - macAddress = ","TVMACAddress":"1C:5A:6B:B5:C5:7F"": null

2018-11-13 10:50:47 - [TEST_STEP][PASSED] - Statement - If (index > 0 && index < 10): null

2018-11-13 10:50:47 - [TEST_STEP][PASSED] - Statement - Else If (index >= 10 && index < 100): null

2018-11-13 10:50:47 - [TEST_STEP][PASSED] - Statement - macAddress = ","TVMACAddress":"1C:" + index % 10 + "A:6B:B5:C5:7F"": null

2018-11-13 10:50:47 - [TEST_STEP][PASSED] - Statement - return macAddress: null

2018-11-13 10:50:47 - [TEST_STEP][PASSED] - Statement - tvSerialNumber = ","TVSerialNumber":"FZ1A16140605" + index + """: null

2018-11-13 10:50:47 - [TEST_STEP][PASSED] - Statement - return tvSerialNumber: null

2018-11-13 10:50:47 - [TEST_STEP][PASSED] - Statement - println("tvDiscovery:" + tvDiscovery): null

2018-11-13 10:50:47 - [TEST_STEP][PASSED] - Statement - ro.setBodyContent(new com.kms.katalon.core.testobject.impl.HttpTextBodyContent(tvDiscovery)): null

2018-11-13 10:50:47 - [TEST_STEP][PASSED] - Statement - response = com.kms.katalon.core.webservice.keyword.WSBuiltInKeywords.sendRequest(ro): Send request successfully

2018-11-13 10:50:48 - [MESSAGE][PASSED] - Send request successfully

2018-11-13 10:50:48 - [TEST_STEP][PASSED] - Statement - responseStatusCode = response.getStatusCode(): null

2018-11-13 10:50:48 - [TEST_STEP][PASSED] - Statement - println("Response status code:" + responseStatusCode): null

2018-11-13 10:50:48 - [TEST_STEP][PASSED] - delay: Delayed 1 second(s)

2018-11-13 10:50:49 - [MESSAGE][PASSED] - Delayed 1 second(s)

2018-11-13 10:50:49 - [TEST_STEP][PASSED] - Statement - tvDiscovery = tvResponse1: null

2018-11-13 10:50:49 - [TEST_STEP][PASSED] - Statement - tvIp = """ + "10.0.23." + index + """: null

2018-11-13 10:50:49 - [TEST_STEP][PASSED] - Statement - tvRoomId = checkRoomId(index): null

2018-11-13 10:50:49 - [TEST_STEP][PASSED] - Statement - tvRoomId = ""00000"": null

2018-11-13 10:50:49 - [TEST_STEP][PASSED] - Statement - If (index > 0 && index < 10): null

2018-11-13 10:50:49 - [TEST_STEP][PASSED] - Statement - Else If (index >= 10 && index < 100): null

2018-11-13 10:50:49 - [TEST_STEP][PASSED] - Statement - tvRoomId = ""000" + index + """: null

2018-11-13 10:50:49 - [TEST_STEP][PASSED] - Statement - return tvRoomId: null

2018-11-13 10:50:49 - [TEST_STEP][PASSED] - Statement - tvUniqueID = ""TEST" + index + "1C5A6BB5C57F"": null

2018-11-13 10:50:49 - [TEST_STEP][PASSED] - Statement - tvDiscovery = tvDiscovery + tvIp + generateMac(index) + tvResponse2 + tvRoomId + generateSnNumber(index) + tvResponse3 + tvUniqueID + tvResponse4: null

2018-11-13 10:50:49 - [TEST_STEP][PASSED] - Statement - macAddress = ","TVMACAddress":"1C:5A:6B:B5:C5:7F"": null

2018-11-13 10:50:49 - [TEST_STEP][PASSED] - Statement - If (index > 0 && index < 10): null

2018-11-13 10:50:49 - [TEST_STEP][PASSED] - Statement - Else If (index >= 10 && index < 100): null

2018-11-13 10:50:49 - [TEST_STEP][PASSED] - Statement - macAddress = ","TVMACAddress":"1C:" + index % 10 + "A:6B:B5:C5:7F"": null

2018-11-13 10:50:49 - [TEST_STEP][PASSED] - Statement - return macAddress: null

2018-11-13 10:50:49 - [TEST_STEP][PASSED] - Statement - tvSerialNumber = ","TVSerialNumber":"FZ1A16140605" + index + """: null

2018-11-13 10:50:49 - [TEST_STEP][PASSED] - Statement - return tvSerialNumber: null

2018-11-13 10:50:49 - [TEST_STEP][PASSED] - Statement - println("tvDiscovery:" + tvDiscovery): null

2018-11-13 10:50:49 - [TEST_STEP][PASSED] - Statement - ro.setBodyContent(new com.kms.katalon.core.testobject.impl.HttpTextBodyContent(tvDiscovery)): null

2018-11-13 10:50:49 - [TEST_STEP][PASSED] - Statement - response = com.kms.katalon.core.webservice.keyword.WSBuiltInKeywords.sendRequest(ro): Send request successfully

2018-11-13 10:50:49 - [MESSAGE][PASSED] - Send request successfully

2018-11-13 10:50:49 - [TEST_STEP][PASSED] - Statement - responseStatusCode = response.getStatusCode(): null

2018-11-13 10:50:49 - [TEST_STEP][PASSED] - Statement - println("Response status code:" + responseStatusCode): null

2018-11-13 10:50:49 - [TEST_STEP][PASSED] - delay: Delayed 1 second(s)

2018-11-13 10:50:50 - [MESSAGE][PASSED] - Delayed 1 second(s)

2018-11-13 10:50:50 - [TEST_STEP][PASSED] - Statement - tvDiscovery = tvResponse1: null

2018-11-13 10:50:50 - [TEST_STEP][PASSED] - Statement - tvIp = """ + "10.0.23." + index + """: null

2018-11-13 10:50:50 - [TEST_STEP][PASSED] - Statement - tvRoomId = checkRoomId(index): null

2018-11-13 10:50:50 - [TEST_STEP][PASSED] - Statement - tvRoomId = ""00000"": null

2018-11-13 10:50:50 - [TEST_STEP][PASSED] - Statement - If (index > 0 && index < 10): null

2018-11-13 10:50:50 - [TEST_STEP][PASSED] - Statement - Else If (index >= 10 && index < 100): null

2018-11-13 10:50:50 - [TEST_STEP][PASSED] - Statement - tvRoomId = ""000" + index + """: null

2018-11-13 10:50:50 - [TEST_STEP][PASSED] - Statement - return tvRoomId: null

2018-11-13 10:50:50 - [TEST_STEP][PASSED] - Statement - tvUniqueID = ""TEST" + index + "1C5A6BB5C57F"": null

2018-11-13 10:50:50 - [TEST_STEP][PASSED] - Statement - tvDiscovery = tvDiscovery + tvIp + generateMac(index) + tvResponse2 + tvRoomId + generateSnNumber(index) + tvResponse3 + tvUniqueID + tvResponse4: null

2018-11-13 10:50:50 - [TEST_STEP][PASSED] - Statement - macAddress = ","TVMACAddress":"1C:5A:6B:B5:C5:7F"": null

2018-11-13 10:50:50 - [TEST_STEP][PASSED] - Statement - If (index > 0 && index < 10): null

2018-11-13 10:50:50 - [TEST_STEP][PASSED] - Statement - Else If (index >= 10 && index < 100): null

2018-11-13 10:50:50 - [TEST_STEP][PASSED] - Statement - macAddress = ","TVMACAddress":"1C:" + index % 10 + "A:6B:B5:C5:7F"": null

2018-11-13 10:50:50 - [TEST_STEP][PASSED] - Statement - return macAddress: null

2018-11-13 10:50:50 - [TEST_STEP][PASSED] - Statement - tvSerialNumber = ","TVSerialNumber":"FZ1A16140605" + index + """: null

2018-11-13 10:50:50 - [TEST_STEP][PASSED] - Statement - return tvSerialNumber: null

2018-11-13 10:50:50 - [TEST_STEP][PASSED] - Statement - println("tvDiscovery:" + tvDiscovery): null

2018-11-13 10:50:50 - [TEST_STEP][PASSED] - Statement - ro.setBodyContent(new com.kms.katalon.core.testobject.impl.HttpTextBodyContent(tvDiscovery)): null

2018-11-13 10:50:50 - [TEST_STEP][PASSED] - Statement - response = com.kms.katalon.core.webservice.keyword.WSBuiltInKeywords.sendRequest(ro): Send request successfully

2018-11-13 10:50:51 - [MESSAGE][PASSED] - Send request successfully

2018-11-13 10:50:51 - [TEST_STEP][PASSED] - Statement - responseStatusCode = response.getStatusCode(): null

2018-11-13 10:50:51 - [TEST_STEP][PASSED] - Statement - println("Response status code:" + responseStatusCode): null

2018-11-13 10:50:51 - [TEST_STEP][PASSED] - delay: Delayed 1 second(s)

2018-11-13 10:50:52 - [MESSAGE][PASSED] - Delayed 1 second(s)

2018-11-13 10:50:52 - [TEST_STEP][PASSED] - Statement - tvDiscovery = tvResponse1: null

2018-11-13 10:50:52 - [TEST_STEP][PASSED] - Statement - tvIp = """ + "10.0.23." + index + """: null

2018-11-13 10:50:52 - [TEST_STEP][PASSED] - Statement - tvRoomId = checkRoomId(index): null

2018-11-13 10:50:52 - [TEST_STEP][PASSED] - Statement - tvRoomId = ""00000"": null

2018-11-13 10:50:52 - [TEST_STEP][PASSED] - Statement - If (index > 0 && index < 10): null

2018-11-13 10:50:52 - [TEST_STEP][PASSED] - Statement - Else If (index >= 10 && index < 100): null

2018-11-13 10:50:52 - [TEST_STEP][PASSED] - Statement - tvRoomId = ""000" + index + """: null

2018-11-13 10:50:52 - [TEST_STEP][PASSED] - Statement - return tvRoomId: null

2018-11-13 10:50:52 - [TEST_STEP][PASSED] - Statement - tvUniqueID = ""TEST" + index + "1C5A6BB5C57F"": null

2018-11-13 10:50:52 - [TEST_STEP][PASSED] - Statement - tvDiscovery = tvDiscovery + tvIp + generateMac(index) + tvResponse2 + tvRoomId + generateSnNumber(index) + tvResponse3 + tvUniqueID + tvResponse4: null

2018-11-13 10:50:52 - [TEST_STEP][PASSED] - Statement - macAddress = ","TVMACAddress":"1C:5A:6B:B5:C5:7F"": null

2018-11-13 10:50:52 - [TEST_STEP][PASSED] - Statement - If (index > 0 && index < 10): null

2018-11-13 10:50:52 - [TEST_STEP][PASSED] - Statement - Else If (index >= 10 && index < 100): null

2018-11-13 10:50:52 - [TEST_STEP][PASSED] - Statement - macAddress = ","TVMACAddress":"1C:" + index % 10 + "A:6B:B5:C5:7F"": null

2018-11-13 10:50:52 - [TEST_STEP][PASSED] - Statement - return macAddress: null

2018-11-13 10:50:52 - [TEST_STEP][PASSED] - Statement - tvSerialNumber = ","TVSerialNumber":"FZ1A16140605" + index + """: null

2018-11-13 10:50:52 - [TEST_STEP][PASSED] - Statement - return tvSerialNumber: null

2018-11-13 10:50:52 - [TEST_STEP][PASSED] - Statement - println("tvDiscovery:" + tvDiscovery): null

2018-11-13 10:50:52 - [TEST_STEP][PASSED] - Statement - ro.setBodyContent(new com.kms.katalon.core.testobject.impl.HttpTextBodyContent(tvDiscovery)): null

2018-11-13 10:50:52 - [TEST_STEP][PASSED] - Statement - response = com.kms.katalon.core.webservice.keyword.WSBuiltInKeywords.sendRequest(ro): Send request successfully

2018-11-13 10:50:52 - [MESSAGE][PASSED] - Send request successfully

2018-11-13 10:50:52 - [TEST_STEP][PASSED] - Statement - responseStatusCode = response.getStatusCode(): null

2018-11-13 10:50:52 - [TEST_STEP][PASSED] - Statement - println("Response status code:" + responseStatusCode): null

2018-11-13 10:50:52 - [TEST_STEP][PASSED] - delay: Delayed 1 second(s)

2018-11-13 10:50:53 - [MESSAGE][PASSED] - Delayed 1 second(s)

2018-11-13 10:50:53 - [TEST_STEP][PASSED] - Statement - tvDiscovery = tvResponse1: null

2018-11-13 10:50:53 - [TEST_STEP][PASSED] - Statement - tvIp = """ + "10.0.23." + index + """: null

2018-11-13 10:50:53 - [TEST_STEP][PASSED] - Statement - tvRoomId = checkRoomId(index): null

2018-11-13 10:50:53 - [TEST_STEP][PASSED] - Statement - tvRoomId = ""00000"": null

2018-11-13 10:50:53 - [TEST_STEP][PASSED] - Statement - If (index > 0 && index < 10): null

2018-11-13 10:50:53 - [TEST_STEP][PASSED] - Statement - Else If (index >= 10 && index < 100): null

2018-11-13 10:50:53 - [TEST_STEP][PASSED] - Statement - tvRoomId = ""000" + index + """: null

2018-11-13 10:50:53 - [TEST_STEP][PASSED] - Statement - return tvRoomId: null

2018-11-13 10:50:53 - [TEST_STEP][PASSED] - Statement - tvUniqueID = ""TEST" + index + "1C5A6BB5C57F"": null

2018-11-13 10:50:53 - [TEST_STEP][PASSED] - Statement - tvDiscovery = tvDiscovery + tvIp + generateMac(index) + tvResponse2 + tvRoomId + generateSnNumber(index) + tvResponse3 + tvUniqueID + tvResponse4: null

2018-11-13 10:50:53 - [TEST_STEP][PASSED] - Statement - macAddress = ","TVMACAddress":"1C:5A:6B:B5:C5:7F"": null

2018-11-13 10:50:53 - [TEST_STEP][PASSED] - Statement - If (index > 0 && index < 10): null

2018-11-13 10:50:53 - [TEST_STEP][PASSED] - Statement - Else If (index >= 10 && index < 100): null

2018-11-13 10:50:53 - [TEST_STEP][PASSED] - Statement - macAddress = ","TVMACAddress":"1C:" + index % 10 + "A:6B:B5:C5:7F"": null

2018-11-13 10:50:53 - [TEST_STEP][PASSED] - Statement - return macAddress: null

2018-11-13 10:50:53 - [TEST_STEP][PASSED] - Statement - tvSerialNumber = ","TVSerialNumber":"FZ1A16140605" + index + """: null

2018-11-13 10:50:53 - [TEST_STEP][PASSED] - Statement - return tvSerialNumber: null

2018-11-13 10:50:53 - [TEST_STEP][PASSED] - Statement - println("tvDiscovery:" + tvDiscovery): null

2018-11-13 10:50:53 - [TEST_STEP][PASSED] - Statement - ro.setBodyContent(new com.kms.katalon.core.testobject.impl.HttpTextBodyContent(tvDiscovery)): null

2018-11-13 10:50:53 - [TEST_STEP][PASSED] - Statement - response = com.kms.katalon.core.webservice.keyword.WSBuiltInKeywords.sendRequest(ro): Send request successfully

2018-11-13 10:50:54 - [MESSAGE][PASSED] - Send request successfully

2018-11-13 10:50:54 - [TEST_STEP][PASSED] - Statement - responseStatusCode = response.getStatusCode(): null

2018-11-13 10:50:54 - [TEST_STEP][PASSED] - Statement - println("Response status code:" + responseStatusCode): null

2018-11-13 10:50:54 - [TEST_STEP][PASSED] - delay: Delayed 1 second(s)

2018-11-13 10:50:55 - [MESSAGE][PASSED] - Delayed 1 second(s)

2018-11-13 10:50:55 - [TEST_STEP][PASSED] - Statement - tvDiscovery = tvResponse1: null

2018-11-13 10:50:55 - [TEST_STEP][PASSED] - Statement - tvIp = """ + "10.0.23." + index + """: null

2018-11-13 10:50:55 - [TEST_STEP][PASSED] - Statement - tvRoomId = checkRoomId(index): null

2018-11-13 10:50:55 - [TEST_STEP][PASSED] - Statement - tvRoomId = ""00000"": null

2018-11-13 10:50:55 - [TEST_STEP][PASSED] - Statement - If (index > 0 && index < 10): null

2018-11-13 10:50:55 - [TEST_STEP][PASSED] - Statement - Else If (index >= 10 && index < 100): null

2018-11-13 10:50:55 - [TEST_STEP][PASSED] - Statement - tvRoomId = ""000" + index + """: null

2018-11-13 10:50:55 - [TEST_STEP][PASSED] - Statement - return tvRoomId: null

2018-11-13 10:50:55 - [TEST_STEP][PASSED] - Statement - tvUniqueID = ""TEST" + index + "1C5A6BB5C57F"": null

2018-11-13 10:50:55 - [TEST_STEP][PASSED] - Statement - tvDiscovery = tvDiscovery + tvIp + generateMac(index) + tvResponse2 + tvRoomId + generateSnNumber(index) + tvResponse3 + tvUniqueID + tvResponse4: null

2018-11-13 10:50:55 - [TEST_STEP][PASSED] - Statement - macAddress = ","TVMACAddress":"1C:5A:6B:B5:C5:7F"": null

2018-11-13 10:50:55 - [TEST_STEP][PASSED] - Statement - If (index > 0 && index < 10): null

2018-11-13 10:50:55 - [TEST_STEP][PASSED] - Statement - Else If (index >= 10 && index < 100): null

2018-11-13 10:50:55 - [TEST_STEP][PASSED] - Statement - macAddress = ","TVMACAddress":"1C:" + index % 10 + "A:6B:B5:C5:7F"": null

2018-11-13 10:50:55 - [TEST_STEP][PASSED] - Statement - return macAddress: null

2018-11-13 10:50:55 - [TEST_STEP][PASSED] - Statement - tvSerialNumber = ","TVSerialNumber":"FZ1A16140605" + index + """: null

2018-11-13 10:50:55 - [TEST_STEP][PASSED] - Statement - return tvSerialNumber: null

2018-11-13 10:50:55 - [TEST_STEP][PASSED] - Statement - println("tvDiscovery:" + tvDiscovery): null

2018-11-13 10:50:55 - [TEST_STEP][PASSED] - Statement - ro.setBodyContent(new com.kms.katalon.core.testobject.impl.HttpTextBodyContent(tvDiscovery)): null

2018-11-13 10:50:55 - [TEST_STEP][PASSED] - Statement - response = com.kms.katalon.core.webservice.keyword.WSBuiltInKeywords.sendRequest(ro): Send request successfully

2018-11-13 10:50:55 - [MESSAGE][PASSED] - Send request successfully

2018-11-13 10:50:55 - [TEST_STEP][PASSED] - Statement - responseStatusCode = response.getStatusCode(): null

2018-11-13 10:50:55 - [TEST_STEP][PASSED] - Statement - println("Response status code:" + responseStatusCode): null

2018-11-13 10:50:55 - [TEST_STEP][PASSED] - delay: Delayed 1 second(s)

2018-11-13 10:50:56 - [MESSAGE][PASSED] - Delayed 1 second(s)

2018-11-13 10:50:56 - [TEST_STEP][PASSED] - Statement - tvDiscovery = tvResponse1: null

2018-11-13 10:50:56 - [TEST_STEP][PASSED] - Statement - tvIp = """ + "10.0.23." + index + """: null

2018-11-13 10:50:56 - [TEST_STEP][PASSED] - Statement - tvRoomId = checkRoomId(index): null

2018-11-13 10:50:56 - [TEST_STEP][PASSED] - Statement - tvRoomId = ""00000"": null

2018-11-13 10:50:56 - [TEST_STEP][PASSED] - Statement - If (index > 0 && index < 10): null

2018-11-13 10:50:56 - [TEST_STEP][PASSED] - Statement - Else If (index >= 10 && index < 100): null

2018-11-13 10:50:56 - [TEST_STEP][PASSED] - Statement - tvRoomId = ""000" + index + """: null

2018-11-13 10:50:56 - [TEST_STEP][PASSED] - Statement - return tvRoomId: null

2018-11-13 10:50:56 - [TEST_STEP][PASSED] - Statement - tvUniqueID = ""TEST" + index + "1C5A6BB5C57F"": null

2018-11-13 10:50:56 - [TEST_STEP][PASSED] - Statement - tvDiscovery = tvDiscovery + tvIp + generateMac(index) + tvResponse2 + tvRoomId + generateSnNumber(index) + tvResponse3 + tvUniqueID + tvResponse4: null

2018-11-13 10:50:56 - [TEST_STEP][PASSED] - Statement - macAddress = ","TVMACAddress":"1C:5A:6B:B5:C5:7F"": null

2018-11-13 10:50:56 - [TEST_STEP][PASSED] - Statement - If (index > 0 && index < 10): null

2018-11-13 10:50:56 - [TEST_STEP][PASSED] - Statement - Else If (index >= 10 && index < 100): null

2018-11-13 10:50:56 - [TEST_STEP][PASSED] - Statement - macAddress = ","TVMACAddress":"1C:" + index % 10 + "A:6B:B5:C5:7F"": null

2018-11-13 10:50:56 - [TEST_STEP][PASSED] - Statement - return macAddress: null

2018-11-13 10:50:56 - [TEST_STEP][PASSED] - Statement - tvSerialNumber = ","TVSerialNumber":"FZ1A16140605" + index + """: null

2018-11-13 10:50:56 - [TEST_STEP][PASSED] - Statement - return tvSerialNumber: null

2018-11-13 10:50:56 - [TEST_STEP][PASSED] - Statement - println("tvDiscovery:" + tvDiscovery): null

2018-11-13 10:50:56 - [TEST_STEP][PASSED] - Statement - ro.setBodyContent(new com.kms.katalon.core.testobject.impl.HttpTextBodyContent(tvDiscovery)): null

2018-11-13 10:50:56 - [TEST_STEP][PASSED] - Statement - response = com.kms.katalon.core.webservice.keyword.WSBuiltInKeywords.sendRequest(ro): Send request successfully

2018-11-13 10:50:57 - [MESSAGE][PASSED] - Send request successfully

2018-11-13 10:50:57 - [TEST_STEP][PASSED] - Statement - responseStatusCode = response.getStatusCode(): null

2018-11-13 10:50:57 - [TEST_STEP][PASSED] - Statement - println("Response status code:" + responseStatusCode): null

2018-11-13 10:50:57 - [TEST_STEP][PASSED] - delay: Delayed 1 second(s)

2018-11-13 10:50:58 - [MESSAGE][PASSED] - Delayed 1 second(s)

2018-11-13 10:50:58 - [TEST_STEP][PASSED] - Statement - tvDiscovery = tvResponse1: null

2018-11-13 10:50:58 - [TEST_STEP][PASSED] - Statement - tvIp = """ + "10.0.23." + index + """: null

2018-11-13 10:50:58 - [TEST_STEP][PASSED] - Statement - tvRoomId = checkRoomId(index): null

2018-11-13 10:50:58 - [TEST_STEP][PASSED] - Statement - tvRoomId = ""00000"": null

2018-11-13 10:50:58 - [TEST_STEP][PASSED] - Statement - If (index > 0 && index < 10): null

2018-11-13 10:50:58 - [TEST_STEP][PASSED] - Statement - Else If (index >= 10 && index < 100): null

2018-11-13 10:50:58 - [TEST_STEP][PASSED] - Statement - tvRoomId = ""000" + index + """: null

2018-11-13 10:50:58 - [TEST_STEP][PASSED] - Statement - return tvRoomId: null

2018-11-13 10:50:58 - [TEST_STEP][PASSED] - Statement - tvUniqueID = ""TEST" + index + "1C5A6BB5C57F"": null

2018-11-13 10:50:58 - [TEST_STEP][PASSED] - Statement - tvDiscovery = tvDiscovery + tvIp + generateMac(index) + tvResponse2 + tvRoomId + generateSnNumber(index) + tvResponse3 + tvUniqueID + tvResponse4: null

2018-11-13 10:50:58 - [TEST_STEP][PASSED] - Statement - macAddress = ","TVMACAddress":"1C:5A:6B:B5:C5:7F"": null

2018-11-13 10:50:58 - [TEST_STEP][PASSED] - Statement - If (index > 0 && index < 10): null

2018-11-13 10:50:58 - [TEST_STEP][PASSED] - Statement - Else If (index >= 10 && index < 100): null

2018-11-13 10:50:58 - [TEST_STEP][PASSED] - Statement - macAddress = ","TVMACAddress":"1C:" + index % 10 + "A:6B:B5:C5:7F"": null

2018-11-13 10:50:58 - [TEST_STEP][PASSED] - Statement - return macAddress: null

2018-11-13 10:50:58 - [TEST_STEP][PASSED] - Statement - tvSerialNumber = ","TVSerialNumber":"FZ1A16140605" + index + """: null

2018-11-13 10:50:58 - [TEST_STEP][PASSED] - Statement - return tvSerialNumber: null

2018-11-13 10:50:58 - [TEST_STEP][PASSED] - Statement - println("tvDiscovery:" + tvDiscovery): null

2018-11-13 10:50:58 - [TEST_STEP][PASSED] - Statement - ro.setBodyContent(new com.kms.katalon.core.testobject.impl.HttpTextBodyContent(tvDiscovery)): null

2018-11-13 10:50:58 - [TEST_STEP][PASSED] - Statement - response = com.kms.katalon.core.webservice.keyword.WSBuiltInKeywords.sendRequest(ro): Send request successfully

2018-11-13 10:50:58 - [MESSAGE][PASSED] - Send request successfully

2018-11-13 10:50:58 - [TEST_STEP][PASSED] - Statement - responseStatusCode = response.getStatusCode(): null

2018-11-13 10:50:58 - [TEST_STEP][PASSED] - Statement - println("Response status code:" + responseStatusCode): null

2018-11-13 10:50:58 - [TEST_STEP][PASSED] - delay: Delayed 1 second(s)

2018-11-13 10:50:59 - [MESSAGE][PASSED] - Delayed 1 second(s)

2018-11-13 10:50:59 - [TEST_STEP][PASSED] - Statement - tvDiscovery = tvResponse1: null

2018-11-13 10:50:59 - [TEST_STEP][PASSED] - Statement - tvIp = """ + "10.0.23." + index + """: null

2018-11-13 10:50:59 - [TEST_STEP][PASSED] - Statement - tvRoomId = checkRoomId(index): null

2018-11-13 10:50:59 - [TEST_STEP][PASSED] - Statement - tvRoomId = ""00000"": null

2018-11-13 10:50:59 - [TEST_STEP][PASSED] - Statement - If (index > 0 && index < 10): null

2018-11-13 10:50:59 - [TEST_STEP][PASSED] - Statement - Else If (index >= 10 && index < 100): null

2018-11-13 10:50:59 - [TEST_STEP][PASSED] - Statement - tvRoomId = ""000" + index + """: null

2018-11-13 10:50:59 - [TEST_STEP][PASSED] - Statement - return tvRoomId: null

2018-11-13 10:50:59 - [TEST_STEP][PASSED] - Statement - tvUniqueID = ""TEST" + index + "1C5A6BB5C57F"": null

2018-11-13 10:50:59 - [TEST_STEP][PASSED] - Statement - tvDiscovery = tvDiscovery + tvIp + generateMac(index) + tvResponse2 + tvRoomId + generateSnNumber(index) + tvResponse3 + tvUniqueID + tvResponse4: null

2018-11-13 10:50:59 - [TEST_STEP][PASSED] - Statement - macAddress = ","TVMACAddress":"1C:5A:6B:B5:C5:7F"": null

2018-11-13 10:50:59 - [TEST_STEP][PASSED] - Statement - If (index > 0 && index < 10): null

2018-11-13 10:50:59 - [TEST_STEP][PASSED] - Statement - Else If (index >= 10 && index < 100): null

2018-11-13 10:50:59 - [TEST_STEP][PASSED] - Statement - macAddress = ","TVMACAddress":"1C:" + index % 10 + "A:6B:B5:C5:7F"": null

2018-11-13 10:50:59 - [TEST_STEP][PASSED] - Statement - return macAddress: null

2018-11-13 10:50:59 - [TEST_STEP][PASSED] - Statement - tvSerialNumber = ","TVSerialNumber":"FZ1A16140605" + index + """: null

2018-11-13 10:50:59 - [TEST_STEP][PASSED] - Statement - return tvSerialNumber: null

2018-11-13 10:50:59 - [TEST_STEP][PASSED] - Statement - println("tvDiscovery:" + tvDiscovery): null

2018-11-13 10:50:59 - [TEST_STEP][PASSED] - Statement - ro.setBodyContent(new com.kms.katalon.core.testobject.impl.HttpTextBodyContent(tvDiscovery)): null

2018-11-13 10:50:59 - [TEST_STEP][PASSED] - Statement - response = com.kms.katalon.core.webservice.keyword.WSBuiltInKeywords.sendRequest(ro): Send request successfully

2018-11-13 10:51:00 - [MESSAGE][PASSED] - Send request successfully

2018-11-13 10:51:00 - [TEST_STEP][PASSED] - Statement - responseStatusCode = response.getStatusCode(): null

2018-11-13 10:51:00 - [TEST_STEP][PASSED] - Statement - println("Response status code:" + responseStatusCode): null

2018-11-13 10:51:00 - [TEST_STEP][PASSED] - delay: Delayed 1 second(s)

2018-11-13 10:51:01 - [MESSAGE][PASSED] - Delayed 1 second(s)

2018-11-13 10:51:01 - [TEST_STEP][PASSED] - Statement - tvDiscovery = tvResponse1: null

2018-11-13 10:51:01 - [TEST_STEP][PASSED] - Statement - tvIp = """ + "10.0.23." + index + """: null

2018-11-13 10:51:01 - [TEST_STEP][PASSED] - Statement - tvRoomId = checkRoomId(index): null

2018-11-13 10:51:01 - [TEST_STEP][PASSED] - Statement - tvRoomId = ""00000"": null

2018-11-13 10:51:01 - [TEST_STEP][PASSED] - Statement - If (index > 0 && index < 10): null

2018-11-13 10:51:01 - [TEST_STEP][PASSED] - Statement - Else If (index >= 10 && index < 100): null

2018-11-13 10:51:01 - [TEST_STEP][PASSED] - Statement - tvRoomId = ""000" + index + """: null

2018-11-13 10:51:01 - [TEST_STEP][PASSED] - Statement - return tvRoomId: null

2018-11-13 10:51:01 - [TEST_STEP][PASSED] - Statement - tvUniqueID = ""TEST" + index + "1C5A6BB5C57F"": null

2018-11-13 10:51:01 - [TEST_STEP][PASSED] - Statement - tvDiscovery = tvDiscovery + tvIp + generateMac(index) + tvResponse2 + tvRoomId + generateSnNumber(index) + tvResponse3 + tvUniqueID + tvResponse4: null

2018-11-13 10:51:01 - [TEST_STEP][PASSED] - Statement - macAddress = ","TVMACAddress":"1C:5A:6B:B5:C5:7F"": null

2018-11-13 10:51:01 - [TEST_STEP][PASSED] - Statement - If (index > 0 && index < 10): null

2018-11-13 10:51:01 - [TEST_STEP][PASSED] - Statement - Else If (index >= 10 && index < 100): null

2018-11-13 10:51:01 - [TEST_STEP][PASSED] - Statement - macAddress = ","TVMACAddress":"1C:" + index % 10 + "A:6B:B5:C5:7F"": null

2018-11-13 10:51:01 - [TEST_STEP][PASSED] - Statement - return macAddress: null

2018-11-13 10:51:01 - [TEST_STEP][PASSED] - Statement - tvSerialNumber = ","TVSerialNumber":"FZ1A16140605" + index + """: null

2018-11-13 10:51:01 - [TEST_STEP][PASSED] - Statement - return tvSerialNumber: null

2018-11-13 10:51:01 - [TEST_STEP][PASSED] - Statement - println("tvDiscovery:" + tvDiscovery): null

2018-11-13 10:51:01 - [TEST_STEP][PASSED] - Statement - ro.setBodyContent(new com.kms.katalon.core.testobject.impl.HttpTextBodyContent(tvDiscovery)): null

2018-11-13 10:51:01 - [TEST_STEP][PASSED] - Statement - response = com.kms.katalon.core.webservice.keyword.WSBuiltInKeywords.sendRequest(ro): Send request successfully

2018-11-13 10:51:01 - [MESSAGE][PASSED] - Send request successfully

2018-11-13 10:51:01 - [TEST_STEP][PASSED] - Statement - responseStatusCode = response.getStatusCode(): null

2018-11-13 10:51:01 - [TEST_STEP][PASSED] - Statement - println("Response status code:" + responseStatusCode): null

2018-11-13 10:51:01 - [TEST_STEP][PASSED] - delay: Delayed 1 second(s)

2018-11-13 10:51:02 - [MESSAGE][PASSED] - Delayed 1 second(s)

2018-11-13 10:51:02 - [TEST_STEP][PASSED] - Statement - tvDiscovery = tvResponse1: null

2018-11-13 10:51:02 - [TEST_STEP][PASSED] - Statement - tvIp = """ + "10.0.23." + index + """: null

2018-11-13 10:51:02 - [TEST_STEP][PASSED] - Statement - tvRoomId = checkRoomId(index): null

2018-11-13 10:51:02 - [TEST_STEP][PASSED] - Statement - tvRoomId = ""00000"": null

2018-11-13 10:51:02 - [TEST_STEP][PASSED] - Statement - If (index > 0 && index < 10): null

2018-11-13 10:51:02 - [TEST_STEP][PASSED] - Statement - Else If (index >= 10 && index < 100): null

2018-11-13 10:51:02 - [TEST_STEP][PASSED] - Statement - tvRoomId = ""000" + index + """: null

2018-11-13 10:51:02 - [TEST_STEP][PASSED] - Statement - return tvRoomId: null

2018-11-13 10:51:02 - [TEST_STEP][PASSED] - Statement - tvUniqueID = ""TEST" + index + "1C5A6BB5C57F"": null

2018-11-13 10:51:02 - [TEST_STEP][PASSED] - Statement - tvDiscovery = tvDiscovery + tvIp + generateMac(index) + tvResponse2 + tvRoomId + generateSnNumber(index) + tvResponse3 + tvUniqueID + tvResponse4: null

2018-11-13 10:51:02 - [TEST_STEP][PASSED] - Statement - macAddress = ","TVMACAddress":"1C:5A:6B:B5:C5:7F"": null

2018-11-13 10:51:02 - [TEST_STEP][PASSED] - Statement - If (index > 0 && index < 10): null

2018-11-13 10:51:02 - [TEST_STEP][PASSED] - Statement - Else If (index >= 10 && index < 100): null

2018-11-13 10:51:02 - [TEST_STEP][PASSED] - Statement - macAddress = ","TVMACAddress":"1C:" + index % 10 + "A:6B:B5:C5:7F"": null

2018-11-13 10:51:02 - [TEST_STEP][PASSED] - Statement - return macAddress: null

2018-11-13 10:51:02 - [TEST_STEP][PASSED] - Statement - tvSerialNumber = ","TVSerialNumber":"FZ1A16140605" + index + """: null

2018-11-13 10:51:02 - [TEST_STEP][PASSED] - Statement - return tvSerialNumber: null

2018-11-13 10:51:02 - [TEST_STEP][PASSED] - Statement - println("tvDiscovery:" + tvDiscovery): null

2018-11-13 10:51:02 - [TEST_STEP][PASSED] - Statement - ro.setBodyContent(new com.kms.katalon.core.testobject.impl.HttpTextBodyContent(tvDiscovery)): null

2018-11-13 10:51:02 - [TEST_STEP][PASSED] - Statement - response = com.kms.katalon.core.webservice.keyword.WSBuiltInKeywords.sendRequest(ro): Send request successfully

2018-11-13 10:51:03 - [MESSAGE][PASSED] - Send request successfully

2018-11-13 10:51:03 - [TEST_STEP][PASSED] - Statement - responseStatusCode = response.getStatusCode(): null

2018-11-13 10:51:03 - [TEST_STEP][PASSED] - Statement - println("Response status code:" + responseStatusCode): null

2018-11-13 10:51:03 - [TEST_STEP][PASSED] - delay: Delayed 1 second(s)

2018-11-13 10:51:04 - [MESSAGE][PASSED] - Delayed 1 second(s)

2018-11-13 10:51:04 - [TEST_STEP][PASSED] - Statement - tvDiscovery = tvResponse1: null

2018-11-13 10:51:04 - [TEST_STEP][PASSED] - Statement - tvIp = """ + "10.0.23." + index + """: null

2018-11-13 10:51:04 - [TEST_STEP][PASSED] - Statement - tvRoomId = checkRoomId(index): null

2018-11-13 10:51:04 - [TEST_STEP][PASSED] - Statement - tvRoomId = ""00000"": null

2018-11-13 10:51:04 - [TEST_STEP][PASSED] - Statement - If (index > 0 && index < 10): null

2018-11-13 10:51:04 - [TEST_STEP][PASSED] - Statement - Else If (index >= 10 && index < 100): null

2018-11-13 10:51:04 - [TEST_STEP][PASSED] - Statement - tvRoomId = ""000" + index + """: null

2018-11-13 10:51:04 - [TEST_STEP][PASSED] - Statement - return tvRoomId: null

2018-11-13 10:51:04 - [TEST_STEP][PASSED] - Statement - tvUniqueID = ""TEST" + index + "1C5A6BB5C57F"": null

2018-11-13 10:51:04 - [TEST_STEP][PASSED] - Statement - tvDiscovery = tvDiscovery + tvIp + generateMac(index) + tvResponse2 + tvRoomId + generateSnNumber(index) + tvResponse3 + tvUniqueID + tvResponse4: null

2018-11-13 10:51:04 - [TEST_STEP][PASSED] - Statement - macAddress = ","TVMACAddress":"1C:5A:6B:B5:C5:7F"": null

2018-11-13 10:51:04 - [TEST_STEP][PASSED] - Statement - If (index > 0 && index < 10): null

2018-11-13 10:51:04 - [TEST_STEP][PASSED] - Statement - Else If (index >= 10 && index < 100): null

2018-11-13 10:51:04 - [TEST_STEP][PASSED] - Statement - macAddress = ","TVMACAddress":"1C:" + index % 10 + "A:6B:B5:C5:7F"": null

2018-11-13 10:51:04 - [TEST_STEP][PASSED] - Statement - return macAddress: null

2018-11-13 10:51:04 - [TEST_STEP][PASSED] - Statement - tvSerialNumber = ","TVSerialNumber":"FZ1A16140605" + index + """: null

2018-11-13 10:51:04 - [TEST_STEP][PASSED] - Statement - return tvSerialNumber: null

2018-11-13 10:51:04 - [TEST_STEP][PASSED] - Statement - println("tvDiscovery:" + tvDiscovery): null

2018-11-13 10:51:04 - [TEST_STEP][PASSED] - Statement - ro.setBodyContent(new com.kms.katalon.core.testobject.impl.HttpTextBodyContent(tvDiscovery)): null

2018-11-13 10:51:04 - [TEST_STEP][PASSED] - Statement - response = com.kms.katalon.core.webservice.keyword.WSBuiltInKeywords.sendRequest(ro): Send request successfully

2018-11-13 10:51:04 - [MESSAGE][PASSED] - Send request successfully

2018-11-13 10:51:04 - [TEST_STEP][PASSED] - Statement - responseStatusCode = response.getStatusCode(): null

2018-11-13 10:51:04 - [TEST_STEP][PASSED] - Statement - println("Response status code:" + responseStatusCode): null

2018-11-13 10:51:04 - [TEST_STEP][PASSED] - delay: Delayed 1 second(s)

2018-11-13 10:51:05 - [MESSAGE][PASSED] - Delayed 1 second(s)

2018-11-13 10:51:05 - [TEST_STEP][PASSED] - Statement - tvDiscovery = tvResponse1: null

2018-11-13 10:51:05 - [TEST_STEP][PASSED] - Statement - tvIp = """ + "10.0.23." + index + """: null

2018-11-13 10:51:05 - [TEST_STEP][PASSED] - Statement - tvRoomId = checkRoomId(index): null

2018-11-13 10:51:05 - [TEST_STEP][PASSED] - Statement - tvRoomId = ""00000"": null

2018-11-13 10:51:05 - [TEST_STEP][PASSED] - Statement - If (index > 0 && index < 10): null

2018-11-13 10:51:05 - [TEST_STEP][PASSED] - Statement - Else If (index >= 10 && index < 100): null

2018-11-13 10:51:05 - [TEST_STEP][PASSED] - Statement - tvRoomId = ""000" + index + """: null

2018-11-13 10:51:05 - [TEST_STEP][PASSED] - Statement - return tvRoomId: null

2018-11-13 10:51:05 - [TEST_STEP][PASSED] - Statement - tvUniqueID = ""TEST" + index + "1C5A6BB5C57F"": null

2018-11-13 10:51:05 - [TEST_STEP][PASSED] - Statement - tvDiscovery = tvDiscovery + tvIp + generateMac(index) + tvResponse2 + tvRoomId + generateSnNumber(index) + tvResponse3 + tvUniqueID + tvResponse4: null

2018-11-13 10:51:05 - [TEST_STEP][PASSED] - Statement - macAddress = ","TVMACAddress":"1C:5A:6B:B5:C5:7F"": null

2018-11-13 10:51:05 - [TEST_STEP][PASSED] - Statement - If (index > 0 && index < 10): null

2018-11-13 10:51:05 - [TEST_STEP][PASSED] - Statement - Else If (index >= 10 && index < 100): null

2018-11-13 10:51:05 - [TEST_STEP][PASSED] - Statement - macAddress = ","TVMACAddress":"1C:" + index % 10 + "A:6B:B5:C5:7F"": null

2018-11-13 10:51:05 - [TEST_STEP][PASSED] - Statement - return macAddress: null

2018-11-13 10:51:05 - [TEST_STEP][PASSED] - Statement - tvSerialNumber = ","TVSerialNumber":"FZ1A16140605" + index + """: null

2018-11-13 10:51:05 - [TEST_STEP][PASSED] - Statement - return tvSerialNumber: null

2018-11-13 10:51:05 - [TEST_STEP][PASSED] - Statement - println("tvDiscovery:" + tvDiscovery): null

2018-11-13 10:51:05 - [TEST_STEP][PASSED] - Statement - ro.setBodyContent(new com.kms.katalon.core.testobject.impl.HttpTextBodyContent(tvDiscovery)): null

2018-11-13 10:51:05 - [TEST_STEP][PASSED] - Statement - response = com.kms.katalon.core.webservice.keyword.WSBuiltInKeywords.sendRequest(ro): Send request successfully

2018-11-13 10:51:06 - [MESSAGE][PASSED] - Send request successfully

2018-11-13 10:51:06 - [TEST_STEP][PASSED] - Statement - responseStatusCode = response.getStatusCode(): null

2018-11-13 10:51:06 - [TEST_STEP][PASSED] - Statement - println("Response status code:" + responseStatusCode): null

2018-11-13 10:51:06 - [TEST_STEP][PASSED] - delay: Delayed 1 second(s)

2018-11-13 10:51:07 - [MESSAGE][PASSED] - Delayed 1 second(s)

2018-11-13 10:51:07 - [TEST_STEP][PASSED] - Statement - tvDiscovery = tvResponse1: null

2018-11-13 10:51:07 - [TEST_STEP][PASSED] - Statement - tvIp = """ + "10.0.23." + index + """: null

2018-11-13 10:51:07 - [TEST_STEP][PASSED] - Statement - tvRoomId = checkRoomId(index): null

2018-11-13 10:51:07 - [TEST_STEP][PASSED] - Statement - tvRoomId = ""00000"": null

2018-11-13 10:51:07 - [TEST_STEP][PASSED] - Statement - If (index > 0 && index < 10): null

2018-11-13 10:51:07 - [TEST_STEP][PASSED] - Statement - Else If (index >= 10 && index < 100): null

2018-11-13 10:51:07 - [TEST_STEP][PASSED] - Statement - tvRoomId = ""000" + index + """: null

2018-11-13 10:51:07 - [TEST_STEP][PASSED] - Statement - return tvRoomId: null

2018-11-13 10:51:07 - [TEST_STEP][PASSED] - Statement - tvUniqueID = ""TEST" + index + "1C5A6BB5C57F"": null

2018-11-13 10:51:07 - [TEST_STEP][PASSED] - Statement - tvDiscovery = tvDiscovery + tvIp + generateMac(index) + tvResponse2 + tvRoomId + generateSnNumber(index) + tvResponse3 + tvUniqueID + tvResponse4: null

2018-11-13 10:51:07 - [TEST_STEP][PASSED] - Statement - macAddress = ","TVMACAddress":"1C:5A:6B:B5:C5:7F"": null

2018-11-13 10:51:07 - [TEST_STEP][PASSED] - Statement - If (index > 0 && index < 10): null

2018-11-13 10:51:07 - [TEST_STEP][PASSED] - Statement - Else If (index >= 10 && index < 100): null

2018-11-13 10:51:07 - [TEST_STEP][PASSED] - Statement - macAddress = ","TVMACAddress":"1C:" + index % 10 + "A:6B:B5:C5:7F"": null

2018-11-13 10:51:07 - [TEST_STEP][PASSED] - Statement - return macAddress: null

2018-11-13 10:51:07 - [TEST_STEP][PASSED] - Statement - tvSerialNumber = ","TVSerialNumber":"FZ1A16140605" + index + """: null

2018-11-13 10:51:07 - [TEST_STEP][PASSED] - Statement - return tvSerialNumber: null

2018-11-13 10:51:07 - [TEST_STEP][PASSED] - Statement - println("tvDiscovery:" + tvDiscovery): null

2018-11-13 10:51:07 - [TEST_STEP][PASSED] - Statement - ro.setBodyContent(new com.kms.katalon.core.testobject.impl.HttpTextBodyContent(tvDiscovery)): null

2018-11-13 10:51:07 - [TEST_STEP][PASSED] - Statement - response = com.kms.katalon.core.webservice.keyword.WSBuiltInKeywords.sendRequest(ro): Send request successfully

2018-11-13 10:51:07 - [MESSAGE][PASSED] - Send request successfully

2018-11-13 10:51:07 - [TEST_STEP][PASSED] - Statement - responseStatusCode = response.getStatusCode(): null

2018-11-13 10:51:07 - [TEST_STEP][PASSED] - Statement - println("Response status code:" + responseStatusCode): null

2018-11-13 10:51:07 - [TEST_STEP][PASSED] - delay: Delayed 1 second(s)

2018-11-13 10:51:08 - [MESSAGE][PASSED] - Delayed 1 second(s)

2018-11-13 10:51:08 - [TEST_STEP][PASSED] - Statement - tvDiscovery = tvResponse1: null

2018-11-13 10:51:08 - [TEST_STEP][PASSED] - Statement - tvIp = """ + "10.0.23." + index + """: null

2018-11-13 10:51:08 - [TEST_STEP][PASSED] - Statement - tvRoomId = checkRoomId(index): null

2018-11-13 10:51:08 - [TEST_STEP][PASSED] - Statement - tvRoomId = ""00000"": null

2018-11-13 10:51:08 - [TEST_STEP][PASSED] - Statement - If (index > 0 && index < 10): null

2018-11-13 10:51:08 - [TEST_STEP][PASSED] - Statement - Else If (index >= 10 && index < 100): null

2018-11-13 10:51:08 - [TEST_STEP][PASSED] - Statement - tvRoomId = ""000" + index + """: null

2018-11-13 10:51:08 - [TEST_STEP][PASSED] - Statement - return tvRoomId: null

2018-11-13 10:51:08 - [TEST_STEP][PASSED] - Statement - tvUniqueID = ""TEST" + index + "1C5A6BB5C57F"": null

2018-11-13 10:51:08 - [TEST_STEP][PASSED] - Statement - tvDiscovery = tvDiscovery + tvIp + generateMac(index) + tvResponse2 + tvRoomId + generateSnNumber(index) + tvResponse3 + tvUniqueID + tvResponse4: null

2018-11-13 10:51:08 - [TEST_STEP][PASSED] - Statement - macAddress = ","TVMACAddress":"1C:5A:6B:B5:C5:7F"": null

2018-11-13 10:51:08 - [TEST_STEP][PASSED] - Statement - If (index > 0 && index < 10): null

2018-11-13 10:51:08 - [TEST_STEP][PASSED] - Statement - Else If (index >= 10 && index < 100): null

2018-11-13 10:51:08 - [TEST_STEP][PASSED] - Statement - macAddress = ","TVMACAddress":"1C:" + index % 10 + "A:6B:B5:C5:7F"": null

2018-11-13 10:51:08 - [TEST_STEP][PASSED] - Statement - return macAddress: null

2018-11-13 10:51:08 - [TEST_STEP][PASSED] - Statement - tvSerialNumber = ","TVSerialNumber":"FZ1A16140605" + index + """: null

2018-11-13 10:51:08 - [TEST_STEP][PASSED] - Statement - return tvSerialNumber: null

2018-11-13 10:51:08 - [TEST_STEP][PASSED] - Statement - println("tvDiscovery:" + tvDiscovery): null

2018-11-13 10:51:08 - [TEST_STEP][PASSED] - Statement - ro.setBodyContent(new com.kms.katalon.core.testobject.impl.HttpTextBodyContent(tvDiscovery)): null

2018-11-13 10:51:08 - [TEST_STEP][PASSED] - Statement - response = com.kms.katalon.core.webservice.keyword.WSBuiltInKeywords.sendRequest(ro): Send request successfully

2018-11-13 10:51:09 - [MESSAGE][PASSED] - Send request successfully

2018-11-13 10:51:09 - [TEST_STEP][PASSED] - Statement - responseStatusCode = response.getStatusCode(): null

2018-11-13 10:51:09 - [TEST_STEP][PASSED] - Statement - println("Response status code:" + responseStatusCode): null

2018-11-13 10:51:09 - [TEST_STEP][PASSED] - delay: Delayed 1 second(s)

2018-11-13 10:51:10 - [MESSAGE][PASSED] - Delayed 1 second(s)

2018-11-13 10:51:10 - [TEST_STEP][PASSED] - Statement - tvDiscovery = tvResponse1: null

2018-11-13 10:51:10 - [TEST_STEP][PASSED] - Statement - tvIp = """ + "10.0.23." + index + """: null

2018-11-13 10:51:10 - [TEST_STEP][PASSED] - Statement - tvRoomId = checkRoomId(index): null

2018-11-13 10:51:10 - [TEST_STEP][PASSED] - Statement - tvRoomId = ""00000"": null

2018-11-13 10:51:10 - [TEST_STEP][PASSED] - Statement - If (index > 0 && index < 10): null

2018-11-13 10:51:10 - [TEST_STEP][PASSED] - Statement - Else If (index >= 10 && index < 100): null

2018-11-13 10:51:10 - [TEST_STEP][PASSED] - Statement - tvRoomId = ""000" + index + """: null

2018-11-13 10:51:10 - [TEST_STEP][PASSED] - Statement - return tvRoomId: null

2018-11-13 10:51:10 - [TEST_STEP][PASSED] - Statement - tvUniqueID = ""TEST" + index + "1C5A6BB5C57F"": null

2018-11-13 10:51:10 - [TEST_STEP][PASSED] - Statement - tvDiscovery = tvDiscovery + tvIp + generateMac(index) + tvResponse2 + tvRoomId + generateSnNumber(index) + tvResponse3 + tvUniqueID + tvResponse4: null

2018-11-13 10:51:10 - [TEST_STEP][PASSED] - Statement - macAddress = ","TVMACAddress":"1C:5A:6B:B5:C5:7F"": null

2018-11-13 10:51:10 - [TEST_STEP][PASSED] - Statement - If (index > 0 && index < 10): null

2018-11-13 10:51:10 - [TEST_STEP][PASSED] - Statement - Else If (index >= 10 && index < 100): null

2018-11-13 10:51:10 - [TEST_STEP][PASSED] - Statement - macAddress = ","TVMACAddress":"1C:" + index % 10 + "A:6B:B5:C5:7F"": null

2018-11-13 10:51:10 - [TEST_STEP][PASSED] - Statement - return macAddress: null

2018-11-13 10:51:10 - [TEST_STEP][PASSED] - Statement - tvSerialNumber = ","TVSerialNumber":"FZ1A16140605" + index + """: null

2018-11-13 10:51:10 - [TEST_STEP][PASSED] - Statement - return tvSerialNumber: null

2018-11-13 10:51:10 - [TEST_STEP][PASSED] - Statement - println("tvDiscovery:" + tvDiscovery): null

2018-11-13 10:51:10 - [TEST_STEP][PASSED] - Statement - ro.setBodyContent(new com.kms.katalon.core.testobject.impl.HttpTextBodyContent(tvDiscovery)): null

2018-11-13 10:51:10 - [TEST_STEP][PASSED] - Statement - response = com.kms.katalon.core.webservice.keyword.WSBuiltInKeywords.sendRequest(ro): Send request successfully

2018-11-13 10:51:10 - [MESSAGE][PASSED] - Send request successfully

2018-11-13 10:51:10 - [TEST_STEP][PASSED] - Statement - responseStatusCode = response.getStatusCode(): null

2018-11-13 10:51:10 - [TEST_STEP][PASSED] - Statement - println("Response status code:" + responseStatusCode): null

2018-11-13 10:51:10 - [TEST_STEP][PASSED] - delay: Delayed 1 second(s)

2018-11-13 10:51:11 - [MESSAGE][PASSED] - Delayed 1 second(s)

2018-11-13 10:51:11 - [TEST_STEP][PASSED] - Statement - tvDiscovery = tvResponse1: null

2018-11-13 10:51:11 - [TEST_STEP][PASSED] - Statement - tvIp = """ + "10.0.23." + index + """: null

2018-11-13 10:51:11 - [TEST_STEP][PASSED] - Statement - tvRoomId = checkRoomId(index): null

2018-11-13 10:51:11 - [TEST_STEP][PASSED] - Statement - tvRoomId = ""00000"": null

2018-11-13 10:51:11 - [TEST_STEP][PASSED] - Statement - If (index > 0 && index < 10): null

2018-11-13 10:51:11 - [TEST_STEP][PASSED] - Statement - Else If (index >= 10 && index < 100): null

2018-11-13 10:51:11 - [TEST_STEP][PASSED] - Statement - tvRoomId = ""000" + index + """: null

2018-11-13 10:51:11 - [TEST_STEP][PASSED] - Statement - return tvRoomId: null

2018-11-13 10:51:11 - [TEST_STEP][PASSED] - Statement - tvUniqueID = ""TEST" + index + "1C5A6BB5C57F"": null

2018-11-13 10:51:11 - [TEST_STEP][PASSED] - Statement - tvDiscovery = tvDiscovery + tvIp + generateMac(index) + tvResponse2 + tvRoomId + generateSnNumber(index) + tvResponse3 + tvUniqueID + tvResponse4: null

2018-11-13 10:51:11 - [TEST_STEP][PASSED] - Statement - macAddress = ","TVMACAddress":"1C:5A:6B:B5:C5:7F"": null

2018-11-13 10:51:11 - [TEST_STEP][PASSED] - Statement - If (index > 0 && index < 10): null

2018-11-13 10:51:11 - [TEST_STEP][PASSED] - Statement - Else If (index >= 10 && index < 100): null

2018-11-13 10:51:11 - [TEST_STEP][PASSED] - Statement - macAddress = ","TVMACAddress":"1C:" + index % 10 + "A:6B:B5:C5:7F"": null

2018-11-13 10:51:11 - [TEST_STEP][PASSED] - Statement - return macAddress: null

2018-11-13 10:51:11 - [TEST_STEP][PASSED] - Statement - tvSerialNumber = ","TVSerialNumber":"FZ1A16140605" + index + """: null

2018-11-13 10:51:11 - [TEST_STEP][PASSED] - Statement - return tvSerialNumber: null

2018-11-13 10:51:11 - [TEST_STEP][PASSED] - Statement - println("tvDiscovery:" + tvDiscovery): null

2018-11-13 10:51:11 - [TEST_STEP][PASSED] - Statement - ro.setBodyContent(new com.kms.katalon.core.testobject.impl.HttpTextBodyContent(tvDiscovery)): null

2018-11-13 10:51:11 - [TEST_STEP][PASSED] - Statement - response = com.kms.katalon.core.webservice.keyword.WSBuiltInKeywords.sendRequest(ro): Send request successfully

2018-11-13 10:51:12 - [MESSAGE][PASSED] - Send request successfully

2018-11-13 10:51:12 - [TEST_STEP][PASSED] - Statement - responseStatusCode = response.getStatusCode(): null

2018-11-13 10:51:12 - [TEST_STEP][PASSED] - Statement - println("Response status code:" + responseStatusCode): null

2018-11-13 10:51:12 - [TEST_STEP][PASSED] - delay: Delayed 1 second(s)

2018-11-13 10:51:13 - [MESSAGE][PASSED] - Delayed 1 second(s)

2018-11-13 10:51:13 - [TEST_STEP][PASSED] - Statement - tvDiscovery = tvResponse1: null

2018-11-13 10:51:13 - [TEST_STEP][PASSED] - Statement - tvIp = """ + "10.0.23." + index + """: null

2018-11-13 10:51:13 - [TEST_STEP][PASSED] - Statement - tvRoomId = checkRoomId(index): null

2018-11-13 10:51:13 - [TEST_STEP][PASSED] - Statement - tvRoomId = ""00000"": null

2018-11-13 10:51:13 - [TEST_STEP][PASSED] - Statement - If (index > 0 && index < 10): null

2018-11-13 10:51:13 - [TEST_STEP][PASSED] - Statement - Else If (index >= 10 && index < 100): null

2018-11-13 10:51:13 - [TEST_STEP][PASSED] - Statement - tvRoomId = ""000" + index + """: null

2018-11-13 10:51:13 - [TEST_STEP][PASSED] - Statement - return tvRoomId: null

2018-11-13 10:51:13 - [TEST_STEP][PASSED] - Statement - tvUniqueID = ""TEST" + index + "1C5A6BB5C57F"": null

2018-11-13 10:51:13 - [TEST_STEP][PASSED] - Statement - tvDiscovery = tvDiscovery + tvIp + generateMac(index) + tvResponse2 + tvRoomId + generateSnNumber(index) + tvResponse3 + tvUniqueID + tvResponse4: null

2018-11-13 10:51:13 - [TEST_STEP][PASSED] - Statement - macAddress = ","TVMACAddress":"1C:5A:6B:B5:C5:7F"": null

2018-11-13 10:51:13 - [TEST_STEP][PASSED] - Statement - If (index > 0 && index < 10): null

2018-11-13 10:51:13 - [TEST_STEP][PASSED] - Statement - Else If (index >= 10 && index < 100): null

2018-11-13 10:51:13 - [TEST_STEP][PASSED] - Statement - macAddress = ","TVMACAddress":"1C:" + index % 10 + "A:6B:B5:C5:7F"": null

2018-11-13 10:51:13 - [TEST_STEP][PASSED] - Statement - return macAddress: null

2018-11-13 10:51:13 - [TEST_STEP][PASSED] - Statement - tvSerialNumber = ","TVSerialNumber":"FZ1A16140605" + index + """: null

2018-11-13 10:51:13 - [TEST_STEP][PASSED] - Statement - return tvSerialNumber: null

2018-11-13 10:51:13 - [TEST_STEP][PASSED] - Statement - println("tvDiscovery:" + tvDiscovery): null

2018-11-13 10:51:13 - [TEST_STEP][PASSED] - Statement - ro.setBodyContent(new com.kms.katalon.core.testobject.impl.HttpTextBodyContent(tvDiscovery)): null

2018-11-13 10:51:13 - [TEST_STEP][PASSED] - Statement - response = com.kms.katalon.core.webservice.keyword.WSBuiltInKeywords.sendRequest(ro): Send request successfully

2018-11-13 10:51:13 - [MESSAGE][PASSED] - Send request successfully

2018-11-13 10:51:13 - [TEST_STEP][PASSED] - Statement - responseStatusCode = response.getStatusCode(): null

2018-11-13 10:51:13 - [TEST_STEP][PASSED] - Statement - println("Response status code:" + responseStatusCode): null

2018-11-13 10:51:13 - [TEST_STEP][PASSED] - delay: Delayed 1 second(s)

2018-11-13 10:51:14 - [MESSAGE][PASSED] - Delayed 1 second(s)

2018-11-13 10:51:14 - [TEST_STEP][PASSED] - Statement - tvDiscovery = tvResponse1: null

2018-11-13 10:51:14 - [TEST_STEP][PASSED] - Statement - tvIp = """ + "10.0.23." + index + """: null

2018-11-13 10:51:14 - [TEST_STEP][PASSED] - Statement - tvRoomId = checkRoomId(index): null

2018-11-13 10:51:14 - [TEST_STEP][PASSED] - Statement - tvRoomId = ""00000"": null

2018-11-13 10:51:14 - [TEST_STEP][PASSED] - Statement - If (index > 0 && index < 10): null

2018-11-13 10:51:14 - [TEST_STEP][PASSED] - Statement - Else If (index >= 10 && index < 100): null

2018-11-13 10:51:14 - [TEST_STEP][PASSED] - Statement - tvRoomId = ""000" + index + """: null

2018-11-13 10:51:14 - [TEST_STEP][PASSED] - Statement - return tvRoomId: null

2018-11-13 10:51:14 - [TEST_STEP][PASSED] - Statement - tvUniqueID = ""TEST" + index + "1C5A6BB5C57F"": null

2018-11-13 10:51:14 - [TEST_STEP][PASSED] - Statement - tvDiscovery = tvDiscovery + tvIp + generateMac(index) + tvResponse2 + tvRoomId + generateSnNumber(index) + tvResponse3 + tvUniqueID + tvResponse4: null

2018-11-13 10:51:14 - [TEST_STEP][PASSED] - Statement - macAddress = ","TVMACAddress":"1C:5A:6B:B5:C5:7F"": null

2018-11-13 10:51:14 - [TEST_STEP][PASSED] - Statement - If (index > 0 && index < 10): null

2018-11-13 10:51:14 - [TEST_STEP][PASSED] - Statement - Else If (index >= 10 && index < 100): null

2018-11-13 10:51:14 - [TEST_STEP][PASSED] - Statement - macAddress = ","TVMACAddress":"1C:" + index % 10 + "A:6B:B5:C5:7F"": null

2018-11-13 10:51:14 - [TEST_STEP][PASSED] - Statement - return macAddress: null

2018-11-13 10:51:14 - [TEST_STEP][PASSED] - Statement - tvSerialNumber = ","TVSerialNumber":"FZ1A16140605" + index + """: null

2018-11-13 10:51:14 - [TEST_STEP][PASSED] - Statement - return tvSerialNumber: null

2018-11-13 10:51:14 - [TEST_STEP][PASSED] - Statement - println("tvDiscovery:" + tvDiscovery): null

2018-11-13 10:51:14 - [TEST_STEP][PASSED] - Statement - ro.setBodyContent(new com.kms.katalon.core.testobject.impl.HttpTextBodyContent(tvDiscovery)): null

2018-11-13 10:51:14 - [TEST_STEP][PASSED] - Statement - response = com.kms.katalon.core.webservice.keyword.WSBuiltInKeywords.sendRequest(ro): Send request successfully

2018-11-13 10:51:15 - [MESSAGE][PASSED] - Send request successfully

2018-11-13 10:51:15 - [TEST_STEP][PASSED] - Statement - responseStatusCode = response.getStatusCode(): null

2018-11-13 10:51:15 - [TEST_STEP][PASSED] - Statement - println("Response status code:" + responseStatusCode): null

2018-11-13 10:51:15 - [TEST_STEP][PASSED] - delay: Delayed 1 second(s)

2018-11-13 10:51:16 - [MESSAGE][PASSED] - Delayed 1 second(s)

2018-11-13 10:51:16 - [TEST_STEP][PASSED] - Statement - tvDiscovery = tvResponse1: null

2018-11-13 10:51:16 - [TEST_STEP][PASSED] - Statement - tvIp = """ + "10.0.23." + index + """: null

2018-11-13 10:51:16 - [TEST_STEP][PASSED] - Statement - tvRoomId = checkRoomId(index): null

2018-11-13 10:51:16 - [TEST_STEP][PASSED] - Statement - tvRoomId = ""00000"": null

2018-11-13 10:51:16 - [TEST_STEP][PASSED] - Statement - If (index > 0 && index < 10): null

2018-11-13 10:51:16 - [TEST_STEP][PASSED] - Statement - Else If (index >= 10 && index < 100): null

2018-11-13 10:51:16 - [TEST_STEP][PASSED] - Statement - tvRoomId = ""000" + index + """: null

2018-11-13 10:51:16 - [TEST_STEP][PASSED] - Statement - return tvRoomId: null

2018-11-13 10:51:16 - [TEST_STEP][PASSED] - Statement - tvUniqueID = ""TEST" + index + "1C5A6BB5C57F"": null

2018-11-13 10:51:16 - [TEST_STEP][PASSED] - Statement - tvDiscovery = tvDiscovery + tvIp + generateMac(index) + tvResponse2 + tvRoomId + generateSnNumber(index) + tvResponse3 + tvUniqueID + tvResponse4: null

2018-11-13 10:51:16 - [TEST_STEP][PASSED] - Statement - macAddress = ","TVMACAddress":"1C:5A:6B:B5:C5:7F"": null

2018-11-13 10:51:16 - [TEST_STEP][PASSED] - Statement - If (index > 0 && index < 10): null

2018-11-13 10:51:16 - [TEST_STEP][PASSED] - Statement - Else If (index >= 10 && index < 100): null

2018-11-13 10:51:16 - [TEST_STEP][PASSED] - Statement - macAddress = ","TVMACAddress":"1C:" + index % 10 + "A:6B:B5:C5:7F"": null

2018-11-13 10:51:16 - [TEST_STEP][PASSED] - Statement - return macAddress: null

2018-11-13 10:51:16 - [TEST_STEP][PASSED] - Statement - tvSerialNumber = ","TVSerialNumber":"FZ1A16140605" + index + """: null

2018-11-13 10:51:16 - [TEST_STEP][PASSED] - Statement - return tvSerialNumber: null

2018-11-13 10:51:16 - [TEST_STEP][PASSED] - Statement - println("tvDiscovery:" + tvDiscovery): null

2018-11-13 10:51:16 - [TEST_STEP][PASSED] - Statement - ro.setBodyContent(new com.kms.katalon.core.testobject.impl.HttpTextBodyContent(tvDiscovery)): null

2018-11-13 10:51:16 - [TEST_STEP][PASSED] - Statement - response = com.kms.katalon.core.webservice.keyword.WSBuiltInKeywords.sendRequest(ro): Send request successfully

2018-11-13 10:51:16 - [MESSAGE][PASSED] - Send request successfully

2018-11-13 10:51:16 - [TEST_STEP][PASSED] - Statement - responseStatusCode = response.getStatusCode(): null

2018-11-13 10:51:16 - [TEST_STEP][PASSED] - Statement - println("Response status code:" + responseStatusCode): null

2018-11-13 10:51:16 - [TEST_STEP][PASSED] - delay: Delayed 1 second(s)

2018-11-13 10:51:17 - [MESSAGE][PASSED] - Delayed 1 second(s)

2018-11-13 10:51:17 - [TEST_STEP][PASSED] - Statement - tvDiscovery = tvResponse1: null

2018-11-13 10:51:17 - [TEST_STEP][PASSED] - Statement - tvIp = """ + "10.0.23." + index + """: null

2018-11-13 10:51:17 - [TEST_STEP][PASSED] - Statement - tvRoomId = checkRoomId(index): null

2018-11-13 10:51:17 - [TEST_STEP][PASSED] - Statement - tvRoomId = ""00000"": null

2018-11-13 10:51:17 - [TEST_STEP][PASSED] - Statement - If (index > 0 && index < 10): null

2018-11-13 10:51:17 - [TEST_STEP][PASSED] - Statement - Else If (index >= 10 && index < 100): null

2018-11-13 10:51:17 - [TEST_STEP][PASSED] - Statement - tvRoomId = ""000" + index + """: null

2018-11-13 10:51:17 - [TEST_STEP][PASSED] - Statement - return tvRoomId: null

2018-11-13 10:51:17 - [TEST_STEP][PASSED] - Statement - tvUniqueID = ""TEST" + index + "1C5A6BB5C57F"": null

2018-11-13 10:51:17 - [TEST_STEP][PASSED] - Statement - tvDiscovery = tvDiscovery + tvIp + generateMac(index) + tvResponse2 + tvRoomId + generateSnNumber(index) + tvResponse3 + tvUniqueID + tvResponse4: null

2018-11-13 10:51:17 - [TEST_STEP][PASSED] - Statement - macAddress = ","TVMACAddress":"1C:5A:6B:B5:C5:7F"": null

2018-11-13 10:51:17 - [TEST_STEP][PASSED] - Statement - If (index > 0 && index < 10): null

2018-11-13 10:51:17 - [TEST_STEP][PASSED] - Statement - Else If (index >= 10 && index < 100): null

2018-11-13 10:51:17 - [TEST_STEP][PASSED] - Statement - macAddress = ","TVMACAddress":"1C:" + index % 10 + "A:6B:B5:C5:7F"": null

2018-11-13 10:51:17 - [TEST_STEP][PASSED] - Statement - return macAddress: null

2018-11-13 10:51:17 - [TEST_STEP][PASSED] - Statement - tvSerialNumber = ","TVSerialNumber":"FZ1A16140605" + index + """: null

2018-11-13 10:51:17 - [TEST_STEP][PASSED] - Statement - return tvSerialNumber: null

2018-11-13 10:51:17 - [TEST_STEP][PASSED] - Statement - println("tvDiscovery:" + tvDiscovery): null

2018-11-13 10:51:17 - [TEST_STEP][PASSED] - Statement - ro.setBodyContent(new com.kms.katalon.core.testobject.impl.HttpTextBodyContent(tvDiscovery)): null

2018-11-13 10:51:17 - [TEST_STEP][PASSED] - Statement - response = com.kms.katalon.core.webservice.keyword.WSBuiltInKeywords.sendRequest(ro): Send request successfully

2018-11-13 10:51:18 - [MESSAGE][PASSED] - Send request successfully

2018-11-13 10:51:18 - [TEST_STEP][PASSED] - Statement - responseStatusCode = response.getStatusCode(): null

2018-11-13 10:51:18 - [TEST_STEP][PASSED] - Statement - println("Response status code:" + responseStatusCode): null

2018-11-13 10:51:18 - [TEST_STEP][PASSED] - delay: Delayed 1 second(s)

2018-11-13 10:51:19 - [MESSAGE][PASSED] - Delayed 1 second(s)

2018-11-13 10:51:19 - [TEST_STEP][PASSED] - Statement - tvDiscovery = tvResponse1: null

2018-11-13 10:51:19 - [TEST_STEP][PASSED] - Statement - tvIp = """ + "10.0.23." + index + """: null

2018-11-13 10:51:19 - [TEST_STEP][PASSED] - Statement - tvRoomId = checkRoomId(index): null

2018-11-13 10:51:19 - [TEST_STEP][PASSED] - Statement - tvRoomId = ""00000"": null

2018-11-13 10:51:19 - [TEST_STEP][PASSED] - Statement - If (index > 0 && index < 10): null

2018-11-13 10:51:19 - [TEST_STEP][PASSED] - Statement - Else If (index >= 10 && index < 100): null

2018-11-13 10:51:19 - [TEST_STEP][PASSED] - Statement - tvRoomId = ""000" + index + """: null

2018-11-13 10:51:19 - [TEST_STEP][PASSED] - Statement - return tvRoomId: null

2018-11-13 10:51:19 - [TEST_STEP][PASSED] - Statement - tvUniqueID = ""TEST" + index + "1C5A6BB5C57F"": null

2018-11-13 10:51:19 - [TEST_STEP][PASSED] - Statement - tvDiscovery = tvDiscovery + tvIp + generateMac(index) + tvResponse2 + tvRoomId + generateSnNumber(index) + tvResponse3 + tvUniqueID + tvResponse4: null

2018-11-13 10:51:19 - [TEST_STEP][PASSED] - Statement - macAddress = ","TVMACAddress":"1C:5A:6B:B5:C5:7F"": null

2018-11-13 10:51:19 - [TEST_STEP][PASSED] - Statement - If (index > 0 && index < 10): null

2018-11-13 10:51:19 - [TEST_STEP][PASSED] - Statement - Else If (index >= 10 && index < 100): null

2018-11-13 10:51:19 - [TEST_STEP][PASSED] - Statement - macAddress = ","TVMACAddress":"1C:" + index % 10 + "A:6B:B5:C5:7F"": null

2018-11-13 10:51:19 - [TEST_STEP][PASSED] - Statement - return macAddress: null

2018-11-13 10:51:19 - [TEST_STEP][PASSED] - Statement - tvSerialNumber = ","TVSerialNumber":"FZ1A16140605" + index + """: null

2018-11-13 10:51:19 - [TEST_STEP][PASSED] - Statement - return tvSerialNumber: null

2018-11-13 10:51:19 - [TEST_STEP][PASSED] - Statement - println("tvDiscovery:" + tvDiscovery): null

2018-11-13 10:51:19 - [TEST_STEP][PASSED] - Statement - ro.setBodyContent(new com.kms.katalon.core.testobject.impl.HttpTextBodyContent(tvDiscovery)): null

2018-11-13 10:51:19 - [TEST_STEP][PASSED] - Statement - response = com.kms.katalon.core.webservice.keyword.WSBuiltInKeywords.sendRequest(ro): Send request successfully

2018-11-13 10:51:19 - [MESSAGE][PASSED] - Send request successfully

2018-11-13 10:51:19 - [TEST_STEP][PASSED] - Statement - responseStatusCode = response.getStatusCode(): null

2018-11-13 10:51:19 - [TEST_STEP][PASSED] - Statement - println("Response status code:" + responseStatusCode): null

2018-11-13 10:51:19 - [TEST_STEP][PASSED] - delay: Delayed 1 second(s)

2018-11-13 10:51:20 - [MESSAGE][PASSED] - Delayed 1 second(s)

2018-11-13 10:51:20 - [TEST_STEP][PASSED] - Statement - tvDiscovery = tvResponse1: null

2018-11-13 10:51:20 - [TEST_STEP][PASSED] - Statement - tvIp = """ + "10.0.23." + index + """: null

2018-11-13 10:51:20 - [TEST_STEP][PASSED] - Statement - tvRoomId = checkRoomId(index): null

2018-11-13 10:51:20 - [TEST_STEP][PASSED] - Statement - tvRoomId = ""00000"": null

2018-11-13 10:51:20 - [TEST_STEP][PASSED] - Statement - If (index > 0 && index < 10): null

2018-11-13 10:51:20 - [TEST_STEP][PASSED] - Statement - Else If (index >= 10 && index < 100): null

2018-11-13 10:51:20 - [TEST_STEP][PASSED] - Statement - tvRoomId = ""000" + index + """: null

2018-11-13 10:51:20 - [TEST_STEP][PASSED] - Statement - return tvRoomId: null

2018-11-13 10:51:20 - [TEST_STEP][PASSED] - Statement - tvUniqueID = ""TEST" + index + "1C5A6BB5C57F"": null

2018-11-13 10:51:20 - [TEST_STEP][PASSED] - Statement - tvDiscovery = tvDiscovery + tvIp + generateMac(index) + tvResponse2 + tvRoomId + generateSnNumber(index) + tvResponse3 + tvUniqueID + tvResponse4: null

2018-11-13 10:51:20 - [TEST_STEP][PASSED] - Statement - macAddress = ","TVMACAddress":"1C:5A:6B:B5:C5:7F"": null

2018-11-13 10:51:20 - [TEST_STEP][PASSED] - Statement - If (index > 0 && index < 10): null

2018-11-13 10:51:20 - [TEST_STEP][PASSED] - Statement - Else If (index >= 10 && index < 100): null

2018-11-13 10:51:20 - [TEST_STEP][PASSED] - Statement - macAddress = ","TVMACAddress":"1C:" + index % 10 + "A:6B:B5:C5:7F"": null

2018-11-13 10:51:20 - [TEST_STEP][PASSED] - Statement - return macAddress: null

2018-11-13 10:51:20 - [TEST_STEP][PASSED] - Statement - tvSerialNumber = ","TVSerialNumber":"FZ1A16140605" + index + """: null

2018-11-13 10:51:20 - [TEST_STEP][PASSED] - Statement - return tvSerialNumber: Delayed 1 second(s)

2018-11-13 10:51:20 - [TEST_STEP][PASSED] - Statement - println("tvDiscovery:" + tvDiscovery): null

2018-11-13 10:51:20 - [TEST_STEP][PASSED] - Statement - ro.setBodyContent(new com.kms.katalon.core.testobject.impl.HttpTextBodyContent(tvDiscovery)): null

2018-11-13 10:51:20 - [TEST_STEP][PASSED] - Statement - response = com.kms.katalon.core.webservice.keyword.WSBuiltInKeywords.sendRequest(ro): Send request successfully

2018-11-13 10:51:21 - [MESSAGE][PASSED] - Send request successfully

2018-11-13 10:51:21 - [TEST_STEP][PASSED] - Statement - responseStatusCode = response.getStatusCode(): null

2018-11-13 10:51:21 - [TEST_STEP][PASSED] - Statement - println("Response status code:" + responseStatusCode): null

2018-11-13 10:51:21 - [TEST_STEP][PASSED] - delay: Delayed 1 second(s)

2018-11-13 10:51:22 - [MESSAGE][PASSED] - Delayed 1 second(s)]]></system-out>
         <system-err><![CDATA[]]></system-err>
      </testcase>
      <system-out><![CDATA[2018-11-13 10:49:51 - [TEST_SUITE][PASSED] - seneManyTv: Test Cases/sendTvdiscoveryMany]]></system-out>
      <system-err><![CDATA[]]></system-err>
   </testsuite>
</testsuites>
